[2024-05-12T01:52:47.879+0000] {processor.py:161} INFO - Started process (PID=51) to work on /home/airflow/.local/lib/python3.12/site-packages/airflow/example_dags/example_sla_dag.py
[2024-05-12T01:52:47.879+0000] {processor.py:830} INFO - Processing file /home/airflow/.local/lib/python3.12/site-packages/airflow/example_dags/example_sla_dag.py for tasks to queue
[2024-05-12T01:52:47.880+0000] {logging_mixin.py:188} INFO - [2024-05-12T01:52:47.880+0000] {dagbag.py:545} INFO - Filling up the DagBag from /home/airflow/.local/lib/python3.12/site-packages/airflow/example_dags/example_sla_dag.py
[2024-05-12T01:52:47.885+0000] {processor.py:840} INFO - DAG(s) 'example_sla_dag' retrieved from /home/airflow/.local/lib/python3.12/site-packages/airflow/example_dags/example_sla_dag.py
[2024-05-12T01:52:47.890+0000] {logging_mixin.py:188} INFO - [2024-05-12T01:52:47.890+0000] {dag.py:3096} INFO - Sync 1 DAGs
[2024-05-12T01:52:47.904+0000] {logging_mixin.py:188} INFO - [2024-05-12T01:52:47.904+0000] {dag.py:3954} INFO - Setting next_dagrun for example_sla_dag to 2024-05-12 01:50:00+00:00, run_after=2024-05-12 01:52:00+00:00
[2024-05-12T01:52:47.914+0000] {processor.py:183} INFO - Processing /home/airflow/.local/lib/python3.12/site-packages/airflow/example_dags/example_sla_dag.py took 0.037 seconds
[2024-05-12T01:53:18.242+0000] {processor.py:161} INFO - Started process (PID=109) to work on /home/airflow/.local/lib/python3.12/site-packages/airflow/example_dags/example_sla_dag.py
[2024-05-12T01:53:18.243+0000] {processor.py:830} INFO - Processing file /home/airflow/.local/lib/python3.12/site-packages/airflow/example_dags/example_sla_dag.py for tasks to queue
[2024-05-12T01:53:18.244+0000] {logging_mixin.py:188} INFO - [2024-05-12T01:53:18.244+0000] {dagbag.py:545} INFO - Filling up the DagBag from /home/airflow/.local/lib/python3.12/site-packages/airflow/example_dags/example_sla_dag.py
[2024-05-12T01:53:18.247+0000] {processor.py:840} INFO - DAG(s) 'example_sla_dag' retrieved from /home/airflow/.local/lib/python3.12/site-packages/airflow/example_dags/example_sla_dag.py
[2024-05-12T01:53:18.286+0000] {logging_mixin.py:188} INFO - [2024-05-12T01:53:18.286+0000] {dag.py:3096} INFO - Sync 1 DAGs
[2024-05-12T01:53:18.294+0000] {logging_mixin.py:188} INFO - [2024-05-12T01:53:18.294+0000] {dag.py:3954} INFO - Setting next_dagrun for example_sla_dag to 2024-05-12 01:50:00+00:00, run_after=2024-05-12 01:52:00+00:00
[2024-05-12T01:53:18.302+0000] {processor.py:183} INFO - Processing /home/airflow/.local/lib/python3.12/site-packages/airflow/example_dags/example_sla_dag.py took 0.062 seconds
[2024-05-12T01:53:49.293+0000] {processor.py:161} INFO - Started process (PID=167) to work on /home/airflow/.local/lib/python3.12/site-packages/airflow/example_dags/example_sla_dag.py
[2024-05-12T01:53:49.294+0000] {processor.py:830} INFO - Processing file /home/airflow/.local/lib/python3.12/site-packages/airflow/example_dags/example_sla_dag.py for tasks to queue
[2024-05-12T01:53:49.296+0000] {logging_mixin.py:188} INFO - [2024-05-12T01:53:49.296+0000] {dagbag.py:545} INFO - Filling up the DagBag from /home/airflow/.local/lib/python3.12/site-packages/airflow/example_dags/example_sla_dag.py
[2024-05-12T01:53:49.305+0000] {processor.py:840} INFO - DAG(s) 'example_sla_dag' retrieved from /home/airflow/.local/lib/python3.12/site-packages/airflow/example_dags/example_sla_dag.py
[2024-05-12T01:53:49.321+0000] {logging_mixin.py:188} INFO - [2024-05-12T01:53:49.321+0000] {dag.py:3096} INFO - Sync 1 DAGs
[2024-05-12T01:53:49.344+0000] {logging_mixin.py:188} INFO - [2024-05-12T01:53:49.344+0000] {dag.py:3954} INFO - Setting next_dagrun for example_sla_dag to 2024-05-12 01:50:00+00:00, run_after=2024-05-12 01:52:00+00:00
[2024-05-12T01:53:49.358+0000] {processor.py:183} INFO - Processing /home/airflow/.local/lib/python3.12/site-packages/airflow/example_dags/example_sla_dag.py took 0.071 seconds
[2024-05-12T01:54:20.145+0000] {processor.py:161} INFO - Started process (PID=225) to work on /home/airflow/.local/lib/python3.12/site-packages/airflow/example_dags/example_sla_dag.py
[2024-05-12T01:54:20.146+0000] {processor.py:830} INFO - Processing file /home/airflow/.local/lib/python3.12/site-packages/airflow/example_dags/example_sla_dag.py for tasks to queue
[2024-05-12T01:54:20.148+0000] {logging_mixin.py:188} INFO - [2024-05-12T01:54:20.148+0000] {dagbag.py:545} INFO - Filling up the DagBag from /home/airflow/.local/lib/python3.12/site-packages/airflow/example_dags/example_sla_dag.py
[2024-05-12T01:54:20.155+0000] {processor.py:840} INFO - DAG(s) 'example_sla_dag' retrieved from /home/airflow/.local/lib/python3.12/site-packages/airflow/example_dags/example_sla_dag.py
[2024-05-12T01:54:20.171+0000] {logging_mixin.py:188} INFO - [2024-05-12T01:54:20.171+0000] {dag.py:3096} INFO - Sync 1 DAGs
[2024-05-12T01:54:20.185+0000] {logging_mixin.py:188} INFO - [2024-05-12T01:54:20.185+0000] {dag.py:3954} INFO - Setting next_dagrun for example_sla_dag to 2024-05-12 01:52:00+00:00, run_after=2024-05-12 01:54:00+00:00
[2024-05-12T01:54:20.194+0000] {processor.py:183} INFO - Processing /home/airflow/.local/lib/python3.12/site-packages/airflow/example_dags/example_sla_dag.py took 0.053 seconds
[2024-05-12T01:54:50.688+0000] {processor.py:161} INFO - Started process (PID=283) to work on /home/airflow/.local/lib/python3.12/site-packages/airflow/example_dags/example_sla_dag.py
[2024-05-12T01:54:50.689+0000] {processor.py:830} INFO - Processing file /home/airflow/.local/lib/python3.12/site-packages/airflow/example_dags/example_sla_dag.py for tasks to queue
[2024-05-12T01:54:50.691+0000] {logging_mixin.py:188} INFO - [2024-05-12T01:54:50.690+0000] {dagbag.py:545} INFO - Filling up the DagBag from /home/airflow/.local/lib/python3.12/site-packages/airflow/example_dags/example_sla_dag.py
[2024-05-12T01:54:50.699+0000] {processor.py:840} INFO - DAG(s) 'example_sla_dag' retrieved from /home/airflow/.local/lib/python3.12/site-packages/airflow/example_dags/example_sla_dag.py
[2024-05-12T01:54:50.714+0000] {logging_mixin.py:188} INFO - [2024-05-12T01:54:50.714+0000] {dag.py:3096} INFO - Sync 1 DAGs
[2024-05-12T01:54:50.728+0000] {logging_mixin.py:188} INFO - [2024-05-12T01:54:50.728+0000] {dag.py:3954} INFO - Setting next_dagrun for example_sla_dag to 2024-05-12 01:52:00+00:00, run_after=2024-05-12 01:54:00+00:00
[2024-05-12T01:54:50.742+0000] {processor.py:183} INFO - Processing /home/airflow/.local/lib/python3.12/site-packages/airflow/example_dags/example_sla_dag.py took 0.060 seconds
[2024-05-12T01:55:21.193+0000] {processor.py:161} INFO - Started process (PID=341) to work on /home/airflow/.local/lib/python3.12/site-packages/airflow/example_dags/example_sla_dag.py
[2024-05-12T01:55:21.194+0000] {processor.py:830} INFO - Processing file /home/airflow/.local/lib/python3.12/site-packages/airflow/example_dags/example_sla_dag.py for tasks to queue
[2024-05-12T01:55:21.195+0000] {logging_mixin.py:188} INFO - [2024-05-12T01:55:21.195+0000] {dagbag.py:545} INFO - Filling up the DagBag from /home/airflow/.local/lib/python3.12/site-packages/airflow/example_dags/example_sla_dag.py
[2024-05-12T01:55:21.202+0000] {processor.py:840} INFO - DAG(s) 'example_sla_dag' retrieved from /home/airflow/.local/lib/python3.12/site-packages/airflow/example_dags/example_sla_dag.py
[2024-05-12T01:55:21.216+0000] {logging_mixin.py:188} INFO - [2024-05-12T01:55:21.216+0000] {dag.py:3096} INFO - Sync 1 DAGs
[2024-05-12T01:55:21.228+0000] {logging_mixin.py:188} INFO - [2024-05-12T01:55:21.228+0000] {dag.py:3954} INFO - Setting next_dagrun for example_sla_dag to 2024-05-12 01:52:00+00:00, run_after=2024-05-12 01:54:00+00:00
[2024-05-12T01:55:21.235+0000] {processor.py:183} INFO - Processing /home/airflow/.local/lib/python3.12/site-packages/airflow/example_dags/example_sla_dag.py took 0.046 seconds
[2024-05-12T01:55:51.714+0000] {processor.py:161} INFO - Started process (PID=399) to work on /home/airflow/.local/lib/python3.12/site-packages/airflow/example_dags/example_sla_dag.py
[2024-05-12T01:55:51.717+0000] {processor.py:830} INFO - Processing file /home/airflow/.local/lib/python3.12/site-packages/airflow/example_dags/example_sla_dag.py for tasks to queue
[2024-05-12T01:55:51.720+0000] {logging_mixin.py:188} INFO - [2024-05-12T01:55:51.720+0000] {dagbag.py:545} INFO - Filling up the DagBag from /home/airflow/.local/lib/python3.12/site-packages/airflow/example_dags/example_sla_dag.py
[2024-05-12T01:55:51.727+0000] {processor.py:840} INFO - DAG(s) 'example_sla_dag' retrieved from /home/airflow/.local/lib/python3.12/site-packages/airflow/example_dags/example_sla_dag.py
[2024-05-12T01:55:51.741+0000] {logging_mixin.py:188} INFO - [2024-05-12T01:55:51.741+0000] {dag.py:3096} INFO - Sync 1 DAGs
[2024-05-12T01:55:51.753+0000] {logging_mixin.py:188} INFO - [2024-05-12T01:55:51.753+0000] {dag.py:3954} INFO - Setting next_dagrun for example_sla_dag to 2024-05-12 01:52:00+00:00, run_after=2024-05-12 01:54:00+00:00
[2024-05-12T01:55:51.762+0000] {processor.py:183} INFO - Processing /home/airflow/.local/lib/python3.12/site-packages/airflow/example_dags/example_sla_dag.py took 0.051 seconds
[2024-05-12T01:56:22.281+0000] {processor.py:161} INFO - Started process (PID=457) to work on /home/airflow/.local/lib/python3.12/site-packages/airflow/example_dags/example_sla_dag.py
[2024-05-12T01:56:22.282+0000] {processor.py:830} INFO - Processing file /home/airflow/.local/lib/python3.12/site-packages/airflow/example_dags/example_sla_dag.py for tasks to queue
[2024-05-12T01:56:22.283+0000] {logging_mixin.py:188} INFO - [2024-05-12T01:56:22.283+0000] {dagbag.py:545} INFO - Filling up the DagBag from /home/airflow/.local/lib/python3.12/site-packages/airflow/example_dags/example_sla_dag.py
[2024-05-12T01:56:22.289+0000] {processor.py:840} INFO - DAG(s) 'example_sla_dag' retrieved from /home/airflow/.local/lib/python3.12/site-packages/airflow/example_dags/example_sla_dag.py
[2024-05-12T01:56:22.302+0000] {logging_mixin.py:188} INFO - [2024-05-12T01:56:22.302+0000] {dag.py:3096} INFO - Sync 1 DAGs
[2024-05-12T01:56:22.318+0000] {logging_mixin.py:188} INFO - [2024-05-12T01:56:22.318+0000] {dag.py:3954} INFO - Setting next_dagrun for example_sla_dag to 2024-05-12 01:54:00+00:00, run_after=2024-05-12 01:56:00+00:00
[2024-05-12T01:56:22.329+0000] {processor.py:183} INFO - Processing /home/airflow/.local/lib/python3.12/site-packages/airflow/example_dags/example_sla_dag.py took 0.054 seconds
[2024-05-12T01:56:52.860+0000] {processor.py:161} INFO - Started process (PID=515) to work on /home/airflow/.local/lib/python3.12/site-packages/airflow/example_dags/example_sla_dag.py
[2024-05-12T01:56:52.861+0000] {processor.py:830} INFO - Processing file /home/airflow/.local/lib/python3.12/site-packages/airflow/example_dags/example_sla_dag.py for tasks to queue
[2024-05-12T01:56:52.862+0000] {logging_mixin.py:188} INFO - [2024-05-12T01:56:52.862+0000] {dagbag.py:545} INFO - Filling up the DagBag from /home/airflow/.local/lib/python3.12/site-packages/airflow/example_dags/example_sla_dag.py
[2024-05-12T01:56:52.868+0000] {processor.py:840} INFO - DAG(s) 'example_sla_dag' retrieved from /home/airflow/.local/lib/python3.12/site-packages/airflow/example_dags/example_sla_dag.py
[2024-05-12T01:56:52.882+0000] {logging_mixin.py:188} INFO - [2024-05-12T01:56:52.882+0000] {dag.py:3096} INFO - Sync 1 DAGs
[2024-05-12T01:56:52.895+0000] {logging_mixin.py:188} INFO - [2024-05-12T01:56:52.895+0000] {dag.py:3954} INFO - Setting next_dagrun for example_sla_dag to 2024-05-12 01:54:00+00:00, run_after=2024-05-12 01:56:00+00:00
[2024-05-12T01:56:52.905+0000] {processor.py:183} INFO - Processing /home/airflow/.local/lib/python3.12/site-packages/airflow/example_dags/example_sla_dag.py took 0.051 seconds
[2024-05-12T01:57:23.369+0000] {processor.py:161} INFO - Started process (PID=573) to work on /home/airflow/.local/lib/python3.12/site-packages/airflow/example_dags/example_sla_dag.py
[2024-05-12T01:57:23.370+0000] {processor.py:830} INFO - Processing file /home/airflow/.local/lib/python3.12/site-packages/airflow/example_dags/example_sla_dag.py for tasks to queue
[2024-05-12T01:57:23.371+0000] {logging_mixin.py:188} INFO - [2024-05-12T01:57:23.371+0000] {dagbag.py:545} INFO - Filling up the DagBag from /home/airflow/.local/lib/python3.12/site-packages/airflow/example_dags/example_sla_dag.py
[2024-05-12T01:57:23.375+0000] {processor.py:840} INFO - DAG(s) 'example_sla_dag' retrieved from /home/airflow/.local/lib/python3.12/site-packages/airflow/example_dags/example_sla_dag.py
[2024-05-12T01:57:23.385+0000] {logging_mixin.py:188} INFO - [2024-05-12T01:57:23.385+0000] {dag.py:3096} INFO - Sync 1 DAGs
[2024-05-12T01:57:23.395+0000] {logging_mixin.py:188} INFO - [2024-05-12T01:57:23.395+0000] {dag.py:3954} INFO - Setting next_dagrun for example_sla_dag to 2024-05-12 01:54:00+00:00, run_after=2024-05-12 01:56:00+00:00
[2024-05-12T01:57:23.406+0000] {processor.py:183} INFO - Processing /home/airflow/.local/lib/python3.12/site-packages/airflow/example_dags/example_sla_dag.py took 0.043 seconds
[2024-05-12T01:57:53.854+0000] {processor.py:161} INFO - Started process (PID=632) to work on /home/airflow/.local/lib/python3.12/site-packages/airflow/example_dags/example_sla_dag.py
[2024-05-12T01:57:53.854+0000] {processor.py:830} INFO - Processing file /home/airflow/.local/lib/python3.12/site-packages/airflow/example_dags/example_sla_dag.py for tasks to queue
[2024-05-12T01:57:53.855+0000] {logging_mixin.py:188} INFO - [2024-05-12T01:57:53.855+0000] {dagbag.py:545} INFO - Filling up the DagBag from /home/airflow/.local/lib/python3.12/site-packages/airflow/example_dags/example_sla_dag.py
[2024-05-12T01:57:53.859+0000] {processor.py:840} INFO - DAG(s) 'example_sla_dag' retrieved from /home/airflow/.local/lib/python3.12/site-packages/airflow/example_dags/example_sla_dag.py
[2024-05-12T01:57:53.869+0000] {logging_mixin.py:188} INFO - [2024-05-12T01:57:53.869+0000] {dag.py:3096} INFO - Sync 1 DAGs
[2024-05-12T01:57:53.879+0000] {logging_mixin.py:188} INFO - [2024-05-12T01:57:53.879+0000] {dag.py:3954} INFO - Setting next_dagrun for example_sla_dag to 2024-05-12 01:54:00+00:00, run_after=2024-05-12 01:56:00+00:00
[2024-05-12T01:57:53.887+0000] {processor.py:183} INFO - Processing /home/airflow/.local/lib/python3.12/site-packages/airflow/example_dags/example_sla_dag.py took 0.038 seconds
[2024-05-12T01:58:24.397+0000] {processor.py:161} INFO - Started process (PID=691) to work on /home/airflow/.local/lib/python3.12/site-packages/airflow/example_dags/example_sla_dag.py
[2024-05-12T01:58:24.398+0000] {processor.py:830} INFO - Processing file /home/airflow/.local/lib/python3.12/site-packages/airflow/example_dags/example_sla_dag.py for tasks to queue
[2024-05-12T01:58:24.400+0000] {logging_mixin.py:188} INFO - [2024-05-12T01:58:24.399+0000] {dagbag.py:545} INFO - Filling up the DagBag from /home/airflow/.local/lib/python3.12/site-packages/airflow/example_dags/example_sla_dag.py
[2024-05-12T01:58:24.407+0000] {processor.py:840} INFO - DAG(s) 'example_sla_dag' retrieved from /home/airflow/.local/lib/python3.12/site-packages/airflow/example_dags/example_sla_dag.py
[2024-05-12T01:58:24.421+0000] {logging_mixin.py:188} INFO - [2024-05-12T01:58:24.421+0000] {dag.py:3096} INFO - Sync 1 DAGs
[2024-05-12T01:58:24.431+0000] {logging_mixin.py:188} INFO - [2024-05-12T01:58:24.431+0000] {dag.py:3954} INFO - Setting next_dagrun for example_sla_dag to 2024-05-12 01:56:00+00:00, run_after=2024-05-12 01:58:00+00:00
[2024-05-12T01:58:24.439+0000] {processor.py:183} INFO - Processing /home/airflow/.local/lib/python3.12/site-packages/airflow/example_dags/example_sla_dag.py took 0.045 seconds
[2024-05-12T01:58:55.073+0000] {processor.py:161} INFO - Started process (PID=750) to work on /home/airflow/.local/lib/python3.12/site-packages/airflow/example_dags/example_sla_dag.py
[2024-05-12T01:58:55.074+0000] {processor.py:830} INFO - Processing file /home/airflow/.local/lib/python3.12/site-packages/airflow/example_dags/example_sla_dag.py for tasks to queue
[2024-05-12T01:58:55.075+0000] {logging_mixin.py:188} INFO - [2024-05-12T01:58:55.075+0000] {dagbag.py:545} INFO - Filling up the DagBag from /home/airflow/.local/lib/python3.12/site-packages/airflow/example_dags/example_sla_dag.py
[2024-05-12T01:58:55.082+0000] {processor.py:840} INFO - DAG(s) 'example_sla_dag' retrieved from /home/airflow/.local/lib/python3.12/site-packages/airflow/example_dags/example_sla_dag.py
[2024-05-12T01:58:55.098+0000] {logging_mixin.py:188} INFO - [2024-05-12T01:58:55.098+0000] {dag.py:3096} INFO - Sync 1 DAGs
[2024-05-12T01:58:55.111+0000] {logging_mixin.py:188} INFO - [2024-05-12T01:58:55.111+0000] {dag.py:3954} INFO - Setting next_dagrun for example_sla_dag to 2024-05-12 01:56:00+00:00, run_after=2024-05-12 01:58:00+00:00
[2024-05-12T01:58:55.122+0000] {processor.py:183} INFO - Processing /home/airflow/.local/lib/python3.12/site-packages/airflow/example_dags/example_sla_dag.py took 0.053 seconds
[2024-05-12T01:59:25.777+0000] {processor.py:161} INFO - Started process (PID=809) to work on /home/airflow/.local/lib/python3.12/site-packages/airflow/example_dags/example_sla_dag.py
[2024-05-12T01:59:25.779+0000] {processor.py:830} INFO - Processing file /home/airflow/.local/lib/python3.12/site-packages/airflow/example_dags/example_sla_dag.py for tasks to queue
[2024-05-12T01:59:25.780+0000] {logging_mixin.py:188} INFO - [2024-05-12T01:59:25.779+0000] {dagbag.py:545} INFO - Filling up the DagBag from /home/airflow/.local/lib/python3.12/site-packages/airflow/example_dags/example_sla_dag.py
[2024-05-12T01:59:25.784+0000] {processor.py:840} INFO - DAG(s) 'example_sla_dag' retrieved from /home/airflow/.local/lib/python3.12/site-packages/airflow/example_dags/example_sla_dag.py
[2024-05-12T01:59:25.796+0000] {logging_mixin.py:188} INFO - [2024-05-12T01:59:25.796+0000] {dag.py:3096} INFO - Sync 1 DAGs
[2024-05-12T01:59:25.807+0000] {logging_mixin.py:188} INFO - [2024-05-12T01:59:25.807+0000] {dag.py:3954} INFO - Setting next_dagrun for example_sla_dag to 2024-05-12 01:56:00+00:00, run_after=2024-05-12 01:58:00+00:00
[2024-05-12T01:59:25.815+0000] {processor.py:183} INFO - Processing /home/airflow/.local/lib/python3.12/site-packages/airflow/example_dags/example_sla_dag.py took 0.040 seconds
