[2024-05-12T01:52:48.692+0000] {processor.py:161} INFO - Started process (PID=72) to work on /home/airflow/.local/lib/python3.12/site-packages/airflow/example_dags/example_task_group_decorator.py
[2024-05-12T01:52:48.693+0000] {processor.py:830} INFO - Processing file /home/airflow/.local/lib/python3.12/site-packages/airflow/example_dags/example_task_group_decorator.py for tasks to queue
[2024-05-12T01:52:48.695+0000] {logging_mixin.py:188} INFO - [2024-05-12T01:52:48.694+0000] {dagbag.py:545} INFO - Filling up the DagBag from /home/airflow/.local/lib/python3.12/site-packages/airflow/example_dags/example_task_group_decorator.py
[2024-05-12T01:52:48.705+0000] {processor.py:840} INFO - DAG(s) 'example_task_group_decorator' retrieved from /home/airflow/.local/lib/python3.12/site-packages/airflow/example_dags/example_task_group_decorator.py
[2024-05-12T01:52:48.720+0000] {logging_mixin.py:188} INFO - [2024-05-12T01:52:48.720+0000] {dag.py:3096} INFO - Sync 1 DAGs
[2024-05-12T01:52:48.753+0000] {logging_mixin.py:188} INFO - [2024-05-12T01:52:48.753+0000] {dag.py:3954} INFO - Setting next_dagrun for example_task_group_decorator to 2024-05-11 00:00:00+00:00, run_after=2024-05-12 00:00:00+00:00
[2024-05-12T01:52:48.766+0000] {processor.py:183} INFO - Processing /home/airflow/.local/lib/python3.12/site-packages/airflow/example_dags/example_task_group_decorator.py took 0.076 seconds
[2024-05-12T01:53:19.201+0000] {processor.py:161} INFO - Started process (PID=130) to work on /home/airflow/.local/lib/python3.12/site-packages/airflow/example_dags/example_task_group_decorator.py
[2024-05-12T01:53:19.202+0000] {processor.py:830} INFO - Processing file /home/airflow/.local/lib/python3.12/site-packages/airflow/example_dags/example_task_group_decorator.py for tasks to queue
[2024-05-12T01:53:19.203+0000] {logging_mixin.py:188} INFO - [2024-05-12T01:53:19.203+0000] {dagbag.py:545} INFO - Filling up the DagBag from /home/airflow/.local/lib/python3.12/site-packages/airflow/example_dags/example_task_group_decorator.py
[2024-05-12T01:53:19.208+0000] {processor.py:840} INFO - DAG(s) 'example_task_group_decorator' retrieved from /home/airflow/.local/lib/python3.12/site-packages/airflow/example_dags/example_task_group_decorator.py
[2024-05-12T01:53:19.248+0000] {logging_mixin.py:188} INFO - [2024-05-12T01:53:19.248+0000] {dag.py:3096} INFO - Sync 1 DAGs
[2024-05-12T01:53:19.255+0000] {logging_mixin.py:188} INFO - [2024-05-12T01:53:19.255+0000] {dag.py:3954} INFO - Setting next_dagrun for example_task_group_decorator to 2024-05-11 00:00:00+00:00, run_after=2024-05-12 00:00:00+00:00
[2024-05-12T01:53:19.262+0000] {processor.py:183} INFO - Processing /home/airflow/.local/lib/python3.12/site-packages/airflow/example_dags/example_task_group_decorator.py took 0.063 seconds
[2024-05-12T01:53:50.039+0000] {processor.py:161} INFO - Started process (PID=188) to work on /home/airflow/.local/lib/python3.12/site-packages/airflow/example_dags/example_task_group_decorator.py
[2024-05-12T01:53:50.039+0000] {processor.py:830} INFO - Processing file /home/airflow/.local/lib/python3.12/site-packages/airflow/example_dags/example_task_group_decorator.py for tasks to queue
[2024-05-12T01:53:50.040+0000] {logging_mixin.py:188} INFO - [2024-05-12T01:53:50.040+0000] {dagbag.py:545} INFO - Filling up the DagBag from /home/airflow/.local/lib/python3.12/site-packages/airflow/example_dags/example_task_group_decorator.py
[2024-05-12T01:53:50.046+0000] {processor.py:840} INFO - DAG(s) 'example_task_group_decorator' retrieved from /home/airflow/.local/lib/python3.12/site-packages/airflow/example_dags/example_task_group_decorator.py
[2024-05-12T01:53:50.057+0000] {logging_mixin.py:188} INFO - [2024-05-12T01:53:50.057+0000] {dag.py:3096} INFO - Sync 1 DAGs
[2024-05-12T01:53:50.066+0000] {logging_mixin.py:188} INFO - [2024-05-12T01:53:50.066+0000] {dag.py:3954} INFO - Setting next_dagrun for example_task_group_decorator to 2024-05-11 00:00:00+00:00, run_after=2024-05-12 00:00:00+00:00
[2024-05-12T01:53:50.074+0000] {processor.py:183} INFO - Processing /home/airflow/.local/lib/python3.12/site-packages/airflow/example_dags/example_task_group_decorator.py took 0.037 seconds
[2024-05-12T01:54:20.713+0000] {processor.py:161} INFO - Started process (PID=246) to work on /home/airflow/.local/lib/python3.12/site-packages/airflow/example_dags/example_task_group_decorator.py
[2024-05-12T01:54:20.713+0000] {processor.py:830} INFO - Processing file /home/airflow/.local/lib/python3.12/site-packages/airflow/example_dags/example_task_group_decorator.py for tasks to queue
[2024-05-12T01:54:20.715+0000] {logging_mixin.py:188} INFO - [2024-05-12T01:54:20.714+0000] {dagbag.py:545} INFO - Filling up the DagBag from /home/airflow/.local/lib/python3.12/site-packages/airflow/example_dags/example_task_group_decorator.py
[2024-05-12T01:54:20.720+0000] {processor.py:840} INFO - DAG(s) 'example_task_group_decorator' retrieved from /home/airflow/.local/lib/python3.12/site-packages/airflow/example_dags/example_task_group_decorator.py
[2024-05-12T01:54:20.731+0000] {logging_mixin.py:188} INFO - [2024-05-12T01:54:20.731+0000] {dag.py:3096} INFO - Sync 1 DAGs
[2024-05-12T01:54:20.741+0000] {logging_mixin.py:188} INFO - [2024-05-12T01:54:20.741+0000] {dag.py:3954} INFO - Setting next_dagrun for example_task_group_decorator to 2024-05-11 00:00:00+00:00, run_after=2024-05-12 00:00:00+00:00
[2024-05-12T01:54:20.747+0000] {processor.py:183} INFO - Processing /home/airflow/.local/lib/python3.12/site-packages/airflow/example_dags/example_task_group_decorator.py took 0.037 seconds
[2024-05-12T01:54:51.179+0000] {processor.py:161} INFO - Started process (PID=304) to work on /home/airflow/.local/lib/python3.12/site-packages/airflow/example_dags/example_task_group_decorator.py
[2024-05-12T01:54:51.179+0000] {processor.py:830} INFO - Processing file /home/airflow/.local/lib/python3.12/site-packages/airflow/example_dags/example_task_group_decorator.py for tasks to queue
[2024-05-12T01:54:51.180+0000] {logging_mixin.py:188} INFO - [2024-05-12T01:54:51.180+0000] {dagbag.py:545} INFO - Filling up the DagBag from /home/airflow/.local/lib/python3.12/site-packages/airflow/example_dags/example_task_group_decorator.py
[2024-05-12T01:54:51.186+0000] {processor.py:840} INFO - DAG(s) 'example_task_group_decorator' retrieved from /home/airflow/.local/lib/python3.12/site-packages/airflow/example_dags/example_task_group_decorator.py
[2024-05-12T01:54:51.196+0000] {logging_mixin.py:188} INFO - [2024-05-12T01:54:51.196+0000] {dag.py:3096} INFO - Sync 1 DAGs
[2024-05-12T01:54:51.204+0000] {logging_mixin.py:188} INFO - [2024-05-12T01:54:51.204+0000] {dag.py:3954} INFO - Setting next_dagrun for example_task_group_decorator to 2024-05-11 00:00:00+00:00, run_after=2024-05-12 00:00:00+00:00
[2024-05-12T01:54:51.211+0000] {processor.py:183} INFO - Processing /home/airflow/.local/lib/python3.12/site-packages/airflow/example_dags/example_task_group_decorator.py took 0.035 seconds
[2024-05-12T01:55:21.668+0000] {processor.py:161} INFO - Started process (PID=362) to work on /home/airflow/.local/lib/python3.12/site-packages/airflow/example_dags/example_task_group_decorator.py
[2024-05-12T01:55:21.669+0000] {processor.py:830} INFO - Processing file /home/airflow/.local/lib/python3.12/site-packages/airflow/example_dags/example_task_group_decorator.py for tasks to queue
[2024-05-12T01:55:21.670+0000] {logging_mixin.py:188} INFO - [2024-05-12T01:55:21.670+0000] {dagbag.py:545} INFO - Filling up the DagBag from /home/airflow/.local/lib/python3.12/site-packages/airflow/example_dags/example_task_group_decorator.py
[2024-05-12T01:55:21.675+0000] {processor.py:840} INFO - DAG(s) 'example_task_group_decorator' retrieved from /home/airflow/.local/lib/python3.12/site-packages/airflow/example_dags/example_task_group_decorator.py
[2024-05-12T01:55:21.685+0000] {logging_mixin.py:188} INFO - [2024-05-12T01:55:21.685+0000] {dag.py:3096} INFO - Sync 1 DAGs
[2024-05-12T01:55:21.692+0000] {logging_mixin.py:188} INFO - [2024-05-12T01:55:21.692+0000] {dag.py:3954} INFO - Setting next_dagrun for example_task_group_decorator to 2024-05-11 00:00:00+00:00, run_after=2024-05-12 00:00:00+00:00
[2024-05-12T01:55:21.698+0000] {processor.py:183} INFO - Processing /home/airflow/.local/lib/python3.12/site-packages/airflow/example_dags/example_task_group_decorator.py took 0.032 seconds
[2024-05-12T01:55:52.244+0000] {processor.py:161} INFO - Started process (PID=420) to work on /home/airflow/.local/lib/python3.12/site-packages/airflow/example_dags/example_task_group_decorator.py
[2024-05-12T01:55:52.244+0000] {processor.py:830} INFO - Processing file /home/airflow/.local/lib/python3.12/site-packages/airflow/example_dags/example_task_group_decorator.py for tasks to queue
[2024-05-12T01:55:52.245+0000] {logging_mixin.py:188} INFO - [2024-05-12T01:55:52.245+0000] {dagbag.py:545} INFO - Filling up the DagBag from /home/airflow/.local/lib/python3.12/site-packages/airflow/example_dags/example_task_group_decorator.py
[2024-05-12T01:55:52.251+0000] {processor.py:840} INFO - DAG(s) 'example_task_group_decorator' retrieved from /home/airflow/.local/lib/python3.12/site-packages/airflow/example_dags/example_task_group_decorator.py
[2024-05-12T01:55:52.260+0000] {logging_mixin.py:188} INFO - [2024-05-12T01:55:52.260+0000] {dag.py:3096} INFO - Sync 1 DAGs
[2024-05-12T01:55:52.271+0000] {logging_mixin.py:188} INFO - [2024-05-12T01:55:52.271+0000] {dag.py:3954} INFO - Setting next_dagrun for example_task_group_decorator to 2024-05-11 00:00:00+00:00, run_after=2024-05-12 00:00:00+00:00
[2024-05-12T01:55:52.280+0000] {processor.py:183} INFO - Processing /home/airflow/.local/lib/python3.12/site-packages/airflow/example_dags/example_task_group_decorator.py took 0.038 seconds
[2024-05-12T01:56:22.822+0000] {processor.py:161} INFO - Started process (PID=478) to work on /home/airflow/.local/lib/python3.12/site-packages/airflow/example_dags/example_task_group_decorator.py
[2024-05-12T01:56:22.822+0000] {processor.py:830} INFO - Processing file /home/airflow/.local/lib/python3.12/site-packages/airflow/example_dags/example_task_group_decorator.py for tasks to queue
[2024-05-12T01:56:22.823+0000] {logging_mixin.py:188} INFO - [2024-05-12T01:56:22.823+0000] {dagbag.py:545} INFO - Filling up the DagBag from /home/airflow/.local/lib/python3.12/site-packages/airflow/example_dags/example_task_group_decorator.py
[2024-05-12T01:56:22.829+0000] {processor.py:840} INFO - DAG(s) 'example_task_group_decorator' retrieved from /home/airflow/.local/lib/python3.12/site-packages/airflow/example_dags/example_task_group_decorator.py
[2024-05-12T01:56:22.840+0000] {logging_mixin.py:188} INFO - [2024-05-12T01:56:22.839+0000] {dag.py:3096} INFO - Sync 1 DAGs
[2024-05-12T01:56:22.848+0000] {logging_mixin.py:188} INFO - [2024-05-12T01:56:22.848+0000] {dag.py:3954} INFO - Setting next_dagrun for example_task_group_decorator to 2024-05-11 00:00:00+00:00, run_after=2024-05-12 00:00:00+00:00
[2024-05-12T01:56:22.855+0000] {processor.py:183} INFO - Processing /home/airflow/.local/lib/python3.12/site-packages/airflow/example_dags/example_task_group_decorator.py took 0.036 seconds
[2024-05-12T01:56:53.370+0000] {processor.py:161} INFO - Started process (PID=536) to work on /home/airflow/.local/lib/python3.12/site-packages/airflow/example_dags/example_task_group_decorator.py
[2024-05-12T01:56:53.370+0000] {processor.py:830} INFO - Processing file /home/airflow/.local/lib/python3.12/site-packages/airflow/example_dags/example_task_group_decorator.py for tasks to queue
[2024-05-12T01:56:53.371+0000] {logging_mixin.py:188} INFO - [2024-05-12T01:56:53.371+0000] {dagbag.py:545} INFO - Filling up the DagBag from /home/airflow/.local/lib/python3.12/site-packages/airflow/example_dags/example_task_group_decorator.py
[2024-05-12T01:56:53.377+0000] {processor.py:840} INFO - DAG(s) 'example_task_group_decorator' retrieved from /home/airflow/.local/lib/python3.12/site-packages/airflow/example_dags/example_task_group_decorator.py
[2024-05-12T01:56:53.386+0000] {logging_mixin.py:188} INFO - [2024-05-12T01:56:53.386+0000] {dag.py:3096} INFO - Sync 1 DAGs
[2024-05-12T01:56:53.393+0000] {logging_mixin.py:188} INFO - [2024-05-12T01:56:53.393+0000] {dag.py:3954} INFO - Setting next_dagrun for example_task_group_decorator to 2024-05-11 00:00:00+00:00, run_after=2024-05-12 00:00:00+00:00
[2024-05-12T01:56:53.400+0000] {processor.py:183} INFO - Processing /home/airflow/.local/lib/python3.12/site-packages/airflow/example_dags/example_task_group_decorator.py took 0.032 seconds
[2024-05-12T01:57:23.884+0000] {processor.py:161} INFO - Started process (PID=594) to work on /home/airflow/.local/lib/python3.12/site-packages/airflow/example_dags/example_task_group_decorator.py
[2024-05-12T01:57:23.887+0000] {processor.py:830} INFO - Processing file /home/airflow/.local/lib/python3.12/site-packages/airflow/example_dags/example_task_group_decorator.py for tasks to queue
[2024-05-12T01:57:23.888+0000] {logging_mixin.py:188} INFO - [2024-05-12T01:57:23.888+0000] {dagbag.py:545} INFO - Filling up the DagBag from /home/airflow/.local/lib/python3.12/site-packages/airflow/example_dags/example_task_group_decorator.py
[2024-05-12T01:57:23.894+0000] {processor.py:840} INFO - DAG(s) 'example_task_group_decorator' retrieved from /home/airflow/.local/lib/python3.12/site-packages/airflow/example_dags/example_task_group_decorator.py
[2024-05-12T01:57:23.906+0000] {logging_mixin.py:188} INFO - [2024-05-12T01:57:23.906+0000] {dag.py:3096} INFO - Sync 1 DAGs
[2024-05-12T01:57:23.915+0000] {logging_mixin.py:188} INFO - [2024-05-12T01:57:23.915+0000] {dag.py:3954} INFO - Setting next_dagrun for example_task_group_decorator to 2024-05-11 00:00:00+00:00, run_after=2024-05-12 00:00:00+00:00
[2024-05-12T01:57:23.923+0000] {processor.py:183} INFO - Processing /home/airflow/.local/lib/python3.12/site-packages/airflow/example_dags/example_task_group_decorator.py took 0.042 seconds
[2024-05-12T01:57:54.403+0000] {processor.py:161} INFO - Started process (PID=653) to work on /home/airflow/.local/lib/python3.12/site-packages/airflow/example_dags/example_task_group_decorator.py
[2024-05-12T01:57:54.403+0000] {processor.py:830} INFO - Processing file /home/airflow/.local/lib/python3.12/site-packages/airflow/example_dags/example_task_group_decorator.py for tasks to queue
[2024-05-12T01:57:54.404+0000] {logging_mixin.py:188} INFO - [2024-05-12T01:57:54.404+0000] {dagbag.py:545} INFO - Filling up the DagBag from /home/airflow/.local/lib/python3.12/site-packages/airflow/example_dags/example_task_group_decorator.py
[2024-05-12T01:57:54.410+0000] {processor.py:840} INFO - DAG(s) 'example_task_group_decorator' retrieved from /home/airflow/.local/lib/python3.12/site-packages/airflow/example_dags/example_task_group_decorator.py
[2024-05-12T01:57:54.421+0000] {logging_mixin.py:188} INFO - [2024-05-12T01:57:54.421+0000] {dag.py:3096} INFO - Sync 1 DAGs
[2024-05-12T01:57:54.431+0000] {logging_mixin.py:188} INFO - [2024-05-12T01:57:54.431+0000] {dag.py:3954} INFO - Setting next_dagrun for example_task_group_decorator to 2024-05-11 00:00:00+00:00, run_after=2024-05-12 00:00:00+00:00
[2024-05-12T01:57:54.439+0000] {processor.py:183} INFO - Processing /home/airflow/.local/lib/python3.12/site-packages/airflow/example_dags/example_task_group_decorator.py took 0.038 seconds
[2024-05-12T01:58:24.947+0000] {processor.py:161} INFO - Started process (PID=712) to work on /home/airflow/.local/lib/python3.12/site-packages/airflow/example_dags/example_task_group_decorator.py
[2024-05-12T01:58:24.947+0000] {processor.py:830} INFO - Processing file /home/airflow/.local/lib/python3.12/site-packages/airflow/example_dags/example_task_group_decorator.py for tasks to queue
[2024-05-12T01:58:24.948+0000] {logging_mixin.py:188} INFO - [2024-05-12T01:58:24.948+0000] {dagbag.py:545} INFO - Filling up the DagBag from /home/airflow/.local/lib/python3.12/site-packages/airflow/example_dags/example_task_group_decorator.py
[2024-05-12T01:58:24.954+0000] {processor.py:840} INFO - DAG(s) 'example_task_group_decorator' retrieved from /home/airflow/.local/lib/python3.12/site-packages/airflow/example_dags/example_task_group_decorator.py
[2024-05-12T01:58:24.965+0000] {logging_mixin.py:188} INFO - [2024-05-12T01:58:24.965+0000] {dag.py:3096} INFO - Sync 1 DAGs
[2024-05-12T01:58:24.975+0000] {logging_mixin.py:188} INFO - [2024-05-12T01:58:24.975+0000] {dag.py:3954} INFO - Setting next_dagrun for example_task_group_decorator to 2024-05-11 00:00:00+00:00, run_after=2024-05-12 00:00:00+00:00
[2024-05-12T01:58:24.983+0000] {processor.py:183} INFO - Processing /home/airflow/.local/lib/python3.12/site-packages/airflow/example_dags/example_task_group_decorator.py took 0.039 seconds
[2024-05-12T01:58:55.668+0000] {processor.py:161} INFO - Started process (PID=771) to work on /home/airflow/.local/lib/python3.12/site-packages/airflow/example_dags/example_task_group_decorator.py
[2024-05-12T01:58:55.669+0000] {processor.py:830} INFO - Processing file /home/airflow/.local/lib/python3.12/site-packages/airflow/example_dags/example_task_group_decorator.py for tasks to queue
[2024-05-12T01:58:55.669+0000] {logging_mixin.py:188} INFO - [2024-05-12T01:58:55.669+0000] {dagbag.py:545} INFO - Filling up the DagBag from /home/airflow/.local/lib/python3.12/site-packages/airflow/example_dags/example_task_group_decorator.py
[2024-05-12T01:58:55.675+0000] {processor.py:840} INFO - DAG(s) 'example_task_group_decorator' retrieved from /home/airflow/.local/lib/python3.12/site-packages/airflow/example_dags/example_task_group_decorator.py
[2024-05-12T01:58:55.686+0000] {logging_mixin.py:188} INFO - [2024-05-12T01:58:55.685+0000] {dag.py:3096} INFO - Sync 1 DAGs
[2024-05-12T01:58:55.696+0000] {logging_mixin.py:188} INFO - [2024-05-12T01:58:55.695+0000] {dag.py:3954} INFO - Setting next_dagrun for example_task_group_decorator to 2024-05-11 00:00:00+00:00, run_after=2024-05-12 00:00:00+00:00
[2024-05-12T01:58:55.703+0000] {processor.py:183} INFO - Processing /home/airflow/.local/lib/python3.12/site-packages/airflow/example_dags/example_task_group_decorator.py took 0.038 seconds
[2024-05-12T01:59:26.374+0000] {processor.py:161} INFO - Started process (PID=830) to work on /home/airflow/.local/lib/python3.12/site-packages/airflow/example_dags/example_task_group_decorator.py
[2024-05-12T01:59:26.374+0000] {processor.py:830} INFO - Processing file /home/airflow/.local/lib/python3.12/site-packages/airflow/example_dags/example_task_group_decorator.py for tasks to queue
[2024-05-12T01:59:26.375+0000] {logging_mixin.py:188} INFO - [2024-05-12T01:59:26.375+0000] {dagbag.py:545} INFO - Filling up the DagBag from /home/airflow/.local/lib/python3.12/site-packages/airflow/example_dags/example_task_group_decorator.py
[2024-05-12T01:59:26.381+0000] {processor.py:840} INFO - DAG(s) 'example_task_group_decorator' retrieved from /home/airflow/.local/lib/python3.12/site-packages/airflow/example_dags/example_task_group_decorator.py
[2024-05-12T01:59:26.392+0000] {logging_mixin.py:188} INFO - [2024-05-12T01:59:26.392+0000] {dag.py:3096} INFO - Sync 1 DAGs
[2024-05-12T01:59:26.407+0000] {logging_mixin.py:188} INFO - [2024-05-12T01:59:26.407+0000] {dag.py:3954} INFO - Setting next_dagrun for example_task_group_decorator to 2024-05-11 00:00:00+00:00, run_after=2024-05-12 00:00:00+00:00
[2024-05-12T01:59:26.416+0000] {processor.py:183} INFO - Processing /home/airflow/.local/lib/python3.12/site-packages/airflow/example_dags/example_task_group_decorator.py took 0.045 seconds
[2024-05-12T01:59:57.214+0000] {processor.py:161} INFO - Started process (PID=889) to work on /home/airflow/.local/lib/python3.12/site-packages/airflow/example_dags/example_task_group_decorator.py
[2024-05-12T01:59:57.215+0000] {processor.py:830} INFO - Processing file /home/airflow/.local/lib/python3.12/site-packages/airflow/example_dags/example_task_group_decorator.py for tasks to queue
[2024-05-12T01:59:57.216+0000] {logging_mixin.py:188} INFO - [2024-05-12T01:59:57.216+0000] {dagbag.py:545} INFO - Filling up the DagBag from /home/airflow/.local/lib/python3.12/site-packages/airflow/example_dags/example_task_group_decorator.py
[2024-05-12T01:59:57.221+0000] {processor.py:840} INFO - DAG(s) 'example_task_group_decorator' retrieved from /home/airflow/.local/lib/python3.12/site-packages/airflow/example_dags/example_task_group_decorator.py
[2024-05-12T01:59:57.233+0000] {logging_mixin.py:188} INFO - [2024-05-12T01:59:57.233+0000] {dag.py:3096} INFO - Sync 1 DAGs
[2024-05-12T01:59:57.242+0000] {logging_mixin.py:188} INFO - [2024-05-12T01:59:57.242+0000] {dag.py:3954} INFO - Setting next_dagrun for example_task_group_decorator to 2024-05-11 00:00:00+00:00, run_after=2024-05-12 00:00:00+00:00
[2024-05-12T01:59:57.250+0000] {processor.py:183} INFO - Processing /home/airflow/.local/lib/python3.12/site-packages/airflow/example_dags/example_task_group_decorator.py took 0.038 seconds
[2024-05-12T02:00:28.082+0000] {processor.py:161} INFO - Started process (PID=948) to work on /home/airflow/.local/lib/python3.12/site-packages/airflow/example_dags/example_task_group_decorator.py
[2024-05-12T02:00:28.082+0000] {processor.py:830} INFO - Processing file /home/airflow/.local/lib/python3.12/site-packages/airflow/example_dags/example_task_group_decorator.py for tasks to queue
[2024-05-12T02:00:28.083+0000] {logging_mixin.py:188} INFO - [2024-05-12T02:00:28.083+0000] {dagbag.py:545} INFO - Filling up the DagBag from /home/airflow/.local/lib/python3.12/site-packages/airflow/example_dags/example_task_group_decorator.py
[2024-05-12T02:00:28.089+0000] {processor.py:840} INFO - DAG(s) 'example_task_group_decorator' retrieved from /home/airflow/.local/lib/python3.12/site-packages/airflow/example_dags/example_task_group_decorator.py
[2024-05-12T02:00:28.099+0000] {logging_mixin.py:188} INFO - [2024-05-12T02:00:28.099+0000] {dag.py:3096} INFO - Sync 1 DAGs
[2024-05-12T02:00:28.107+0000] {logging_mixin.py:188} INFO - [2024-05-12T02:00:28.107+0000] {dag.py:3954} INFO - Setting next_dagrun for example_task_group_decorator to 2024-05-11 00:00:00+00:00, run_after=2024-05-12 00:00:00+00:00
[2024-05-12T02:00:28.115+0000] {processor.py:183} INFO - Processing /home/airflow/.local/lib/python3.12/site-packages/airflow/example_dags/example_task_group_decorator.py took 0.036 seconds
[2024-05-12T02:00:58.730+0000] {processor.py:161} INFO - Started process (PID=1007) to work on /home/airflow/.local/lib/python3.12/site-packages/airflow/example_dags/example_task_group_decorator.py
[2024-05-12T02:00:58.730+0000] {processor.py:830} INFO - Processing file /home/airflow/.local/lib/python3.12/site-packages/airflow/example_dags/example_task_group_decorator.py for tasks to queue
[2024-05-12T02:00:58.731+0000] {logging_mixin.py:188} INFO - [2024-05-12T02:00:58.731+0000] {dagbag.py:545} INFO - Filling up the DagBag from /home/airflow/.local/lib/python3.12/site-packages/airflow/example_dags/example_task_group_decorator.py
[2024-05-12T02:00:58.737+0000] {processor.py:840} INFO - DAG(s) 'example_task_group_decorator' retrieved from /home/airflow/.local/lib/python3.12/site-packages/airflow/example_dags/example_task_group_decorator.py
[2024-05-12T02:00:58.752+0000] {logging_mixin.py:188} INFO - [2024-05-12T02:00:58.752+0000] {dag.py:3096} INFO - Sync 1 DAGs
[2024-05-12T02:00:58.762+0000] {logging_mixin.py:188} INFO - [2024-05-12T02:00:58.762+0000] {dag.py:3954} INFO - Setting next_dagrun for example_task_group_decorator to 2024-05-11 00:00:00+00:00, run_after=2024-05-12 00:00:00+00:00
[2024-05-12T02:00:58.769+0000] {processor.py:183} INFO - Processing /home/airflow/.local/lib/python3.12/site-packages/airflow/example_dags/example_task_group_decorator.py took 0.041 seconds
[2024-05-12T02:01:29.401+0000] {processor.py:161} INFO - Started process (PID=1066) to work on /home/airflow/.local/lib/python3.12/site-packages/airflow/example_dags/example_task_group_decorator.py
[2024-05-12T02:01:29.402+0000] {processor.py:830} INFO - Processing file /home/airflow/.local/lib/python3.12/site-packages/airflow/example_dags/example_task_group_decorator.py for tasks to queue
[2024-05-12T02:01:29.403+0000] {logging_mixin.py:188} INFO - [2024-05-12T02:01:29.403+0000] {dagbag.py:545} INFO - Filling up the DagBag from /home/airflow/.local/lib/python3.12/site-packages/airflow/example_dags/example_task_group_decorator.py
[2024-05-12T02:01:29.409+0000] {processor.py:840} INFO - DAG(s) 'example_task_group_decorator' retrieved from /home/airflow/.local/lib/python3.12/site-packages/airflow/example_dags/example_task_group_decorator.py
[2024-05-12T02:01:29.418+0000] {logging_mixin.py:188} INFO - [2024-05-12T02:01:29.418+0000] {dag.py:3096} INFO - Sync 1 DAGs
[2024-05-12T02:01:29.426+0000] {logging_mixin.py:188} INFO - [2024-05-12T02:01:29.426+0000] {dag.py:3954} INFO - Setting next_dagrun for example_task_group_decorator to 2024-05-11 00:00:00+00:00, run_after=2024-05-12 00:00:00+00:00
[2024-05-12T02:01:29.433+0000] {processor.py:183} INFO - Processing /home/airflow/.local/lib/python3.12/site-packages/airflow/example_dags/example_task_group_decorator.py took 0.034 seconds
[2024-05-12T02:02:00.266+0000] {processor.py:161} INFO - Started process (PID=1125) to work on /home/airflow/.local/lib/python3.12/site-packages/airflow/example_dags/example_task_group_decorator.py
[2024-05-12T02:02:00.266+0000] {processor.py:830} INFO - Processing file /home/airflow/.local/lib/python3.12/site-packages/airflow/example_dags/example_task_group_decorator.py for tasks to queue
[2024-05-12T02:02:00.267+0000] {logging_mixin.py:188} INFO - [2024-05-12T02:02:00.267+0000] {dagbag.py:545} INFO - Filling up the DagBag from /home/airflow/.local/lib/python3.12/site-packages/airflow/example_dags/example_task_group_decorator.py
[2024-05-12T02:02:00.273+0000] {processor.py:840} INFO - DAG(s) 'example_task_group_decorator' retrieved from /home/airflow/.local/lib/python3.12/site-packages/airflow/example_dags/example_task_group_decorator.py
[2024-05-12T02:02:00.282+0000] {logging_mixin.py:188} INFO - [2024-05-12T02:02:00.282+0000] {dag.py:3096} INFO - Sync 1 DAGs
[2024-05-12T02:02:00.290+0000] {logging_mixin.py:188} INFO - [2024-05-12T02:02:00.290+0000] {dag.py:3954} INFO - Setting next_dagrun for example_task_group_decorator to 2024-05-11 00:00:00+00:00, run_after=2024-05-12 00:00:00+00:00
[2024-05-12T02:02:00.297+0000] {processor.py:183} INFO - Processing /home/airflow/.local/lib/python3.12/site-packages/airflow/example_dags/example_task_group_decorator.py took 0.034 seconds
[2024-05-12T02:02:31.235+0000] {processor.py:161} INFO - Started process (PID=1184) to work on /home/airflow/.local/lib/python3.12/site-packages/airflow/example_dags/example_task_group_decorator.py
[2024-05-12T02:02:31.235+0000] {processor.py:830} INFO - Processing file /home/airflow/.local/lib/python3.12/site-packages/airflow/example_dags/example_task_group_decorator.py for tasks to queue
[2024-05-12T02:02:31.236+0000] {logging_mixin.py:188} INFO - [2024-05-12T02:02:31.236+0000] {dagbag.py:545} INFO - Filling up the DagBag from /home/airflow/.local/lib/python3.12/site-packages/airflow/example_dags/example_task_group_decorator.py
[2024-05-12T02:02:31.242+0000] {processor.py:840} INFO - DAG(s) 'example_task_group_decorator' retrieved from /home/airflow/.local/lib/python3.12/site-packages/airflow/example_dags/example_task_group_decorator.py
[2024-05-12T02:02:31.253+0000] {logging_mixin.py:188} INFO - [2024-05-12T02:02:31.252+0000] {dag.py:3096} INFO - Sync 1 DAGs
[2024-05-12T02:02:31.261+0000] {logging_mixin.py:188} INFO - [2024-05-12T02:02:31.261+0000] {dag.py:3954} INFO - Setting next_dagrun for example_task_group_decorator to 2024-05-11 00:00:00+00:00, run_after=2024-05-12 00:00:00+00:00
[2024-05-12T02:02:31.269+0000] {processor.py:183} INFO - Processing /home/airflow/.local/lib/python3.12/site-packages/airflow/example_dags/example_task_group_decorator.py took 0.037 seconds
[2024-05-12T02:03:02.285+0000] {processor.py:161} INFO - Started process (PID=1243) to work on /home/airflow/.local/lib/python3.12/site-packages/airflow/example_dags/example_task_group_decorator.py
[2024-05-12T02:03:02.286+0000] {processor.py:830} INFO - Processing file /home/airflow/.local/lib/python3.12/site-packages/airflow/example_dags/example_task_group_decorator.py for tasks to queue
[2024-05-12T02:03:02.287+0000] {logging_mixin.py:188} INFO - [2024-05-12T02:03:02.286+0000] {dagbag.py:545} INFO - Filling up the DagBag from /home/airflow/.local/lib/python3.12/site-packages/airflow/example_dags/example_task_group_decorator.py
[2024-05-12T02:03:02.293+0000] {processor.py:840} INFO - DAG(s) 'example_task_group_decorator' retrieved from /home/airflow/.local/lib/python3.12/site-packages/airflow/example_dags/example_task_group_decorator.py
[2024-05-12T02:03:02.304+0000] {logging_mixin.py:188} INFO - [2024-05-12T02:03:02.304+0000] {dag.py:3096} INFO - Sync 1 DAGs
[2024-05-12T02:03:02.313+0000] {logging_mixin.py:188} INFO - [2024-05-12T02:03:02.313+0000] {dag.py:3954} INFO - Setting next_dagrun for example_task_group_decorator to 2024-05-11 00:00:00+00:00, run_after=2024-05-12 00:00:00+00:00
[2024-05-12T02:03:02.322+0000] {processor.py:183} INFO - Processing /home/airflow/.local/lib/python3.12/site-packages/airflow/example_dags/example_task_group_decorator.py took 0.039 seconds
[2024-05-12T02:03:33.056+0000] {processor.py:161} INFO - Started process (PID=1302) to work on /home/airflow/.local/lib/python3.12/site-packages/airflow/example_dags/example_task_group_decorator.py
[2024-05-12T02:03:33.057+0000] {processor.py:830} INFO - Processing file /home/airflow/.local/lib/python3.12/site-packages/airflow/example_dags/example_task_group_decorator.py for tasks to queue
[2024-05-12T02:03:33.058+0000] {logging_mixin.py:188} INFO - [2024-05-12T02:03:33.058+0000] {dagbag.py:545} INFO - Filling up the DagBag from /home/airflow/.local/lib/python3.12/site-packages/airflow/example_dags/example_task_group_decorator.py
[2024-05-12T02:03:33.064+0000] {processor.py:840} INFO - DAG(s) 'example_task_group_decorator' retrieved from /home/airflow/.local/lib/python3.12/site-packages/airflow/example_dags/example_task_group_decorator.py
[2024-05-12T02:03:33.075+0000] {logging_mixin.py:188} INFO - [2024-05-12T02:03:33.075+0000] {dag.py:3096} INFO - Sync 1 DAGs
[2024-05-12T02:03:33.084+0000] {logging_mixin.py:188} INFO - [2024-05-12T02:03:33.084+0000] {dag.py:3954} INFO - Setting next_dagrun for example_task_group_decorator to 2024-05-11 00:00:00+00:00, run_after=2024-05-12 00:00:00+00:00
[2024-05-12T02:03:33.093+0000] {processor.py:183} INFO - Processing /home/airflow/.local/lib/python3.12/site-packages/airflow/example_dags/example_task_group_decorator.py took 0.039 seconds
[2024-05-12T02:04:03.751+0000] {processor.py:161} INFO - Started process (PID=1361) to work on /home/airflow/.local/lib/python3.12/site-packages/airflow/example_dags/example_task_group_decorator.py
[2024-05-12T02:04:03.751+0000] {processor.py:830} INFO - Processing file /home/airflow/.local/lib/python3.12/site-packages/airflow/example_dags/example_task_group_decorator.py for tasks to queue
[2024-05-12T02:04:03.752+0000] {logging_mixin.py:188} INFO - [2024-05-12T02:04:03.752+0000] {dagbag.py:545} INFO - Filling up the DagBag from /home/airflow/.local/lib/python3.12/site-packages/airflow/example_dags/example_task_group_decorator.py
[2024-05-12T02:04:03.758+0000] {processor.py:840} INFO - DAG(s) 'example_task_group_decorator' retrieved from /home/airflow/.local/lib/python3.12/site-packages/airflow/example_dags/example_task_group_decorator.py
[2024-05-12T02:04:03.769+0000] {logging_mixin.py:188} INFO - [2024-05-12T02:04:03.769+0000] {dag.py:3096} INFO - Sync 1 DAGs
[2024-05-12T02:04:03.778+0000] {logging_mixin.py:188} INFO - [2024-05-12T02:04:03.778+0000] {dag.py:3954} INFO - Setting next_dagrun for example_task_group_decorator to 2024-05-11 00:00:00+00:00, run_after=2024-05-12 00:00:00+00:00
[2024-05-12T02:04:03.785+0000] {processor.py:183} INFO - Processing /home/airflow/.local/lib/python3.12/site-packages/airflow/example_dags/example_task_group_decorator.py took 0.037 seconds
[2024-05-12T02:04:34.576+0000] {processor.py:161} INFO - Started process (PID=1420) to work on /home/airflow/.local/lib/python3.12/site-packages/airflow/example_dags/example_task_group_decorator.py
[2024-05-12T02:04:34.577+0000] {processor.py:830} INFO - Processing file /home/airflow/.local/lib/python3.12/site-packages/airflow/example_dags/example_task_group_decorator.py for tasks to queue
[2024-05-12T02:04:34.578+0000] {logging_mixin.py:188} INFO - [2024-05-12T02:04:34.577+0000] {dagbag.py:545} INFO - Filling up the DagBag from /home/airflow/.local/lib/python3.12/site-packages/airflow/example_dags/example_task_group_decorator.py
[2024-05-12T02:04:34.584+0000] {processor.py:840} INFO - DAG(s) 'example_task_group_decorator' retrieved from /home/airflow/.local/lib/python3.12/site-packages/airflow/example_dags/example_task_group_decorator.py
[2024-05-12T02:04:34.595+0000] {logging_mixin.py:188} INFO - [2024-05-12T02:04:34.595+0000] {dag.py:3096} INFO - Sync 1 DAGs
[2024-05-12T02:04:34.605+0000] {logging_mixin.py:188} INFO - [2024-05-12T02:04:34.604+0000] {dag.py:3954} INFO - Setting next_dagrun for example_task_group_decorator to 2024-05-11 00:00:00+00:00, run_after=2024-05-12 00:00:00+00:00
[2024-05-12T02:04:34.613+0000] {processor.py:183} INFO - Processing /home/airflow/.local/lib/python3.12/site-packages/airflow/example_dags/example_task_group_decorator.py took 0.040 seconds
[2024-05-12T02:05:04.903+0000] {processor.py:161} INFO - Started process (PID=1479) to work on /home/airflow/.local/lib/python3.12/site-packages/airflow/example_dags/example_task_group_decorator.py
[2024-05-12T02:05:04.903+0000] {processor.py:830} INFO - Processing file /home/airflow/.local/lib/python3.12/site-packages/airflow/example_dags/example_task_group_decorator.py for tasks to queue
[2024-05-12T02:05:04.904+0000] {logging_mixin.py:188} INFO - [2024-05-12T02:05:04.904+0000] {dagbag.py:545} INFO - Filling up the DagBag from /home/airflow/.local/lib/python3.12/site-packages/airflow/example_dags/example_task_group_decorator.py
[2024-05-12T02:05:04.911+0000] {processor.py:840} INFO - DAG(s) 'example_task_group_decorator' retrieved from /home/airflow/.local/lib/python3.12/site-packages/airflow/example_dags/example_task_group_decorator.py
[2024-05-12T02:05:04.922+0000] {logging_mixin.py:188} INFO - [2024-05-12T02:05:04.922+0000] {dag.py:3096} INFO - Sync 1 DAGs
[2024-05-12T02:05:04.931+0000] {logging_mixin.py:188} INFO - [2024-05-12T02:05:04.931+0000] {dag.py:3954} INFO - Setting next_dagrun for example_task_group_decorator to 2024-05-11 00:00:00+00:00, run_after=2024-05-12 00:00:00+00:00
[2024-05-12T02:05:04.940+0000] {processor.py:183} INFO - Processing /home/airflow/.local/lib/python3.12/site-packages/airflow/example_dags/example_task_group_decorator.py took 0.040 seconds
[2024-05-12T02:05:35.320+0000] {processor.py:161} INFO - Started process (PID=1537) to work on /home/airflow/.local/lib/python3.12/site-packages/airflow/example_dags/example_task_group_decorator.py
[2024-05-12T02:05:35.321+0000] {processor.py:830} INFO - Processing file /home/airflow/.local/lib/python3.12/site-packages/airflow/example_dags/example_task_group_decorator.py for tasks to queue
[2024-05-12T02:05:35.321+0000] {logging_mixin.py:188} INFO - [2024-05-12T02:05:35.321+0000] {dagbag.py:545} INFO - Filling up the DagBag from /home/airflow/.local/lib/python3.12/site-packages/airflow/example_dags/example_task_group_decorator.py
[2024-05-12T02:05:35.327+0000] {processor.py:840} INFO - DAG(s) 'example_task_group_decorator' retrieved from /home/airflow/.local/lib/python3.12/site-packages/airflow/example_dags/example_task_group_decorator.py
[2024-05-12T02:05:35.338+0000] {logging_mixin.py:188} INFO - [2024-05-12T02:05:35.338+0000] {dag.py:3096} INFO - Sync 1 DAGs
[2024-05-12T02:05:35.347+0000] {logging_mixin.py:188} INFO - [2024-05-12T02:05:35.347+0000] {dag.py:3954} INFO - Setting next_dagrun for example_task_group_decorator to 2024-05-11 00:00:00+00:00, run_after=2024-05-12 00:00:00+00:00
[2024-05-12T02:05:35.356+0000] {processor.py:183} INFO - Processing /home/airflow/.local/lib/python3.12/site-packages/airflow/example_dags/example_task_group_decorator.py took 0.039 seconds
