[2024-05-12T01:52:48.581+0000] {processor.py:161} INFO - Started process (PID=68) to work on /home/airflow/.local/lib/python3.12/site-packages/airflow/example_dags/example_latest_only.py
[2024-05-12T01:52:48.584+0000] {processor.py:830} INFO - Processing file /home/airflow/.local/lib/python3.12/site-packages/airflow/example_dags/example_latest_only.py for tasks to queue
[2024-05-12T01:52:48.586+0000] {logging_mixin.py:188} INFO - [2024-05-12T01:52:48.585+0000] {dagbag.py:545} INFO - Filling up the DagBag from /home/airflow/.local/lib/python3.12/site-packages/airflow/example_dags/example_latest_only.py
[2024-05-12T01:52:48.591+0000] {processor.py:840} INFO - DAG(s) 'latest_only' retrieved from /home/airflow/.local/lib/python3.12/site-packages/airflow/example_dags/example_latest_only.py
[2024-05-12T01:52:48.603+0000] {logging_mixin.py:188} INFO - [2024-05-12T01:52:48.603+0000] {dag.py:3096} INFO - Sync 1 DAGs
[2024-05-12T01:52:48.618+0000] {logging_mixin.py:188} INFO - [2024-05-12T01:52:48.618+0000] {dag.py:3954} INFO - Setting next_dagrun for latest_only to 2024-05-11 20:00:00+00:00, run_after=2024-05-12 00:00:00+00:00
[2024-05-12T01:52:48.631+0000] {processor.py:183} INFO - Processing /home/airflow/.local/lib/python3.12/site-packages/airflow/example_dags/example_latest_only.py took 0.053 seconds
[2024-05-12T01:53:18.999+0000] {processor.py:161} INFO - Started process (PID=126) to work on /home/airflow/.local/lib/python3.12/site-packages/airflow/example_dags/example_latest_only.py
[2024-05-12T01:53:19.000+0000] {processor.py:830} INFO - Processing file /home/airflow/.local/lib/python3.12/site-packages/airflow/example_dags/example_latest_only.py for tasks to queue
[2024-05-12T01:53:19.000+0000] {logging_mixin.py:188} INFO - [2024-05-12T01:53:19.000+0000] {dagbag.py:545} INFO - Filling up the DagBag from /home/airflow/.local/lib/python3.12/site-packages/airflow/example_dags/example_latest_only.py
[2024-05-12T01:53:19.002+0000] {processor.py:840} INFO - DAG(s) 'latest_only' retrieved from /home/airflow/.local/lib/python3.12/site-packages/airflow/example_dags/example_latest_only.py
[2024-05-12T01:53:19.041+0000] {logging_mixin.py:188} INFO - [2024-05-12T01:53:19.041+0000] {dag.py:3096} INFO - Sync 1 DAGs
[2024-05-12T01:53:19.050+0000] {logging_mixin.py:188} INFO - [2024-05-12T01:53:19.049+0000] {dag.py:3954} INFO - Setting next_dagrun for latest_only to 2024-05-11 20:00:00+00:00, run_after=2024-05-12 00:00:00+00:00
[2024-05-12T01:53:19.056+0000] {processor.py:183} INFO - Processing /home/airflow/.local/lib/python3.12/site-packages/airflow/example_dags/example_latest_only.py took 0.060 seconds
[2024-05-12T01:53:49.888+0000] {processor.py:161} INFO - Started process (PID=184) to work on /home/airflow/.local/lib/python3.12/site-packages/airflow/example_dags/example_latest_only.py
[2024-05-12T01:53:49.889+0000] {processor.py:830} INFO - Processing file /home/airflow/.local/lib/python3.12/site-packages/airflow/example_dags/example_latest_only.py for tasks to queue
[2024-05-12T01:53:49.890+0000] {logging_mixin.py:188} INFO - [2024-05-12T01:53:49.890+0000] {dagbag.py:545} INFO - Filling up the DagBag from /home/airflow/.local/lib/python3.12/site-packages/airflow/example_dags/example_latest_only.py
[2024-05-12T01:53:49.893+0000] {processor.py:840} INFO - DAG(s) 'latest_only' retrieved from /home/airflow/.local/lib/python3.12/site-packages/airflow/example_dags/example_latest_only.py
[2024-05-12T01:53:49.904+0000] {logging_mixin.py:188} INFO - [2024-05-12T01:53:49.904+0000] {dag.py:3096} INFO - Sync 1 DAGs
[2024-05-12T01:53:49.917+0000] {logging_mixin.py:188} INFO - [2024-05-12T01:53:49.917+0000] {dag.py:3954} INFO - Setting next_dagrun for latest_only to 2024-05-11 20:00:00+00:00, run_after=2024-05-12 00:00:00+00:00
[2024-05-12T01:53:49.927+0000] {processor.py:183} INFO - Processing /home/airflow/.local/lib/python3.12/site-packages/airflow/example_dags/example_latest_only.py took 0.041 seconds
[2024-05-12T01:54:20.561+0000] {processor.py:161} INFO - Started process (PID=242) to work on /home/airflow/.local/lib/python3.12/site-packages/airflow/example_dags/example_latest_only.py
[2024-05-12T01:54:20.562+0000] {processor.py:830} INFO - Processing file /home/airflow/.local/lib/python3.12/site-packages/airflow/example_dags/example_latest_only.py for tasks to queue
[2024-05-12T01:54:20.563+0000] {logging_mixin.py:188} INFO - [2024-05-12T01:54:20.563+0000] {dagbag.py:545} INFO - Filling up the DagBag from /home/airflow/.local/lib/python3.12/site-packages/airflow/example_dags/example_latest_only.py
[2024-05-12T01:54:20.567+0000] {processor.py:840} INFO - DAG(s) 'latest_only' retrieved from /home/airflow/.local/lib/python3.12/site-packages/airflow/example_dags/example_latest_only.py
[2024-05-12T01:54:20.576+0000] {logging_mixin.py:188} INFO - [2024-05-12T01:54:20.576+0000] {dag.py:3096} INFO - Sync 1 DAGs
[2024-05-12T01:54:20.584+0000] {logging_mixin.py:188} INFO - [2024-05-12T01:54:20.584+0000] {dag.py:3954} INFO - Setting next_dagrun for latest_only to 2024-05-11 20:00:00+00:00, run_after=2024-05-12 00:00:00+00:00
[2024-05-12T01:54:20.595+0000] {processor.py:183} INFO - Processing /home/airflow/.local/lib/python3.12/site-packages/airflow/example_dags/example_latest_only.py took 0.038 seconds
[2024-05-12T01:54:51.099+0000] {processor.py:161} INFO - Started process (PID=300) to work on /home/airflow/.local/lib/python3.12/site-packages/airflow/example_dags/example_latest_only.py
[2024-05-12T01:54:51.100+0000] {processor.py:830} INFO - Processing file /home/airflow/.local/lib/python3.12/site-packages/airflow/example_dags/example_latest_only.py for tasks to queue
[2024-05-12T01:54:51.100+0000] {logging_mixin.py:188} INFO - [2024-05-12T01:54:51.100+0000] {dagbag.py:545} INFO - Filling up the DagBag from /home/airflow/.local/lib/python3.12/site-packages/airflow/example_dags/example_latest_only.py
[2024-05-12T01:54:51.102+0000] {processor.py:840} INFO - DAG(s) 'latest_only' retrieved from /home/airflow/.local/lib/python3.12/site-packages/airflow/example_dags/example_latest_only.py
[2024-05-12T01:54:51.111+0000] {logging_mixin.py:188} INFO - [2024-05-12T01:54:51.111+0000] {dag.py:3096} INFO - Sync 1 DAGs
[2024-05-12T01:54:51.122+0000] {logging_mixin.py:188} INFO - [2024-05-12T01:54:51.122+0000] {dag.py:3954} INFO - Setting next_dagrun for latest_only to 2024-05-11 20:00:00+00:00, run_after=2024-05-12 00:00:00+00:00
[2024-05-12T01:54:51.131+0000] {processor.py:183} INFO - Processing /home/airflow/.local/lib/python3.12/site-packages/airflow/example_dags/example_latest_only.py took 0.034 seconds
[2024-05-12T01:55:21.591+0000] {processor.py:161} INFO - Started process (PID=358) to work on /home/airflow/.local/lib/python3.12/site-packages/airflow/example_dags/example_latest_only.py
[2024-05-12T01:55:21.591+0000] {processor.py:830} INFO - Processing file /home/airflow/.local/lib/python3.12/site-packages/airflow/example_dags/example_latest_only.py for tasks to queue
[2024-05-12T01:55:21.592+0000] {logging_mixin.py:188} INFO - [2024-05-12T01:55:21.592+0000] {dagbag.py:545} INFO - Filling up the DagBag from /home/airflow/.local/lib/python3.12/site-packages/airflow/example_dags/example_latest_only.py
[2024-05-12T01:55:21.594+0000] {processor.py:840} INFO - DAG(s) 'latest_only' retrieved from /home/airflow/.local/lib/python3.12/site-packages/airflow/example_dags/example_latest_only.py
[2024-05-12T01:55:21.602+0000] {logging_mixin.py:188} INFO - [2024-05-12T01:55:21.602+0000] {dag.py:3096} INFO - Sync 1 DAGs
[2024-05-12T01:55:21.610+0000] {logging_mixin.py:188} INFO - [2024-05-12T01:55:21.610+0000] {dag.py:3954} INFO - Setting next_dagrun for latest_only to 2024-05-11 20:00:00+00:00, run_after=2024-05-12 00:00:00+00:00
[2024-05-12T01:55:21.616+0000] {processor.py:183} INFO - Processing /home/airflow/.local/lib/python3.12/site-packages/airflow/example_dags/example_latest_only.py took 0.028 seconds
[2024-05-12T01:55:52.131+0000] {processor.py:161} INFO - Started process (PID=416) to work on /home/airflow/.local/lib/python3.12/site-packages/airflow/example_dags/example_latest_only.py
[2024-05-12T01:55:52.131+0000] {processor.py:830} INFO - Processing file /home/airflow/.local/lib/python3.12/site-packages/airflow/example_dags/example_latest_only.py for tasks to queue
[2024-05-12T01:55:52.132+0000] {logging_mixin.py:188} INFO - [2024-05-12T01:55:52.132+0000] {dagbag.py:545} INFO - Filling up the DagBag from /home/airflow/.local/lib/python3.12/site-packages/airflow/example_dags/example_latest_only.py
[2024-05-12T01:55:52.135+0000] {processor.py:840} INFO - DAG(s) 'latest_only' retrieved from /home/airflow/.local/lib/python3.12/site-packages/airflow/example_dags/example_latest_only.py
[2024-05-12T01:55:52.143+0000] {logging_mixin.py:188} INFO - [2024-05-12T01:55:52.143+0000] {dag.py:3096} INFO - Sync 1 DAGs
[2024-05-12T01:55:52.151+0000] {logging_mixin.py:188} INFO - [2024-05-12T01:55:52.151+0000] {dag.py:3954} INFO - Setting next_dagrun for latest_only to 2024-05-11 20:00:00+00:00, run_after=2024-05-12 00:00:00+00:00
[2024-05-12T01:55:52.158+0000] {processor.py:183} INFO - Processing /home/airflow/.local/lib/python3.12/site-packages/airflow/example_dags/example_latest_only.py took 0.030 seconds
[2024-05-12T01:56:22.702+0000] {processor.py:161} INFO - Started process (PID=474) to work on /home/airflow/.local/lib/python3.12/site-packages/airflow/example_dags/example_latest_only.py
[2024-05-12T01:56:22.703+0000] {processor.py:830} INFO - Processing file /home/airflow/.local/lib/python3.12/site-packages/airflow/example_dags/example_latest_only.py for tasks to queue
[2024-05-12T01:56:22.703+0000] {logging_mixin.py:188} INFO - [2024-05-12T01:56:22.703+0000] {dagbag.py:545} INFO - Filling up the DagBag from /home/airflow/.local/lib/python3.12/site-packages/airflow/example_dags/example_latest_only.py
[2024-05-12T01:56:22.706+0000] {processor.py:840} INFO - DAG(s) 'latest_only' retrieved from /home/airflow/.local/lib/python3.12/site-packages/airflow/example_dags/example_latest_only.py
[2024-05-12T01:56:22.715+0000] {logging_mixin.py:188} INFO - [2024-05-12T01:56:22.715+0000] {dag.py:3096} INFO - Sync 1 DAGs
[2024-05-12T01:56:22.724+0000] {logging_mixin.py:188} INFO - [2024-05-12T01:56:22.724+0000] {dag.py:3954} INFO - Setting next_dagrun for latest_only to 2024-05-11 20:00:00+00:00, run_after=2024-05-12 00:00:00+00:00
[2024-05-12T01:56:22.731+0000] {processor.py:183} INFO - Processing /home/airflow/.local/lib/python3.12/site-packages/airflow/example_dags/example_latest_only.py took 0.032 seconds
[2024-05-12T01:56:53.267+0000] {processor.py:161} INFO - Started process (PID=532) to work on /home/airflow/.local/lib/python3.12/site-packages/airflow/example_dags/example_latest_only.py
[2024-05-12T01:56:53.267+0000] {processor.py:830} INFO - Processing file /home/airflow/.local/lib/python3.12/site-packages/airflow/example_dags/example_latest_only.py for tasks to queue
[2024-05-12T01:56:53.268+0000] {logging_mixin.py:188} INFO - [2024-05-12T01:56:53.268+0000] {dagbag.py:545} INFO - Filling up the DagBag from /home/airflow/.local/lib/python3.12/site-packages/airflow/example_dags/example_latest_only.py
[2024-05-12T01:56:53.270+0000] {processor.py:840} INFO - DAG(s) 'latest_only' retrieved from /home/airflow/.local/lib/python3.12/site-packages/airflow/example_dags/example_latest_only.py
[2024-05-12T01:56:53.278+0000] {logging_mixin.py:188} INFO - [2024-05-12T01:56:53.278+0000] {dag.py:3096} INFO - Sync 1 DAGs
[2024-05-12T01:56:53.287+0000] {logging_mixin.py:188} INFO - [2024-05-12T01:56:53.287+0000] {dag.py:3954} INFO - Setting next_dagrun for latest_only to 2024-05-11 20:00:00+00:00, run_after=2024-05-12 00:00:00+00:00
[2024-05-12T01:56:53.293+0000] {processor.py:183} INFO - Processing /home/airflow/.local/lib/python3.12/site-packages/airflow/example_dags/example_latest_only.py took 0.028 seconds
[2024-05-12T01:57:23.792+0000] {processor.py:161} INFO - Started process (PID=590) to work on /home/airflow/.local/lib/python3.12/site-packages/airflow/example_dags/example_latest_only.py
[2024-05-12T01:57:23.792+0000] {processor.py:830} INFO - Processing file /home/airflow/.local/lib/python3.12/site-packages/airflow/example_dags/example_latest_only.py for tasks to queue
[2024-05-12T01:57:23.793+0000] {logging_mixin.py:188} INFO - [2024-05-12T01:57:23.793+0000] {dagbag.py:545} INFO - Filling up the DagBag from /home/airflow/.local/lib/python3.12/site-packages/airflow/example_dags/example_latest_only.py
[2024-05-12T01:57:23.796+0000] {processor.py:840} INFO - DAG(s) 'latest_only' retrieved from /home/airflow/.local/lib/python3.12/site-packages/airflow/example_dags/example_latest_only.py
[2024-05-12T01:57:23.811+0000] {logging_mixin.py:188} INFO - [2024-05-12T01:57:23.811+0000] {dag.py:3096} INFO - Sync 1 DAGs
[2024-05-12T01:57:23.820+0000] {logging_mixin.py:188} INFO - [2024-05-12T01:57:23.820+0000] {dag.py:3954} INFO - Setting next_dagrun for latest_only to 2024-05-11 20:00:00+00:00, run_after=2024-05-12 00:00:00+00:00
[2024-05-12T01:57:23.828+0000] {processor.py:183} INFO - Processing /home/airflow/.local/lib/python3.12/site-packages/airflow/example_dags/example_latest_only.py took 0.040 seconds
[2024-05-12T01:57:54.313+0000] {processor.py:161} INFO - Started process (PID=649) to work on /home/airflow/.local/lib/python3.12/site-packages/airflow/example_dags/example_latest_only.py
[2024-05-12T01:57:54.314+0000] {processor.py:830} INFO - Processing file /home/airflow/.local/lib/python3.12/site-packages/airflow/example_dags/example_latest_only.py for tasks to queue
[2024-05-12T01:57:54.315+0000] {logging_mixin.py:188} INFO - [2024-05-12T01:57:54.315+0000] {dagbag.py:545} INFO - Filling up the DagBag from /home/airflow/.local/lib/python3.12/site-packages/airflow/example_dags/example_latest_only.py
[2024-05-12T01:57:54.317+0000] {processor.py:840} INFO - DAG(s) 'latest_only' retrieved from /home/airflow/.local/lib/python3.12/site-packages/airflow/example_dags/example_latest_only.py
[2024-05-12T01:57:54.327+0000] {logging_mixin.py:188} INFO - [2024-05-12T01:57:54.327+0000] {dag.py:3096} INFO - Sync 1 DAGs
[2024-05-12T01:57:54.335+0000] {logging_mixin.py:188} INFO - [2024-05-12T01:57:54.335+0000] {dag.py:3954} INFO - Setting next_dagrun for latest_only to 2024-05-11 20:00:00+00:00, run_after=2024-05-12 00:00:00+00:00
[2024-05-12T01:57:54.343+0000] {processor.py:183} INFO - Processing /home/airflow/.local/lib/python3.12/site-packages/airflow/example_dags/example_latest_only.py took 0.032 seconds
[2024-05-12T01:58:24.828+0000] {processor.py:161} INFO - Started process (PID=708) to work on /home/airflow/.local/lib/python3.12/site-packages/airflow/example_dags/example_latest_only.py
[2024-05-12T01:58:24.828+0000] {processor.py:830} INFO - Processing file /home/airflow/.local/lib/python3.12/site-packages/airflow/example_dags/example_latest_only.py for tasks to queue
[2024-05-12T01:58:24.829+0000] {logging_mixin.py:188} INFO - [2024-05-12T01:58:24.829+0000] {dagbag.py:545} INFO - Filling up the DagBag from /home/airflow/.local/lib/python3.12/site-packages/airflow/example_dags/example_latest_only.py
[2024-05-12T01:58:24.832+0000] {processor.py:840} INFO - DAG(s) 'latest_only' retrieved from /home/airflow/.local/lib/python3.12/site-packages/airflow/example_dags/example_latest_only.py
[2024-05-12T01:58:24.840+0000] {logging_mixin.py:188} INFO - [2024-05-12T01:58:24.840+0000] {dag.py:3096} INFO - Sync 1 DAGs
[2024-05-12T01:58:24.849+0000] {logging_mixin.py:188} INFO - [2024-05-12T01:58:24.849+0000] {dag.py:3954} INFO - Setting next_dagrun for latest_only to 2024-05-11 20:00:00+00:00, run_after=2024-05-12 00:00:00+00:00
[2024-05-12T01:58:24.856+0000] {processor.py:183} INFO - Processing /home/airflow/.local/lib/python3.12/site-packages/airflow/example_dags/example_latest_only.py took 0.031 seconds
[2024-05-12T01:58:55.546+0000] {processor.py:161} INFO - Started process (PID=767) to work on /home/airflow/.local/lib/python3.12/site-packages/airflow/example_dags/example_latest_only.py
[2024-05-12T01:58:55.547+0000] {processor.py:830} INFO - Processing file /home/airflow/.local/lib/python3.12/site-packages/airflow/example_dags/example_latest_only.py for tasks to queue
[2024-05-12T01:58:55.548+0000] {logging_mixin.py:188} INFO - [2024-05-12T01:58:55.548+0000] {dagbag.py:545} INFO - Filling up the DagBag from /home/airflow/.local/lib/python3.12/site-packages/airflow/example_dags/example_latest_only.py
[2024-05-12T01:58:55.551+0000] {processor.py:840} INFO - DAG(s) 'latest_only' retrieved from /home/airflow/.local/lib/python3.12/site-packages/airflow/example_dags/example_latest_only.py
[2024-05-12T01:58:55.561+0000] {logging_mixin.py:188} INFO - [2024-05-12T01:58:55.561+0000] {dag.py:3096} INFO - Sync 1 DAGs
[2024-05-12T01:58:55.570+0000] {logging_mixin.py:188} INFO - [2024-05-12T01:58:55.570+0000] {dag.py:3954} INFO - Setting next_dagrun for latest_only to 2024-05-11 20:00:00+00:00, run_after=2024-05-12 00:00:00+00:00
[2024-05-12T01:58:55.578+0000] {processor.py:183} INFO - Processing /home/airflow/.local/lib/python3.12/site-packages/airflow/example_dags/example_latest_only.py took 0.034 seconds
[2024-05-12T01:59:26.275+0000] {processor.py:161} INFO - Started process (PID=826) to work on /home/airflow/.local/lib/python3.12/site-packages/airflow/example_dags/example_latest_only.py
[2024-05-12T01:59:26.275+0000] {processor.py:830} INFO - Processing file /home/airflow/.local/lib/python3.12/site-packages/airflow/example_dags/example_latest_only.py for tasks to queue
[2024-05-12T01:59:26.277+0000] {logging_mixin.py:188} INFO - [2024-05-12T01:59:26.276+0000] {dagbag.py:545} INFO - Filling up the DagBag from /home/airflow/.local/lib/python3.12/site-packages/airflow/example_dags/example_latest_only.py
[2024-05-12T01:59:26.279+0000] {processor.py:840} INFO - DAG(s) 'latest_only' retrieved from /home/airflow/.local/lib/python3.12/site-packages/airflow/example_dags/example_latest_only.py
[2024-05-12T01:59:26.291+0000] {logging_mixin.py:188} INFO - [2024-05-12T01:59:26.291+0000] {dag.py:3096} INFO - Sync 1 DAGs
[2024-05-12T01:59:26.301+0000] {logging_mixin.py:188} INFO - [2024-05-12T01:59:26.301+0000] {dag.py:3954} INFO - Setting next_dagrun for latest_only to 2024-05-11 20:00:00+00:00, run_after=2024-05-12 00:00:00+00:00
[2024-05-12T01:59:26.311+0000] {processor.py:183} INFO - Processing /home/airflow/.local/lib/python3.12/site-packages/airflow/example_dags/example_latest_only.py took 0.039 seconds
