[2024-05-12T01:52:48.643+0000] {processor.py:161} INFO - Started process (PID=70) to work on /home/airflow/.local/lib/python3.12/site-packages/airflow/example_dags/example_xcomargs.py
[2024-05-12T01:52:48.644+0000] {processor.py:830} INFO - Processing file /home/airflow/.local/lib/python3.12/site-packages/airflow/example_dags/example_xcomargs.py for tasks to queue
[2024-05-12T01:52:48.645+0000] {logging_mixin.py:188} INFO - [2024-05-12T01:52:48.645+0000] {dagbag.py:545} INFO - Filling up the DagBag from /home/airflow/.local/lib/python3.12/site-packages/airflow/example_dags/example_xcomargs.py
[2024-05-12T01:52:48.651+0000] {processor.py:840} INFO - DAG(s) 'example_xcom_args', 'example_xcom_args_with_operators' retrieved from /home/airflow/.local/lib/python3.12/site-packages/airflow/example_dags/example_xcomargs.py
[2024-05-12T01:52:48.657+0000] {logging_mixin.py:188} INFO - [2024-05-12T01:52:48.657+0000] {dag.py:3096} INFO - Sync 2 DAGs
[2024-05-12T01:52:48.666+0000] {logging_mixin.py:188} INFO - [2024-05-12T01:52:48.666+0000] {dag.py:3954} INFO - Setting next_dagrun for example_xcom_args to None, run_after=None
[2024-05-12T01:52:48.668+0000] {logging_mixin.py:188} INFO - [2024-05-12T01:52:48.668+0000] {dag.py:3954} INFO - Setting next_dagrun for example_xcom_args_with_operators to None, run_after=None
[2024-05-12T01:52:48.677+0000] {processor.py:183} INFO - Processing /home/airflow/.local/lib/python3.12/site-packages/airflow/example_dags/example_xcomargs.py took 0.039 seconds
[2024-05-12T01:53:19.131+0000] {processor.py:161} INFO - Started process (PID=128) to work on /home/airflow/.local/lib/python3.12/site-packages/airflow/example_dags/example_xcomargs.py
[2024-05-12T01:53:19.132+0000] {processor.py:830} INFO - Processing file /home/airflow/.local/lib/python3.12/site-packages/airflow/example_dags/example_xcomargs.py for tasks to queue
[2024-05-12T01:53:19.132+0000] {logging_mixin.py:188} INFO - [2024-05-12T01:53:19.132+0000] {dagbag.py:545} INFO - Filling up the DagBag from /home/airflow/.local/lib/python3.12/site-packages/airflow/example_dags/example_xcomargs.py
[2024-05-12T01:53:19.136+0000] {processor.py:840} INFO - DAG(s) 'example_xcom_args_with_operators', 'example_xcom_args' retrieved from /home/airflow/.local/lib/python3.12/site-packages/airflow/example_dags/example_xcomargs.py
[2024-05-12T01:53:19.179+0000] {logging_mixin.py:188} INFO - [2024-05-12T01:53:19.179+0000] {dag.py:3096} INFO - Sync 2 DAGs
[2024-05-12T01:53:19.183+0000] {logging_mixin.py:188} INFO - [2024-05-12T01:53:19.183+0000] {dag.py:3954} INFO - Setting next_dagrun for example_xcom_args to None, run_after=None
[2024-05-12T01:53:19.184+0000] {logging_mixin.py:188} INFO - [2024-05-12T01:53:19.184+0000] {dag.py:3954} INFO - Setting next_dagrun for example_xcom_args_with_operators to None, run_after=None
[2024-05-12T01:53:19.191+0000] {processor.py:183} INFO - Processing /home/airflow/.local/lib/python3.12/site-packages/airflow/example_dags/example_xcomargs.py took 0.062 seconds
[2024-05-12T01:53:49.983+0000] {processor.py:161} INFO - Started process (PID=186) to work on /home/airflow/.local/lib/python3.12/site-packages/airflow/example_dags/example_xcomargs.py
[2024-05-12T01:53:49.985+0000] {processor.py:830} INFO - Processing file /home/airflow/.local/lib/python3.12/site-packages/airflow/example_dags/example_xcomargs.py for tasks to queue
[2024-05-12T01:53:49.986+0000] {logging_mixin.py:188} INFO - [2024-05-12T01:53:49.986+0000] {dagbag.py:545} INFO - Filling up the DagBag from /home/airflow/.local/lib/python3.12/site-packages/airflow/example_dags/example_xcomargs.py
[2024-05-12T01:53:49.990+0000] {processor.py:840} INFO - DAG(s) 'example_xcom_args', 'example_xcom_args_with_operators' retrieved from /home/airflow/.local/lib/python3.12/site-packages/airflow/example_dags/example_xcomargs.py
[2024-05-12T01:53:50.012+0000] {logging_mixin.py:188} INFO - [2024-05-12T01:53:50.012+0000] {dag.py:3096} INFO - Sync 2 DAGs
[2024-05-12T01:53:50.018+0000] {logging_mixin.py:188} INFO - [2024-05-12T01:53:50.018+0000] {dag.py:3954} INFO - Setting next_dagrun for example_xcom_args to None, run_after=None
[2024-05-12T01:53:50.020+0000] {logging_mixin.py:188} INFO - [2024-05-12T01:53:50.020+0000] {dag.py:3954} INFO - Setting next_dagrun for example_xcom_args_with_operators to None, run_after=None
[2024-05-12T01:53:50.027+0000] {processor.py:183} INFO - Processing /home/airflow/.local/lib/python3.12/site-packages/airflow/example_dags/example_xcomargs.py took 0.047 seconds
[2024-05-12T01:54:20.607+0000] {processor.py:161} INFO - Started process (PID=244) to work on /home/airflow/.local/lib/python3.12/site-packages/airflow/example_dags/example_xcomargs.py
[2024-05-12T01:54:20.607+0000] {processor.py:830} INFO - Processing file /home/airflow/.local/lib/python3.12/site-packages/airflow/example_dags/example_xcomargs.py for tasks to queue
[2024-05-12T01:54:20.608+0000] {logging_mixin.py:188} INFO - [2024-05-12T01:54:20.608+0000] {dagbag.py:545} INFO - Filling up the DagBag from /home/airflow/.local/lib/python3.12/site-packages/airflow/example_dags/example_xcomargs.py
[2024-05-12T01:54:20.612+0000] {processor.py:840} INFO - DAG(s) 'example_xcom_args', 'example_xcom_args_with_operators' retrieved from /home/airflow/.local/lib/python3.12/site-packages/airflow/example_dags/example_xcomargs.py
[2024-05-12T01:54:20.629+0000] {logging_mixin.py:188} INFO - [2024-05-12T01:54:20.629+0000] {dag.py:3096} INFO - Sync 2 DAGs
[2024-05-12T01:54:20.635+0000] {logging_mixin.py:188} INFO - [2024-05-12T01:54:20.635+0000] {dag.py:3954} INFO - Setting next_dagrun for example_xcom_args to None, run_after=None
[2024-05-12T01:54:20.637+0000] {logging_mixin.py:188} INFO - [2024-05-12T01:54:20.637+0000] {dag.py:3954} INFO - Setting next_dagrun for example_xcom_args_with_operators to None, run_after=None
[2024-05-12T01:54:20.643+0000] {processor.py:183} INFO - Processing /home/airflow/.local/lib/python3.12/site-packages/airflow/example_dags/example_xcomargs.py took 0.039 seconds
[2024-05-12T01:54:51.141+0000] {processor.py:161} INFO - Started process (PID=302) to work on /home/airflow/.local/lib/python3.12/site-packages/airflow/example_dags/example_xcomargs.py
[2024-05-12T01:54:51.141+0000] {processor.py:830} INFO - Processing file /home/airflow/.local/lib/python3.12/site-packages/airflow/example_dags/example_xcomargs.py for tasks to queue
[2024-05-12T01:54:51.142+0000] {logging_mixin.py:188} INFO - [2024-05-12T01:54:51.142+0000] {dagbag.py:545} INFO - Filling up the DagBag from /home/airflow/.local/lib/python3.12/site-packages/airflow/example_dags/example_xcomargs.py
[2024-05-12T01:54:51.146+0000] {processor.py:840} INFO - DAG(s) 'example_xcom_args_with_operators', 'example_xcom_args' retrieved from /home/airflow/.local/lib/python3.12/site-packages/airflow/example_dags/example_xcomargs.py
[2024-05-12T01:54:51.155+0000] {logging_mixin.py:188} INFO - [2024-05-12T01:54:51.155+0000] {dag.py:3096} INFO - Sync 2 DAGs
[2024-05-12T01:54:51.161+0000] {logging_mixin.py:188} INFO - [2024-05-12T01:54:51.161+0000] {dag.py:3954} INFO - Setting next_dagrun for example_xcom_args to None, run_after=None
[2024-05-12T01:54:51.162+0000] {logging_mixin.py:188} INFO - [2024-05-12T01:54:51.162+0000] {dag.py:3954} INFO - Setting next_dagrun for example_xcom_args_with_operators to None, run_after=None
[2024-05-12T01:54:51.168+0000] {processor.py:183} INFO - Processing /home/airflow/.local/lib/python3.12/site-packages/airflow/example_dags/example_xcomargs.py took 0.030 seconds
[2024-05-12T01:55:21.628+0000] {processor.py:161} INFO - Started process (PID=360) to work on /home/airflow/.local/lib/python3.12/site-packages/airflow/example_dags/example_xcomargs.py
[2024-05-12T01:55:21.628+0000] {processor.py:830} INFO - Processing file /home/airflow/.local/lib/python3.12/site-packages/airflow/example_dags/example_xcomargs.py for tasks to queue
[2024-05-12T01:55:21.629+0000] {logging_mixin.py:188} INFO - [2024-05-12T01:55:21.629+0000] {dagbag.py:545} INFO - Filling up the DagBag from /home/airflow/.local/lib/python3.12/site-packages/airflow/example_dags/example_xcomargs.py
[2024-05-12T01:55:21.632+0000] {processor.py:840} INFO - DAG(s) 'example_xcom_args', 'example_xcom_args_with_operators' retrieved from /home/airflow/.local/lib/python3.12/site-packages/airflow/example_dags/example_xcomargs.py
[2024-05-12T01:55:21.642+0000] {logging_mixin.py:188} INFO - [2024-05-12T01:55:21.642+0000] {dag.py:3096} INFO - Sync 2 DAGs
[2024-05-12T01:55:21.647+0000] {logging_mixin.py:188} INFO - [2024-05-12T01:55:21.647+0000] {dag.py:3954} INFO - Setting next_dagrun for example_xcom_args to None, run_after=None
[2024-05-12T01:55:21.649+0000] {logging_mixin.py:188} INFO - [2024-05-12T01:55:21.649+0000] {dag.py:3954} INFO - Setting next_dagrun for example_xcom_args_with_operators to None, run_after=None
[2024-05-12T01:55:21.655+0000] {processor.py:183} INFO - Processing /home/airflow/.local/lib/python3.12/site-packages/airflow/example_dags/example_xcomargs.py took 0.030 seconds
[2024-05-12T01:55:52.205+0000] {processor.py:161} INFO - Started process (PID=418) to work on /home/airflow/.local/lib/python3.12/site-packages/airflow/example_dags/example_xcomargs.py
[2024-05-12T01:55:52.205+0000] {processor.py:830} INFO - Processing file /home/airflow/.local/lib/python3.12/site-packages/airflow/example_dags/example_xcomargs.py for tasks to queue
[2024-05-12T01:55:52.206+0000] {logging_mixin.py:188} INFO - [2024-05-12T01:55:52.206+0000] {dagbag.py:545} INFO - Filling up the DagBag from /home/airflow/.local/lib/python3.12/site-packages/airflow/example_dags/example_xcomargs.py
[2024-05-12T01:55:52.210+0000] {processor.py:840} INFO - DAG(s) 'example_xcom_args', 'example_xcom_args_with_operators' retrieved from /home/airflow/.local/lib/python3.12/site-packages/airflow/example_dags/example_xcomargs.py
[2024-05-12T01:55:52.219+0000] {logging_mixin.py:188} INFO - [2024-05-12T01:55:52.219+0000] {dag.py:3096} INFO - Sync 2 DAGs
[2024-05-12T01:55:52.224+0000] {logging_mixin.py:188} INFO - [2024-05-12T01:55:52.224+0000] {dag.py:3954} INFO - Setting next_dagrun for example_xcom_args to None, run_after=None
[2024-05-12T01:55:52.226+0000] {logging_mixin.py:188} INFO - [2024-05-12T01:55:52.226+0000] {dag.py:3954} INFO - Setting next_dagrun for example_xcom_args_with_operators to None, run_after=None
[2024-05-12T01:55:52.232+0000] {processor.py:183} INFO - Processing /home/airflow/.local/lib/python3.12/site-packages/airflow/example_dags/example_xcomargs.py took 0.030 seconds
[2024-05-12T01:56:22.778+0000] {processor.py:161} INFO - Started process (PID=476) to work on /home/airflow/.local/lib/python3.12/site-packages/airflow/example_dags/example_xcomargs.py
[2024-05-12T01:56:22.779+0000] {processor.py:830} INFO - Processing file /home/airflow/.local/lib/python3.12/site-packages/airflow/example_dags/example_xcomargs.py for tasks to queue
[2024-05-12T01:56:22.780+0000] {logging_mixin.py:188} INFO - [2024-05-12T01:56:22.780+0000] {dagbag.py:545} INFO - Filling up the DagBag from /home/airflow/.local/lib/python3.12/site-packages/airflow/example_dags/example_xcomargs.py
[2024-05-12T01:56:22.784+0000] {processor.py:840} INFO - DAG(s) 'example_xcom_args', 'example_xcom_args_with_operators' retrieved from /home/airflow/.local/lib/python3.12/site-packages/airflow/example_dags/example_xcomargs.py
[2024-05-12T01:56:22.794+0000] {logging_mixin.py:188} INFO - [2024-05-12T01:56:22.794+0000] {dag.py:3096} INFO - Sync 2 DAGs
[2024-05-12T01:56:22.799+0000] {logging_mixin.py:188} INFO - [2024-05-12T01:56:22.799+0000] {dag.py:3954} INFO - Setting next_dagrun for example_xcom_args to None, run_after=None
[2024-05-12T01:56:22.801+0000] {logging_mixin.py:188} INFO - [2024-05-12T01:56:22.801+0000] {dag.py:3954} INFO - Setting next_dagrun for example_xcom_args_with_operators to None, run_after=None
[2024-05-12T01:56:22.807+0000] {processor.py:183} INFO - Processing /home/airflow/.local/lib/python3.12/site-packages/airflow/example_dags/example_xcomargs.py took 0.031 seconds
[2024-05-12T01:56:53.334+0000] {processor.py:161} INFO - Started process (PID=534) to work on /home/airflow/.local/lib/python3.12/site-packages/airflow/example_dags/example_xcomargs.py
[2024-05-12T01:56:53.334+0000] {processor.py:830} INFO - Processing file /home/airflow/.local/lib/python3.12/site-packages/airflow/example_dags/example_xcomargs.py for tasks to queue
[2024-05-12T01:56:53.335+0000] {logging_mixin.py:188} INFO - [2024-05-12T01:56:53.335+0000] {dagbag.py:545} INFO - Filling up the DagBag from /home/airflow/.local/lib/python3.12/site-packages/airflow/example_dags/example_xcomargs.py
[2024-05-12T01:56:53.338+0000] {processor.py:840} INFO - DAG(s) 'example_xcom_args_with_operators', 'example_xcom_args' retrieved from /home/airflow/.local/lib/python3.12/site-packages/airflow/example_dags/example_xcomargs.py
[2024-05-12T01:56:53.347+0000] {logging_mixin.py:188} INFO - [2024-05-12T01:56:53.347+0000] {dag.py:3096} INFO - Sync 2 DAGs
[2024-05-12T01:56:53.352+0000] {logging_mixin.py:188} INFO - [2024-05-12T01:56:53.352+0000] {dag.py:3954} INFO - Setting next_dagrun for example_xcom_args to None, run_after=None
[2024-05-12T01:56:53.353+0000] {logging_mixin.py:188} INFO - [2024-05-12T01:56:53.353+0000] {dag.py:3954} INFO - Setting next_dagrun for example_xcom_args_with_operators to None, run_after=None
[2024-05-12T01:56:53.359+0000] {processor.py:183} INFO - Processing /home/airflow/.local/lib/python3.12/site-packages/airflow/example_dags/example_xcomargs.py took 0.028 seconds
[2024-05-12T01:57:23.840+0000] {processor.py:161} INFO - Started process (PID=592) to work on /home/airflow/.local/lib/python3.12/site-packages/airflow/example_dags/example_xcomargs.py
[2024-05-12T01:57:23.843+0000] {processor.py:830} INFO - Processing file /home/airflow/.local/lib/python3.12/site-packages/airflow/example_dags/example_xcomargs.py for tasks to queue
[2024-05-12T01:57:23.844+0000] {logging_mixin.py:188} INFO - [2024-05-12T01:57:23.843+0000] {dagbag.py:545} INFO - Filling up the DagBag from /home/airflow/.local/lib/python3.12/site-packages/airflow/example_dags/example_xcomargs.py
[2024-05-12T01:57:23.847+0000] {processor.py:840} INFO - DAG(s) 'example_xcom_args', 'example_xcom_args_with_operators' retrieved from /home/airflow/.local/lib/python3.12/site-packages/airflow/example_dags/example_xcomargs.py
[2024-05-12T01:57:23.858+0000] {logging_mixin.py:188} INFO - [2024-05-12T01:57:23.857+0000] {dag.py:3096} INFO - Sync 2 DAGs
[2024-05-12T01:57:23.863+0000] {logging_mixin.py:188} INFO - [2024-05-12T01:57:23.863+0000] {dag.py:3954} INFO - Setting next_dagrun for example_xcom_args to None, run_after=None
[2024-05-12T01:57:23.865+0000] {logging_mixin.py:188} INFO - [2024-05-12T01:57:23.865+0000] {dag.py:3954} INFO - Setting next_dagrun for example_xcom_args_with_operators to None, run_after=None
[2024-05-12T01:57:23.871+0000] {processor.py:183} INFO - Processing /home/airflow/.local/lib/python3.12/site-packages/airflow/example_dags/example_xcomargs.py took 0.034 seconds
[2024-05-12T01:57:54.356+0000] {processor.py:161} INFO - Started process (PID=651) to work on /home/airflow/.local/lib/python3.12/site-packages/airflow/example_dags/example_xcomargs.py
[2024-05-12T01:57:54.357+0000] {processor.py:830} INFO - Processing file /home/airflow/.local/lib/python3.12/site-packages/airflow/example_dags/example_xcomargs.py for tasks to queue
[2024-05-12T01:57:54.358+0000] {logging_mixin.py:188} INFO - [2024-05-12T01:57:54.357+0000] {dagbag.py:545} INFO - Filling up the DagBag from /home/airflow/.local/lib/python3.12/site-packages/airflow/example_dags/example_xcomargs.py
[2024-05-12T01:57:54.362+0000] {processor.py:840} INFO - DAG(s) 'example_xcom_args_with_operators', 'example_xcom_args' retrieved from /home/airflow/.local/lib/python3.12/site-packages/airflow/example_dags/example_xcomargs.py
[2024-05-12T01:57:54.377+0000] {logging_mixin.py:188} INFO - [2024-05-12T01:57:54.377+0000] {dag.py:3096} INFO - Sync 2 DAGs
[2024-05-12T01:57:54.382+0000] {logging_mixin.py:188} INFO - [2024-05-12T01:57:54.382+0000] {dag.py:3954} INFO - Setting next_dagrun for example_xcom_args to None, run_after=None
[2024-05-12T01:57:54.384+0000] {logging_mixin.py:188} INFO - [2024-05-12T01:57:54.384+0000] {dag.py:3954} INFO - Setting next_dagrun for example_xcom_args_with_operators to None, run_after=None
[2024-05-12T01:57:54.391+0000] {processor.py:183} INFO - Processing /home/airflow/.local/lib/python3.12/site-packages/airflow/example_dags/example_xcomargs.py took 0.038 seconds
[2024-05-12T01:58:24.906+0000] {processor.py:161} INFO - Started process (PID=710) to work on /home/airflow/.local/lib/python3.12/site-packages/airflow/example_dags/example_xcomargs.py
[2024-05-12T01:58:24.906+0000] {processor.py:830} INFO - Processing file /home/airflow/.local/lib/python3.12/site-packages/airflow/example_dags/example_xcomargs.py for tasks to queue
[2024-05-12T01:58:24.907+0000] {logging_mixin.py:188} INFO - [2024-05-12T01:58:24.907+0000] {dagbag.py:545} INFO - Filling up the DagBag from /home/airflow/.local/lib/python3.12/site-packages/airflow/example_dags/example_xcomargs.py
[2024-05-12T01:58:24.911+0000] {processor.py:840} INFO - DAG(s) 'example_xcom_args_with_operators', 'example_xcom_args' retrieved from /home/airflow/.local/lib/python3.12/site-packages/airflow/example_dags/example_xcomargs.py
[2024-05-12T01:58:24.922+0000] {logging_mixin.py:188} INFO - [2024-05-12T01:58:24.922+0000] {dag.py:3096} INFO - Sync 2 DAGs
[2024-05-12T01:58:24.927+0000] {logging_mixin.py:188} INFO - [2024-05-12T01:58:24.927+0000] {dag.py:3954} INFO - Setting next_dagrun for example_xcom_args to None, run_after=None
[2024-05-12T01:58:24.929+0000] {logging_mixin.py:188} INFO - [2024-05-12T01:58:24.929+0000] {dag.py:3954} INFO - Setting next_dagrun for example_xcom_args_with_operators to None, run_after=None
[2024-05-12T01:58:24.936+0000] {processor.py:183} INFO - Processing /home/airflow/.local/lib/python3.12/site-packages/airflow/example_dags/example_xcomargs.py took 0.033 seconds
[2024-05-12T01:58:55.627+0000] {processor.py:161} INFO - Started process (PID=769) to work on /home/airflow/.local/lib/python3.12/site-packages/airflow/example_dags/example_xcomargs.py
[2024-05-12T01:58:55.628+0000] {processor.py:830} INFO - Processing file /home/airflow/.local/lib/python3.12/site-packages/airflow/example_dags/example_xcomargs.py for tasks to queue
[2024-05-12T01:58:55.629+0000] {logging_mixin.py:188} INFO - [2024-05-12T01:58:55.628+0000] {dagbag.py:545} INFO - Filling up the DagBag from /home/airflow/.local/lib/python3.12/site-packages/airflow/example_dags/example_xcomargs.py
[2024-05-12T01:58:55.633+0000] {processor.py:840} INFO - DAG(s) 'example_xcom_args_with_operators', 'example_xcom_args' retrieved from /home/airflow/.local/lib/python3.12/site-packages/airflow/example_dags/example_xcomargs.py
[2024-05-12T01:58:55.643+0000] {logging_mixin.py:188} INFO - [2024-05-12T01:58:55.643+0000] {dag.py:3096} INFO - Sync 2 DAGs
[2024-05-12T01:58:55.648+0000] {logging_mixin.py:188} INFO - [2024-05-12T01:58:55.648+0000] {dag.py:3954} INFO - Setting next_dagrun for example_xcom_args to None, run_after=None
[2024-05-12T01:58:55.649+0000] {logging_mixin.py:188} INFO - [2024-05-12T01:58:55.649+0000] {dag.py:3954} INFO - Setting next_dagrun for example_xcom_args_with_operators to None, run_after=None
[2024-05-12T01:58:55.656+0000] {processor.py:183} INFO - Processing /home/airflow/.local/lib/python3.12/site-packages/airflow/example_dags/example_xcomargs.py took 0.032 seconds
[2024-05-12T01:59:26.325+0000] {processor.py:161} INFO - Started process (PID=828) to work on /home/airflow/.local/lib/python3.12/site-packages/airflow/example_dags/example_xcomargs.py
[2024-05-12T01:59:26.326+0000] {processor.py:830} INFO - Processing file /home/airflow/.local/lib/python3.12/site-packages/airflow/example_dags/example_xcomargs.py for tasks to queue
[2024-05-12T01:59:26.328+0000] {logging_mixin.py:188} INFO - [2024-05-12T01:59:26.328+0000] {dagbag.py:545} INFO - Filling up the DagBag from /home/airflow/.local/lib/python3.12/site-packages/airflow/example_dags/example_xcomargs.py
[2024-05-12T01:59:26.332+0000] {processor.py:840} INFO - DAG(s) 'example_xcom_args_with_operators', 'example_xcom_args' retrieved from /home/airflow/.local/lib/python3.12/site-packages/airflow/example_dags/example_xcomargs.py
[2024-05-12T01:59:26.344+0000] {logging_mixin.py:188} INFO - [2024-05-12T01:59:26.344+0000] {dag.py:3096} INFO - Sync 2 DAGs
[2024-05-12T01:59:26.350+0000] {logging_mixin.py:188} INFO - [2024-05-12T01:59:26.350+0000] {dag.py:3954} INFO - Setting next_dagrun for example_xcom_args to None, run_after=None
[2024-05-12T01:59:26.352+0000] {logging_mixin.py:188} INFO - [2024-05-12T01:59:26.352+0000] {dag.py:3954} INFO - Setting next_dagrun for example_xcom_args_with_operators to None, run_after=None
[2024-05-12T01:59:26.359+0000] {processor.py:183} INFO - Processing /home/airflow/.local/lib/python3.12/site-packages/airflow/example_dags/example_xcomargs.py took 0.037 seconds
