[2024-05-12T01:52:47.538+0000] {processor.py:161} INFO - Started process (PID=41) to work on /home/airflow/.local/lib/python3.12/site-packages/airflow/example_dags/example_setup_teardown.py
[2024-05-12T01:52:47.540+0000] {processor.py:830} INFO - Processing file /home/airflow/.local/lib/python3.12/site-packages/airflow/example_dags/example_setup_teardown.py for tasks to queue
[2024-05-12T01:52:47.542+0000] {logging_mixin.py:188} INFO - [2024-05-12T01:52:47.542+0000] {dagbag.py:545} INFO - Filling up the DagBag from /home/airflow/.local/lib/python3.12/site-packages/airflow/example_dags/example_setup_teardown.py
[2024-05-12T01:52:47.546+0000] {processor.py:840} INFO - DAG(s) 'example_setup_teardown' retrieved from /home/airflow/.local/lib/python3.12/site-packages/airflow/example_dags/example_setup_teardown.py
[2024-05-12T01:52:47.554+0000] {logging_mixin.py:188} INFO - [2024-05-12T01:52:47.553+0000] {dag.py:3096} INFO - Sync 1 DAGs
[2024-05-12T01:52:47.565+0000] {logging_mixin.py:188} INFO - [2024-05-12T01:52:47.565+0000] {dag.py:3954} INFO - Setting next_dagrun for example_setup_teardown to 2024-05-11 00:00:00+00:00, run_after=2024-05-12 00:00:00+00:00
[2024-05-12T01:52:47.578+0000] {processor.py:183} INFO - Processing /home/airflow/.local/lib/python3.12/site-packages/airflow/example_dags/example_setup_teardown.py took 0.043 seconds
[2024-05-12T01:53:17.841+0000] {processor.py:161} INFO - Started process (PID=99) to work on /home/airflow/.local/lib/python3.12/site-packages/airflow/example_dags/example_setup_teardown.py
[2024-05-12T01:53:17.842+0000] {processor.py:830} INFO - Processing file /home/airflow/.local/lib/python3.12/site-packages/airflow/example_dags/example_setup_teardown.py for tasks to queue
[2024-05-12T01:53:17.842+0000] {logging_mixin.py:188} INFO - [2024-05-12T01:53:17.842+0000] {dagbag.py:545} INFO - Filling up the DagBag from /home/airflow/.local/lib/python3.12/site-packages/airflow/example_dags/example_setup_teardown.py
[2024-05-12T01:53:17.845+0000] {processor.py:840} INFO - DAG(s) 'example_setup_teardown' retrieved from /home/airflow/.local/lib/python3.12/site-packages/airflow/example_dags/example_setup_teardown.py
[2024-05-12T01:53:17.882+0000] {logging_mixin.py:188} INFO - [2024-05-12T01:53:17.882+0000] {dag.py:3096} INFO - Sync 1 DAGs
[2024-05-12T01:53:17.889+0000] {logging_mixin.py:188} INFO - [2024-05-12T01:53:17.889+0000] {dag.py:3954} INFO - Setting next_dagrun for example_setup_teardown to 2024-05-11 00:00:00+00:00, run_after=2024-05-12 00:00:00+00:00
[2024-05-12T01:53:17.896+0000] {processor.py:183} INFO - Processing /home/airflow/.local/lib/python3.12/site-packages/airflow/example_dags/example_setup_teardown.py took 0.058 seconds
[2024-05-12T01:53:48.055+0000] {processor.py:161} INFO - Started process (PID=157) to work on /home/airflow/.local/lib/python3.12/site-packages/airflow/example_dags/example_setup_teardown.py
[2024-05-12T01:53:48.056+0000] {processor.py:830} INFO - Processing file /home/airflow/.local/lib/python3.12/site-packages/airflow/example_dags/example_setup_teardown.py for tasks to queue
[2024-05-12T01:53:48.057+0000] {logging_mixin.py:188} INFO - [2024-05-12T01:53:48.056+0000] {dagbag.py:545} INFO - Filling up the DagBag from /home/airflow/.local/lib/python3.12/site-packages/airflow/example_dags/example_setup_teardown.py
[2024-05-12T01:53:48.060+0000] {processor.py:840} INFO - DAG(s) 'example_setup_teardown' retrieved from /home/airflow/.local/lib/python3.12/site-packages/airflow/example_dags/example_setup_teardown.py
[2024-05-12T01:53:48.068+0000] {logging_mixin.py:188} INFO - [2024-05-12T01:53:48.068+0000] {dag.py:3096} INFO - Sync 1 DAGs
[2024-05-12T01:53:48.077+0000] {logging_mixin.py:188} INFO - [2024-05-12T01:53:48.077+0000] {dag.py:3954} INFO - Setting next_dagrun for example_setup_teardown to 2024-05-11 00:00:00+00:00, run_after=2024-05-12 00:00:00+00:00
[2024-05-12T01:53:48.084+0000] {processor.py:183} INFO - Processing /home/airflow/.local/lib/python3.12/site-packages/airflow/example_dags/example_setup_teardown.py took 0.031 seconds
[2024-05-12T01:54:18.893+0000] {processor.py:161} INFO - Started process (PID=215) to work on /home/airflow/.local/lib/python3.12/site-packages/airflow/example_dags/example_setup_teardown.py
[2024-05-12T01:54:18.893+0000] {processor.py:830} INFO - Processing file /home/airflow/.local/lib/python3.12/site-packages/airflow/example_dags/example_setup_teardown.py for tasks to queue
[2024-05-12T01:54:18.894+0000] {logging_mixin.py:188} INFO - [2024-05-12T01:54:18.894+0000] {dagbag.py:545} INFO - Filling up the DagBag from /home/airflow/.local/lib/python3.12/site-packages/airflow/example_dags/example_setup_teardown.py
[2024-05-12T01:54:18.898+0000] {processor.py:840} INFO - DAG(s) 'example_setup_teardown' retrieved from /home/airflow/.local/lib/python3.12/site-packages/airflow/example_dags/example_setup_teardown.py
[2024-05-12T01:54:18.908+0000] {logging_mixin.py:188} INFO - [2024-05-12T01:54:18.908+0000] {dag.py:3096} INFO - Sync 1 DAGs
[2024-05-12T01:54:18.917+0000] {logging_mixin.py:188} INFO - [2024-05-12T01:54:18.916+0000] {dag.py:3954} INFO - Setting next_dagrun for example_setup_teardown to 2024-05-11 00:00:00+00:00, run_after=2024-05-12 00:00:00+00:00
[2024-05-12T01:54:18.924+0000] {processor.py:183} INFO - Processing /home/airflow/.local/lib/python3.12/site-packages/airflow/example_dags/example_setup_teardown.py took 0.034 seconds
[2024-05-12T01:54:49.441+0000] {processor.py:161} INFO - Started process (PID=273) to work on /home/airflow/.local/lib/python3.12/site-packages/airflow/example_dags/example_setup_teardown.py
[2024-05-12T01:54:49.442+0000] {processor.py:830} INFO - Processing file /home/airflow/.local/lib/python3.12/site-packages/airflow/example_dags/example_setup_teardown.py for tasks to queue
[2024-05-12T01:54:49.442+0000] {logging_mixin.py:188} INFO - [2024-05-12T01:54:49.442+0000] {dagbag.py:545} INFO - Filling up the DagBag from /home/airflow/.local/lib/python3.12/site-packages/airflow/example_dags/example_setup_teardown.py
[2024-05-12T01:54:49.445+0000] {processor.py:840} INFO - DAG(s) 'example_setup_teardown' retrieved from /home/airflow/.local/lib/python3.12/site-packages/airflow/example_dags/example_setup_teardown.py
[2024-05-12T01:54:49.454+0000] {logging_mixin.py:188} INFO - [2024-05-12T01:54:49.454+0000] {dag.py:3096} INFO - Sync 1 DAGs
[2024-05-12T01:54:49.463+0000] {logging_mixin.py:188} INFO - [2024-05-12T01:54:49.463+0000] {dag.py:3954} INFO - Setting next_dagrun for example_setup_teardown to 2024-05-11 00:00:00+00:00, run_after=2024-05-12 00:00:00+00:00
[2024-05-12T01:54:49.470+0000] {processor.py:183} INFO - Processing /home/airflow/.local/lib/python3.12/site-packages/airflow/example_dags/example_setup_teardown.py took 0.031 seconds
[2024-05-12T01:55:19.931+0000] {processor.py:161} INFO - Started process (PID=331) to work on /home/airflow/.local/lib/python3.12/site-packages/airflow/example_dags/example_setup_teardown.py
[2024-05-12T01:55:19.932+0000] {processor.py:830} INFO - Processing file /home/airflow/.local/lib/python3.12/site-packages/airflow/example_dags/example_setup_teardown.py for tasks to queue
[2024-05-12T01:55:19.933+0000] {logging_mixin.py:188} INFO - [2024-05-12T01:55:19.932+0000] {dagbag.py:545} INFO - Filling up the DagBag from /home/airflow/.local/lib/python3.12/site-packages/airflow/example_dags/example_setup_teardown.py
[2024-05-12T01:55:19.936+0000] {processor.py:840} INFO - DAG(s) 'example_setup_teardown' retrieved from /home/airflow/.local/lib/python3.12/site-packages/airflow/example_dags/example_setup_teardown.py
[2024-05-12T01:55:19.944+0000] {logging_mixin.py:188} INFO - [2024-05-12T01:55:19.944+0000] {dag.py:3096} INFO - Sync 1 DAGs
[2024-05-12T01:55:19.953+0000] {logging_mixin.py:188} INFO - [2024-05-12T01:55:19.952+0000] {dag.py:3954} INFO - Setting next_dagrun for example_setup_teardown to 2024-05-11 00:00:00+00:00, run_after=2024-05-12 00:00:00+00:00
[2024-05-12T01:55:19.960+0000] {processor.py:183} INFO - Processing /home/airflow/.local/lib/python3.12/site-packages/airflow/example_dags/example_setup_teardown.py took 0.032 seconds
[2024-05-12T01:55:50.458+0000] {processor.py:161} INFO - Started process (PID=389) to work on /home/airflow/.local/lib/python3.12/site-packages/airflow/example_dags/example_setup_teardown.py
[2024-05-12T01:55:50.458+0000] {processor.py:830} INFO - Processing file /home/airflow/.local/lib/python3.12/site-packages/airflow/example_dags/example_setup_teardown.py for tasks to queue
[2024-05-12T01:55:50.459+0000] {logging_mixin.py:188} INFO - [2024-05-12T01:55:50.459+0000] {dagbag.py:545} INFO - Filling up the DagBag from /home/airflow/.local/lib/python3.12/site-packages/airflow/example_dags/example_setup_teardown.py
[2024-05-12T01:55:50.462+0000] {processor.py:840} INFO - DAG(s) 'example_setup_teardown' retrieved from /home/airflow/.local/lib/python3.12/site-packages/airflow/example_dags/example_setup_teardown.py
[2024-05-12T01:55:50.471+0000] {logging_mixin.py:188} INFO - [2024-05-12T01:55:50.471+0000] {dag.py:3096} INFO - Sync 1 DAGs
[2024-05-12T01:55:50.482+0000] {logging_mixin.py:188} INFO - [2024-05-12T01:55:50.482+0000] {dag.py:3954} INFO - Setting next_dagrun for example_setup_teardown to 2024-05-11 00:00:00+00:00, run_after=2024-05-12 00:00:00+00:00
[2024-05-12T01:55:50.490+0000] {processor.py:183} INFO - Processing /home/airflow/.local/lib/python3.12/site-packages/airflow/example_dags/example_setup_teardown.py took 0.035 seconds
[2024-05-12T01:56:21.014+0000] {processor.py:161} INFO - Started process (PID=447) to work on /home/airflow/.local/lib/python3.12/site-packages/airflow/example_dags/example_setup_teardown.py
[2024-05-12T01:56:21.014+0000] {processor.py:830} INFO - Processing file /home/airflow/.local/lib/python3.12/site-packages/airflow/example_dags/example_setup_teardown.py for tasks to queue
[2024-05-12T01:56:21.015+0000] {logging_mixin.py:188} INFO - [2024-05-12T01:56:21.015+0000] {dagbag.py:545} INFO - Filling up the DagBag from /home/airflow/.local/lib/python3.12/site-packages/airflow/example_dags/example_setup_teardown.py
[2024-05-12T01:56:21.018+0000] {processor.py:840} INFO - DAG(s) 'example_setup_teardown' retrieved from /home/airflow/.local/lib/python3.12/site-packages/airflow/example_dags/example_setup_teardown.py
[2024-05-12T01:56:21.026+0000] {logging_mixin.py:188} INFO - [2024-05-12T01:56:21.026+0000] {dag.py:3096} INFO - Sync 1 DAGs
[2024-05-12T01:56:21.035+0000] {logging_mixin.py:188} INFO - [2024-05-12T01:56:21.035+0000] {dag.py:3954} INFO - Setting next_dagrun for example_setup_teardown to 2024-05-11 00:00:00+00:00, run_after=2024-05-12 00:00:00+00:00
[2024-05-12T01:56:21.042+0000] {processor.py:183} INFO - Processing /home/airflow/.local/lib/python3.12/site-packages/airflow/example_dags/example_setup_teardown.py took 0.031 seconds
[2024-05-12T01:56:51.587+0000] {processor.py:161} INFO - Started process (PID=505) to work on /home/airflow/.local/lib/python3.12/site-packages/airflow/example_dags/example_setup_teardown.py
[2024-05-12T01:56:51.588+0000] {processor.py:830} INFO - Processing file /home/airflow/.local/lib/python3.12/site-packages/airflow/example_dags/example_setup_teardown.py for tasks to queue
[2024-05-12T01:56:51.589+0000] {logging_mixin.py:188} INFO - [2024-05-12T01:56:51.588+0000] {dagbag.py:545} INFO - Filling up the DagBag from /home/airflow/.local/lib/python3.12/site-packages/airflow/example_dags/example_setup_teardown.py
[2024-05-12T01:56:51.591+0000] {processor.py:840} INFO - DAG(s) 'example_setup_teardown' retrieved from /home/airflow/.local/lib/python3.12/site-packages/airflow/example_dags/example_setup_teardown.py
[2024-05-12T01:56:51.600+0000] {logging_mixin.py:188} INFO - [2024-05-12T01:56:51.600+0000] {dag.py:3096} INFO - Sync 1 DAGs
[2024-05-12T01:56:51.608+0000] {logging_mixin.py:188} INFO - [2024-05-12T01:56:51.608+0000] {dag.py:3954} INFO - Setting next_dagrun for example_setup_teardown to 2024-05-11 00:00:00+00:00, run_after=2024-05-12 00:00:00+00:00
[2024-05-12T01:56:51.616+0000] {processor.py:183} INFO - Processing /home/airflow/.local/lib/python3.12/site-packages/airflow/example_dags/example_setup_teardown.py took 0.031 seconds
[2024-05-12T01:57:22.122+0000] {processor.py:161} INFO - Started process (PID=563) to work on /home/airflow/.local/lib/python3.12/site-packages/airflow/example_dags/example_setup_teardown.py
[2024-05-12T01:57:22.123+0000] {processor.py:830} INFO - Processing file /home/airflow/.local/lib/python3.12/site-packages/airflow/example_dags/example_setup_teardown.py for tasks to queue
[2024-05-12T01:57:22.124+0000] {logging_mixin.py:188} INFO - [2024-05-12T01:57:22.124+0000] {dagbag.py:545} INFO - Filling up the DagBag from /home/airflow/.local/lib/python3.12/site-packages/airflow/example_dags/example_setup_teardown.py
[2024-05-12T01:57:22.128+0000] {processor.py:840} INFO - DAG(s) 'example_setup_teardown' retrieved from /home/airflow/.local/lib/python3.12/site-packages/airflow/example_dags/example_setup_teardown.py
[2024-05-12T01:57:22.138+0000] {logging_mixin.py:188} INFO - [2024-05-12T01:57:22.137+0000] {dag.py:3096} INFO - Sync 1 DAGs
[2024-05-12T01:57:22.147+0000] {logging_mixin.py:188} INFO - [2024-05-12T01:57:22.147+0000] {dag.py:3954} INFO - Setting next_dagrun for example_setup_teardown to 2024-05-11 00:00:00+00:00, run_after=2024-05-12 00:00:00+00:00
[2024-05-12T01:57:22.155+0000] {processor.py:183} INFO - Processing /home/airflow/.local/lib/python3.12/site-packages/airflow/example_dags/example_setup_teardown.py took 0.035 seconds
[2024-05-12T01:57:52.599+0000] {processor.py:161} INFO - Started process (PID=622) to work on /home/airflow/.local/lib/python3.12/site-packages/airflow/example_dags/example_setup_teardown.py
[2024-05-12T01:57:52.600+0000] {processor.py:830} INFO - Processing file /home/airflow/.local/lib/python3.12/site-packages/airflow/example_dags/example_setup_teardown.py for tasks to queue
[2024-05-12T01:57:52.601+0000] {logging_mixin.py:188} INFO - [2024-05-12T01:57:52.600+0000] {dagbag.py:545} INFO - Filling up the DagBag from /home/airflow/.local/lib/python3.12/site-packages/airflow/example_dags/example_setup_teardown.py
[2024-05-12T01:57:52.604+0000] {processor.py:840} INFO - DAG(s) 'example_setup_teardown' retrieved from /home/airflow/.local/lib/python3.12/site-packages/airflow/example_dags/example_setup_teardown.py
[2024-05-12T01:57:52.614+0000] {logging_mixin.py:188} INFO - [2024-05-12T01:57:52.614+0000] {dag.py:3096} INFO - Sync 1 DAGs
[2024-05-12T01:57:52.622+0000] {logging_mixin.py:188} INFO - [2024-05-12T01:57:52.622+0000] {dag.py:3954} INFO - Setting next_dagrun for example_setup_teardown to 2024-05-11 00:00:00+00:00, run_after=2024-05-12 00:00:00+00:00
[2024-05-12T01:57:52.630+0000] {processor.py:183} INFO - Processing /home/airflow/.local/lib/python3.12/site-packages/airflow/example_dags/example_setup_teardown.py took 0.034 seconds
[2024-05-12T01:58:23.140+0000] {processor.py:161} INFO - Started process (PID=681) to work on /home/airflow/.local/lib/python3.12/site-packages/airflow/example_dags/example_setup_teardown.py
[2024-05-12T01:58:23.141+0000] {processor.py:830} INFO - Processing file /home/airflow/.local/lib/python3.12/site-packages/airflow/example_dags/example_setup_teardown.py for tasks to queue
[2024-05-12T01:58:23.142+0000] {logging_mixin.py:188} INFO - [2024-05-12T01:58:23.142+0000] {dagbag.py:545} INFO - Filling up the DagBag from /home/airflow/.local/lib/python3.12/site-packages/airflow/example_dags/example_setup_teardown.py
[2024-05-12T01:58:23.146+0000] {processor.py:840} INFO - DAG(s) 'example_setup_teardown' retrieved from /home/airflow/.local/lib/python3.12/site-packages/airflow/example_dags/example_setup_teardown.py
[2024-05-12T01:58:23.157+0000] {logging_mixin.py:188} INFO - [2024-05-12T01:58:23.157+0000] {dag.py:3096} INFO - Sync 1 DAGs
[2024-05-12T01:58:23.167+0000] {logging_mixin.py:188} INFO - [2024-05-12T01:58:23.167+0000] {dag.py:3954} INFO - Setting next_dagrun for example_setup_teardown to 2024-05-11 00:00:00+00:00, run_after=2024-05-12 00:00:00+00:00
[2024-05-12T01:58:23.181+0000] {processor.py:183} INFO - Processing /home/airflow/.local/lib/python3.12/site-packages/airflow/example_dags/example_setup_teardown.py took 0.044 seconds
[2024-05-12T01:58:53.777+0000] {processor.py:161} INFO - Started process (PID=740) to work on /home/airflow/.local/lib/python3.12/site-packages/airflow/example_dags/example_setup_teardown.py
[2024-05-12T01:58:53.778+0000] {processor.py:830} INFO - Processing file /home/airflow/.local/lib/python3.12/site-packages/airflow/example_dags/example_setup_teardown.py for tasks to queue
[2024-05-12T01:58:53.779+0000] {logging_mixin.py:188} INFO - [2024-05-12T01:58:53.778+0000] {dagbag.py:545} INFO - Filling up the DagBag from /home/airflow/.local/lib/python3.12/site-packages/airflow/example_dags/example_setup_teardown.py
[2024-05-12T01:58:53.781+0000] {processor.py:840} INFO - DAG(s) 'example_setup_teardown' retrieved from /home/airflow/.local/lib/python3.12/site-packages/airflow/example_dags/example_setup_teardown.py
[2024-05-12T01:58:53.790+0000] {logging_mixin.py:188} INFO - [2024-05-12T01:58:53.790+0000] {dag.py:3096} INFO - Sync 1 DAGs
[2024-05-12T01:58:53.799+0000] {logging_mixin.py:188} INFO - [2024-05-12T01:58:53.798+0000] {dag.py:3954} INFO - Setting next_dagrun for example_setup_teardown to 2024-05-11 00:00:00+00:00, run_after=2024-05-12 00:00:00+00:00
[2024-05-12T01:58:53.806+0000] {processor.py:183} INFO - Processing /home/airflow/.local/lib/python3.12/site-packages/airflow/example_dags/example_setup_teardown.py took 0.031 seconds
[2024-05-12T01:59:24.549+0000] {processor.py:161} INFO - Started process (PID=799) to work on /home/airflow/.local/lib/python3.12/site-packages/airflow/example_dags/example_setup_teardown.py
[2024-05-12T01:59:24.549+0000] {processor.py:830} INFO - Processing file /home/airflow/.local/lib/python3.12/site-packages/airflow/example_dags/example_setup_teardown.py for tasks to queue
[2024-05-12T01:59:24.550+0000] {logging_mixin.py:188} INFO - [2024-05-12T01:59:24.550+0000] {dagbag.py:545} INFO - Filling up the DagBag from /home/airflow/.local/lib/python3.12/site-packages/airflow/example_dags/example_setup_teardown.py
[2024-05-12T01:59:24.554+0000] {processor.py:840} INFO - DAG(s) 'example_setup_teardown' retrieved from /home/airflow/.local/lib/python3.12/site-packages/airflow/example_dags/example_setup_teardown.py
[2024-05-12T01:59:24.563+0000] {logging_mixin.py:188} INFO - [2024-05-12T01:59:24.563+0000] {dag.py:3096} INFO - Sync 1 DAGs
[2024-05-12T01:59:24.574+0000] {logging_mixin.py:188} INFO - [2024-05-12T01:59:24.574+0000] {dag.py:3954} INFO - Setting next_dagrun for example_setup_teardown to 2024-05-11 00:00:00+00:00, run_after=2024-05-12 00:00:00+00:00
[2024-05-12T01:59:24.582+0000] {processor.py:183} INFO - Processing /home/airflow/.local/lib/python3.12/site-packages/airflow/example_dags/example_setup_teardown.py took 0.036 seconds
