[2024-05-12T01:52:48.288+0000] {processor.py:161} INFO - Started process (PID=62) to work on /home/airflow/.local/lib/python3.12/site-packages/airflow/example_dags/example_branch_operator.py
[2024-05-12T01:52:48.288+0000] {processor.py:830} INFO - Processing file /home/airflow/.local/lib/python3.12/site-packages/airflow/example_dags/example_branch_operator.py for tasks to queue
[2024-05-12T01:52:48.291+0000] {logging_mixin.py:188} INFO - [2024-05-12T01:52:48.290+0000] {dagbag.py:545} INFO - Filling up the DagBag from /home/airflow/.local/lib/python3.12/site-packages/airflow/example_dags/example_branch_operator.py
[2024-05-12T01:52:48.315+0000] {processor.py:840} INFO - DAG(s) 'example_branch_operator' retrieved from /home/airflow/.local/lib/python3.12/site-packages/airflow/example_dags/example_branch_operator.py
[2024-05-12T01:52:48.326+0000] {logging_mixin.py:188} INFO - [2024-05-12T01:52:48.326+0000] {dag.py:3096} INFO - Sync 1 DAGs
[2024-05-12T01:52:48.337+0000] {logging_mixin.py:188} INFO - [2024-05-12T01:52:48.337+0000] {dag.py:3954} INFO - Setting next_dagrun for example_branch_operator to 2024-05-11 00:00:00+00:00, run_after=2024-05-12 00:00:00+00:00
[2024-05-12T01:52:48.347+0000] {processor.py:183} INFO - Processing /home/airflow/.local/lib/python3.12/site-packages/airflow/example_dags/example_branch_operator.py took 0.063 seconds
[2024-05-12T01:53:18.692+0000] {processor.py:161} INFO - Started process (PID=120) to work on /home/airflow/.local/lib/python3.12/site-packages/airflow/example_dags/example_branch_operator.py
[2024-05-12T01:53:18.693+0000] {processor.py:830} INFO - Processing file /home/airflow/.local/lib/python3.12/site-packages/airflow/example_dags/example_branch_operator.py for tasks to queue
[2024-05-12T01:53:18.694+0000] {logging_mixin.py:188} INFO - [2024-05-12T01:53:18.694+0000] {dagbag.py:545} INFO - Filling up the DagBag from /home/airflow/.local/lib/python3.12/site-packages/airflow/example_dags/example_branch_operator.py
[2024-05-12T01:53:18.701+0000] {processor.py:840} INFO - DAG(s) 'example_branch_operator' retrieved from /home/airflow/.local/lib/python3.12/site-packages/airflow/example_dags/example_branch_operator.py
[2024-05-12T01:53:18.743+0000] {logging_mixin.py:188} INFO - [2024-05-12T01:53:18.743+0000] {dag.py:3096} INFO - Sync 1 DAGs
[2024-05-12T01:53:18.751+0000] {logging_mixin.py:188} INFO - [2024-05-12T01:53:18.751+0000] {dag.py:3954} INFO - Setting next_dagrun for example_branch_operator to 2024-05-11 00:00:00+00:00, run_after=2024-05-12 00:00:00+00:00
[2024-05-12T01:53:18.758+0000] {processor.py:183} INFO - Processing /home/airflow/.local/lib/python3.12/site-packages/airflow/example_dags/example_branch_operator.py took 0.068 seconds
[2024-05-12T01:53:49.727+0000] {processor.py:161} INFO - Started process (PID=178) to work on /home/airflow/.local/lib/python3.12/site-packages/airflow/example_dags/example_branch_operator.py
[2024-05-12T01:53:49.727+0000] {processor.py:830} INFO - Processing file /home/airflow/.local/lib/python3.12/site-packages/airflow/example_dags/example_branch_operator.py for tasks to queue
[2024-05-12T01:53:49.729+0000] {logging_mixin.py:188} INFO - [2024-05-12T01:53:49.729+0000] {dagbag.py:545} INFO - Filling up the DagBag from /home/airflow/.local/lib/python3.12/site-packages/airflow/example_dags/example_branch_operator.py
[2024-05-12T01:53:49.737+0000] {processor.py:840} INFO - DAG(s) 'example_branch_operator' retrieved from /home/airflow/.local/lib/python3.12/site-packages/airflow/example_dags/example_branch_operator.py
[2024-05-12T01:53:49.752+0000] {logging_mixin.py:188} INFO - [2024-05-12T01:53:49.752+0000] {dag.py:3096} INFO - Sync 1 DAGs
[2024-05-12T01:53:49.763+0000] {logging_mixin.py:188} INFO - [2024-05-12T01:53:49.763+0000] {dag.py:3954} INFO - Setting next_dagrun for example_branch_operator to 2024-05-11 00:00:00+00:00, run_after=2024-05-12 00:00:00+00:00
[2024-05-12T01:53:49.771+0000] {processor.py:183} INFO - Processing /home/airflow/.local/lib/python3.12/site-packages/airflow/example_dags/example_branch_operator.py took 0.048 seconds
[2024-05-12T01:54:20.435+0000] {processor.py:161} INFO - Started process (PID=236) to work on /home/airflow/.local/lib/python3.12/site-packages/airflow/example_dags/example_branch_operator.py
[2024-05-12T01:54:20.435+0000] {processor.py:830} INFO - Processing file /home/airflow/.local/lib/python3.12/site-packages/airflow/example_dags/example_branch_operator.py for tasks to queue
[2024-05-12T01:54:20.436+0000] {logging_mixin.py:188} INFO - [2024-05-12T01:54:20.436+0000] {dagbag.py:545} INFO - Filling up the DagBag from /home/airflow/.local/lib/python3.12/site-packages/airflow/example_dags/example_branch_operator.py
[2024-05-12T01:54:20.443+0000] {processor.py:840} INFO - DAG(s) 'example_branch_operator' retrieved from /home/airflow/.local/lib/python3.12/site-packages/airflow/example_dags/example_branch_operator.py
[2024-05-12T01:54:20.454+0000] {logging_mixin.py:188} INFO - [2024-05-12T01:54:20.454+0000] {dag.py:3096} INFO - Sync 1 DAGs
[2024-05-12T01:54:20.463+0000] {logging_mixin.py:188} INFO - [2024-05-12T01:54:20.463+0000] {dag.py:3954} INFO - Setting next_dagrun for example_branch_operator to 2024-05-11 00:00:00+00:00, run_after=2024-05-12 00:00:00+00:00
[2024-05-12T01:54:20.471+0000] {processor.py:183} INFO - Processing /home/airflow/.local/lib/python3.12/site-packages/airflow/example_dags/example_branch_operator.py took 0.039 seconds
[2024-05-12T01:54:50.981+0000] {processor.py:161} INFO - Started process (PID=294) to work on /home/airflow/.local/lib/python3.12/site-packages/airflow/example_dags/example_branch_operator.py
[2024-05-12T01:54:50.981+0000] {processor.py:830} INFO - Processing file /home/airflow/.local/lib/python3.12/site-packages/airflow/example_dags/example_branch_operator.py for tasks to queue
[2024-05-12T01:54:50.982+0000] {logging_mixin.py:188} INFO - [2024-05-12T01:54:50.982+0000] {dagbag.py:545} INFO - Filling up the DagBag from /home/airflow/.local/lib/python3.12/site-packages/airflow/example_dags/example_branch_operator.py
[2024-05-12T01:54:50.989+0000] {processor.py:840} INFO - DAG(s) 'example_branch_operator' retrieved from /home/airflow/.local/lib/python3.12/site-packages/airflow/example_dags/example_branch_operator.py
[2024-05-12T01:54:51.000+0000] {logging_mixin.py:188} INFO - [2024-05-12T01:54:51.000+0000] {dag.py:3096} INFO - Sync 1 DAGs
[2024-05-12T01:54:51.009+0000] {logging_mixin.py:188} INFO - [2024-05-12T01:54:51.009+0000] {dag.py:3954} INFO - Setting next_dagrun for example_branch_operator to 2024-05-11 00:00:00+00:00, run_after=2024-05-12 00:00:00+00:00
[2024-05-12T01:54:51.016+0000] {processor.py:183} INFO - Processing /home/airflow/.local/lib/python3.12/site-packages/airflow/example_dags/example_branch_operator.py took 0.037 seconds
[2024-05-12T01:55:21.469+0000] {processor.py:161} INFO - Started process (PID=352) to work on /home/airflow/.local/lib/python3.12/site-packages/airflow/example_dags/example_branch_operator.py
[2024-05-12T01:55:21.469+0000] {processor.py:830} INFO - Processing file /home/airflow/.local/lib/python3.12/site-packages/airflow/example_dags/example_branch_operator.py for tasks to queue
[2024-05-12T01:55:21.470+0000] {logging_mixin.py:188} INFO - [2024-05-12T01:55:21.470+0000] {dagbag.py:545} INFO - Filling up the DagBag from /home/airflow/.local/lib/python3.12/site-packages/airflow/example_dags/example_branch_operator.py
[2024-05-12T01:55:21.477+0000] {processor.py:840} INFO - DAG(s) 'example_branch_operator' retrieved from /home/airflow/.local/lib/python3.12/site-packages/airflow/example_dags/example_branch_operator.py
[2024-05-12T01:55:21.488+0000] {logging_mixin.py:188} INFO - [2024-05-12T01:55:21.488+0000] {dag.py:3096} INFO - Sync 1 DAGs
[2024-05-12T01:55:21.497+0000] {logging_mixin.py:188} INFO - [2024-05-12T01:55:21.497+0000] {dag.py:3954} INFO - Setting next_dagrun for example_branch_operator to 2024-05-11 00:00:00+00:00, run_after=2024-05-12 00:00:00+00:00
[2024-05-12T01:55:21.504+0000] {processor.py:183} INFO - Processing /home/airflow/.local/lib/python3.12/site-packages/airflow/example_dags/example_branch_operator.py took 0.037 seconds
[2024-05-12T01:55:52.006+0000] {processor.py:161} INFO - Started process (PID=410) to work on /home/airflow/.local/lib/python3.12/site-packages/airflow/example_dags/example_branch_operator.py
[2024-05-12T01:55:52.007+0000] {processor.py:830} INFO - Processing file /home/airflow/.local/lib/python3.12/site-packages/airflow/example_dags/example_branch_operator.py for tasks to queue
[2024-05-12T01:55:52.008+0000] {logging_mixin.py:188} INFO - [2024-05-12T01:55:52.007+0000] {dagbag.py:545} INFO - Filling up the DagBag from /home/airflow/.local/lib/python3.12/site-packages/airflow/example_dags/example_branch_operator.py
[2024-05-12T01:55:52.014+0000] {processor.py:840} INFO - DAG(s) 'example_branch_operator' retrieved from /home/airflow/.local/lib/python3.12/site-packages/airflow/example_dags/example_branch_operator.py
[2024-05-12T01:55:52.026+0000] {logging_mixin.py:188} INFO - [2024-05-12T01:55:52.026+0000] {dag.py:3096} INFO - Sync 1 DAGs
[2024-05-12T01:55:52.034+0000] {logging_mixin.py:188} INFO - [2024-05-12T01:55:52.034+0000] {dag.py:3954} INFO - Setting next_dagrun for example_branch_operator to 2024-05-11 00:00:00+00:00, run_after=2024-05-12 00:00:00+00:00
[2024-05-12T01:55:52.042+0000] {processor.py:183} INFO - Processing /home/airflow/.local/lib/python3.12/site-packages/airflow/example_dags/example_branch_operator.py took 0.038 seconds
[2024-05-12T01:56:22.581+0000] {processor.py:161} INFO - Started process (PID=468) to work on /home/airflow/.local/lib/python3.12/site-packages/airflow/example_dags/example_branch_operator.py
[2024-05-12T01:56:22.582+0000] {processor.py:830} INFO - Processing file /home/airflow/.local/lib/python3.12/site-packages/airflow/example_dags/example_branch_operator.py for tasks to queue
[2024-05-12T01:56:22.582+0000] {logging_mixin.py:188} INFO - [2024-05-12T01:56:22.582+0000] {dagbag.py:545} INFO - Filling up the DagBag from /home/airflow/.local/lib/python3.12/site-packages/airflow/example_dags/example_branch_operator.py
[2024-05-12T01:56:22.590+0000] {processor.py:840} INFO - DAG(s) 'example_branch_operator' retrieved from /home/airflow/.local/lib/python3.12/site-packages/airflow/example_dags/example_branch_operator.py
[2024-05-12T01:56:22.601+0000] {logging_mixin.py:188} INFO - [2024-05-12T01:56:22.601+0000] {dag.py:3096} INFO - Sync 1 DAGs
[2024-05-12T01:56:22.610+0000] {logging_mixin.py:188} INFO - [2024-05-12T01:56:22.610+0000] {dag.py:3954} INFO - Setting next_dagrun for example_branch_operator to 2024-05-11 00:00:00+00:00, run_after=2024-05-12 00:00:00+00:00
[2024-05-12T01:56:22.617+0000] {processor.py:183} INFO - Processing /home/airflow/.local/lib/python3.12/site-packages/airflow/example_dags/example_branch_operator.py took 0.039 seconds
[2024-05-12T01:56:53.150+0000] {processor.py:161} INFO - Started process (PID=526) to work on /home/airflow/.local/lib/python3.12/site-packages/airflow/example_dags/example_branch_operator.py
[2024-05-12T01:56:53.151+0000] {processor.py:830} INFO - Processing file /home/airflow/.local/lib/python3.12/site-packages/airflow/example_dags/example_branch_operator.py for tasks to queue
[2024-05-12T01:56:53.152+0000] {logging_mixin.py:188} INFO - [2024-05-12T01:56:53.151+0000] {dagbag.py:545} INFO - Filling up the DagBag from /home/airflow/.local/lib/python3.12/site-packages/airflow/example_dags/example_branch_operator.py
[2024-05-12T01:56:53.159+0000] {processor.py:840} INFO - DAG(s) 'example_branch_operator' retrieved from /home/airflow/.local/lib/python3.12/site-packages/airflow/example_dags/example_branch_operator.py
[2024-05-12T01:56:53.170+0000] {logging_mixin.py:188} INFO - [2024-05-12T01:56:53.170+0000] {dag.py:3096} INFO - Sync 1 DAGs
[2024-05-12T01:56:53.179+0000] {logging_mixin.py:188} INFO - [2024-05-12T01:56:53.179+0000] {dag.py:3954} INFO - Setting next_dagrun for example_branch_operator to 2024-05-11 00:00:00+00:00, run_after=2024-05-12 00:00:00+00:00
[2024-05-12T01:56:53.185+0000] {processor.py:183} INFO - Processing /home/airflow/.local/lib/python3.12/site-packages/airflow/example_dags/example_branch_operator.py took 0.038 seconds
[2024-05-12T01:57:23.657+0000] {processor.py:161} INFO - Started process (PID=584) to work on /home/airflow/.local/lib/python3.12/site-packages/airflow/example_dags/example_branch_operator.py
[2024-05-12T01:57:23.657+0000] {processor.py:830} INFO - Processing file /home/airflow/.local/lib/python3.12/site-packages/airflow/example_dags/example_branch_operator.py for tasks to queue
[2024-05-12T01:57:23.658+0000] {logging_mixin.py:188} INFO - [2024-05-12T01:57:23.658+0000] {dagbag.py:545} INFO - Filling up the DagBag from /home/airflow/.local/lib/python3.12/site-packages/airflow/example_dags/example_branch_operator.py
[2024-05-12T01:57:23.665+0000] {processor.py:840} INFO - DAG(s) 'example_branch_operator' retrieved from /home/airflow/.local/lib/python3.12/site-packages/airflow/example_dags/example_branch_operator.py
[2024-05-12T01:57:23.677+0000] {logging_mixin.py:188} INFO - [2024-05-12T01:57:23.677+0000] {dag.py:3096} INFO - Sync 1 DAGs
[2024-05-12T01:57:23.686+0000] {logging_mixin.py:188} INFO - [2024-05-12T01:57:23.686+0000] {dag.py:3954} INFO - Setting next_dagrun for example_branch_operator to 2024-05-11 00:00:00+00:00, run_after=2024-05-12 00:00:00+00:00
[2024-05-12T01:57:23.693+0000] {processor.py:183} INFO - Processing /home/airflow/.local/lib/python3.12/site-packages/airflow/example_dags/example_branch_operator.py took 0.039 seconds
[2024-05-12T01:57:54.141+0000] {processor.py:161} INFO - Started process (PID=643) to work on /home/airflow/.local/lib/python3.12/site-packages/airflow/example_dags/example_branch_operator.py
[2024-05-12T01:57:54.141+0000] {processor.py:830} INFO - Processing file /home/airflow/.local/lib/python3.12/site-packages/airflow/example_dags/example_branch_operator.py for tasks to queue
[2024-05-12T01:57:54.142+0000] {logging_mixin.py:188} INFO - [2024-05-12T01:57:54.142+0000] {dagbag.py:545} INFO - Filling up the DagBag from /home/airflow/.local/lib/python3.12/site-packages/airflow/example_dags/example_branch_operator.py
[2024-05-12T01:57:54.150+0000] {processor.py:840} INFO - DAG(s) 'example_branch_operator' retrieved from /home/airflow/.local/lib/python3.12/site-packages/airflow/example_dags/example_branch_operator.py
[2024-05-12T01:57:54.161+0000] {logging_mixin.py:188} INFO - [2024-05-12T01:57:54.161+0000] {dag.py:3096} INFO - Sync 1 DAGs
[2024-05-12T01:57:54.171+0000] {logging_mixin.py:188} INFO - [2024-05-12T01:57:54.170+0000] {dag.py:3954} INFO - Setting next_dagrun for example_branch_operator to 2024-05-11 00:00:00+00:00, run_after=2024-05-12 00:00:00+00:00
[2024-05-12T01:57:54.178+0000] {processor.py:183} INFO - Processing /home/airflow/.local/lib/python3.12/site-packages/airflow/example_dags/example_branch_operator.py took 0.040 seconds
[2024-05-12T01:58:24.693+0000] {processor.py:161} INFO - Started process (PID=702) to work on /home/airflow/.local/lib/python3.12/site-packages/airflow/example_dags/example_branch_operator.py
[2024-05-12T01:58:24.693+0000] {processor.py:830} INFO - Processing file /home/airflow/.local/lib/python3.12/site-packages/airflow/example_dags/example_branch_operator.py for tasks to queue
[2024-05-12T01:58:24.694+0000] {logging_mixin.py:188} INFO - [2024-05-12T01:58:24.694+0000] {dagbag.py:545} INFO - Filling up the DagBag from /home/airflow/.local/lib/python3.12/site-packages/airflow/example_dags/example_branch_operator.py
[2024-05-12T01:58:24.701+0000] {processor.py:840} INFO - DAG(s) 'example_branch_operator' retrieved from /home/airflow/.local/lib/python3.12/site-packages/airflow/example_dags/example_branch_operator.py
[2024-05-12T01:58:24.714+0000] {logging_mixin.py:188} INFO - [2024-05-12T01:58:24.714+0000] {dag.py:3096} INFO - Sync 1 DAGs
[2024-05-12T01:58:24.723+0000] {logging_mixin.py:188} INFO - [2024-05-12T01:58:24.723+0000] {dag.py:3954} INFO - Setting next_dagrun for example_branch_operator to 2024-05-11 00:00:00+00:00, run_after=2024-05-12 00:00:00+00:00
[2024-05-12T01:58:24.732+0000] {processor.py:183} INFO - Processing /home/airflow/.local/lib/python3.12/site-packages/airflow/example_dags/example_branch_operator.py took 0.042 seconds
[2024-05-12T01:58:55.417+0000] {processor.py:161} INFO - Started process (PID=761) to work on /home/airflow/.local/lib/python3.12/site-packages/airflow/example_dags/example_branch_operator.py
[2024-05-12T01:58:55.417+0000] {processor.py:830} INFO - Processing file /home/airflow/.local/lib/python3.12/site-packages/airflow/example_dags/example_branch_operator.py for tasks to queue
[2024-05-12T01:58:55.418+0000] {logging_mixin.py:188} INFO - [2024-05-12T01:58:55.418+0000] {dagbag.py:545} INFO - Filling up the DagBag from /home/airflow/.local/lib/python3.12/site-packages/airflow/example_dags/example_branch_operator.py
[2024-05-12T01:58:55.426+0000] {processor.py:840} INFO - DAG(s) 'example_branch_operator' retrieved from /home/airflow/.local/lib/python3.12/site-packages/airflow/example_dags/example_branch_operator.py
[2024-05-12T01:58:55.437+0000] {logging_mixin.py:188} INFO - [2024-05-12T01:58:55.437+0000] {dag.py:3096} INFO - Sync 1 DAGs
[2024-05-12T01:58:55.446+0000] {logging_mixin.py:188} INFO - [2024-05-12T01:58:55.446+0000] {dag.py:3954} INFO - Setting next_dagrun for example_branch_operator to 2024-05-11 00:00:00+00:00, run_after=2024-05-12 00:00:00+00:00
[2024-05-12T01:58:55.453+0000] {processor.py:183} INFO - Processing /home/airflow/.local/lib/python3.12/site-packages/airflow/example_dags/example_branch_operator.py took 0.039 seconds
[2024-05-12T01:59:26.095+0000] {processor.py:161} INFO - Started process (PID=820) to work on /home/airflow/.local/lib/python3.12/site-packages/airflow/example_dags/example_branch_operator.py
[2024-05-12T01:59:26.096+0000] {processor.py:830} INFO - Processing file /home/airflow/.local/lib/python3.12/site-packages/airflow/example_dags/example_branch_operator.py for tasks to queue
[2024-05-12T01:59:26.097+0000] {logging_mixin.py:188} INFO - [2024-05-12T01:59:26.097+0000] {dagbag.py:545} INFO - Filling up the DagBag from /home/airflow/.local/lib/python3.12/site-packages/airflow/example_dags/example_branch_operator.py
[2024-05-12T01:59:26.105+0000] {processor.py:840} INFO - DAG(s) 'example_branch_operator' retrieved from /home/airflow/.local/lib/python3.12/site-packages/airflow/example_dags/example_branch_operator.py
[2024-05-12T01:59:26.117+0000] {logging_mixin.py:188} INFO - [2024-05-12T01:59:26.117+0000] {dag.py:3096} INFO - Sync 1 DAGs
[2024-05-12T01:59:26.128+0000] {logging_mixin.py:188} INFO - [2024-05-12T01:59:26.128+0000] {dag.py:3954} INFO - Setting next_dagrun for example_branch_operator to 2024-05-11 00:00:00+00:00, run_after=2024-05-12 00:00:00+00:00
[2024-05-12T01:59:26.137+0000] {processor.py:183} INFO - Processing /home/airflow/.local/lib/python3.12/site-packages/airflow/example_dags/example_branch_operator.py took 0.044 seconds
[2024-05-12T01:59:56.951+0000] {processor.py:161} INFO - Started process (PID=879) to work on /home/airflow/.local/lib/python3.12/site-packages/airflow/example_dags/example_branch_operator.py
[2024-05-12T01:59:56.951+0000] {processor.py:830} INFO - Processing file /home/airflow/.local/lib/python3.12/site-packages/airflow/example_dags/example_branch_operator.py for tasks to queue
[2024-05-12T01:59:56.952+0000] {logging_mixin.py:188} INFO - [2024-05-12T01:59:56.952+0000] {dagbag.py:545} INFO - Filling up the DagBag from /home/airflow/.local/lib/python3.12/site-packages/airflow/example_dags/example_branch_operator.py
[2024-05-12T01:59:56.959+0000] {processor.py:840} INFO - DAG(s) 'example_branch_operator' retrieved from /home/airflow/.local/lib/python3.12/site-packages/airflow/example_dags/example_branch_operator.py
[2024-05-12T01:59:56.971+0000] {logging_mixin.py:188} INFO - [2024-05-12T01:59:56.971+0000] {dag.py:3096} INFO - Sync 1 DAGs
[2024-05-12T01:59:56.980+0000] {logging_mixin.py:188} INFO - [2024-05-12T01:59:56.980+0000] {dag.py:3954} INFO - Setting next_dagrun for example_branch_operator to 2024-05-11 00:00:00+00:00, run_after=2024-05-12 00:00:00+00:00
[2024-05-12T01:59:56.988+0000] {processor.py:183} INFO - Processing /home/airflow/.local/lib/python3.12/site-packages/airflow/example_dags/example_branch_operator.py took 0.040 seconds
[2024-05-12T02:00:27.832+0000] {processor.py:161} INFO - Started process (PID=938) to work on /home/airflow/.local/lib/python3.12/site-packages/airflow/example_dags/example_branch_operator.py
[2024-05-12T02:00:27.833+0000] {processor.py:830} INFO - Processing file /home/airflow/.local/lib/python3.12/site-packages/airflow/example_dags/example_branch_operator.py for tasks to queue
[2024-05-12T02:00:27.834+0000] {logging_mixin.py:188} INFO - [2024-05-12T02:00:27.833+0000] {dagbag.py:545} INFO - Filling up the DagBag from /home/airflow/.local/lib/python3.12/site-packages/airflow/example_dags/example_branch_operator.py
[2024-05-12T02:00:27.841+0000] {processor.py:840} INFO - DAG(s) 'example_branch_operator' retrieved from /home/airflow/.local/lib/python3.12/site-packages/airflow/example_dags/example_branch_operator.py
[2024-05-12T02:00:27.852+0000] {logging_mixin.py:188} INFO - [2024-05-12T02:00:27.852+0000] {dag.py:3096} INFO - Sync 1 DAGs
[2024-05-12T02:00:27.861+0000] {logging_mixin.py:188} INFO - [2024-05-12T02:00:27.861+0000] {dag.py:3954} INFO - Setting next_dagrun for example_branch_operator to 2024-05-11 00:00:00+00:00, run_after=2024-05-12 00:00:00+00:00
[2024-05-12T02:00:27.868+0000] {processor.py:183} INFO - Processing /home/airflow/.local/lib/python3.12/site-packages/airflow/example_dags/example_branch_operator.py took 0.038 seconds
[2024-05-12T02:00:58.480+0000] {processor.py:161} INFO - Started process (PID=997) to work on /home/airflow/.local/lib/python3.12/site-packages/airflow/example_dags/example_branch_operator.py
[2024-05-12T02:00:58.481+0000] {processor.py:830} INFO - Processing file /home/airflow/.local/lib/python3.12/site-packages/airflow/example_dags/example_branch_operator.py for tasks to queue
[2024-05-12T02:00:58.482+0000] {logging_mixin.py:188} INFO - [2024-05-12T02:00:58.482+0000] {dagbag.py:545} INFO - Filling up the DagBag from /home/airflow/.local/lib/python3.12/site-packages/airflow/example_dags/example_branch_operator.py
[2024-05-12T02:00:58.489+0000] {processor.py:840} INFO - DAG(s) 'example_branch_operator' retrieved from /home/airflow/.local/lib/python3.12/site-packages/airflow/example_dags/example_branch_operator.py
[2024-05-12T02:00:58.501+0000] {logging_mixin.py:188} INFO - [2024-05-12T02:00:58.500+0000] {dag.py:3096} INFO - Sync 1 DAGs
[2024-05-12T02:00:58.513+0000] {logging_mixin.py:188} INFO - [2024-05-12T02:00:58.513+0000] {dag.py:3954} INFO - Setting next_dagrun for example_branch_operator to 2024-05-11 00:00:00+00:00, run_after=2024-05-12 00:00:00+00:00
[2024-05-12T02:00:58.523+0000] {processor.py:183} INFO - Processing /home/airflow/.local/lib/python3.12/site-packages/airflow/example_dags/example_branch_operator.py took 0.045 seconds
[2024-05-12T02:01:29.166+0000] {processor.py:161} INFO - Started process (PID=1056) to work on /home/airflow/.local/lib/python3.12/site-packages/airflow/example_dags/example_branch_operator.py
[2024-05-12T02:01:29.167+0000] {processor.py:830} INFO - Processing file /home/airflow/.local/lib/python3.12/site-packages/airflow/example_dags/example_branch_operator.py for tasks to queue
[2024-05-12T02:01:29.167+0000] {logging_mixin.py:188} INFO - [2024-05-12T02:01:29.167+0000] {dagbag.py:545} INFO - Filling up the DagBag from /home/airflow/.local/lib/python3.12/site-packages/airflow/example_dags/example_branch_operator.py
[2024-05-12T02:01:29.175+0000] {processor.py:840} INFO - DAG(s) 'example_branch_operator' retrieved from /home/airflow/.local/lib/python3.12/site-packages/airflow/example_dags/example_branch_operator.py
[2024-05-12T02:01:29.186+0000] {logging_mixin.py:188} INFO - [2024-05-12T02:01:29.186+0000] {dag.py:3096} INFO - Sync 1 DAGs
[2024-05-12T02:01:29.195+0000] {logging_mixin.py:188} INFO - [2024-05-12T02:01:29.195+0000] {dag.py:3954} INFO - Setting next_dagrun for example_branch_operator to 2024-05-11 00:00:00+00:00, run_after=2024-05-12 00:00:00+00:00
[2024-05-12T02:01:29.202+0000] {processor.py:183} INFO - Processing /home/airflow/.local/lib/python3.12/site-packages/airflow/example_dags/example_branch_operator.py took 0.039 seconds
[2024-05-12T02:02:00.027+0000] {processor.py:161} INFO - Started process (PID=1115) to work on /home/airflow/.local/lib/python3.12/site-packages/airflow/example_dags/example_branch_operator.py
[2024-05-12T02:02:00.027+0000] {processor.py:830} INFO - Processing file /home/airflow/.local/lib/python3.12/site-packages/airflow/example_dags/example_branch_operator.py for tasks to queue
[2024-05-12T02:02:00.028+0000] {logging_mixin.py:188} INFO - [2024-05-12T02:02:00.028+0000] {dagbag.py:545} INFO - Filling up the DagBag from /home/airflow/.local/lib/python3.12/site-packages/airflow/example_dags/example_branch_operator.py
[2024-05-12T02:02:00.036+0000] {processor.py:840} INFO - DAG(s) 'example_branch_operator' retrieved from /home/airflow/.local/lib/python3.12/site-packages/airflow/example_dags/example_branch_operator.py
[2024-05-12T02:02:00.046+0000] {logging_mixin.py:188} INFO - [2024-05-12T02:02:00.046+0000] {dag.py:3096} INFO - Sync 1 DAGs
[2024-05-12T02:02:00.055+0000] {logging_mixin.py:188} INFO - [2024-05-12T02:02:00.055+0000] {dag.py:3954} INFO - Setting next_dagrun for example_branch_operator to 2024-05-11 00:00:00+00:00, run_after=2024-05-12 00:00:00+00:00
[2024-05-12T02:02:00.062+0000] {processor.py:183} INFO - Processing /home/airflow/.local/lib/python3.12/site-packages/airflow/example_dags/example_branch_operator.py took 0.038 seconds
[2024-05-12T02:02:31.010+0000] {processor.py:161} INFO - Started process (PID=1174) to work on /home/airflow/.local/lib/python3.12/site-packages/airflow/example_dags/example_branch_operator.py
[2024-05-12T02:02:31.011+0000] {processor.py:830} INFO - Processing file /home/airflow/.local/lib/python3.12/site-packages/airflow/example_dags/example_branch_operator.py for tasks to queue
[2024-05-12T02:02:31.012+0000] {logging_mixin.py:188} INFO - [2024-05-12T02:02:31.011+0000] {dagbag.py:545} INFO - Filling up the DagBag from /home/airflow/.local/lib/python3.12/site-packages/airflow/example_dags/example_branch_operator.py
[2024-05-12T02:02:31.019+0000] {processor.py:840} INFO - DAG(s) 'example_branch_operator' retrieved from /home/airflow/.local/lib/python3.12/site-packages/airflow/example_dags/example_branch_operator.py
[2024-05-12T02:02:31.030+0000] {logging_mixin.py:188} INFO - [2024-05-12T02:02:31.030+0000] {dag.py:3096} INFO - Sync 1 DAGs
[2024-05-12T02:02:31.040+0000] {logging_mixin.py:188} INFO - [2024-05-12T02:02:31.040+0000] {dag.py:3954} INFO - Setting next_dagrun for example_branch_operator to 2024-05-11 00:00:00+00:00, run_after=2024-05-12 00:00:00+00:00
[2024-05-12T02:02:31.048+0000] {processor.py:183} INFO - Processing /home/airflow/.local/lib/python3.12/site-packages/airflow/example_dags/example_branch_operator.py took 0.041 seconds
[2024-05-12T02:03:02.001+0000] {processor.py:161} INFO - Started process (PID=1233) to work on /home/airflow/.local/lib/python3.12/site-packages/airflow/example_dags/example_branch_operator.py
[2024-05-12T02:03:02.002+0000] {processor.py:830} INFO - Processing file /home/airflow/.local/lib/python3.12/site-packages/airflow/example_dags/example_branch_operator.py for tasks to queue
[2024-05-12T02:03:02.003+0000] {logging_mixin.py:188} INFO - [2024-05-12T02:03:02.003+0000] {dagbag.py:545} INFO - Filling up the DagBag from /home/airflow/.local/lib/python3.12/site-packages/airflow/example_dags/example_branch_operator.py
[2024-05-12T02:03:02.011+0000] {processor.py:840} INFO - DAG(s) 'example_branch_operator' retrieved from /home/airflow/.local/lib/python3.12/site-packages/airflow/example_dags/example_branch_operator.py
[2024-05-12T02:03:02.024+0000] {logging_mixin.py:188} INFO - [2024-05-12T02:03:02.024+0000] {dag.py:3096} INFO - Sync 1 DAGs
[2024-05-12T02:03:02.035+0000] {logging_mixin.py:188} INFO - [2024-05-12T02:03:02.035+0000] {dag.py:3954} INFO - Setting next_dagrun for example_branch_operator to 2024-05-11 00:00:00+00:00, run_after=2024-05-12 00:00:00+00:00
[2024-05-12T02:03:02.043+0000] {processor.py:183} INFO - Processing /home/airflow/.local/lib/python3.12/site-packages/airflow/example_dags/example_branch_operator.py took 0.045 seconds
[2024-05-12T02:03:32.833+0000] {processor.py:161} INFO - Started process (PID=1292) to work on /home/airflow/.local/lib/python3.12/site-packages/airflow/example_dags/example_branch_operator.py
[2024-05-12T02:03:32.836+0000] {processor.py:830} INFO - Processing file /home/airflow/.local/lib/python3.12/site-packages/airflow/example_dags/example_branch_operator.py for tasks to queue
[2024-05-12T02:03:32.837+0000] {logging_mixin.py:188} INFO - [2024-05-12T02:03:32.837+0000] {dagbag.py:545} INFO - Filling up the DagBag from /home/airflow/.local/lib/python3.12/site-packages/airflow/example_dags/example_branch_operator.py
[2024-05-12T02:03:32.845+0000] {processor.py:840} INFO - DAG(s) 'example_branch_operator' retrieved from /home/airflow/.local/lib/python3.12/site-packages/airflow/example_dags/example_branch_operator.py
[2024-05-12T02:03:32.857+0000] {logging_mixin.py:188} INFO - [2024-05-12T02:03:32.857+0000] {dag.py:3096} INFO - Sync 1 DAGs
[2024-05-12T02:03:32.866+0000] {logging_mixin.py:188} INFO - [2024-05-12T02:03:32.866+0000] {dag.py:3954} INFO - Setting next_dagrun for example_branch_operator to 2024-05-11 00:00:00+00:00, run_after=2024-05-12 00:00:00+00:00
[2024-05-12T02:03:32.873+0000] {processor.py:183} INFO - Processing /home/airflow/.local/lib/python3.12/site-packages/airflow/example_dags/example_branch_operator.py took 0.043 seconds
[2024-05-12T02:04:03.496+0000] {processor.py:161} INFO - Started process (PID=1351) to work on /home/airflow/.local/lib/python3.12/site-packages/airflow/example_dags/example_branch_operator.py
[2024-05-12T02:04:03.497+0000] {processor.py:830} INFO - Processing file /home/airflow/.local/lib/python3.12/site-packages/airflow/example_dags/example_branch_operator.py for tasks to queue
[2024-05-12T02:04:03.498+0000] {logging_mixin.py:188} INFO - [2024-05-12T02:04:03.498+0000] {dagbag.py:545} INFO - Filling up the DagBag from /home/airflow/.local/lib/python3.12/site-packages/airflow/example_dags/example_branch_operator.py
[2024-05-12T02:04:03.505+0000] {processor.py:840} INFO - DAG(s) 'example_branch_operator' retrieved from /home/airflow/.local/lib/python3.12/site-packages/airflow/example_dags/example_branch_operator.py
[2024-05-12T02:04:03.517+0000] {logging_mixin.py:188} INFO - [2024-05-12T02:04:03.517+0000] {dag.py:3096} INFO - Sync 1 DAGs
[2024-05-12T02:04:03.527+0000] {logging_mixin.py:188} INFO - [2024-05-12T02:04:03.527+0000] {dag.py:3954} INFO - Setting next_dagrun for example_branch_operator to 2024-05-11 00:00:00+00:00, run_after=2024-05-12 00:00:00+00:00
[2024-05-12T02:04:03.535+0000] {processor.py:183} INFO - Processing /home/airflow/.local/lib/python3.12/site-packages/airflow/example_dags/example_branch_operator.py took 0.041 seconds
[2024-05-12T02:04:34.298+0000] {processor.py:161} INFO - Started process (PID=1410) to work on /home/airflow/.local/lib/python3.12/site-packages/airflow/example_dags/example_branch_operator.py
[2024-05-12T02:04:34.299+0000] {processor.py:830} INFO - Processing file /home/airflow/.local/lib/python3.12/site-packages/airflow/example_dags/example_branch_operator.py for tasks to queue
[2024-05-12T02:04:34.300+0000] {logging_mixin.py:188} INFO - [2024-05-12T02:04:34.300+0000] {dagbag.py:545} INFO - Filling up the DagBag from /home/airflow/.local/lib/python3.12/site-packages/airflow/example_dags/example_branch_operator.py
[2024-05-12T02:04:34.307+0000] {processor.py:840} INFO - DAG(s) 'example_branch_operator' retrieved from /home/airflow/.local/lib/python3.12/site-packages/airflow/example_dags/example_branch_operator.py
[2024-05-12T02:04:34.320+0000] {logging_mixin.py:188} INFO - [2024-05-12T02:04:34.320+0000] {dag.py:3096} INFO - Sync 1 DAGs
[2024-05-12T02:04:34.330+0000] {logging_mixin.py:188} INFO - [2024-05-12T02:04:34.330+0000] {dag.py:3954} INFO - Setting next_dagrun for example_branch_operator to 2024-05-11 00:00:00+00:00, run_after=2024-05-12 00:00:00+00:00
[2024-05-12T02:04:34.340+0000] {processor.py:183} INFO - Processing /home/airflow/.local/lib/python3.12/site-packages/airflow/example_dags/example_branch_operator.py took 0.044 seconds
[2024-05-12T02:05:04.433+0000] {processor.py:161} INFO - Started process (PID=1469) to work on /home/airflow/.local/lib/python3.12/site-packages/airflow/example_dags/example_branch_operator.py
[2024-05-12T02:05:04.434+0000] {processor.py:830} INFO - Processing file /home/airflow/.local/lib/python3.12/site-packages/airflow/example_dags/example_branch_operator.py for tasks to queue
[2024-05-12T02:05:04.435+0000] {logging_mixin.py:188} INFO - [2024-05-12T02:05:04.435+0000] {dagbag.py:545} INFO - Filling up the DagBag from /home/airflow/.local/lib/python3.12/site-packages/airflow/example_dags/example_branch_operator.py
[2024-05-12T02:05:04.456+0000] {processor.py:840} INFO - DAG(s) 'example_branch_operator' retrieved from /home/airflow/.local/lib/python3.12/site-packages/airflow/example_dags/example_branch_operator.py
[2024-05-12T02:05:04.521+0000] {logging_mixin.py:188} INFO - [2024-05-12T02:05:04.521+0000] {dag.py:3096} INFO - Sync 1 DAGs
[2024-05-12T02:05:04.586+0000] {logging_mixin.py:188} INFO - [2024-05-12T02:05:04.584+0000] {dag.py:3954} INFO - Setting next_dagrun for example_branch_operator to 2024-05-11 00:00:00+00:00, run_after=2024-05-12 00:00:00+00:00
[2024-05-12T02:05:04.621+0000] {processor.py:183} INFO - Processing /home/airflow/.local/lib/python3.12/site-packages/airflow/example_dags/example_branch_operator.py took 0.190 seconds
[2024-05-12T02:05:35.021+0000] {processor.py:161} INFO - Started process (PID=1527) to work on /home/airflow/.local/lib/python3.12/site-packages/airflow/example_dags/example_branch_operator.py
[2024-05-12T02:05:35.022+0000] {processor.py:830} INFO - Processing file /home/airflow/.local/lib/python3.12/site-packages/airflow/example_dags/example_branch_operator.py for tasks to queue
[2024-05-12T02:05:35.023+0000] {logging_mixin.py:188} INFO - [2024-05-12T02:05:35.023+0000] {dagbag.py:545} INFO - Filling up the DagBag from /home/airflow/.local/lib/python3.12/site-packages/airflow/example_dags/example_branch_operator.py
[2024-05-12T02:05:35.031+0000] {processor.py:840} INFO - DAG(s) 'example_branch_operator' retrieved from /home/airflow/.local/lib/python3.12/site-packages/airflow/example_dags/example_branch_operator.py
[2024-05-12T02:05:35.044+0000] {logging_mixin.py:188} INFO - [2024-05-12T02:05:35.044+0000] {dag.py:3096} INFO - Sync 1 DAGs
[2024-05-12T02:05:35.055+0000] {logging_mixin.py:188} INFO - [2024-05-12T02:05:35.055+0000] {dag.py:3954} INFO - Setting next_dagrun for example_branch_operator to 2024-05-11 00:00:00+00:00, run_after=2024-05-12 00:00:00+00:00
[2024-05-12T02:05:35.068+0000] {processor.py:183} INFO - Processing /home/airflow/.local/lib/python3.12/site-packages/airflow/example_dags/example_branch_operator.py took 0.049 seconds
