[2024-05-12T01:52:47.735+0000] {processor.py:161} INFO - Started process (PID=46) to work on /home/airflow/.local/lib/python3.12/site-packages/airflow/example_dags/example_task_group.py
[2024-05-12T01:52:47.736+0000] {processor.py:830} INFO - Processing file /home/airflow/.local/lib/python3.12/site-packages/airflow/example_dags/example_task_group.py for tasks to queue
[2024-05-12T01:52:47.737+0000] {logging_mixin.py:188} INFO - [2024-05-12T01:52:47.737+0000] {dagbag.py:545} INFO - Filling up the DagBag from /home/airflow/.local/lib/python3.12/site-packages/airflow/example_dags/example_task_group.py
[2024-05-12T01:52:47.742+0000] {processor.py:840} INFO - DAG(s) 'example_task_group' retrieved from /home/airflow/.local/lib/python3.12/site-packages/airflow/example_dags/example_task_group.py
[2024-05-12T01:52:47.751+0000] {logging_mixin.py:188} INFO - [2024-05-12T01:52:47.751+0000] {dag.py:3096} INFO - Sync 1 DAGs
[2024-05-12T01:52:47.761+0000] {logging_mixin.py:188} INFO - [2024-05-12T01:52:47.761+0000] {dag.py:3954} INFO - Setting next_dagrun for example_task_group to 2024-05-11 00:00:00+00:00, run_after=2024-05-12 00:00:00+00:00
[2024-05-12T01:52:47.770+0000] {processor.py:183} INFO - Processing /home/airflow/.local/lib/python3.12/site-packages/airflow/example_dags/example_task_group.py took 0.038 seconds
[2024-05-12T01:53:18.057+0000] {processor.py:161} INFO - Started process (PID=104) to work on /home/airflow/.local/lib/python3.12/site-packages/airflow/example_dags/example_task_group.py
[2024-05-12T01:53:18.057+0000] {processor.py:830} INFO - Processing file /home/airflow/.local/lib/python3.12/site-packages/airflow/example_dags/example_task_group.py for tasks to queue
[2024-05-12T01:53:18.058+0000] {logging_mixin.py:188} INFO - [2024-05-12T01:53:18.058+0000] {dagbag.py:545} INFO - Filling up the DagBag from /home/airflow/.local/lib/python3.12/site-packages/airflow/example_dags/example_task_group.py
[2024-05-12T01:53:18.061+0000] {processor.py:840} INFO - DAG(s) 'example_task_group' retrieved from /home/airflow/.local/lib/python3.12/site-packages/airflow/example_dags/example_task_group.py
[2024-05-12T01:53:18.105+0000] {logging_mixin.py:188} INFO - [2024-05-12T01:53:18.105+0000] {dag.py:3096} INFO - Sync 1 DAGs
[2024-05-12T01:53:18.113+0000] {logging_mixin.py:188} INFO - [2024-05-12T01:53:18.113+0000] {dag.py:3954} INFO - Setting next_dagrun for example_task_group to 2024-05-11 00:00:00+00:00, run_after=2024-05-12 00:00:00+00:00
[2024-05-12T01:53:18.121+0000] {processor.py:183} INFO - Processing /home/airflow/.local/lib/python3.12/site-packages/airflow/example_dags/example_task_group.py took 0.067 seconds
[2024-05-12T01:53:48.183+0000] {processor.py:161} INFO - Started process (PID=162) to work on /home/airflow/.local/lib/python3.12/site-packages/airflow/example_dags/example_task_group.py
[2024-05-12T01:53:48.183+0000] {processor.py:830} INFO - Processing file /home/airflow/.local/lib/python3.12/site-packages/airflow/example_dags/example_task_group.py for tasks to queue
[2024-05-12T01:53:48.184+0000] {logging_mixin.py:188} INFO - [2024-05-12T01:53:48.184+0000] {dagbag.py:545} INFO - Filling up the DagBag from /home/airflow/.local/lib/python3.12/site-packages/airflow/example_dags/example_task_group.py
[2024-05-12T01:53:48.187+0000] {processor.py:840} INFO - DAG(s) 'example_task_group' retrieved from /home/airflow/.local/lib/python3.12/site-packages/airflow/example_dags/example_task_group.py
[2024-05-12T01:53:48.196+0000] {logging_mixin.py:188} INFO - [2024-05-12T01:53:48.195+0000] {dag.py:3096} INFO - Sync 1 DAGs
[2024-05-12T01:53:48.204+0000] {logging_mixin.py:188} INFO - [2024-05-12T01:53:48.204+0000] {dag.py:3954} INFO - Setting next_dagrun for example_task_group to 2024-05-11 00:00:00+00:00, run_after=2024-05-12 00:00:00+00:00
[2024-05-12T01:53:48.211+0000] {processor.py:183} INFO - Processing /home/airflow/.local/lib/python3.12/site-packages/airflow/example_dags/example_task_group.py took 0.031 seconds
[2024-05-12T01:54:19.019+0000] {processor.py:161} INFO - Started process (PID=220) to work on /home/airflow/.local/lib/python3.12/site-packages/airflow/example_dags/example_task_group.py
[2024-05-12T01:54:19.020+0000] {processor.py:830} INFO - Processing file /home/airflow/.local/lib/python3.12/site-packages/airflow/example_dags/example_task_group.py for tasks to queue
[2024-05-12T01:54:19.020+0000] {logging_mixin.py:188} INFO - [2024-05-12T01:54:19.020+0000] {dagbag.py:545} INFO - Filling up the DagBag from /home/airflow/.local/lib/python3.12/site-packages/airflow/example_dags/example_task_group.py
[2024-05-12T01:54:19.024+0000] {processor.py:840} INFO - DAG(s) 'example_task_group' retrieved from /home/airflow/.local/lib/python3.12/site-packages/airflow/example_dags/example_task_group.py
[2024-05-12T01:54:19.032+0000] {logging_mixin.py:188} INFO - [2024-05-12T01:54:19.032+0000] {dag.py:3096} INFO - Sync 1 DAGs
[2024-05-12T01:54:19.041+0000] {logging_mixin.py:188} INFO - [2024-05-12T01:54:19.041+0000] {dag.py:3954} INFO - Setting next_dagrun for example_task_group to 2024-05-11 00:00:00+00:00, run_after=2024-05-12 00:00:00+00:00
[2024-05-12T01:54:19.048+0000] {processor.py:183} INFO - Processing /home/airflow/.local/lib/python3.12/site-packages/airflow/example_dags/example_task_group.py took 0.032 seconds
[2024-05-12T01:54:49.563+0000] {processor.py:161} INFO - Started process (PID=278) to work on /home/airflow/.local/lib/python3.12/site-packages/airflow/example_dags/example_task_group.py
[2024-05-12T01:54:49.563+0000] {processor.py:830} INFO - Processing file /home/airflow/.local/lib/python3.12/site-packages/airflow/example_dags/example_task_group.py for tasks to queue
[2024-05-12T01:54:49.564+0000] {logging_mixin.py:188} INFO - [2024-05-12T01:54:49.564+0000] {dagbag.py:545} INFO - Filling up the DagBag from /home/airflow/.local/lib/python3.12/site-packages/airflow/example_dags/example_task_group.py
[2024-05-12T01:54:49.567+0000] {processor.py:840} INFO - DAG(s) 'example_task_group' retrieved from /home/airflow/.local/lib/python3.12/site-packages/airflow/example_dags/example_task_group.py
[2024-05-12T01:54:49.576+0000] {logging_mixin.py:188} INFO - [2024-05-12T01:54:49.576+0000] {dag.py:3096} INFO - Sync 1 DAGs
[2024-05-12T01:54:49.585+0000] {logging_mixin.py:188} INFO - [2024-05-12T01:54:49.584+0000] {dag.py:3954} INFO - Setting next_dagrun for example_task_group to 2024-05-11 00:00:00+00:00, run_after=2024-05-12 00:00:00+00:00
[2024-05-12T01:54:49.592+0000] {processor.py:183} INFO - Processing /home/airflow/.local/lib/python3.12/site-packages/airflow/example_dags/example_task_group.py took 0.031 seconds
[2024-05-12T01:55:20.087+0000] {processor.py:161} INFO - Started process (PID=336) to work on /home/airflow/.local/lib/python3.12/site-packages/airflow/example_dags/example_task_group.py
[2024-05-12T01:55:20.089+0000] {processor.py:830} INFO - Processing file /home/airflow/.local/lib/python3.12/site-packages/airflow/example_dags/example_task_group.py for tasks to queue
[2024-05-12T01:55:20.090+0000] {logging_mixin.py:188} INFO - [2024-05-12T01:55:20.089+0000] {dagbag.py:545} INFO - Filling up the DagBag from /home/airflow/.local/lib/python3.12/site-packages/airflow/example_dags/example_task_group.py
[2024-05-12T01:55:20.093+0000] {processor.py:840} INFO - DAG(s) 'example_task_group' retrieved from /home/airflow/.local/lib/python3.12/site-packages/airflow/example_dags/example_task_group.py
[2024-05-12T01:55:20.102+0000] {logging_mixin.py:188} INFO - [2024-05-12T01:55:20.102+0000] {dag.py:3096} INFO - Sync 1 DAGs
[2024-05-12T01:55:20.110+0000] {logging_mixin.py:188} INFO - [2024-05-12T01:55:20.110+0000] {dag.py:3954} INFO - Setting next_dagrun for example_task_group to 2024-05-11 00:00:00+00:00, run_after=2024-05-12 00:00:00+00:00
[2024-05-12T01:55:20.118+0000] {processor.py:183} INFO - Processing /home/airflow/.local/lib/python3.12/site-packages/airflow/example_dags/example_task_group.py took 0.034 seconds
[2024-05-12T01:55:50.597+0000] {processor.py:161} INFO - Started process (PID=394) to work on /home/airflow/.local/lib/python3.12/site-packages/airflow/example_dags/example_task_group.py
[2024-05-12T01:55:50.598+0000] {processor.py:830} INFO - Processing file /home/airflow/.local/lib/python3.12/site-packages/airflow/example_dags/example_task_group.py for tasks to queue
[2024-05-12T01:55:50.599+0000] {logging_mixin.py:188} INFO - [2024-05-12T01:55:50.599+0000] {dagbag.py:545} INFO - Filling up the DagBag from /home/airflow/.local/lib/python3.12/site-packages/airflow/example_dags/example_task_group.py
[2024-05-12T01:55:50.603+0000] {processor.py:840} INFO - DAG(s) 'example_task_group' retrieved from /home/airflow/.local/lib/python3.12/site-packages/airflow/example_dags/example_task_group.py
[2024-05-12T01:55:50.613+0000] {logging_mixin.py:188} INFO - [2024-05-12T01:55:50.613+0000] {dag.py:3096} INFO - Sync 1 DAGs
[2024-05-12T01:55:50.623+0000] {logging_mixin.py:188} INFO - [2024-05-12T01:55:50.623+0000] {dag.py:3954} INFO - Setting next_dagrun for example_task_group to 2024-05-11 00:00:00+00:00, run_after=2024-05-12 00:00:00+00:00
[2024-05-12T01:55:50.630+0000] {processor.py:183} INFO - Processing /home/airflow/.local/lib/python3.12/site-packages/airflow/example_dags/example_task_group.py took 0.035 seconds
[2024-05-12T01:56:21.158+0000] {processor.py:161} INFO - Started process (PID=452) to work on /home/airflow/.local/lib/python3.12/site-packages/airflow/example_dags/example_task_group.py
[2024-05-12T01:56:21.158+0000] {processor.py:830} INFO - Processing file /home/airflow/.local/lib/python3.12/site-packages/airflow/example_dags/example_task_group.py for tasks to queue
[2024-05-12T01:56:21.159+0000] {logging_mixin.py:188} INFO - [2024-05-12T01:56:21.159+0000] {dagbag.py:545} INFO - Filling up the DagBag from /home/airflow/.local/lib/python3.12/site-packages/airflow/example_dags/example_task_group.py
[2024-05-12T01:56:21.162+0000] {processor.py:840} INFO - DAG(s) 'example_task_group' retrieved from /home/airflow/.local/lib/python3.12/site-packages/airflow/example_dags/example_task_group.py
[2024-05-12T01:56:21.171+0000] {logging_mixin.py:188} INFO - [2024-05-12T01:56:21.171+0000] {dag.py:3096} INFO - Sync 1 DAGs
[2024-05-12T01:56:21.180+0000] {logging_mixin.py:188} INFO - [2024-05-12T01:56:21.180+0000] {dag.py:3954} INFO - Setting next_dagrun for example_task_group to 2024-05-11 00:00:00+00:00, run_after=2024-05-12 00:00:00+00:00
[2024-05-12T01:56:21.186+0000] {processor.py:183} INFO - Processing /home/airflow/.local/lib/python3.12/site-packages/airflow/example_dags/example_task_group.py took 0.032 seconds
[2024-05-12T01:56:51.739+0000] {processor.py:161} INFO - Started process (PID=510) to work on /home/airflow/.local/lib/python3.12/site-packages/airflow/example_dags/example_task_group.py
[2024-05-12T01:56:51.740+0000] {processor.py:830} INFO - Processing file /home/airflow/.local/lib/python3.12/site-packages/airflow/example_dags/example_task_group.py for tasks to queue
[2024-05-12T01:56:51.740+0000] {logging_mixin.py:188} INFO - [2024-05-12T01:56:51.740+0000] {dagbag.py:545} INFO - Filling up the DagBag from /home/airflow/.local/lib/python3.12/site-packages/airflow/example_dags/example_task_group.py
[2024-05-12T01:56:51.744+0000] {processor.py:840} INFO - DAG(s) 'example_task_group' retrieved from /home/airflow/.local/lib/python3.12/site-packages/airflow/example_dags/example_task_group.py
[2024-05-12T01:56:51.753+0000] {logging_mixin.py:188} INFO - [2024-05-12T01:56:51.753+0000] {dag.py:3096} INFO - Sync 1 DAGs
[2024-05-12T01:56:51.762+0000] {logging_mixin.py:188} INFO - [2024-05-12T01:56:51.762+0000] {dag.py:3954} INFO - Setting next_dagrun for example_task_group to 2024-05-11 00:00:00+00:00, run_after=2024-05-12 00:00:00+00:00
[2024-05-12T01:56:51.769+0000] {processor.py:183} INFO - Processing /home/airflow/.local/lib/python3.12/site-packages/airflow/example_dags/example_task_group.py took 0.032 seconds
[2024-05-12T01:57:22.248+0000] {processor.py:161} INFO - Started process (PID=568) to work on /home/airflow/.local/lib/python3.12/site-packages/airflow/example_dags/example_task_group.py
[2024-05-12T01:57:22.249+0000] {processor.py:830} INFO - Processing file /home/airflow/.local/lib/python3.12/site-packages/airflow/example_dags/example_task_group.py for tasks to queue
[2024-05-12T01:57:22.250+0000] {logging_mixin.py:188} INFO - [2024-05-12T01:57:22.250+0000] {dagbag.py:545} INFO - Filling up the DagBag from /home/airflow/.local/lib/python3.12/site-packages/airflow/example_dags/example_task_group.py
[2024-05-12T01:57:22.253+0000] {processor.py:840} INFO - DAG(s) 'example_task_group' retrieved from /home/airflow/.local/lib/python3.12/site-packages/airflow/example_dags/example_task_group.py
[2024-05-12T01:57:22.263+0000] {logging_mixin.py:188} INFO - [2024-05-12T01:57:22.263+0000] {dag.py:3096} INFO - Sync 1 DAGs
[2024-05-12T01:57:22.273+0000] {logging_mixin.py:188} INFO - [2024-05-12T01:57:22.273+0000] {dag.py:3954} INFO - Setting next_dagrun for example_task_group to 2024-05-11 00:00:00+00:00, run_after=2024-05-12 00:00:00+00:00
[2024-05-12T01:57:22.281+0000] {processor.py:183} INFO - Processing /home/airflow/.local/lib/python3.12/site-packages/airflow/example_dags/example_task_group.py took 0.035 seconds
[2024-05-12T01:57:52.764+0000] {processor.py:161} INFO - Started process (PID=627) to work on /home/airflow/.local/lib/python3.12/site-packages/airflow/example_dags/example_task_group.py
[2024-05-12T01:57:52.765+0000] {processor.py:830} INFO - Processing file /home/airflow/.local/lib/python3.12/site-packages/airflow/example_dags/example_task_group.py for tasks to queue
[2024-05-12T01:57:52.766+0000] {logging_mixin.py:188} INFO - [2024-05-12T01:57:52.766+0000] {dagbag.py:545} INFO - Filling up the DagBag from /home/airflow/.local/lib/python3.12/site-packages/airflow/example_dags/example_task_group.py
[2024-05-12T01:57:52.770+0000] {processor.py:840} INFO - DAG(s) 'example_task_group' retrieved from /home/airflow/.local/lib/python3.12/site-packages/airflow/example_dags/example_task_group.py
[2024-05-12T01:57:52.781+0000] {logging_mixin.py:188} INFO - [2024-05-12T01:57:52.781+0000] {dag.py:3096} INFO - Sync 1 DAGs
[2024-05-12T01:57:52.791+0000] {logging_mixin.py:188} INFO - [2024-05-12T01:57:52.791+0000] {dag.py:3954} INFO - Setting next_dagrun for example_task_group to 2024-05-11 00:00:00+00:00, run_after=2024-05-12 00:00:00+00:00
[2024-05-12T01:57:52.801+0000] {processor.py:183} INFO - Processing /home/airflow/.local/lib/python3.12/site-packages/airflow/example_dags/example_task_group.py took 0.042 seconds
[2024-05-12T01:58:23.319+0000] {processor.py:161} INFO - Started process (PID=686) to work on /home/airflow/.local/lib/python3.12/site-packages/airflow/example_dags/example_task_group.py
[2024-05-12T01:58:23.320+0000] {processor.py:830} INFO - Processing file /home/airflow/.local/lib/python3.12/site-packages/airflow/example_dags/example_task_group.py for tasks to queue
[2024-05-12T01:58:23.321+0000] {logging_mixin.py:188} INFO - [2024-05-12T01:58:23.321+0000] {dagbag.py:545} INFO - Filling up the DagBag from /home/airflow/.local/lib/python3.12/site-packages/airflow/example_dags/example_task_group.py
[2024-05-12T01:58:23.325+0000] {processor.py:840} INFO - DAG(s) 'example_task_group' retrieved from /home/airflow/.local/lib/python3.12/site-packages/airflow/example_dags/example_task_group.py
[2024-05-12T01:58:23.336+0000] {logging_mixin.py:188} INFO - [2024-05-12T01:58:23.336+0000] {dag.py:3096} INFO - Sync 1 DAGs
[2024-05-12T01:58:23.347+0000] {logging_mixin.py:188} INFO - [2024-05-12T01:58:23.347+0000] {dag.py:3954} INFO - Setting next_dagrun for example_task_group to 2024-05-11 00:00:00+00:00, run_after=2024-05-12 00:00:00+00:00
[2024-05-12T01:58:23.358+0000] {processor.py:183} INFO - Processing /home/airflow/.local/lib/python3.12/site-packages/airflow/example_dags/example_task_group.py took 0.041 seconds
[2024-05-12T01:58:53.960+0000] {processor.py:161} INFO - Started process (PID=745) to work on /home/airflow/.local/lib/python3.12/site-packages/airflow/example_dags/example_task_group.py
[2024-05-12T01:58:53.961+0000] {processor.py:830} INFO - Processing file /home/airflow/.local/lib/python3.12/site-packages/airflow/example_dags/example_task_group.py for tasks to queue
[2024-05-12T01:58:53.962+0000] {logging_mixin.py:188} INFO - [2024-05-12T01:58:53.962+0000] {dagbag.py:545} INFO - Filling up the DagBag from /home/airflow/.local/lib/python3.12/site-packages/airflow/example_dags/example_task_group.py
[2024-05-12T01:58:53.966+0000] {processor.py:840} INFO - DAG(s) 'example_task_group' retrieved from /home/airflow/.local/lib/python3.12/site-packages/airflow/example_dags/example_task_group.py
[2024-05-12T01:58:53.980+0000] {logging_mixin.py:188} INFO - [2024-05-12T01:58:53.980+0000] {dag.py:3096} INFO - Sync 1 DAGs
[2024-05-12T01:58:53.989+0000] {logging_mixin.py:188} INFO - [2024-05-12T01:58:53.989+0000] {dag.py:3954} INFO - Setting next_dagrun for example_task_group to 2024-05-11 00:00:00+00:00, run_after=2024-05-12 00:00:00+00:00
[2024-05-12T01:58:53.996+0000] {processor.py:183} INFO - Processing /home/airflow/.local/lib/python3.12/site-packages/airflow/example_dags/example_task_group.py took 0.038 seconds
[2024-05-12T01:59:24.685+0000] {processor.py:161} INFO - Started process (PID=804) to work on /home/airflow/.local/lib/python3.12/site-packages/airflow/example_dags/example_task_group.py
[2024-05-12T01:59:24.685+0000] {processor.py:830} INFO - Processing file /home/airflow/.local/lib/python3.12/site-packages/airflow/example_dags/example_task_group.py for tasks to queue
[2024-05-12T01:59:24.686+0000] {logging_mixin.py:188} INFO - [2024-05-12T01:59:24.686+0000] {dagbag.py:545} INFO - Filling up the DagBag from /home/airflow/.local/lib/python3.12/site-packages/airflow/example_dags/example_task_group.py
[2024-05-12T01:59:24.689+0000] {processor.py:840} INFO - DAG(s) 'example_task_group' retrieved from /home/airflow/.local/lib/python3.12/site-packages/airflow/example_dags/example_task_group.py
[2024-05-12T01:59:24.698+0000] {logging_mixin.py:188} INFO - [2024-05-12T01:59:24.698+0000] {dag.py:3096} INFO - Sync 1 DAGs
[2024-05-12T01:59:24.707+0000] {logging_mixin.py:188} INFO - [2024-05-12T01:59:24.706+0000] {dag.py:3954} INFO - Setting next_dagrun for example_task_group to 2024-05-11 00:00:00+00:00, run_after=2024-05-12 00:00:00+00:00
[2024-05-12T01:59:24.714+0000] {processor.py:183} INFO - Processing /home/airflow/.local/lib/python3.12/site-packages/airflow/example_dags/example_task_group.py took 0.031 seconds
