[2024-05-12T01:52:48.398+0000] {processor.py:161} INFO - Started process (PID=65) to work on /home/airflow/.local/lib/python3.12/site-packages/airflow/example_dags/example_skip_dag.py
[2024-05-12T01:52:48.399+0000] {processor.py:830} INFO - Processing file /home/airflow/.local/lib/python3.12/site-packages/airflow/example_dags/example_skip_dag.py for tasks to queue
[2024-05-12T01:52:48.400+0000] {logging_mixin.py:188} INFO - [2024-05-12T01:52:48.400+0000] {dagbag.py:545} INFO - Filling up the DagBag from /home/airflow/.local/lib/python3.12/site-packages/airflow/example_dags/example_skip_dag.py
[2024-05-12T01:52:48.405+0000] {processor.py:840} INFO - DAG(s) 'example_skip_dag' retrieved from /home/airflow/.local/lib/python3.12/site-packages/airflow/example_dags/example_skip_dag.py
[2024-05-12T01:52:48.416+0000] {logging_mixin.py:188} INFO - [2024-05-12T01:52:48.415+0000] {dag.py:3096} INFO - Sync 1 DAGs
[2024-05-12T01:52:48.427+0000] {logging_mixin.py:188} INFO - [2024-05-12T01:52:48.427+0000] {dag.py:3954} INFO - Setting next_dagrun for example_skip_dag to 2024-05-11 00:00:00+00:00, run_after=2024-05-12 00:00:00+00:00
[2024-05-12T01:52:48.436+0000] {processor.py:183} INFO - Processing /home/airflow/.local/lib/python3.12/site-packages/airflow/example_dags/example_skip_dag.py took 0.042 seconds
[2024-05-12T01:53:18.843+0000] {processor.py:161} INFO - Started process (PID=123) to work on /home/airflow/.local/lib/python3.12/site-packages/airflow/example_dags/example_skip_dag.py
[2024-05-12T01:53:18.844+0000] {processor.py:830} INFO - Processing file /home/airflow/.local/lib/python3.12/site-packages/airflow/example_dags/example_skip_dag.py for tasks to queue
[2024-05-12T01:53:18.844+0000] {logging_mixin.py:188} INFO - [2024-05-12T01:53:18.844+0000] {dagbag.py:545} INFO - Filling up the DagBag from /home/airflow/.local/lib/python3.12/site-packages/airflow/example_dags/example_skip_dag.py
[2024-05-12T01:53:18.848+0000] {processor.py:840} INFO - DAG(s) 'example_skip_dag' retrieved from /home/airflow/.local/lib/python3.12/site-packages/airflow/example_dags/example_skip_dag.py
[2024-05-12T01:53:18.891+0000] {logging_mixin.py:188} INFO - [2024-05-12T01:53:18.891+0000] {dag.py:3096} INFO - Sync 1 DAGs
[2024-05-12T01:53:18.900+0000] {logging_mixin.py:188} INFO - [2024-05-12T01:53:18.900+0000] {dag.py:3954} INFO - Setting next_dagrun for example_skip_dag to 2024-05-11 00:00:00+00:00, run_after=2024-05-12 00:00:00+00:00
[2024-05-12T01:53:18.910+0000] {processor.py:183} INFO - Processing /home/airflow/.local/lib/python3.12/site-packages/airflow/example_dags/example_skip_dag.py took 0.070 seconds
[2024-05-12T01:53:49.801+0000] {processor.py:161} INFO - Started process (PID=181) to work on /home/airflow/.local/lib/python3.12/site-packages/airflow/example_dags/example_skip_dag.py
[2024-05-12T01:53:49.801+0000] {processor.py:830} INFO - Processing file /home/airflow/.local/lib/python3.12/site-packages/airflow/example_dags/example_skip_dag.py for tasks to queue
[2024-05-12T01:53:49.802+0000] {logging_mixin.py:188} INFO - [2024-05-12T01:53:49.802+0000] {dagbag.py:545} INFO - Filling up the DagBag from /home/airflow/.local/lib/python3.12/site-packages/airflow/example_dags/example_skip_dag.py
[2024-05-12T01:53:49.805+0000] {processor.py:840} INFO - DAG(s) 'example_skip_dag' retrieved from /home/airflow/.local/lib/python3.12/site-packages/airflow/example_dags/example_skip_dag.py
[2024-05-12T01:53:49.814+0000] {logging_mixin.py:188} INFO - [2024-05-12T01:53:49.814+0000] {dag.py:3096} INFO - Sync 1 DAGs
[2024-05-12T01:53:49.823+0000] {logging_mixin.py:188} INFO - [2024-05-12T01:53:49.823+0000] {dag.py:3954} INFO - Setting next_dagrun for example_skip_dag to 2024-05-11 00:00:00+00:00, run_after=2024-05-12 00:00:00+00:00
[2024-05-12T01:53:49.830+0000] {processor.py:183} INFO - Processing /home/airflow/.local/lib/python3.12/site-packages/airflow/example_dags/example_skip_dag.py took 0.031 seconds
[2024-05-12T01:54:20.486+0000] {processor.py:161} INFO - Started process (PID=239) to work on /home/airflow/.local/lib/python3.12/site-packages/airflow/example_dags/example_skip_dag.py
[2024-05-12T01:54:20.486+0000] {processor.py:830} INFO - Processing file /home/airflow/.local/lib/python3.12/site-packages/airflow/example_dags/example_skip_dag.py for tasks to queue
[2024-05-12T01:54:20.487+0000] {logging_mixin.py:188} INFO - [2024-05-12T01:54:20.487+0000] {dagbag.py:545} INFO - Filling up the DagBag from /home/airflow/.local/lib/python3.12/site-packages/airflow/example_dags/example_skip_dag.py
[2024-05-12T01:54:20.490+0000] {processor.py:840} INFO - DAG(s) 'example_skip_dag' retrieved from /home/airflow/.local/lib/python3.12/site-packages/airflow/example_dags/example_skip_dag.py
[2024-05-12T01:54:20.497+0000] {logging_mixin.py:188} INFO - [2024-05-12T01:54:20.497+0000] {dag.py:3096} INFO - Sync 1 DAGs
[2024-05-12T01:54:20.505+0000] {logging_mixin.py:188} INFO - [2024-05-12T01:54:20.505+0000] {dag.py:3954} INFO - Setting next_dagrun for example_skip_dag to 2024-05-11 00:00:00+00:00, run_after=2024-05-12 00:00:00+00:00
[2024-05-12T01:54:20.512+0000] {processor.py:183} INFO - Processing /home/airflow/.local/lib/python3.12/site-packages/airflow/example_dags/example_skip_dag.py took 0.029 seconds
[2024-05-12T01:54:51.062+0000] {processor.py:161} INFO - Started process (PID=297) to work on /home/airflow/.local/lib/python3.12/site-packages/airflow/example_dags/example_skip_dag.py
[2024-05-12T01:54:51.062+0000] {processor.py:830} INFO - Processing file /home/airflow/.local/lib/python3.12/site-packages/airflow/example_dags/example_skip_dag.py for tasks to queue
[2024-05-12T01:54:51.063+0000] {logging_mixin.py:188} INFO - [2024-05-12T01:54:51.063+0000] {dagbag.py:545} INFO - Filling up the DagBag from /home/airflow/.local/lib/python3.12/site-packages/airflow/example_dags/example_skip_dag.py
[2024-05-12T01:54:51.066+0000] {processor.py:840} INFO - DAG(s) 'example_skip_dag' retrieved from /home/airflow/.local/lib/python3.12/site-packages/airflow/example_dags/example_skip_dag.py
[2024-05-12T01:54:51.075+0000] {logging_mixin.py:188} INFO - [2024-05-12T01:54:51.075+0000] {dag.py:3096} INFO - Sync 1 DAGs
[2024-05-12T01:54:51.083+0000] {logging_mixin.py:188} INFO - [2024-05-12T01:54:51.083+0000] {dag.py:3954} INFO - Setting next_dagrun for example_skip_dag to 2024-05-11 00:00:00+00:00, run_after=2024-05-12 00:00:00+00:00
[2024-05-12T01:54:51.089+0000] {processor.py:183} INFO - Processing /home/airflow/.local/lib/python3.12/site-packages/airflow/example_dags/example_skip_dag.py took 0.030 seconds
[2024-05-12T01:55:21.521+0000] {processor.py:161} INFO - Started process (PID=355) to work on /home/airflow/.local/lib/python3.12/site-packages/airflow/example_dags/example_skip_dag.py
[2024-05-12T01:55:21.521+0000] {processor.py:830} INFO - Processing file /home/airflow/.local/lib/python3.12/site-packages/airflow/example_dags/example_skip_dag.py for tasks to queue
[2024-05-12T01:55:21.522+0000] {logging_mixin.py:188} INFO - [2024-05-12T01:55:21.522+0000] {dagbag.py:545} INFO - Filling up the DagBag from /home/airflow/.local/lib/python3.12/site-packages/airflow/example_dags/example_skip_dag.py
[2024-05-12T01:55:21.525+0000] {processor.py:840} INFO - DAG(s) 'example_skip_dag' retrieved from /home/airflow/.local/lib/python3.12/site-packages/airflow/example_dags/example_skip_dag.py
[2024-05-12T01:55:21.533+0000] {logging_mixin.py:188} INFO - [2024-05-12T01:55:21.533+0000] {dag.py:3096} INFO - Sync 1 DAGs
[2024-05-12T01:55:21.541+0000] {logging_mixin.py:188} INFO - [2024-05-12T01:55:21.541+0000] {dag.py:3954} INFO - Setting next_dagrun for example_skip_dag to 2024-05-11 00:00:00+00:00, run_after=2024-05-12 00:00:00+00:00
[2024-05-12T01:55:21.547+0000] {processor.py:183} INFO - Processing /home/airflow/.local/lib/python3.12/site-packages/airflow/example_dags/example_skip_dag.py took 0.029 seconds
[2024-05-12T01:55:52.052+0000] {processor.py:161} INFO - Started process (PID=413) to work on /home/airflow/.local/lib/python3.12/site-packages/airflow/example_dags/example_skip_dag.py
[2024-05-12T01:55:52.053+0000] {processor.py:830} INFO - Processing file /home/airflow/.local/lib/python3.12/site-packages/airflow/example_dags/example_skip_dag.py for tasks to queue
[2024-05-12T01:55:52.054+0000] {logging_mixin.py:188} INFO - [2024-05-12T01:55:52.054+0000] {dagbag.py:545} INFO - Filling up the DagBag from /home/airflow/.local/lib/python3.12/site-packages/airflow/example_dags/example_skip_dag.py
[2024-05-12T01:55:52.057+0000] {processor.py:840} INFO - DAG(s) 'example_skip_dag' retrieved from /home/airflow/.local/lib/python3.12/site-packages/airflow/example_dags/example_skip_dag.py
[2024-05-12T01:55:52.065+0000] {logging_mixin.py:188} INFO - [2024-05-12T01:55:52.064+0000] {dag.py:3096} INFO - Sync 1 DAGs
[2024-05-12T01:55:52.073+0000] {logging_mixin.py:188} INFO - [2024-05-12T01:55:52.073+0000] {dag.py:3954} INFO - Setting next_dagrun for example_skip_dag to 2024-05-11 00:00:00+00:00, run_after=2024-05-12 00:00:00+00:00
[2024-05-12T01:55:52.080+0000] {processor.py:183} INFO - Processing /home/airflow/.local/lib/python3.12/site-packages/airflow/example_dags/example_skip_dag.py took 0.031 seconds
[2024-05-12T01:56:22.628+0000] {processor.py:161} INFO - Started process (PID=471) to work on /home/airflow/.local/lib/python3.12/site-packages/airflow/example_dags/example_skip_dag.py
[2024-05-12T01:56:22.629+0000] {processor.py:830} INFO - Processing file /home/airflow/.local/lib/python3.12/site-packages/airflow/example_dags/example_skip_dag.py for tasks to queue
[2024-05-12T01:56:22.629+0000] {logging_mixin.py:188} INFO - [2024-05-12T01:56:22.629+0000] {dagbag.py:545} INFO - Filling up the DagBag from /home/airflow/.local/lib/python3.12/site-packages/airflow/example_dags/example_skip_dag.py
[2024-05-12T01:56:22.632+0000] {processor.py:840} INFO - DAG(s) 'example_skip_dag' retrieved from /home/airflow/.local/lib/python3.12/site-packages/airflow/example_dags/example_skip_dag.py
[2024-05-12T01:56:22.641+0000] {logging_mixin.py:188} INFO - [2024-05-12T01:56:22.641+0000] {dag.py:3096} INFO - Sync 1 DAGs
[2024-05-12T01:56:22.650+0000] {logging_mixin.py:188} INFO - [2024-05-12T01:56:22.650+0000] {dag.py:3954} INFO - Setting next_dagrun for example_skip_dag to 2024-05-11 00:00:00+00:00, run_after=2024-05-12 00:00:00+00:00
[2024-05-12T01:56:22.657+0000] {processor.py:183} INFO - Processing /home/airflow/.local/lib/python3.12/site-packages/airflow/example_dags/example_skip_dag.py took 0.031 seconds
[2024-05-12T01:56:53.197+0000] {processor.py:161} INFO - Started process (PID=529) to work on /home/airflow/.local/lib/python3.12/site-packages/airflow/example_dags/example_skip_dag.py
[2024-05-12T01:56:53.197+0000] {processor.py:830} INFO - Processing file /home/airflow/.local/lib/python3.12/site-packages/airflow/example_dags/example_skip_dag.py for tasks to queue
[2024-05-12T01:56:53.198+0000] {logging_mixin.py:188} INFO - [2024-05-12T01:56:53.198+0000] {dagbag.py:545} INFO - Filling up the DagBag from /home/airflow/.local/lib/python3.12/site-packages/airflow/example_dags/example_skip_dag.py
[2024-05-12T01:56:53.201+0000] {processor.py:840} INFO - DAG(s) 'example_skip_dag' retrieved from /home/airflow/.local/lib/python3.12/site-packages/airflow/example_dags/example_skip_dag.py
[2024-05-12T01:56:53.210+0000] {logging_mixin.py:188} INFO - [2024-05-12T01:56:53.210+0000] {dag.py:3096} INFO - Sync 1 DAGs
[2024-05-12T01:56:53.218+0000] {logging_mixin.py:188} INFO - [2024-05-12T01:56:53.218+0000] {dag.py:3954} INFO - Setting next_dagrun for example_skip_dag to 2024-05-11 00:00:00+00:00, run_after=2024-05-12 00:00:00+00:00
[2024-05-12T01:56:53.225+0000] {processor.py:183} INFO - Processing /home/airflow/.local/lib/python3.12/site-packages/airflow/example_dags/example_skip_dag.py took 0.031 seconds
[2024-05-12T01:57:23.718+0000] {processor.py:161} INFO - Started process (PID=587) to work on /home/airflow/.local/lib/python3.12/site-packages/airflow/example_dags/example_skip_dag.py
[2024-05-12T01:57:23.719+0000] {processor.py:830} INFO - Processing file /home/airflow/.local/lib/python3.12/site-packages/airflow/example_dags/example_skip_dag.py for tasks to queue
[2024-05-12T01:57:23.720+0000] {logging_mixin.py:188} INFO - [2024-05-12T01:57:23.720+0000] {dagbag.py:545} INFO - Filling up the DagBag from /home/airflow/.local/lib/python3.12/site-packages/airflow/example_dags/example_skip_dag.py
[2024-05-12T01:57:23.724+0000] {processor.py:840} INFO - DAG(s) 'example_skip_dag' retrieved from /home/airflow/.local/lib/python3.12/site-packages/airflow/example_dags/example_skip_dag.py
[2024-05-12T01:57:23.735+0000] {logging_mixin.py:188} INFO - [2024-05-12T01:57:23.735+0000] {dag.py:3096} INFO - Sync 1 DAGs
[2024-05-12T01:57:23.743+0000] {logging_mixin.py:188} INFO - [2024-05-12T01:57:23.743+0000] {dag.py:3954} INFO - Setting next_dagrun for example_skip_dag to 2024-05-11 00:00:00+00:00, run_after=2024-05-12 00:00:00+00:00
[2024-05-12T01:57:23.751+0000] {processor.py:183} INFO - Processing /home/airflow/.local/lib/python3.12/site-packages/airflow/example_dags/example_skip_dag.py took 0.036 seconds
[2024-05-12T01:57:54.236+0000] {processor.py:161} INFO - Started process (PID=646) to work on /home/airflow/.local/lib/python3.12/site-packages/airflow/example_dags/example_skip_dag.py
[2024-05-12T01:57:54.237+0000] {processor.py:830} INFO - Processing file /home/airflow/.local/lib/python3.12/site-packages/airflow/example_dags/example_skip_dag.py for tasks to queue
[2024-05-12T01:57:54.238+0000] {logging_mixin.py:188} INFO - [2024-05-12T01:57:54.238+0000] {dagbag.py:545} INFO - Filling up the DagBag from /home/airflow/.local/lib/python3.12/site-packages/airflow/example_dags/example_skip_dag.py
[2024-05-12T01:57:54.241+0000] {processor.py:840} INFO - DAG(s) 'example_skip_dag' retrieved from /home/airflow/.local/lib/python3.12/site-packages/airflow/example_dags/example_skip_dag.py
[2024-05-12T01:57:54.251+0000] {logging_mixin.py:188} INFO - [2024-05-12T01:57:54.251+0000] {dag.py:3096} INFO - Sync 1 DAGs
[2024-05-12T01:57:54.260+0000] {logging_mixin.py:188} INFO - [2024-05-12T01:57:54.260+0000] {dag.py:3954} INFO - Setting next_dagrun for example_skip_dag to 2024-05-11 00:00:00+00:00, run_after=2024-05-12 00:00:00+00:00
[2024-05-12T01:57:54.267+0000] {processor.py:183} INFO - Processing /home/airflow/.local/lib/python3.12/site-packages/airflow/example_dags/example_skip_dag.py took 0.033 seconds
[2024-05-12T01:58:24.750+0000] {processor.py:161} INFO - Started process (PID=705) to work on /home/airflow/.local/lib/python3.12/site-packages/airflow/example_dags/example_skip_dag.py
[2024-05-12T01:58:24.751+0000] {processor.py:830} INFO - Processing file /home/airflow/.local/lib/python3.12/site-packages/airflow/example_dags/example_skip_dag.py for tasks to queue
[2024-05-12T01:58:24.752+0000] {logging_mixin.py:188} INFO - [2024-05-12T01:58:24.752+0000] {dagbag.py:545} INFO - Filling up the DagBag from /home/airflow/.local/lib/python3.12/site-packages/airflow/example_dags/example_skip_dag.py
[2024-05-12T01:58:24.755+0000] {processor.py:840} INFO - DAG(s) 'example_skip_dag' retrieved from /home/airflow/.local/lib/python3.12/site-packages/airflow/example_dags/example_skip_dag.py
[2024-05-12T01:58:24.764+0000] {logging_mixin.py:188} INFO - [2024-05-12T01:58:24.764+0000] {dag.py:3096} INFO - Sync 1 DAGs
[2024-05-12T01:58:24.772+0000] {logging_mixin.py:188} INFO - [2024-05-12T01:58:24.772+0000] {dag.py:3954} INFO - Setting next_dagrun for example_skip_dag to 2024-05-11 00:00:00+00:00, run_after=2024-05-12 00:00:00+00:00
[2024-05-12T01:58:24.779+0000] {processor.py:183} INFO - Processing /home/airflow/.local/lib/python3.12/site-packages/airflow/example_dags/example_skip_dag.py took 0.031 seconds
[2024-05-12T01:58:55.464+0000] {processor.py:161} INFO - Started process (PID=764) to work on /home/airflow/.local/lib/python3.12/site-packages/airflow/example_dags/example_skip_dag.py
[2024-05-12T01:58:55.465+0000] {processor.py:830} INFO - Processing file /home/airflow/.local/lib/python3.12/site-packages/airflow/example_dags/example_skip_dag.py for tasks to queue
[2024-05-12T01:58:55.466+0000] {logging_mixin.py:188} INFO - [2024-05-12T01:58:55.465+0000] {dagbag.py:545} INFO - Filling up the DagBag from /home/airflow/.local/lib/python3.12/site-packages/airflow/example_dags/example_skip_dag.py
[2024-05-12T01:58:55.468+0000] {processor.py:840} INFO - DAG(s) 'example_skip_dag' retrieved from /home/airflow/.local/lib/python3.12/site-packages/airflow/example_dags/example_skip_dag.py
[2024-05-12T01:58:55.477+0000] {logging_mixin.py:188} INFO - [2024-05-12T01:58:55.476+0000] {dag.py:3096} INFO - Sync 1 DAGs
[2024-05-12T01:58:55.485+0000] {logging_mixin.py:188} INFO - [2024-05-12T01:58:55.485+0000] {dag.py:3954} INFO - Setting next_dagrun for example_skip_dag to 2024-05-11 00:00:00+00:00, run_after=2024-05-12 00:00:00+00:00
[2024-05-12T01:58:55.494+0000] {processor.py:183} INFO - Processing /home/airflow/.local/lib/python3.12/site-packages/airflow/example_dags/example_skip_dag.py took 0.032 seconds
[2024-05-12T01:59:26.193+0000] {processor.py:161} INFO - Started process (PID=823) to work on /home/airflow/.local/lib/python3.12/site-packages/airflow/example_dags/example_skip_dag.py
[2024-05-12T01:59:26.193+0000] {processor.py:830} INFO - Processing file /home/airflow/.local/lib/python3.12/site-packages/airflow/example_dags/example_skip_dag.py for tasks to queue
[2024-05-12T01:59:26.195+0000] {logging_mixin.py:188} INFO - [2024-05-12T01:59:26.194+0000] {dagbag.py:545} INFO - Filling up the DagBag from /home/airflow/.local/lib/python3.12/site-packages/airflow/example_dags/example_skip_dag.py
[2024-05-12T01:59:26.198+0000] {processor.py:840} INFO - DAG(s) 'example_skip_dag' retrieved from /home/airflow/.local/lib/python3.12/site-packages/airflow/example_dags/example_skip_dag.py
[2024-05-12T01:59:26.207+0000] {logging_mixin.py:188} INFO - [2024-05-12T01:59:26.207+0000] {dag.py:3096} INFO - Sync 1 DAGs
[2024-05-12T01:59:26.216+0000] {logging_mixin.py:188} INFO - [2024-05-12T01:59:26.216+0000] {dag.py:3954} INFO - Setting next_dagrun for example_skip_dag to 2024-05-11 00:00:00+00:00, run_after=2024-05-12 00:00:00+00:00
[2024-05-12T01:59:26.224+0000] {processor.py:183} INFO - Processing /home/airflow/.local/lib/python3.12/site-packages/airflow/example_dags/example_skip_dag.py took 0.034 seconds
