[2024-05-12T01:52:48.909+0000] {processor.py:161} INFO - Started process (PID=77) to work on /home/airflow/.local/lib/python3.12/site-packages/airflow/example_dags/example_complex.py
[2024-05-12T01:52:48.909+0000] {processor.py:830} INFO - Processing file /home/airflow/.local/lib/python3.12/site-packages/airflow/example_dags/example_complex.py for tasks to queue
[2024-05-12T01:52:48.910+0000] {logging_mixin.py:188} INFO - [2024-05-12T01:52:48.910+0000] {dagbag.py:545} INFO - Filling up the DagBag from /home/airflow/.local/lib/python3.12/site-packages/airflow/example_dags/example_complex.py
[2024-05-12T01:52:48.918+0000] {processor.py:840} INFO - DAG(s) 'example_complex' retrieved from /home/airflow/.local/lib/python3.12/site-packages/airflow/example_dags/example_complex.py
[2024-05-12T01:52:48.925+0000] {logging_mixin.py:188} INFO - [2024-05-12T01:52:48.925+0000] {dag.py:3096} INFO - Sync 1 DAGs
[2024-05-12T01:52:48.934+0000] {logging_mixin.py:188} INFO - [2024-05-12T01:52:48.934+0000] {dag.py:3954} INFO - Setting next_dagrun for example_complex to None, run_after=None
[2024-05-12T01:52:48.944+0000] {processor.py:183} INFO - Processing /home/airflow/.local/lib/python3.12/site-packages/airflow/example_dags/example_complex.py took 0.038 seconds
[2024-05-12T01:53:19.407+0000] {processor.py:161} INFO - Started process (PID=135) to work on /home/airflow/.local/lib/python3.12/site-packages/airflow/example_dags/example_complex.py
[2024-05-12T01:53:19.407+0000] {processor.py:830} INFO - Processing file /home/airflow/.local/lib/python3.12/site-packages/airflow/example_dags/example_complex.py for tasks to queue
[2024-05-12T01:53:19.408+0000] {logging_mixin.py:188} INFO - [2024-05-12T01:53:19.408+0000] {dagbag.py:545} INFO - Filling up the DagBag from /home/airflow/.local/lib/python3.12/site-packages/airflow/example_dags/example_complex.py
[2024-05-12T01:53:19.413+0000] {processor.py:840} INFO - DAG(s) 'example_complex' retrieved from /home/airflow/.local/lib/python3.12/site-packages/airflow/example_dags/example_complex.py
[2024-05-12T01:53:19.463+0000] {logging_mixin.py:188} INFO - [2024-05-12T01:53:19.463+0000] {dag.py:3096} INFO - Sync 1 DAGs
[2024-05-12T01:53:19.467+0000] {logging_mixin.py:188} INFO - [2024-05-12T01:53:19.467+0000] {dag.py:3954} INFO - Setting next_dagrun for example_complex to None, run_after=None
[2024-05-12T01:53:19.474+0000] {processor.py:183} INFO - Processing /home/airflow/.local/lib/python3.12/site-packages/airflow/example_dags/example_complex.py took 0.070 seconds
[2024-05-12T01:53:50.197+0000] {processor.py:161} INFO - Started process (PID=193) to work on /home/airflow/.local/lib/python3.12/site-packages/airflow/example_dags/example_complex.py
[2024-05-12T01:53:50.198+0000] {processor.py:830} INFO - Processing file /home/airflow/.local/lib/python3.12/site-packages/airflow/example_dags/example_complex.py for tasks to queue
[2024-05-12T01:53:50.199+0000] {logging_mixin.py:188} INFO - [2024-05-12T01:53:50.199+0000] {dagbag.py:545} INFO - Filling up the DagBag from /home/airflow/.local/lib/python3.12/site-packages/airflow/example_dags/example_complex.py
[2024-05-12T01:53:50.206+0000] {processor.py:840} INFO - DAG(s) 'example_complex' retrieved from /home/airflow/.local/lib/python3.12/site-packages/airflow/example_dags/example_complex.py
[2024-05-12T01:53:50.228+0000] {logging_mixin.py:188} INFO - [2024-05-12T01:53:50.228+0000] {dag.py:3096} INFO - Sync 1 DAGs
[2024-05-12T01:53:50.236+0000] {logging_mixin.py:188} INFO - [2024-05-12T01:53:50.236+0000] {dag.py:3954} INFO - Setting next_dagrun for example_complex to None, run_after=None
[2024-05-12T01:53:50.253+0000] {processor.py:183} INFO - Processing /home/airflow/.local/lib/python3.12/site-packages/airflow/example_dags/example_complex.py took 0.059 seconds
[2024-05-12T01:54:20.832+0000] {processor.py:161} INFO - Started process (PID=251) to work on /home/airflow/.local/lib/python3.12/site-packages/airflow/example_dags/example_complex.py
[2024-05-12T01:54:20.833+0000] {processor.py:830} INFO - Processing file /home/airflow/.local/lib/python3.12/site-packages/airflow/example_dags/example_complex.py for tasks to queue
[2024-05-12T01:54:20.833+0000] {logging_mixin.py:188} INFO - [2024-05-12T01:54:20.833+0000] {dagbag.py:545} INFO - Filling up the DagBag from /home/airflow/.local/lib/python3.12/site-packages/airflow/example_dags/example_complex.py
[2024-05-12T01:54:20.838+0000] {processor.py:840} INFO - DAG(s) 'example_complex' retrieved from /home/airflow/.local/lib/python3.12/site-packages/airflow/example_dags/example_complex.py
[2024-05-12T01:54:20.853+0000] {logging_mixin.py:188} INFO - [2024-05-12T01:54:20.853+0000] {dag.py:3096} INFO - Sync 1 DAGs
[2024-05-12T01:54:20.858+0000] {logging_mixin.py:188} INFO - [2024-05-12T01:54:20.858+0000] {dag.py:3954} INFO - Setting next_dagrun for example_complex to None, run_after=None
[2024-05-12T01:54:20.866+0000] {processor.py:183} INFO - Processing /home/airflow/.local/lib/python3.12/site-packages/airflow/example_dags/example_complex.py took 0.037 seconds
[2024-05-12T01:54:51.291+0000] {processor.py:161} INFO - Started process (PID=309) to work on /home/airflow/.local/lib/python3.12/site-packages/airflow/example_dags/example_complex.py
[2024-05-12T01:54:51.292+0000] {processor.py:830} INFO - Processing file /home/airflow/.local/lib/python3.12/site-packages/airflow/example_dags/example_complex.py for tasks to queue
[2024-05-12T01:54:51.292+0000] {logging_mixin.py:188} INFO - [2024-05-12T01:54:51.292+0000] {dagbag.py:545} INFO - Filling up the DagBag from /home/airflow/.local/lib/python3.12/site-packages/airflow/example_dags/example_complex.py
[2024-05-12T01:54:51.297+0000] {processor.py:840} INFO - DAG(s) 'example_complex' retrieved from /home/airflow/.local/lib/python3.12/site-packages/airflow/example_dags/example_complex.py
[2024-05-12T01:54:51.309+0000] {logging_mixin.py:188} INFO - [2024-05-12T01:54:51.309+0000] {dag.py:3096} INFO - Sync 1 DAGs
[2024-05-12T01:54:51.314+0000] {logging_mixin.py:188} INFO - [2024-05-12T01:54:51.314+0000] {dag.py:3954} INFO - Setting next_dagrun for example_complex to None, run_after=None
[2024-05-12T01:54:51.322+0000] {processor.py:183} INFO - Processing /home/airflow/.local/lib/python3.12/site-packages/airflow/example_dags/example_complex.py took 0.034 seconds
[2024-05-12T01:55:21.787+0000] {processor.py:161} INFO - Started process (PID=367) to work on /home/airflow/.local/lib/python3.12/site-packages/airflow/example_dags/example_complex.py
[2024-05-12T01:55:21.787+0000] {processor.py:830} INFO - Processing file /home/airflow/.local/lib/python3.12/site-packages/airflow/example_dags/example_complex.py for tasks to queue
[2024-05-12T01:55:21.788+0000] {logging_mixin.py:188} INFO - [2024-05-12T01:55:21.788+0000] {dagbag.py:545} INFO - Filling up the DagBag from /home/airflow/.local/lib/python3.12/site-packages/airflow/example_dags/example_complex.py
[2024-05-12T01:55:21.792+0000] {processor.py:840} INFO - DAG(s) 'example_complex' retrieved from /home/airflow/.local/lib/python3.12/site-packages/airflow/example_dags/example_complex.py
[2024-05-12T01:55:21.804+0000] {logging_mixin.py:188} INFO - [2024-05-12T01:55:21.804+0000] {dag.py:3096} INFO - Sync 1 DAGs
[2024-05-12T01:55:21.809+0000] {logging_mixin.py:188} INFO - [2024-05-12T01:55:21.809+0000] {dag.py:3954} INFO - Setting next_dagrun for example_complex to None, run_after=None
[2024-05-12T01:55:21.816+0000] {processor.py:183} INFO - Processing /home/airflow/.local/lib/python3.12/site-packages/airflow/example_dags/example_complex.py took 0.032 seconds
[2024-05-12T01:55:52.406+0000] {processor.py:161} INFO - Started process (PID=425) to work on /home/airflow/.local/lib/python3.12/site-packages/airflow/example_dags/example_complex.py
[2024-05-12T01:55:52.406+0000] {processor.py:830} INFO - Processing file /home/airflow/.local/lib/python3.12/site-packages/airflow/example_dags/example_complex.py for tasks to queue
[2024-05-12T01:55:52.407+0000] {logging_mixin.py:188} INFO - [2024-05-12T01:55:52.407+0000] {dagbag.py:545} INFO - Filling up the DagBag from /home/airflow/.local/lib/python3.12/site-packages/airflow/example_dags/example_complex.py
[2024-05-12T01:55:52.412+0000] {processor.py:840} INFO - DAG(s) 'example_complex' retrieved from /home/airflow/.local/lib/python3.12/site-packages/airflow/example_dags/example_complex.py
[2024-05-12T01:55:52.424+0000] {logging_mixin.py:188} INFO - [2024-05-12T01:55:52.424+0000] {dag.py:3096} INFO - Sync 1 DAGs
[2024-05-12T01:55:52.429+0000] {logging_mixin.py:188} INFO - [2024-05-12T01:55:52.429+0000] {dag.py:3954} INFO - Setting next_dagrun for example_complex to None, run_after=None
[2024-05-12T01:55:52.437+0000] {processor.py:183} INFO - Processing /home/airflow/.local/lib/python3.12/site-packages/airflow/example_dags/example_complex.py took 0.034 seconds
[2024-05-12T01:56:22.953+0000] {processor.py:161} INFO - Started process (PID=483) to work on /home/airflow/.local/lib/python3.12/site-packages/airflow/example_dags/example_complex.py
[2024-05-12T01:56:22.953+0000] {processor.py:830} INFO - Processing file /home/airflow/.local/lib/python3.12/site-packages/airflow/example_dags/example_complex.py for tasks to queue
[2024-05-12T01:56:22.954+0000] {logging_mixin.py:188} INFO - [2024-05-12T01:56:22.954+0000] {dagbag.py:545} INFO - Filling up the DagBag from /home/airflow/.local/lib/python3.12/site-packages/airflow/example_dags/example_complex.py
[2024-05-12T01:56:22.959+0000] {processor.py:840} INFO - DAG(s) 'example_complex' retrieved from /home/airflow/.local/lib/python3.12/site-packages/airflow/example_dags/example_complex.py
[2024-05-12T01:56:22.971+0000] {logging_mixin.py:188} INFO - [2024-05-12T01:56:22.971+0000] {dag.py:3096} INFO - Sync 1 DAGs
[2024-05-12T01:56:22.977+0000] {logging_mixin.py:188} INFO - [2024-05-12T01:56:22.977+0000] {dag.py:3954} INFO - Setting next_dagrun for example_complex to None, run_after=None
[2024-05-12T01:56:22.984+0000] {processor.py:183} INFO - Processing /home/airflow/.local/lib/python3.12/site-packages/airflow/example_dags/example_complex.py took 0.034 seconds
[2024-05-12T01:56:53.484+0000] {processor.py:161} INFO - Started process (PID=541) to work on /home/airflow/.local/lib/python3.12/site-packages/airflow/example_dags/example_complex.py
[2024-05-12T01:56:53.484+0000] {processor.py:830} INFO - Processing file /home/airflow/.local/lib/python3.12/site-packages/airflow/example_dags/example_complex.py for tasks to queue
[2024-05-12T01:56:53.485+0000] {logging_mixin.py:188} INFO - [2024-05-12T01:56:53.485+0000] {dagbag.py:545} INFO - Filling up the DagBag from /home/airflow/.local/lib/python3.12/site-packages/airflow/example_dags/example_complex.py
[2024-05-12T01:56:53.489+0000] {processor.py:840} INFO - DAG(s) 'example_complex' retrieved from /home/airflow/.local/lib/python3.12/site-packages/airflow/example_dags/example_complex.py
[2024-05-12T01:56:53.501+0000] {logging_mixin.py:188} INFO - [2024-05-12T01:56:53.501+0000] {dag.py:3096} INFO - Sync 1 DAGs
[2024-05-12T01:56:53.506+0000] {logging_mixin.py:188} INFO - [2024-05-12T01:56:53.506+0000] {dag.py:3954} INFO - Setting next_dagrun for example_complex to None, run_after=None
[2024-05-12T01:56:53.512+0000] {processor.py:183} INFO - Processing /home/airflow/.local/lib/python3.12/site-packages/airflow/example_dags/example_complex.py took 0.031 seconds
[2024-05-12T01:57:23.978+0000] {processor.py:161} INFO - Started process (PID=599) to work on /home/airflow/.local/lib/python3.12/site-packages/airflow/example_dags/example_complex.py
[2024-05-12T01:57:23.979+0000] {processor.py:830} INFO - Processing file /home/airflow/.local/lib/python3.12/site-packages/airflow/example_dags/example_complex.py for tasks to queue
[2024-05-12T01:57:23.980+0000] {logging_mixin.py:188} INFO - [2024-05-12T01:57:23.980+0000] {dagbag.py:545} INFO - Filling up the DagBag from /home/airflow/.local/lib/python3.12/site-packages/airflow/example_dags/example_complex.py
[2024-05-12T01:57:23.984+0000] {processor.py:840} INFO - DAG(s) 'example_complex' retrieved from /home/airflow/.local/lib/python3.12/site-packages/airflow/example_dags/example_complex.py
[2024-05-12T01:57:23.996+0000] {logging_mixin.py:188} INFO - [2024-05-12T01:57:23.996+0000] {dag.py:3096} INFO - Sync 1 DAGs
[2024-05-12T01:57:24.001+0000] {logging_mixin.py:188} INFO - [2024-05-12T01:57:24.001+0000] {dag.py:3954} INFO - Setting next_dagrun for example_complex to None, run_after=None
[2024-05-12T01:57:24.008+0000] {processor.py:183} INFO - Processing /home/airflow/.local/lib/python3.12/site-packages/airflow/example_dags/example_complex.py took 0.033 seconds
[2024-05-12T01:57:54.526+0000] {processor.py:161} INFO - Started process (PID=658) to work on /home/airflow/.local/lib/python3.12/site-packages/airflow/example_dags/example_complex.py
[2024-05-12T01:57:54.527+0000] {processor.py:830} INFO - Processing file /home/airflow/.local/lib/python3.12/site-packages/airflow/example_dags/example_complex.py for tasks to queue
[2024-05-12T01:57:54.527+0000] {logging_mixin.py:188} INFO - [2024-05-12T01:57:54.527+0000] {dagbag.py:545} INFO - Filling up the DagBag from /home/airflow/.local/lib/python3.12/site-packages/airflow/example_dags/example_complex.py
[2024-05-12T01:57:54.532+0000] {processor.py:840} INFO - DAG(s) 'example_complex' retrieved from /home/airflow/.local/lib/python3.12/site-packages/airflow/example_dags/example_complex.py
[2024-05-12T01:57:54.545+0000] {logging_mixin.py:188} INFO - [2024-05-12T01:57:54.545+0000] {dag.py:3096} INFO - Sync 1 DAGs
[2024-05-12T01:57:54.552+0000] {logging_mixin.py:188} INFO - [2024-05-12T01:57:54.552+0000] {dag.py:3954} INFO - Setting next_dagrun for example_complex to None, run_after=None
[2024-05-12T01:57:54.561+0000] {processor.py:183} INFO - Processing /home/airflow/.local/lib/python3.12/site-packages/airflow/example_dags/example_complex.py took 0.037 seconds
[2024-05-12T01:58:25.092+0000] {processor.py:161} INFO - Started process (PID=717) to work on /home/airflow/.local/lib/python3.12/site-packages/airflow/example_dags/example_complex.py
[2024-05-12T01:58:25.092+0000] {processor.py:830} INFO - Processing file /home/airflow/.local/lib/python3.12/site-packages/airflow/example_dags/example_complex.py for tasks to queue
[2024-05-12T01:58:25.094+0000] {logging_mixin.py:188} INFO - [2024-05-12T01:58:25.093+0000] {dagbag.py:545} INFO - Filling up the DagBag from /home/airflow/.local/lib/python3.12/site-packages/airflow/example_dags/example_complex.py
[2024-05-12T01:58:25.098+0000] {processor.py:840} INFO - DAG(s) 'example_complex' retrieved from /home/airflow/.local/lib/python3.12/site-packages/airflow/example_dags/example_complex.py
[2024-05-12T01:58:25.111+0000] {logging_mixin.py:188} INFO - [2024-05-12T01:58:25.111+0000] {dag.py:3096} INFO - Sync 1 DAGs
[2024-05-12T01:58:25.116+0000] {logging_mixin.py:188} INFO - [2024-05-12T01:58:25.116+0000] {dag.py:3954} INFO - Setting next_dagrun for example_complex to None, run_after=None
[2024-05-12T01:58:25.124+0000] {processor.py:183} INFO - Processing /home/airflow/.local/lib/python3.12/site-packages/airflow/example_dags/example_complex.py took 0.036 seconds
[2024-05-12T01:58:55.853+0000] {processor.py:161} INFO - Started process (PID=776) to work on /home/airflow/.local/lib/python3.12/site-packages/airflow/example_dags/example_complex.py
[2024-05-12T01:58:55.854+0000] {processor.py:830} INFO - Processing file /home/airflow/.local/lib/python3.12/site-packages/airflow/example_dags/example_complex.py for tasks to queue
[2024-05-12T01:58:55.854+0000] {logging_mixin.py:188} INFO - [2024-05-12T01:58:55.854+0000] {dagbag.py:545} INFO - Filling up the DagBag from /home/airflow/.local/lib/python3.12/site-packages/airflow/example_dags/example_complex.py
[2024-05-12T01:58:55.859+0000] {processor.py:840} INFO - DAG(s) 'example_complex' retrieved from /home/airflow/.local/lib/python3.12/site-packages/airflow/example_dags/example_complex.py
[2024-05-12T01:58:55.874+0000] {logging_mixin.py:188} INFO - [2024-05-12T01:58:55.874+0000] {dag.py:3096} INFO - Sync 1 DAGs
[2024-05-12T01:58:55.883+0000] {logging_mixin.py:188} INFO - [2024-05-12T01:58:55.883+0000] {dag.py:3954} INFO - Setting next_dagrun for example_complex to None, run_after=None
[2024-05-12T01:58:55.892+0000] {processor.py:183} INFO - Processing /home/airflow/.local/lib/python3.12/site-packages/airflow/example_dags/example_complex.py took 0.042 seconds
[2024-05-12T01:59:26.543+0000] {processor.py:161} INFO - Started process (PID=835) to work on /home/airflow/.local/lib/python3.12/site-packages/airflow/example_dags/example_complex.py
[2024-05-12T01:59:26.544+0000] {processor.py:830} INFO - Processing file /home/airflow/.local/lib/python3.12/site-packages/airflow/example_dags/example_complex.py for tasks to queue
[2024-05-12T01:59:26.545+0000] {logging_mixin.py:188} INFO - [2024-05-12T01:59:26.545+0000] {dagbag.py:545} INFO - Filling up the DagBag from /home/airflow/.local/lib/python3.12/site-packages/airflow/example_dags/example_complex.py
[2024-05-12T01:59:26.550+0000] {processor.py:840} INFO - DAG(s) 'example_complex' retrieved from /home/airflow/.local/lib/python3.12/site-packages/airflow/example_dags/example_complex.py
[2024-05-12T01:59:26.564+0000] {logging_mixin.py:188} INFO - [2024-05-12T01:59:26.564+0000] {dag.py:3096} INFO - Sync 1 DAGs
[2024-05-12T01:59:26.571+0000] {logging_mixin.py:188} INFO - [2024-05-12T01:59:26.571+0000] {dag.py:3954} INFO - Setting next_dagrun for example_complex to None, run_after=None
[2024-05-12T01:59:26.580+0000] {processor.py:183} INFO - Processing /home/airflow/.local/lib/python3.12/site-packages/airflow/example_dags/example_complex.py took 0.040 seconds
[2024-05-12T01:59:57.345+0000] {processor.py:161} INFO - Started process (PID=894) to work on /home/airflow/.local/lib/python3.12/site-packages/airflow/example_dags/example_complex.py
[2024-05-12T01:59:57.346+0000] {processor.py:830} INFO - Processing file /home/airflow/.local/lib/python3.12/site-packages/airflow/example_dags/example_complex.py for tasks to queue
[2024-05-12T01:59:57.346+0000] {logging_mixin.py:188} INFO - [2024-05-12T01:59:57.346+0000] {dagbag.py:545} INFO - Filling up the DagBag from /home/airflow/.local/lib/python3.12/site-packages/airflow/example_dags/example_complex.py
[2024-05-12T01:59:57.351+0000] {processor.py:840} INFO - DAG(s) 'example_complex' retrieved from /home/airflow/.local/lib/python3.12/site-packages/airflow/example_dags/example_complex.py
[2024-05-12T01:59:57.364+0000] {logging_mixin.py:188} INFO - [2024-05-12T01:59:57.364+0000] {dag.py:3096} INFO - Sync 1 DAGs
[2024-05-12T01:59:57.370+0000] {logging_mixin.py:188} INFO - [2024-05-12T01:59:57.370+0000] {dag.py:3954} INFO - Setting next_dagrun for example_complex to None, run_after=None
[2024-05-12T01:59:57.379+0000] {processor.py:183} INFO - Processing /home/airflow/.local/lib/python3.12/site-packages/airflow/example_dags/example_complex.py took 0.036 seconds
[2024-05-12T02:00:28.207+0000] {processor.py:161} INFO - Started process (PID=953) to work on /home/airflow/.local/lib/python3.12/site-packages/airflow/example_dags/example_complex.py
[2024-05-12T02:00:28.208+0000] {processor.py:830} INFO - Processing file /home/airflow/.local/lib/python3.12/site-packages/airflow/example_dags/example_complex.py for tasks to queue
[2024-05-12T02:00:28.209+0000] {logging_mixin.py:188} INFO - [2024-05-12T02:00:28.209+0000] {dagbag.py:545} INFO - Filling up the DagBag from /home/airflow/.local/lib/python3.12/site-packages/airflow/example_dags/example_complex.py
[2024-05-12T02:00:28.217+0000] {processor.py:840} INFO - DAG(s) 'example_complex' retrieved from /home/airflow/.local/lib/python3.12/site-packages/airflow/example_dags/example_complex.py
[2024-05-12T02:00:28.234+0000] {logging_mixin.py:188} INFO - [2024-05-12T02:00:28.234+0000] {dag.py:3096} INFO - Sync 1 DAGs
[2024-05-12T02:00:28.240+0000] {logging_mixin.py:188} INFO - [2024-05-12T02:00:28.240+0000] {dag.py:3954} INFO - Setting next_dagrun for example_complex to None, run_after=None
[2024-05-12T02:00:28.248+0000] {processor.py:183} INFO - Processing /home/airflow/.local/lib/python3.12/site-packages/airflow/example_dags/example_complex.py took 0.044 seconds
[2024-05-12T02:00:58.858+0000] {processor.py:161} INFO - Started process (PID=1012) to work on /home/airflow/.local/lib/python3.12/site-packages/airflow/example_dags/example_complex.py
[2024-05-12T02:00:58.859+0000] {processor.py:830} INFO - Processing file /home/airflow/.local/lib/python3.12/site-packages/airflow/example_dags/example_complex.py for tasks to queue
[2024-05-12T02:00:58.860+0000] {logging_mixin.py:188} INFO - [2024-05-12T02:00:58.860+0000] {dagbag.py:545} INFO - Filling up the DagBag from /home/airflow/.local/lib/python3.12/site-packages/airflow/example_dags/example_complex.py
[2024-05-12T02:00:58.864+0000] {processor.py:840} INFO - DAG(s) 'example_complex' retrieved from /home/airflow/.local/lib/python3.12/site-packages/airflow/example_dags/example_complex.py
[2024-05-12T02:00:58.878+0000] {logging_mixin.py:188} INFO - [2024-05-12T02:00:58.878+0000] {dag.py:3096} INFO - Sync 1 DAGs
[2024-05-12T02:00:58.884+0000] {logging_mixin.py:188} INFO - [2024-05-12T02:00:58.884+0000] {dag.py:3954} INFO - Setting next_dagrun for example_complex to None, run_after=None
[2024-05-12T02:00:58.893+0000] {processor.py:183} INFO - Processing /home/airflow/.local/lib/python3.12/site-packages/airflow/example_dags/example_complex.py took 0.038 seconds
[2024-05-12T02:01:29.551+0000] {processor.py:161} INFO - Started process (PID=1071) to work on /home/airflow/.local/lib/python3.12/site-packages/airflow/example_dags/example_complex.py
[2024-05-12T02:01:29.551+0000] {processor.py:830} INFO - Processing file /home/airflow/.local/lib/python3.12/site-packages/airflow/example_dags/example_complex.py for tasks to queue
[2024-05-12T02:01:29.552+0000] {logging_mixin.py:188} INFO - [2024-05-12T02:01:29.552+0000] {dagbag.py:545} INFO - Filling up the DagBag from /home/airflow/.local/lib/python3.12/site-packages/airflow/example_dags/example_complex.py
[2024-05-12T02:01:29.557+0000] {processor.py:840} INFO - DAG(s) 'example_complex' retrieved from /home/airflow/.local/lib/python3.12/site-packages/airflow/example_dags/example_complex.py
[2024-05-12T02:01:29.569+0000] {logging_mixin.py:188} INFO - [2024-05-12T02:01:29.569+0000] {dag.py:3096} INFO - Sync 1 DAGs
[2024-05-12T02:01:29.574+0000] {logging_mixin.py:188} INFO - [2024-05-12T02:01:29.574+0000] {dag.py:3954} INFO - Setting next_dagrun for example_complex to None, run_after=None
[2024-05-12T02:01:29.582+0000] {processor.py:183} INFO - Processing /home/airflow/.local/lib/python3.12/site-packages/airflow/example_dags/example_complex.py took 0.033 seconds
[2024-05-12T02:02:00.386+0000] {processor.py:161} INFO - Started process (PID=1130) to work on /home/airflow/.local/lib/python3.12/site-packages/airflow/example_dags/example_complex.py
[2024-05-12T02:02:00.387+0000] {processor.py:830} INFO - Processing file /home/airflow/.local/lib/python3.12/site-packages/airflow/example_dags/example_complex.py for tasks to queue
[2024-05-12T02:02:00.388+0000] {logging_mixin.py:188} INFO - [2024-05-12T02:02:00.388+0000] {dagbag.py:545} INFO - Filling up the DagBag from /home/airflow/.local/lib/python3.12/site-packages/airflow/example_dags/example_complex.py
[2024-05-12T02:02:00.393+0000] {processor.py:840} INFO - DAG(s) 'example_complex' retrieved from /home/airflow/.local/lib/python3.12/site-packages/airflow/example_dags/example_complex.py
[2024-05-12T02:02:00.406+0000] {logging_mixin.py:188} INFO - [2024-05-12T02:02:00.406+0000] {dag.py:3096} INFO - Sync 1 DAGs
[2024-05-12T02:02:00.412+0000] {logging_mixin.py:188} INFO - [2024-05-12T02:02:00.412+0000] {dag.py:3954} INFO - Setting next_dagrun for example_complex to None, run_after=None
[2024-05-12T02:02:00.419+0000] {processor.py:183} INFO - Processing /home/airflow/.local/lib/python3.12/site-packages/airflow/example_dags/example_complex.py took 0.038 seconds
[2024-05-12T02:02:31.358+0000] {processor.py:161} INFO - Started process (PID=1189) to work on /home/airflow/.local/lib/python3.12/site-packages/airflow/example_dags/example_complex.py
[2024-05-12T02:02:31.359+0000] {processor.py:830} INFO - Processing file /home/airflow/.local/lib/python3.12/site-packages/airflow/example_dags/example_complex.py for tasks to queue
[2024-05-12T02:02:31.360+0000] {logging_mixin.py:188} INFO - [2024-05-12T02:02:31.360+0000] {dagbag.py:545} INFO - Filling up the DagBag from /home/airflow/.local/lib/python3.12/site-packages/airflow/example_dags/example_complex.py
[2024-05-12T02:02:31.364+0000] {processor.py:840} INFO - DAG(s) 'example_complex' retrieved from /home/airflow/.local/lib/python3.12/site-packages/airflow/example_dags/example_complex.py
[2024-05-12T02:02:31.377+0000] {logging_mixin.py:188} INFO - [2024-05-12T02:02:31.377+0000] {dag.py:3096} INFO - Sync 1 DAGs
[2024-05-12T02:02:31.384+0000] {logging_mixin.py:188} INFO - [2024-05-12T02:02:31.384+0000] {dag.py:3954} INFO - Setting next_dagrun for example_complex to None, run_after=None
[2024-05-12T02:02:31.393+0000] {processor.py:183} INFO - Processing /home/airflow/.local/lib/python3.12/site-packages/airflow/example_dags/example_complex.py took 0.038 seconds
[2024-05-12T02:03:02.429+0000] {processor.py:161} INFO - Started process (PID=1248) to work on /home/airflow/.local/lib/python3.12/site-packages/airflow/example_dags/example_complex.py
[2024-05-12T02:03:02.430+0000] {processor.py:830} INFO - Processing file /home/airflow/.local/lib/python3.12/site-packages/airflow/example_dags/example_complex.py for tasks to queue
[2024-05-12T02:03:02.430+0000] {logging_mixin.py:188} INFO - [2024-05-12T02:03:02.430+0000] {dagbag.py:545} INFO - Filling up the DagBag from /home/airflow/.local/lib/python3.12/site-packages/airflow/example_dags/example_complex.py
[2024-05-12T02:03:02.435+0000] {processor.py:840} INFO - DAG(s) 'example_complex' retrieved from /home/airflow/.local/lib/python3.12/site-packages/airflow/example_dags/example_complex.py
[2024-05-12T02:03:02.449+0000] {logging_mixin.py:188} INFO - [2024-05-12T02:03:02.448+0000] {dag.py:3096} INFO - Sync 1 DAGs
[2024-05-12T02:03:02.454+0000] {logging_mixin.py:188} INFO - [2024-05-12T02:03:02.454+0000] {dag.py:3954} INFO - Setting next_dagrun for example_complex to None, run_after=None
[2024-05-12T02:03:02.462+0000] {processor.py:183} INFO - Processing /home/airflow/.local/lib/python3.12/site-packages/airflow/example_dags/example_complex.py took 0.036 seconds
[2024-05-12T02:03:33.185+0000] {processor.py:161} INFO - Started process (PID=1307) to work on /home/airflow/.local/lib/python3.12/site-packages/airflow/example_dags/example_complex.py
[2024-05-12T02:03:33.186+0000] {processor.py:830} INFO - Processing file /home/airflow/.local/lib/python3.12/site-packages/airflow/example_dags/example_complex.py for tasks to queue
[2024-05-12T02:03:33.187+0000] {logging_mixin.py:188} INFO - [2024-05-12T02:03:33.187+0000] {dagbag.py:545} INFO - Filling up the DagBag from /home/airflow/.local/lib/python3.12/site-packages/airflow/example_dags/example_complex.py
[2024-05-12T02:03:33.191+0000] {processor.py:840} INFO - DAG(s) 'example_complex' retrieved from /home/airflow/.local/lib/python3.12/site-packages/airflow/example_dags/example_complex.py
[2024-05-12T02:03:33.205+0000] {logging_mixin.py:188} INFO - [2024-05-12T02:03:33.205+0000] {dag.py:3096} INFO - Sync 1 DAGs
[2024-05-12T02:03:33.211+0000] {logging_mixin.py:188} INFO - [2024-05-12T02:03:33.211+0000] {dag.py:3954} INFO - Setting next_dagrun for example_complex to None, run_after=None
[2024-05-12T02:03:33.220+0000] {processor.py:183} INFO - Processing /home/airflow/.local/lib/python3.12/site-packages/airflow/example_dags/example_complex.py took 0.038 seconds
[2024-05-12T02:04:03.885+0000] {processor.py:161} INFO - Started process (PID=1366) to work on /home/airflow/.local/lib/python3.12/site-packages/airflow/example_dags/example_complex.py
[2024-05-12T02:04:03.886+0000] {processor.py:830} INFO - Processing file /home/airflow/.local/lib/python3.12/site-packages/airflow/example_dags/example_complex.py for tasks to queue
[2024-05-12T02:04:03.887+0000] {logging_mixin.py:188} INFO - [2024-05-12T02:04:03.887+0000] {dagbag.py:545} INFO - Filling up the DagBag from /home/airflow/.local/lib/python3.12/site-packages/airflow/example_dags/example_complex.py
[2024-05-12T02:04:03.891+0000] {processor.py:840} INFO - DAG(s) 'example_complex' retrieved from /home/airflow/.local/lib/python3.12/site-packages/airflow/example_dags/example_complex.py
[2024-05-12T02:04:03.905+0000] {logging_mixin.py:188} INFO - [2024-05-12T02:04:03.905+0000] {dag.py:3096} INFO - Sync 1 DAGs
[2024-05-12T02:04:03.911+0000] {logging_mixin.py:188} INFO - [2024-05-12T02:04:03.910+0000] {dag.py:3954} INFO - Setting next_dagrun for example_complex to None, run_after=None
[2024-05-12T02:04:03.918+0000] {processor.py:183} INFO - Processing /home/airflow/.local/lib/python3.12/site-packages/airflow/example_dags/example_complex.py took 0.037 seconds
[2024-05-12T02:04:34.725+0000] {processor.py:161} INFO - Started process (PID=1425) to work on /home/airflow/.local/lib/python3.12/site-packages/airflow/example_dags/example_complex.py
[2024-05-12T02:04:34.725+0000] {processor.py:830} INFO - Processing file /home/airflow/.local/lib/python3.12/site-packages/airflow/example_dags/example_complex.py for tasks to queue
[2024-05-12T02:04:34.727+0000] {logging_mixin.py:188} INFO - [2024-05-12T02:04:34.727+0000] {dagbag.py:545} INFO - Filling up the DagBag from /home/airflow/.local/lib/python3.12/site-packages/airflow/example_dags/example_complex.py
[2024-05-12T02:04:34.732+0000] {processor.py:840} INFO - DAG(s) 'example_complex' retrieved from /home/airflow/.local/lib/python3.12/site-packages/airflow/example_dags/example_complex.py
[2024-05-12T02:04:34.746+0000] {logging_mixin.py:188} INFO - [2024-05-12T02:04:34.746+0000] {dag.py:3096} INFO - Sync 1 DAGs
[2024-05-12T02:04:34.752+0000] {logging_mixin.py:188} INFO - [2024-05-12T02:04:34.751+0000] {dag.py:3954} INFO - Setting next_dagrun for example_complex to None, run_after=None
[2024-05-12T02:04:34.760+0000] {processor.py:183} INFO - Processing /home/airflow/.local/lib/python3.12/site-packages/airflow/example_dags/example_complex.py took 0.039 seconds
[2024-05-12T02:05:05.053+0000] {processor.py:161} INFO - Started process (PID=1484) to work on /home/airflow/.local/lib/python3.12/site-packages/airflow/example_dags/example_complex.py
[2024-05-12T02:05:05.053+0000] {processor.py:830} INFO - Processing file /home/airflow/.local/lib/python3.12/site-packages/airflow/example_dags/example_complex.py for tasks to queue
[2024-05-12T02:05:05.054+0000] {logging_mixin.py:188} INFO - [2024-05-12T02:05:05.054+0000] {dagbag.py:545} INFO - Filling up the DagBag from /home/airflow/.local/lib/python3.12/site-packages/airflow/example_dags/example_complex.py
[2024-05-12T02:05:05.059+0000] {processor.py:840} INFO - DAG(s) 'example_complex' retrieved from /home/airflow/.local/lib/python3.12/site-packages/airflow/example_dags/example_complex.py
[2024-05-12T02:05:05.073+0000] {logging_mixin.py:188} INFO - [2024-05-12T02:05:05.073+0000] {dag.py:3096} INFO - Sync 1 DAGs
[2024-05-12T02:05:05.079+0000] {logging_mixin.py:188} INFO - [2024-05-12T02:05:05.079+0000] {dag.py:3954} INFO - Setting next_dagrun for example_complex to None, run_after=None
[2024-05-12T02:05:05.089+0000] {processor.py:183} INFO - Processing /home/airflow/.local/lib/python3.12/site-packages/airflow/example_dags/example_complex.py took 0.038 seconds
[2024-05-12T02:05:35.480+0000] {processor.py:161} INFO - Started process (PID=1542) to work on /home/airflow/.local/lib/python3.12/site-packages/airflow/example_dags/example_complex.py
[2024-05-12T02:05:35.481+0000] {processor.py:830} INFO - Processing file /home/airflow/.local/lib/python3.12/site-packages/airflow/example_dags/example_complex.py for tasks to queue
[2024-05-12T02:05:35.482+0000] {logging_mixin.py:188} INFO - [2024-05-12T02:05:35.482+0000] {dagbag.py:545} INFO - Filling up the DagBag from /home/airflow/.local/lib/python3.12/site-packages/airflow/example_dags/example_complex.py
[2024-05-12T02:05:35.486+0000] {processor.py:840} INFO - DAG(s) 'example_complex' retrieved from /home/airflow/.local/lib/python3.12/site-packages/airflow/example_dags/example_complex.py
[2024-05-12T02:05:35.499+0000] {logging_mixin.py:188} INFO - [2024-05-12T02:05:35.499+0000] {dag.py:3096} INFO - Sync 1 DAGs
[2024-05-12T02:05:35.504+0000] {logging_mixin.py:188} INFO - [2024-05-12T02:05:35.504+0000] {dag.py:3954} INFO - Setting next_dagrun for example_complex to None, run_after=None
[2024-05-12T02:05:35.512+0000] {processor.py:183} INFO - Processing /home/airflow/.local/lib/python3.12/site-packages/airflow/example_dags/example_complex.py took 0.034 seconds
