[2024-05-12T01:52:48.174+0000] {processor.py:161} INFO - Started process (PID=59) to work on /home/airflow/.local/lib/python3.12/site-packages/airflow/example_dags/example_external_task_marker_dag.py
[2024-05-12T01:52:48.176+0000] {processor.py:830} INFO - Processing file /home/airflow/.local/lib/python3.12/site-packages/airflow/example_dags/example_external_task_marker_dag.py for tasks to queue
[2024-05-12T01:52:48.180+0000] {logging_mixin.py:188} INFO - [2024-05-12T01:52:48.179+0000] {dagbag.py:545} INFO - Filling up the DagBag from /home/airflow/.local/lib/python3.12/site-packages/airflow/example_dags/example_external_task_marker_dag.py
[2024-05-12T01:52:48.195+0000] {processor.py:840} INFO - DAG(s) 'example_external_task_marker_parent', 'example_external_task_marker_child' retrieved from /home/airflow/.local/lib/python3.12/site-packages/airflow/example_dags/example_external_task_marker_dag.py
[2024-05-12T01:52:48.204+0000] {logging_mixin.py:188} INFO - [2024-05-12T01:52:48.203+0000] {dag.py:3096} INFO - Sync 2 DAGs
[2024-05-12T01:52:48.213+0000] {logging_mixin.py:188} INFO - [2024-05-12T01:52:48.213+0000] {dag.py:3954} INFO - Setting next_dagrun for example_external_task_marker_child to None, run_after=None
[2024-05-12T01:52:48.215+0000] {logging_mixin.py:188} INFO - [2024-05-12T01:52:48.215+0000] {dag.py:3954} INFO - Setting next_dagrun for example_external_task_marker_parent to None, run_after=None
[2024-05-12T01:52:48.223+0000] {processor.py:183} INFO - Processing /home/airflow/.local/lib/python3.12/site-packages/airflow/example_dags/example_external_task_marker_dag.py took 0.059 seconds
[2024-05-12T01:53:18.560+0000] {processor.py:161} INFO - Started process (PID=117) to work on /home/airflow/.local/lib/python3.12/site-packages/airflow/example_dags/example_external_task_marker_dag.py
[2024-05-12T01:53:18.560+0000] {processor.py:830} INFO - Processing file /home/airflow/.local/lib/python3.12/site-packages/airflow/example_dags/example_external_task_marker_dag.py for tasks to queue
[2024-05-12T01:53:18.561+0000] {logging_mixin.py:188} INFO - [2024-05-12T01:53:18.561+0000] {dagbag.py:545} INFO - Filling up the DagBag from /home/airflow/.local/lib/python3.12/site-packages/airflow/example_dags/example_external_task_marker_dag.py
[2024-05-12T01:53:18.564+0000] {processor.py:840} INFO - DAG(s) 'example_external_task_marker_parent', 'example_external_task_marker_child' retrieved from /home/airflow/.local/lib/python3.12/site-packages/airflow/example_dags/example_external_task_marker_dag.py
[2024-05-12T01:53:18.606+0000] {logging_mixin.py:188} INFO - [2024-05-12T01:53:18.606+0000] {dag.py:3096} INFO - Sync 2 DAGs
[2024-05-12T01:53:18.611+0000] {logging_mixin.py:188} INFO - [2024-05-12T01:53:18.611+0000] {dag.py:3954} INFO - Setting next_dagrun for example_external_task_marker_child to None, run_after=None
[2024-05-12T01:53:18.612+0000] {logging_mixin.py:188} INFO - [2024-05-12T01:53:18.612+0000] {dag.py:3954} INFO - Setting next_dagrun for example_external_task_marker_parent to None, run_after=None
[2024-05-12T01:53:18.619+0000] {processor.py:183} INFO - Processing /home/airflow/.local/lib/python3.12/site-packages/airflow/example_dags/example_external_task_marker_dag.py took 0.062 seconds
[2024-05-12T01:53:49.628+0000] {processor.py:161} INFO - Started process (PID=175) to work on /home/airflow/.local/lib/python3.12/site-packages/airflow/example_dags/example_external_task_marker_dag.py
[2024-05-12T01:53:49.629+0000] {processor.py:830} INFO - Processing file /home/airflow/.local/lib/python3.12/site-packages/airflow/example_dags/example_external_task_marker_dag.py for tasks to queue
[2024-05-12T01:53:49.632+0000] {logging_mixin.py:188} INFO - [2024-05-12T01:53:49.631+0000] {dagbag.py:545} INFO - Filling up the DagBag from /home/airflow/.local/lib/python3.12/site-packages/airflow/example_dags/example_external_task_marker_dag.py
[2024-05-12T01:53:49.640+0000] {processor.py:840} INFO - DAG(s) 'example_external_task_marker_parent', 'example_external_task_marker_child' retrieved from /home/airflow/.local/lib/python3.12/site-packages/airflow/example_dags/example_external_task_marker_dag.py
[2024-05-12T01:53:49.658+0000] {logging_mixin.py:188} INFO - [2024-05-12T01:53:49.658+0000] {dag.py:3096} INFO - Sync 2 DAGs
[2024-05-12T01:53:49.665+0000] {logging_mixin.py:188} INFO - [2024-05-12T01:53:49.665+0000] {dag.py:3954} INFO - Setting next_dagrun for example_external_task_marker_child to None, run_after=None
[2024-05-12T01:53:49.667+0000] {logging_mixin.py:188} INFO - [2024-05-12T01:53:49.667+0000] {dag.py:3954} INFO - Setting next_dagrun for example_external_task_marker_parent to None, run_after=None
[2024-05-12T01:53:49.677+0000] {processor.py:183} INFO - Processing /home/airflow/.local/lib/python3.12/site-packages/airflow/example_dags/example_external_task_marker_dag.py took 0.053 seconds
[2024-05-12T01:54:20.367+0000] {processor.py:161} INFO - Started process (PID=233) to work on /home/airflow/.local/lib/python3.12/site-packages/airflow/example_dags/example_external_task_marker_dag.py
[2024-05-12T01:54:20.368+0000] {processor.py:830} INFO - Processing file /home/airflow/.local/lib/python3.12/site-packages/airflow/example_dags/example_external_task_marker_dag.py for tasks to queue
[2024-05-12T01:54:20.369+0000] {logging_mixin.py:188} INFO - [2024-05-12T01:54:20.368+0000] {dagbag.py:545} INFO - Filling up the DagBag from /home/airflow/.local/lib/python3.12/site-packages/airflow/example_dags/example_external_task_marker_dag.py
[2024-05-12T01:54:20.372+0000] {processor.py:840} INFO - DAG(s) 'example_external_task_marker_child', 'example_external_task_marker_parent' retrieved from /home/airflow/.local/lib/python3.12/site-packages/airflow/example_dags/example_external_task_marker_dag.py
[2024-05-12T01:54:20.383+0000] {logging_mixin.py:188} INFO - [2024-05-12T01:54:20.383+0000] {dag.py:3096} INFO - Sync 2 DAGs
[2024-05-12T01:54:20.390+0000] {logging_mixin.py:188} INFO - [2024-05-12T01:54:20.390+0000] {dag.py:3954} INFO - Setting next_dagrun for example_external_task_marker_child to None, run_after=None
[2024-05-12T01:54:20.393+0000] {logging_mixin.py:188} INFO - [2024-05-12T01:54:20.393+0000] {dag.py:3954} INFO - Setting next_dagrun for example_external_task_marker_parent to None, run_after=None
[2024-05-12T01:54:20.402+0000] {processor.py:183} INFO - Processing /home/airflow/.local/lib/python3.12/site-packages/airflow/example_dags/example_external_task_marker_dag.py took 0.037 seconds
[2024-05-12T01:54:50.909+0000] {processor.py:161} INFO - Started process (PID=291) to work on /home/airflow/.local/lib/python3.12/site-packages/airflow/example_dags/example_external_task_marker_dag.py
[2024-05-12T01:54:50.909+0000] {processor.py:830} INFO - Processing file /home/airflow/.local/lib/python3.12/site-packages/airflow/example_dags/example_external_task_marker_dag.py for tasks to queue
[2024-05-12T01:54:50.911+0000] {logging_mixin.py:188} INFO - [2024-05-12T01:54:50.910+0000] {dagbag.py:545} INFO - Filling up the DagBag from /home/airflow/.local/lib/python3.12/site-packages/airflow/example_dags/example_external_task_marker_dag.py
[2024-05-12T01:54:50.914+0000] {processor.py:840} INFO - DAG(s) 'example_external_task_marker_child', 'example_external_task_marker_parent' retrieved from /home/airflow/.local/lib/python3.12/site-packages/airflow/example_dags/example_external_task_marker_dag.py
[2024-05-12T01:54:50.924+0000] {logging_mixin.py:188} INFO - [2024-05-12T01:54:50.924+0000] {dag.py:3096} INFO - Sync 2 DAGs
[2024-05-12T01:54:50.930+0000] {logging_mixin.py:188} INFO - [2024-05-12T01:54:50.930+0000] {dag.py:3954} INFO - Setting next_dagrun for example_external_task_marker_child to None, run_after=None
[2024-05-12T01:54:50.932+0000] {logging_mixin.py:188} INFO - [2024-05-12T01:54:50.931+0000] {dag.py:3954} INFO - Setting next_dagrun for example_external_task_marker_parent to None, run_after=None
[2024-05-12T01:54:50.938+0000] {processor.py:183} INFO - Processing /home/airflow/.local/lib/python3.12/site-packages/airflow/example_dags/example_external_task_marker_dag.py took 0.032 seconds
[2024-05-12T01:55:21.410+0000] {processor.py:161} INFO - Started process (PID=349) to work on /home/airflow/.local/lib/python3.12/site-packages/airflow/example_dags/example_external_task_marker_dag.py
[2024-05-12T01:55:21.411+0000] {processor.py:830} INFO - Processing file /home/airflow/.local/lib/python3.12/site-packages/airflow/example_dags/example_external_task_marker_dag.py for tasks to queue
[2024-05-12T01:55:21.411+0000] {logging_mixin.py:188} INFO - [2024-05-12T01:55:21.411+0000] {dagbag.py:545} INFO - Filling up the DagBag from /home/airflow/.local/lib/python3.12/site-packages/airflow/example_dags/example_external_task_marker_dag.py
[2024-05-12T01:55:21.414+0000] {processor.py:840} INFO - DAG(s) 'example_external_task_marker_child', 'example_external_task_marker_parent' retrieved from /home/airflow/.local/lib/python3.12/site-packages/airflow/example_dags/example_external_task_marker_dag.py
[2024-05-12T01:55:21.424+0000] {logging_mixin.py:188} INFO - [2024-05-12T01:55:21.424+0000] {dag.py:3096} INFO - Sync 2 DAGs
[2024-05-12T01:55:21.429+0000] {logging_mixin.py:188} INFO - [2024-05-12T01:55:21.429+0000] {dag.py:3954} INFO - Setting next_dagrun for example_external_task_marker_child to None, run_after=None
[2024-05-12T01:55:21.431+0000] {logging_mixin.py:188} INFO - [2024-05-12T01:55:21.430+0000] {dag.py:3954} INFO - Setting next_dagrun for example_external_task_marker_parent to None, run_after=None
[2024-05-12T01:55:21.437+0000] {processor.py:183} INFO - Processing /home/airflow/.local/lib/python3.12/site-packages/airflow/example_dags/example_external_task_marker_dag.py took 0.029 seconds
[2024-05-12T01:55:51.937+0000] {processor.py:161} INFO - Started process (PID=407) to work on /home/airflow/.local/lib/python3.12/site-packages/airflow/example_dags/example_external_task_marker_dag.py
[2024-05-12T01:55:51.937+0000] {processor.py:830} INFO - Processing file /home/airflow/.local/lib/python3.12/site-packages/airflow/example_dags/example_external_task_marker_dag.py for tasks to queue
[2024-05-12T01:55:51.938+0000] {logging_mixin.py:188} INFO - [2024-05-12T01:55:51.938+0000] {dagbag.py:545} INFO - Filling up the DagBag from /home/airflow/.local/lib/python3.12/site-packages/airflow/example_dags/example_external_task_marker_dag.py
[2024-05-12T01:55:51.941+0000] {processor.py:840} INFO - DAG(s) 'example_external_task_marker_parent', 'example_external_task_marker_child' retrieved from /home/airflow/.local/lib/python3.12/site-packages/airflow/example_dags/example_external_task_marker_dag.py
[2024-05-12T01:55:51.950+0000] {logging_mixin.py:188} INFO - [2024-05-12T01:55:51.950+0000] {dag.py:3096} INFO - Sync 2 DAGs
[2024-05-12T01:55:51.955+0000] {logging_mixin.py:188} INFO - [2024-05-12T01:55:51.955+0000] {dag.py:3954} INFO - Setting next_dagrun for example_external_task_marker_child to None, run_after=None
[2024-05-12T01:55:51.957+0000] {logging_mixin.py:188} INFO - [2024-05-12T01:55:51.957+0000] {dag.py:3954} INFO - Setting next_dagrun for example_external_task_marker_parent to None, run_after=None
[2024-05-12T01:55:51.962+0000] {processor.py:183} INFO - Processing /home/airflow/.local/lib/python3.12/site-packages/airflow/example_dags/example_external_task_marker_dag.py took 0.028 seconds
[2024-05-12T01:56:22.505+0000] {processor.py:161} INFO - Started process (PID=465) to work on /home/airflow/.local/lib/python3.12/site-packages/airflow/example_dags/example_external_task_marker_dag.py
[2024-05-12T01:56:22.505+0000] {processor.py:830} INFO - Processing file /home/airflow/.local/lib/python3.12/site-packages/airflow/example_dags/example_external_task_marker_dag.py for tasks to queue
[2024-05-12T01:56:22.506+0000] {logging_mixin.py:188} INFO - [2024-05-12T01:56:22.506+0000] {dagbag.py:545} INFO - Filling up the DagBag from /home/airflow/.local/lib/python3.12/site-packages/airflow/example_dags/example_external_task_marker_dag.py
[2024-05-12T01:56:22.509+0000] {processor.py:840} INFO - DAG(s) 'example_external_task_marker_child', 'example_external_task_marker_parent' retrieved from /home/airflow/.local/lib/python3.12/site-packages/airflow/example_dags/example_external_task_marker_dag.py
[2024-05-12T01:56:22.520+0000] {logging_mixin.py:188} INFO - [2024-05-12T01:56:22.519+0000] {dag.py:3096} INFO - Sync 2 DAGs
[2024-05-12T01:56:22.525+0000] {logging_mixin.py:188} INFO - [2024-05-12T01:56:22.525+0000] {dag.py:3954} INFO - Setting next_dagrun for example_external_task_marker_child to None, run_after=None
[2024-05-12T01:56:22.527+0000] {logging_mixin.py:188} INFO - [2024-05-12T01:56:22.527+0000] {dag.py:3954} INFO - Setting next_dagrun for example_external_task_marker_parent to None, run_after=None
[2024-05-12T01:56:22.533+0000] {processor.py:183} INFO - Processing /home/airflow/.local/lib/python3.12/site-packages/airflow/example_dags/example_external_task_marker_dag.py took 0.031 seconds
[2024-05-12T01:56:53.083+0000] {processor.py:161} INFO - Started process (PID=523) to work on /home/airflow/.local/lib/python3.12/site-packages/airflow/example_dags/example_external_task_marker_dag.py
[2024-05-12T01:56:53.083+0000] {processor.py:830} INFO - Processing file /home/airflow/.local/lib/python3.12/site-packages/airflow/example_dags/example_external_task_marker_dag.py for tasks to queue
[2024-05-12T01:56:53.084+0000] {logging_mixin.py:188} INFO - [2024-05-12T01:56:53.084+0000] {dagbag.py:545} INFO - Filling up the DagBag from /home/airflow/.local/lib/python3.12/site-packages/airflow/example_dags/example_external_task_marker_dag.py
[2024-05-12T01:56:53.087+0000] {processor.py:840} INFO - DAG(s) 'example_external_task_marker_parent', 'example_external_task_marker_child' retrieved from /home/airflow/.local/lib/python3.12/site-packages/airflow/example_dags/example_external_task_marker_dag.py
[2024-05-12T01:56:53.096+0000] {logging_mixin.py:188} INFO - [2024-05-12T01:56:53.096+0000] {dag.py:3096} INFO - Sync 2 DAGs
[2024-05-12T01:56:53.102+0000] {logging_mixin.py:188} INFO - [2024-05-12T01:56:53.101+0000] {dag.py:3954} INFO - Setting next_dagrun for example_external_task_marker_child to None, run_after=None
[2024-05-12T01:56:53.105+0000] {logging_mixin.py:188} INFO - [2024-05-12T01:56:53.105+0000] {dag.py:3954} INFO - Setting next_dagrun for example_external_task_marker_parent to None, run_after=None
[2024-05-12T01:56:53.111+0000] {processor.py:183} INFO - Processing /home/airflow/.local/lib/python3.12/site-packages/airflow/example_dags/example_external_task_marker_dag.py took 0.030 seconds
[2024-05-12T01:57:23.595+0000] {processor.py:161} INFO - Started process (PID=581) to work on /home/airflow/.local/lib/python3.12/site-packages/airflow/example_dags/example_external_task_marker_dag.py
[2024-05-12T01:57:23.595+0000] {processor.py:830} INFO - Processing file /home/airflow/.local/lib/python3.12/site-packages/airflow/example_dags/example_external_task_marker_dag.py for tasks to queue
[2024-05-12T01:57:23.596+0000] {logging_mixin.py:188} INFO - [2024-05-12T01:57:23.596+0000] {dagbag.py:545} INFO - Filling up the DagBag from /home/airflow/.local/lib/python3.12/site-packages/airflow/example_dags/example_external_task_marker_dag.py
[2024-05-12T01:57:23.600+0000] {processor.py:840} INFO - DAG(s) 'example_external_task_marker_child', 'example_external_task_marker_parent' retrieved from /home/airflow/.local/lib/python3.12/site-packages/airflow/example_dags/example_external_task_marker_dag.py
[2024-05-12T01:57:23.610+0000] {logging_mixin.py:188} INFO - [2024-05-12T01:57:23.610+0000] {dag.py:3096} INFO - Sync 2 DAGs
[2024-05-12T01:57:23.616+0000] {logging_mixin.py:188} INFO - [2024-05-12T01:57:23.616+0000] {dag.py:3954} INFO - Setting next_dagrun for example_external_task_marker_child to None, run_after=None
[2024-05-12T01:57:23.618+0000] {logging_mixin.py:188} INFO - [2024-05-12T01:57:23.617+0000] {dag.py:3954} INFO - Setting next_dagrun for example_external_task_marker_parent to None, run_after=None
[2024-05-12T01:57:23.625+0000] {processor.py:183} INFO - Processing /home/airflow/.local/lib/python3.12/site-packages/airflow/example_dags/example_external_task_marker_dag.py took 0.033 seconds
[2024-05-12T01:57:54.071+0000] {processor.py:161} INFO - Started process (PID=640) to work on /home/airflow/.local/lib/python3.12/site-packages/airflow/example_dags/example_external_task_marker_dag.py
[2024-05-12T01:57:54.072+0000] {processor.py:830} INFO - Processing file /home/airflow/.local/lib/python3.12/site-packages/airflow/example_dags/example_external_task_marker_dag.py for tasks to queue
[2024-05-12T01:57:54.073+0000] {logging_mixin.py:188} INFO - [2024-05-12T01:57:54.073+0000] {dagbag.py:545} INFO - Filling up the DagBag from /home/airflow/.local/lib/python3.12/site-packages/airflow/example_dags/example_external_task_marker_dag.py
[2024-05-12T01:57:54.076+0000] {processor.py:840} INFO - DAG(s) 'example_external_task_marker_parent', 'example_external_task_marker_child' retrieved from /home/airflow/.local/lib/python3.12/site-packages/airflow/example_dags/example_external_task_marker_dag.py
[2024-05-12T01:57:54.086+0000] {logging_mixin.py:188} INFO - [2024-05-12T01:57:54.086+0000] {dag.py:3096} INFO - Sync 2 DAGs
[2024-05-12T01:57:54.092+0000] {logging_mixin.py:188} INFO - [2024-05-12T01:57:54.092+0000] {dag.py:3954} INFO - Setting next_dagrun for example_external_task_marker_child to None, run_after=None
[2024-05-12T01:57:54.094+0000] {logging_mixin.py:188} INFO - [2024-05-12T01:57:54.094+0000] {dag.py:3954} INFO - Setting next_dagrun for example_external_task_marker_parent to None, run_after=None
[2024-05-12T01:57:54.101+0000] {processor.py:183} INFO - Processing /home/airflow/.local/lib/python3.12/site-packages/airflow/example_dags/example_external_task_marker_dag.py took 0.032 seconds
[2024-05-12T01:58:24.629+0000] {processor.py:161} INFO - Started process (PID=699) to work on /home/airflow/.local/lib/python3.12/site-packages/airflow/example_dags/example_external_task_marker_dag.py
[2024-05-12T01:58:24.630+0000] {processor.py:830} INFO - Processing file /home/airflow/.local/lib/python3.12/site-packages/airflow/example_dags/example_external_task_marker_dag.py for tasks to queue
[2024-05-12T01:58:24.630+0000] {logging_mixin.py:188} INFO - [2024-05-12T01:58:24.630+0000] {dagbag.py:545} INFO - Filling up the DagBag from /home/airflow/.local/lib/python3.12/site-packages/airflow/example_dags/example_external_task_marker_dag.py
[2024-05-12T01:58:24.633+0000] {processor.py:840} INFO - DAG(s) 'example_external_task_marker_child', 'example_external_task_marker_parent' retrieved from /home/airflow/.local/lib/python3.12/site-packages/airflow/example_dags/example_external_task_marker_dag.py
[2024-05-12T01:58:24.644+0000] {logging_mixin.py:188} INFO - [2024-05-12T01:58:24.643+0000] {dag.py:3096} INFO - Sync 2 DAGs
[2024-05-12T01:58:24.649+0000] {logging_mixin.py:188} INFO - [2024-05-12T01:58:24.649+0000] {dag.py:3954} INFO - Setting next_dagrun for example_external_task_marker_child to None, run_after=None
[2024-05-12T01:58:24.651+0000] {logging_mixin.py:188} INFO - [2024-05-12T01:58:24.651+0000] {dag.py:3954} INFO - Setting next_dagrun for example_external_task_marker_parent to None, run_after=None
[2024-05-12T01:58:24.659+0000] {processor.py:183} INFO - Processing /home/airflow/.local/lib/python3.12/site-packages/airflow/example_dags/example_external_task_marker_dag.py took 0.032 seconds
[2024-05-12T01:58:55.338+0000] {processor.py:161} INFO - Started process (PID=758) to work on /home/airflow/.local/lib/python3.12/site-packages/airflow/example_dags/example_external_task_marker_dag.py
[2024-05-12T01:58:55.339+0000] {processor.py:830} INFO - Processing file /home/airflow/.local/lib/python3.12/site-packages/airflow/example_dags/example_external_task_marker_dag.py for tasks to queue
[2024-05-12T01:58:55.340+0000] {logging_mixin.py:188} INFO - [2024-05-12T01:58:55.340+0000] {dagbag.py:545} INFO - Filling up the DagBag from /home/airflow/.local/lib/python3.12/site-packages/airflow/example_dags/example_external_task_marker_dag.py
[2024-05-12T01:58:55.343+0000] {processor.py:840} INFO - DAG(s) 'example_external_task_marker_child', 'example_external_task_marker_parent' retrieved from /home/airflow/.local/lib/python3.12/site-packages/airflow/example_dags/example_external_task_marker_dag.py
[2024-05-12T01:58:55.353+0000] {logging_mixin.py:188} INFO - [2024-05-12T01:58:55.353+0000] {dag.py:3096} INFO - Sync 2 DAGs
[2024-05-12T01:58:55.359+0000] {logging_mixin.py:188} INFO - [2024-05-12T01:58:55.358+0000] {dag.py:3954} INFO - Setting next_dagrun for example_external_task_marker_child to None, run_after=None
[2024-05-12T01:58:55.360+0000] {logging_mixin.py:188} INFO - [2024-05-12T01:58:55.360+0000] {dag.py:3954} INFO - Setting next_dagrun for example_external_task_marker_parent to None, run_after=None
[2024-05-12T01:58:55.368+0000] {processor.py:183} INFO - Processing /home/airflow/.local/lib/python3.12/site-packages/airflow/example_dags/example_external_task_marker_dag.py took 0.032 seconds
[2024-05-12T01:59:26.008+0000] {processor.py:161} INFO - Started process (PID=817) to work on /home/airflow/.local/lib/python3.12/site-packages/airflow/example_dags/example_external_task_marker_dag.py
[2024-05-12T01:59:26.008+0000] {processor.py:830} INFO - Processing file /home/airflow/.local/lib/python3.12/site-packages/airflow/example_dags/example_external_task_marker_dag.py for tasks to queue
[2024-05-12T01:59:26.009+0000] {logging_mixin.py:188} INFO - [2024-05-12T01:59:26.009+0000] {dagbag.py:545} INFO - Filling up the DagBag from /home/airflow/.local/lib/python3.12/site-packages/airflow/example_dags/example_external_task_marker_dag.py
[2024-05-12T01:59:26.013+0000] {processor.py:840} INFO - DAG(s) 'example_external_task_marker_parent', 'example_external_task_marker_child' retrieved from /home/airflow/.local/lib/python3.12/site-packages/airflow/example_dags/example_external_task_marker_dag.py
[2024-05-12T01:59:26.023+0000] {logging_mixin.py:188} INFO - [2024-05-12T01:59:26.023+0000] {dag.py:3096} INFO - Sync 2 DAGs
[2024-05-12T01:59:26.029+0000] {logging_mixin.py:188} INFO - [2024-05-12T01:59:26.029+0000] {dag.py:3954} INFO - Setting next_dagrun for example_external_task_marker_child to None, run_after=None
[2024-05-12T01:59:26.030+0000] {logging_mixin.py:188} INFO - [2024-05-12T01:59:26.030+0000] {dag.py:3954} INFO - Setting next_dagrun for example_external_task_marker_parent to None, run_after=None
[2024-05-12T01:59:26.038+0000] {processor.py:183} INFO - Processing /home/airflow/.local/lib/python3.12/site-packages/airflow/example_dags/example_external_task_marker_dag.py took 0.033 seconds
[2024-05-12T01:59:56.886+0000] {processor.py:161} INFO - Started process (PID=876) to work on /home/airflow/.local/lib/python3.12/site-packages/airflow/example_dags/example_external_task_marker_dag.py
[2024-05-12T01:59:56.886+0000] {processor.py:830} INFO - Processing file /home/airflow/.local/lib/python3.12/site-packages/airflow/example_dags/example_external_task_marker_dag.py for tasks to queue
[2024-05-12T01:59:56.887+0000] {logging_mixin.py:188} INFO - [2024-05-12T01:59:56.887+0000] {dagbag.py:545} INFO - Filling up the DagBag from /home/airflow/.local/lib/python3.12/site-packages/airflow/example_dags/example_external_task_marker_dag.py
[2024-05-12T01:59:56.890+0000] {processor.py:840} INFO - DAG(s) 'example_external_task_marker_child', 'example_external_task_marker_parent' retrieved from /home/airflow/.local/lib/python3.12/site-packages/airflow/example_dags/example_external_task_marker_dag.py
[2024-05-12T01:59:56.900+0000] {logging_mixin.py:188} INFO - [2024-05-12T01:59:56.900+0000] {dag.py:3096} INFO - Sync 2 DAGs
[2024-05-12T01:59:56.905+0000] {logging_mixin.py:188} INFO - [2024-05-12T01:59:56.905+0000] {dag.py:3954} INFO - Setting next_dagrun for example_external_task_marker_child to None, run_after=None
[2024-05-12T01:59:56.907+0000] {logging_mixin.py:188} INFO - [2024-05-12T01:59:56.907+0000] {dag.py:3954} INFO - Setting next_dagrun for example_external_task_marker_parent to None, run_after=None
[2024-05-12T01:59:56.914+0000] {processor.py:183} INFO - Processing /home/airflow/.local/lib/python3.12/site-packages/airflow/example_dags/example_external_task_marker_dag.py took 0.030 seconds
[2024-05-12T02:00:27.768+0000] {processor.py:161} INFO - Started process (PID=935) to work on /home/airflow/.local/lib/python3.12/site-packages/airflow/example_dags/example_external_task_marker_dag.py
[2024-05-12T02:00:27.768+0000] {processor.py:830} INFO - Processing file /home/airflow/.local/lib/python3.12/site-packages/airflow/example_dags/example_external_task_marker_dag.py for tasks to queue
[2024-05-12T02:00:27.769+0000] {logging_mixin.py:188} INFO - [2024-05-12T02:00:27.769+0000] {dagbag.py:545} INFO - Filling up the DagBag from /home/airflow/.local/lib/python3.12/site-packages/airflow/example_dags/example_external_task_marker_dag.py
[2024-05-12T02:00:27.772+0000] {processor.py:840} INFO - DAG(s) 'example_external_task_marker_child', 'example_external_task_marker_parent' retrieved from /home/airflow/.local/lib/python3.12/site-packages/airflow/example_dags/example_external_task_marker_dag.py
[2024-05-12T02:00:27.782+0000] {logging_mixin.py:188} INFO - [2024-05-12T02:00:27.782+0000] {dag.py:3096} INFO - Sync 2 DAGs
[2024-05-12T02:00:27.787+0000] {logging_mixin.py:188} INFO - [2024-05-12T02:00:27.787+0000] {dag.py:3954} INFO - Setting next_dagrun for example_external_task_marker_child to None, run_after=None
[2024-05-12T02:00:27.789+0000] {logging_mixin.py:188} INFO - [2024-05-12T02:00:27.788+0000] {dag.py:3954} INFO - Setting next_dagrun for example_external_task_marker_parent to None, run_after=None
[2024-05-12T02:00:27.795+0000] {processor.py:183} INFO - Processing /home/airflow/.local/lib/python3.12/site-packages/airflow/example_dags/example_external_task_marker_dag.py took 0.029 seconds
[2024-05-12T02:00:58.417+0000] {processor.py:161} INFO - Started process (PID=994) to work on /home/airflow/.local/lib/python3.12/site-packages/airflow/example_dags/example_external_task_marker_dag.py
[2024-05-12T02:00:58.418+0000] {processor.py:830} INFO - Processing file /home/airflow/.local/lib/python3.12/site-packages/airflow/example_dags/example_external_task_marker_dag.py for tasks to queue
[2024-05-12T02:00:58.419+0000] {logging_mixin.py:188} INFO - [2024-05-12T02:00:58.419+0000] {dagbag.py:545} INFO - Filling up the DagBag from /home/airflow/.local/lib/python3.12/site-packages/airflow/example_dags/example_external_task_marker_dag.py
[2024-05-12T02:00:58.422+0000] {processor.py:840} INFO - DAG(s) 'example_external_task_marker_child', 'example_external_task_marker_parent' retrieved from /home/airflow/.local/lib/python3.12/site-packages/airflow/example_dags/example_external_task_marker_dag.py
[2024-05-12T02:00:58.432+0000] {logging_mixin.py:188} INFO - [2024-05-12T02:00:58.432+0000] {dag.py:3096} INFO - Sync 2 DAGs
[2024-05-12T02:00:58.437+0000] {logging_mixin.py:188} INFO - [2024-05-12T02:00:58.437+0000] {dag.py:3954} INFO - Setting next_dagrun for example_external_task_marker_child to None, run_after=None
[2024-05-12T02:00:58.439+0000] {logging_mixin.py:188} INFO - [2024-05-12T02:00:58.439+0000] {dag.py:3954} INFO - Setting next_dagrun for example_external_task_marker_parent to None, run_after=None
[2024-05-12T02:00:58.445+0000] {processor.py:183} INFO - Processing /home/airflow/.local/lib/python3.12/site-packages/airflow/example_dags/example_external_task_marker_dag.py took 0.030 seconds
[2024-05-12T02:01:29.100+0000] {processor.py:161} INFO - Started process (PID=1053) to work on /home/airflow/.local/lib/python3.12/site-packages/airflow/example_dags/example_external_task_marker_dag.py
[2024-05-12T02:01:29.101+0000] {processor.py:830} INFO - Processing file /home/airflow/.local/lib/python3.12/site-packages/airflow/example_dags/example_external_task_marker_dag.py for tasks to queue
[2024-05-12T02:01:29.102+0000] {logging_mixin.py:188} INFO - [2024-05-12T02:01:29.101+0000] {dagbag.py:545} INFO - Filling up the DagBag from /home/airflow/.local/lib/python3.12/site-packages/airflow/example_dags/example_external_task_marker_dag.py
[2024-05-12T02:01:29.104+0000] {processor.py:840} INFO - DAG(s) 'example_external_task_marker_parent', 'example_external_task_marker_child' retrieved from /home/airflow/.local/lib/python3.12/site-packages/airflow/example_dags/example_external_task_marker_dag.py
[2024-05-12T02:01:29.114+0000] {logging_mixin.py:188} INFO - [2024-05-12T02:01:29.114+0000] {dag.py:3096} INFO - Sync 2 DAGs
[2024-05-12T02:01:29.120+0000] {logging_mixin.py:188} INFO - [2024-05-12T02:01:29.120+0000] {dag.py:3954} INFO - Setting next_dagrun for example_external_task_marker_child to None, run_after=None
[2024-05-12T02:01:29.122+0000] {logging_mixin.py:188} INFO - [2024-05-12T02:01:29.122+0000] {dag.py:3954} INFO - Setting next_dagrun for example_external_task_marker_parent to None, run_after=None
[2024-05-12T02:01:29.128+0000] {processor.py:183} INFO - Processing /home/airflow/.local/lib/python3.12/site-packages/airflow/example_dags/example_external_task_marker_dag.py took 0.030 seconds
[2024-05-12T02:01:59.953+0000] {processor.py:161} INFO - Started process (PID=1112) to work on /home/airflow/.local/lib/python3.12/site-packages/airflow/example_dags/example_external_task_marker_dag.py
[2024-05-12T02:01:59.953+0000] {processor.py:830} INFO - Processing file /home/airflow/.local/lib/python3.12/site-packages/airflow/example_dags/example_external_task_marker_dag.py for tasks to queue
[2024-05-12T02:01:59.954+0000] {logging_mixin.py:188} INFO - [2024-05-12T02:01:59.954+0000] {dagbag.py:545} INFO - Filling up the DagBag from /home/airflow/.local/lib/python3.12/site-packages/airflow/example_dags/example_external_task_marker_dag.py
[2024-05-12T02:01:59.957+0000] {processor.py:840} INFO - DAG(s) 'example_external_task_marker_parent', 'example_external_task_marker_child' retrieved from /home/airflow/.local/lib/python3.12/site-packages/airflow/example_dags/example_external_task_marker_dag.py
[2024-05-12T02:01:59.966+0000] {logging_mixin.py:188} INFO - [2024-05-12T02:01:59.966+0000] {dag.py:3096} INFO - Sync 2 DAGs
[2024-05-12T02:01:59.971+0000] {logging_mixin.py:188} INFO - [2024-05-12T02:01:59.971+0000] {dag.py:3954} INFO - Setting next_dagrun for example_external_task_marker_child to None, run_after=None
[2024-05-12T02:01:59.973+0000] {logging_mixin.py:188} INFO - [2024-05-12T02:01:59.972+0000] {dag.py:3954} INFO - Setting next_dagrun for example_external_task_marker_parent to None, run_after=None
[2024-05-12T02:01:59.979+0000] {processor.py:183} INFO - Processing /home/airflow/.local/lib/python3.12/site-packages/airflow/example_dags/example_external_task_marker_dag.py took 0.028 seconds
[2024-05-12T02:02:30.933+0000] {processor.py:161} INFO - Started process (PID=1171) to work on /home/airflow/.local/lib/python3.12/site-packages/airflow/example_dags/example_external_task_marker_dag.py
[2024-05-12T02:02:30.934+0000] {processor.py:830} INFO - Processing file /home/airflow/.local/lib/python3.12/site-packages/airflow/example_dags/example_external_task_marker_dag.py for tasks to queue
[2024-05-12T02:02:30.934+0000] {logging_mixin.py:188} INFO - [2024-05-12T02:02:30.934+0000] {dagbag.py:545} INFO - Filling up the DagBag from /home/airflow/.local/lib/python3.12/site-packages/airflow/example_dags/example_external_task_marker_dag.py
[2024-05-12T02:02:30.937+0000] {processor.py:840} INFO - DAG(s) 'example_external_task_marker_parent', 'example_external_task_marker_child' retrieved from /home/airflow/.local/lib/python3.12/site-packages/airflow/example_dags/example_external_task_marker_dag.py
[2024-05-12T02:02:30.947+0000] {logging_mixin.py:188} INFO - [2024-05-12T02:02:30.947+0000] {dag.py:3096} INFO - Sync 2 DAGs
[2024-05-12T02:02:30.953+0000] {logging_mixin.py:188} INFO - [2024-05-12T02:02:30.953+0000] {dag.py:3954} INFO - Setting next_dagrun for example_external_task_marker_child to None, run_after=None
[2024-05-12T02:02:30.954+0000] {logging_mixin.py:188} INFO - [2024-05-12T02:02:30.954+0000] {dag.py:3954} INFO - Setting next_dagrun for example_external_task_marker_parent to None, run_after=None
[2024-05-12T02:02:30.961+0000] {processor.py:183} INFO - Processing /home/airflow/.local/lib/python3.12/site-packages/airflow/example_dags/example_external_task_marker_dag.py took 0.031 seconds
[2024-05-12T02:03:01.924+0000] {processor.py:161} INFO - Started process (PID=1230) to work on /home/airflow/.local/lib/python3.12/site-packages/airflow/example_dags/example_external_task_marker_dag.py
[2024-05-12T02:03:01.925+0000] {processor.py:830} INFO - Processing file /home/airflow/.local/lib/python3.12/site-packages/airflow/example_dags/example_external_task_marker_dag.py for tasks to queue
[2024-05-12T02:03:01.926+0000] {logging_mixin.py:188} INFO - [2024-05-12T02:03:01.925+0000] {dagbag.py:545} INFO - Filling up the DagBag from /home/airflow/.local/lib/python3.12/site-packages/airflow/example_dags/example_external_task_marker_dag.py
[2024-05-12T02:03:01.929+0000] {processor.py:840} INFO - DAG(s) 'example_external_task_marker_child', 'example_external_task_marker_parent' retrieved from /home/airflow/.local/lib/python3.12/site-packages/airflow/example_dags/example_external_task_marker_dag.py
[2024-05-12T02:03:01.940+0000] {logging_mixin.py:188} INFO - [2024-05-12T02:03:01.940+0000] {dag.py:3096} INFO - Sync 2 DAGs
[2024-05-12T02:03:01.947+0000] {logging_mixin.py:188} INFO - [2024-05-12T02:03:01.946+0000] {dag.py:3954} INFO - Setting next_dagrun for example_external_task_marker_child to None, run_after=None
[2024-05-12T02:03:01.949+0000] {logging_mixin.py:188} INFO - [2024-05-12T02:03:01.948+0000] {dag.py:3954} INFO - Setting next_dagrun for example_external_task_marker_parent to None, run_after=None
[2024-05-12T02:03:01.957+0000] {processor.py:183} INFO - Processing /home/airflow/.local/lib/python3.12/site-packages/airflow/example_dags/example_external_task_marker_dag.py took 0.035 seconds
[2024-05-12T02:03:32.755+0000] {processor.py:161} INFO - Started process (PID=1289) to work on /home/airflow/.local/lib/python3.12/site-packages/airflow/example_dags/example_external_task_marker_dag.py
[2024-05-12T02:03:32.756+0000] {processor.py:830} INFO - Processing file /home/airflow/.local/lib/python3.12/site-packages/airflow/example_dags/example_external_task_marker_dag.py for tasks to queue
[2024-05-12T02:03:32.756+0000] {logging_mixin.py:188} INFO - [2024-05-12T02:03:32.756+0000] {dagbag.py:545} INFO - Filling up the DagBag from /home/airflow/.local/lib/python3.12/site-packages/airflow/example_dags/example_external_task_marker_dag.py
[2024-05-12T02:03:32.759+0000] {processor.py:840} INFO - DAG(s) 'example_external_task_marker_child', 'example_external_task_marker_parent' retrieved from /home/airflow/.local/lib/python3.12/site-packages/airflow/example_dags/example_external_task_marker_dag.py
[2024-05-12T02:03:32.770+0000] {logging_mixin.py:188} INFO - [2024-05-12T02:03:32.770+0000] {dag.py:3096} INFO - Sync 2 DAGs
[2024-05-12T02:03:32.775+0000] {logging_mixin.py:188} INFO - [2024-05-12T02:03:32.775+0000] {dag.py:3954} INFO - Setting next_dagrun for example_external_task_marker_child to None, run_after=None
[2024-05-12T02:03:32.777+0000] {logging_mixin.py:188} INFO - [2024-05-12T02:03:32.777+0000] {dag.py:3954} INFO - Setting next_dagrun for example_external_task_marker_parent to None, run_after=None
[2024-05-12T02:03:32.785+0000] {processor.py:183} INFO - Processing /home/airflow/.local/lib/python3.12/site-packages/airflow/example_dags/example_external_task_marker_dag.py took 0.032 seconds
[2024-05-12T02:04:03.431+0000] {processor.py:161} INFO - Started process (PID=1348) to work on /home/airflow/.local/lib/python3.12/site-packages/airflow/example_dags/example_external_task_marker_dag.py
[2024-05-12T02:04:03.431+0000] {processor.py:830} INFO - Processing file /home/airflow/.local/lib/python3.12/site-packages/airflow/example_dags/example_external_task_marker_dag.py for tasks to queue
[2024-05-12T02:04:03.432+0000] {logging_mixin.py:188} INFO - [2024-05-12T02:04:03.432+0000] {dagbag.py:545} INFO - Filling up the DagBag from /home/airflow/.local/lib/python3.12/site-packages/airflow/example_dags/example_external_task_marker_dag.py
[2024-05-12T02:04:03.435+0000] {processor.py:840} INFO - DAG(s) 'example_external_task_marker_parent', 'example_external_task_marker_child' retrieved from /home/airflow/.local/lib/python3.12/site-packages/airflow/example_dags/example_external_task_marker_dag.py
[2024-05-12T02:04:03.445+0000] {logging_mixin.py:188} INFO - [2024-05-12T02:04:03.445+0000] {dag.py:3096} INFO - Sync 2 DAGs
[2024-05-12T02:04:03.450+0000] {logging_mixin.py:188} INFO - [2024-05-12T02:04:03.450+0000] {dag.py:3954} INFO - Setting next_dagrun for example_external_task_marker_child to None, run_after=None
[2024-05-12T02:04:03.452+0000] {logging_mixin.py:188} INFO - [2024-05-12T02:04:03.452+0000] {dag.py:3954} INFO - Setting next_dagrun for example_external_task_marker_parent to None, run_after=None
[2024-05-12T02:04:03.459+0000] {processor.py:183} INFO - Processing /home/airflow/.local/lib/python3.12/site-packages/airflow/example_dags/example_external_task_marker_dag.py took 0.031 seconds
[2024-05-12T02:04:34.228+0000] {processor.py:161} INFO - Started process (PID=1407) to work on /home/airflow/.local/lib/python3.12/site-packages/airflow/example_dags/example_external_task_marker_dag.py
[2024-05-12T02:04:34.229+0000] {processor.py:830} INFO - Processing file /home/airflow/.local/lib/python3.12/site-packages/airflow/example_dags/example_external_task_marker_dag.py for tasks to queue
[2024-05-12T02:04:34.230+0000] {logging_mixin.py:188} INFO - [2024-05-12T02:04:34.230+0000] {dagbag.py:545} INFO - Filling up the DagBag from /home/airflow/.local/lib/python3.12/site-packages/airflow/example_dags/example_external_task_marker_dag.py
[2024-05-12T02:04:34.233+0000] {processor.py:840} INFO - DAG(s) 'example_external_task_marker_child', 'example_external_task_marker_parent' retrieved from /home/airflow/.local/lib/python3.12/site-packages/airflow/example_dags/example_external_task_marker_dag.py
[2024-05-12T02:04:34.244+0000] {logging_mixin.py:188} INFO - [2024-05-12T02:04:34.244+0000] {dag.py:3096} INFO - Sync 2 DAGs
[2024-05-12T02:04:34.250+0000] {logging_mixin.py:188} INFO - [2024-05-12T02:04:34.250+0000] {dag.py:3954} INFO - Setting next_dagrun for example_external_task_marker_child to None, run_after=None
[2024-05-12T02:04:34.251+0000] {logging_mixin.py:188} INFO - [2024-05-12T02:04:34.251+0000] {dag.py:3954} INFO - Setting next_dagrun for example_external_task_marker_parent to None, run_after=None
[2024-05-12T02:04:34.259+0000] {processor.py:183} INFO - Processing /home/airflow/.local/lib/python3.12/site-packages/airflow/example_dags/example_external_task_marker_dag.py took 0.034 seconds
[2024-05-12T02:05:04.345+0000] {processor.py:161} INFO - Started process (PID=1466) to work on /home/airflow/.local/lib/python3.12/site-packages/airflow/example_dags/example_external_task_marker_dag.py
[2024-05-12T02:05:04.346+0000] {processor.py:830} INFO - Processing file /home/airflow/.local/lib/python3.12/site-packages/airflow/example_dags/example_external_task_marker_dag.py for tasks to queue
[2024-05-12T02:05:04.347+0000] {logging_mixin.py:188} INFO - [2024-05-12T02:05:04.346+0000] {dagbag.py:545} INFO - Filling up the DagBag from /home/airflow/.local/lib/python3.12/site-packages/airflow/example_dags/example_external_task_marker_dag.py
[2024-05-12T02:05:04.350+0000] {processor.py:840} INFO - DAG(s) 'example_external_task_marker_child', 'example_external_task_marker_parent' retrieved from /home/airflow/.local/lib/python3.12/site-packages/airflow/example_dags/example_external_task_marker_dag.py
[2024-05-12T02:05:04.360+0000] {logging_mixin.py:188} INFO - [2024-05-12T02:05:04.360+0000] {dag.py:3096} INFO - Sync 2 DAGs
[2024-05-12T02:05:04.366+0000] {logging_mixin.py:188} INFO - [2024-05-12T02:05:04.366+0000] {dag.py:3954} INFO - Setting next_dagrun for example_external_task_marker_child to None, run_after=None
[2024-05-12T02:05:04.368+0000] {logging_mixin.py:188} INFO - [2024-05-12T02:05:04.368+0000] {dag.py:3954} INFO - Setting next_dagrun for example_external_task_marker_parent to None, run_after=None
[2024-05-12T02:05:04.375+0000] {processor.py:183} INFO - Processing /home/airflow/.local/lib/python3.12/site-packages/airflow/example_dags/example_external_task_marker_dag.py took 0.033 seconds
[2024-05-12T02:05:34.947+0000] {processor.py:161} INFO - Started process (PID=1524) to work on /home/airflow/.local/lib/python3.12/site-packages/airflow/example_dags/example_external_task_marker_dag.py
[2024-05-12T02:05:34.948+0000] {processor.py:830} INFO - Processing file /home/airflow/.local/lib/python3.12/site-packages/airflow/example_dags/example_external_task_marker_dag.py for tasks to queue
[2024-05-12T02:05:34.949+0000] {logging_mixin.py:188} INFO - [2024-05-12T02:05:34.949+0000] {dagbag.py:545} INFO - Filling up the DagBag from /home/airflow/.local/lib/python3.12/site-packages/airflow/example_dags/example_external_task_marker_dag.py
[2024-05-12T02:05:34.952+0000] {processor.py:840} INFO - DAG(s) 'example_external_task_marker_child', 'example_external_task_marker_parent' retrieved from /home/airflow/.local/lib/python3.12/site-packages/airflow/example_dags/example_external_task_marker_dag.py
[2024-05-12T02:05:34.964+0000] {logging_mixin.py:188} INFO - [2024-05-12T02:05:34.963+0000] {dag.py:3096} INFO - Sync 2 DAGs
[2024-05-12T02:05:34.969+0000] {logging_mixin.py:188} INFO - [2024-05-12T02:05:34.969+0000] {dag.py:3954} INFO - Setting next_dagrun for example_external_task_marker_child to None, run_after=None
[2024-05-12T02:05:34.971+0000] {logging_mixin.py:188} INFO - [2024-05-12T02:05:34.971+0000] {dag.py:3954} INFO - Setting next_dagrun for example_external_task_marker_parent to None, run_after=None
[2024-05-12T02:05:34.980+0000] {processor.py:183} INFO - Processing /home/airflow/.local/lib/python3.12/site-packages/airflow/example_dags/example_external_task_marker_dag.py took 0.035 seconds
