[2024-05-12T01:52:47.684+0000] {processor.py:161} INFO - Started process (PID=45) to work on /home/airflow/.local/lib/python3.12/site-packages/airflow/example_dags/example_latest_only_with_trigger.py
[2024-05-12T01:52:47.685+0000] {processor.py:830} INFO - Processing file /home/airflow/.local/lib/python3.12/site-packages/airflow/example_dags/example_latest_only_with_trigger.py for tasks to queue
[2024-05-12T01:52:47.686+0000] {logging_mixin.py:188} INFO - [2024-05-12T01:52:47.686+0000] {dagbag.py:545} INFO - Filling up the DagBag from /home/airflow/.local/lib/python3.12/site-packages/airflow/example_dags/example_latest_only_with_trigger.py
[2024-05-12T01:52:47.690+0000] {processor.py:840} INFO - DAG(s) 'latest_only_with_trigger' retrieved from /home/airflow/.local/lib/python3.12/site-packages/airflow/example_dags/example_latest_only_with_trigger.py
[2024-05-12T01:52:47.697+0000] {logging_mixin.py:188} INFO - [2024-05-12T01:52:47.696+0000] {dag.py:3096} INFO - Sync 1 DAGs
[2024-05-12T01:52:47.710+0000] {logging_mixin.py:188} INFO - [2024-05-12T01:52:47.710+0000] {dag.py:3954} INFO - Setting next_dagrun for latest_only_with_trigger to 2024-05-11 20:00:00+00:00, run_after=2024-05-12 00:00:00+00:00
[2024-05-12T01:52:47.719+0000] {processor.py:183} INFO - Processing /home/airflow/.local/lib/python3.12/site-packages/airflow/example_dags/example_latest_only_with_trigger.py took 0.038 seconds
[2024-05-12T01:53:18.017+0000] {processor.py:161} INFO - Started process (PID=103) to work on /home/airflow/.local/lib/python3.12/site-packages/airflow/example_dags/example_latest_only_with_trigger.py
[2024-05-12T01:53:18.017+0000] {processor.py:830} INFO - Processing file /home/airflow/.local/lib/python3.12/site-packages/airflow/example_dags/example_latest_only_with_trigger.py for tasks to queue
[2024-05-12T01:53:18.018+0000] {logging_mixin.py:188} INFO - [2024-05-12T01:53:18.018+0000] {dagbag.py:545} INFO - Filling up the DagBag from /home/airflow/.local/lib/python3.12/site-packages/airflow/example_dags/example_latest_only_with_trigger.py
[2024-05-12T01:53:18.021+0000] {processor.py:840} INFO - DAG(s) 'latest_only_with_trigger' retrieved from /home/airflow/.local/lib/python3.12/site-packages/airflow/example_dags/example_latest_only_with_trigger.py
[2024-05-12T01:53:18.067+0000] {logging_mixin.py:188} INFO - [2024-05-12T01:53:18.066+0000] {dag.py:3096} INFO - Sync 1 DAGs
[2024-05-12T01:53:18.075+0000] {logging_mixin.py:188} INFO - [2024-05-12T01:53:18.074+0000] {dag.py:3954} INFO - Setting next_dagrun for latest_only_with_trigger to 2024-05-11 20:00:00+00:00, run_after=2024-05-12 00:00:00+00:00
[2024-05-12T01:53:18.083+0000] {processor.py:183} INFO - Processing /home/airflow/.local/lib/python3.12/site-packages/airflow/example_dags/example_latest_only_with_trigger.py took 0.068 seconds
[2024-05-12T01:53:48.145+0000] {processor.py:161} INFO - Started process (PID=161) to work on /home/airflow/.local/lib/python3.12/site-packages/airflow/example_dags/example_latest_only_with_trigger.py
[2024-05-12T01:53:48.145+0000] {processor.py:830} INFO - Processing file /home/airflow/.local/lib/python3.12/site-packages/airflow/example_dags/example_latest_only_with_trigger.py for tasks to queue
[2024-05-12T01:53:48.146+0000] {logging_mixin.py:188} INFO - [2024-05-12T01:53:48.146+0000] {dagbag.py:545} INFO - Filling up the DagBag from /home/airflow/.local/lib/python3.12/site-packages/airflow/example_dags/example_latest_only_with_trigger.py
[2024-05-12T01:53:48.149+0000] {processor.py:840} INFO - DAG(s) 'latest_only_with_trigger' retrieved from /home/airflow/.local/lib/python3.12/site-packages/airflow/example_dags/example_latest_only_with_trigger.py
[2024-05-12T01:53:48.157+0000] {logging_mixin.py:188} INFO - [2024-05-12T01:53:48.157+0000] {dag.py:3096} INFO - Sync 1 DAGs
[2024-05-12T01:53:48.166+0000] {logging_mixin.py:188} INFO - [2024-05-12T01:53:48.165+0000] {dag.py:3954} INFO - Setting next_dagrun for latest_only_with_trigger to 2024-05-11 20:00:00+00:00, run_after=2024-05-12 00:00:00+00:00
[2024-05-12T01:53:48.173+0000] {processor.py:183} INFO - Processing /home/airflow/.local/lib/python3.12/site-packages/airflow/example_dags/example_latest_only_with_trigger.py took 0.030 seconds
[2024-05-12T01:54:18.980+0000] {processor.py:161} INFO - Started process (PID=219) to work on /home/airflow/.local/lib/python3.12/site-packages/airflow/example_dags/example_latest_only_with_trigger.py
[2024-05-12T01:54:18.980+0000] {processor.py:830} INFO - Processing file /home/airflow/.local/lib/python3.12/site-packages/airflow/example_dags/example_latest_only_with_trigger.py for tasks to queue
[2024-05-12T01:54:18.981+0000] {logging_mixin.py:188} INFO - [2024-05-12T01:54:18.981+0000] {dagbag.py:545} INFO - Filling up the DagBag from /home/airflow/.local/lib/python3.12/site-packages/airflow/example_dags/example_latest_only_with_trigger.py
[2024-05-12T01:54:18.984+0000] {processor.py:840} INFO - DAG(s) 'latest_only_with_trigger' retrieved from /home/airflow/.local/lib/python3.12/site-packages/airflow/example_dags/example_latest_only_with_trigger.py
[2024-05-12T01:54:18.992+0000] {logging_mixin.py:188} INFO - [2024-05-12T01:54:18.992+0000] {dag.py:3096} INFO - Sync 1 DAGs
[2024-05-12T01:54:19.001+0000] {logging_mixin.py:188} INFO - [2024-05-12T01:54:19.001+0000] {dag.py:3954} INFO - Setting next_dagrun for latest_only_with_trigger to 2024-05-11 20:00:00+00:00, run_after=2024-05-12 00:00:00+00:00
[2024-05-12T01:54:19.008+0000] {processor.py:183} INFO - Processing /home/airflow/.local/lib/python3.12/site-packages/airflow/example_dags/example_latest_only_with_trigger.py took 0.031 seconds
[2024-05-12T01:54:49.526+0000] {processor.py:161} INFO - Started process (PID=277) to work on /home/airflow/.local/lib/python3.12/site-packages/airflow/example_dags/example_latest_only_with_trigger.py
[2024-05-12T01:54:49.526+0000] {processor.py:830} INFO - Processing file /home/airflow/.local/lib/python3.12/site-packages/airflow/example_dags/example_latest_only_with_trigger.py for tasks to queue
[2024-05-12T01:54:49.527+0000] {logging_mixin.py:188} INFO - [2024-05-12T01:54:49.527+0000] {dagbag.py:545} INFO - Filling up the DagBag from /home/airflow/.local/lib/python3.12/site-packages/airflow/example_dags/example_latest_only_with_trigger.py
[2024-05-12T01:54:49.530+0000] {processor.py:840} INFO - DAG(s) 'latest_only_with_trigger' retrieved from /home/airflow/.local/lib/python3.12/site-packages/airflow/example_dags/example_latest_only_with_trigger.py
[2024-05-12T01:54:49.538+0000] {logging_mixin.py:188} INFO - [2024-05-12T01:54:49.538+0000] {dag.py:3096} INFO - Sync 1 DAGs
[2024-05-12T01:54:49.546+0000] {logging_mixin.py:188} INFO - [2024-05-12T01:54:49.546+0000] {dag.py:3954} INFO - Setting next_dagrun for latest_only_with_trigger to 2024-05-11 20:00:00+00:00, run_after=2024-05-12 00:00:00+00:00
[2024-05-12T01:54:49.553+0000] {processor.py:183} INFO - Processing /home/airflow/.local/lib/python3.12/site-packages/airflow/example_dags/example_latest_only_with_trigger.py took 0.029 seconds
[2024-05-12T01:55:20.048+0000] {processor.py:161} INFO - Started process (PID=335) to work on /home/airflow/.local/lib/python3.12/site-packages/airflow/example_dags/example_latest_only_with_trigger.py
[2024-05-12T01:55:20.048+0000] {processor.py:830} INFO - Processing file /home/airflow/.local/lib/python3.12/site-packages/airflow/example_dags/example_latest_only_with_trigger.py for tasks to queue
[2024-05-12T01:55:20.049+0000] {logging_mixin.py:188} INFO - [2024-05-12T01:55:20.049+0000] {dagbag.py:545} INFO - Filling up the DagBag from /home/airflow/.local/lib/python3.12/site-packages/airflow/example_dags/example_latest_only_with_trigger.py
[2024-05-12T01:55:20.052+0000] {processor.py:840} INFO - DAG(s) 'latest_only_with_trigger' retrieved from /home/airflow/.local/lib/python3.12/site-packages/airflow/example_dags/example_latest_only_with_trigger.py
[2024-05-12T01:55:20.061+0000] {logging_mixin.py:188} INFO - [2024-05-12T01:55:20.061+0000] {dag.py:3096} INFO - Sync 1 DAGs
[2024-05-12T01:55:20.069+0000] {logging_mixin.py:188} INFO - [2024-05-12T01:55:20.069+0000] {dag.py:3954} INFO - Setting next_dagrun for latest_only_with_trigger to 2024-05-11 20:00:00+00:00, run_after=2024-05-12 00:00:00+00:00
[2024-05-12T01:55:20.076+0000] {processor.py:183} INFO - Processing /home/airflow/.local/lib/python3.12/site-packages/airflow/example_dags/example_latest_only_with_trigger.py took 0.031 seconds
[2024-05-12T01:55:50.556+0000] {processor.py:161} INFO - Started process (PID=393) to work on /home/airflow/.local/lib/python3.12/site-packages/airflow/example_dags/example_latest_only_with_trigger.py
[2024-05-12T01:55:50.556+0000] {processor.py:830} INFO - Processing file /home/airflow/.local/lib/python3.12/site-packages/airflow/example_dags/example_latest_only_with_trigger.py for tasks to queue
[2024-05-12T01:55:50.557+0000] {logging_mixin.py:188} INFO - [2024-05-12T01:55:50.557+0000] {dagbag.py:545} INFO - Filling up the DagBag from /home/airflow/.local/lib/python3.12/site-packages/airflow/example_dags/example_latest_only_with_trigger.py
[2024-05-12T01:55:50.560+0000] {processor.py:840} INFO - DAG(s) 'latest_only_with_trigger' retrieved from /home/airflow/.local/lib/python3.12/site-packages/airflow/example_dags/example_latest_only_with_trigger.py
[2024-05-12T01:55:50.568+0000] {logging_mixin.py:188} INFO - [2024-05-12T01:55:50.568+0000] {dag.py:3096} INFO - Sync 1 DAGs
[2024-05-12T01:55:50.578+0000] {logging_mixin.py:188} INFO - [2024-05-12T01:55:50.578+0000] {dag.py:3954} INFO - Setting next_dagrun for latest_only_with_trigger to 2024-05-11 20:00:00+00:00, run_after=2024-05-12 00:00:00+00:00
[2024-05-12T01:55:50.587+0000] {processor.py:183} INFO - Processing /home/airflow/.local/lib/python3.12/site-packages/airflow/example_dags/example_latest_only_with_trigger.py took 0.034 seconds
[2024-05-12T01:56:21.119+0000] {processor.py:161} INFO - Started process (PID=451) to work on /home/airflow/.local/lib/python3.12/site-packages/airflow/example_dags/example_latest_only_with_trigger.py
[2024-05-12T01:56:21.120+0000] {processor.py:830} INFO - Processing file /home/airflow/.local/lib/python3.12/site-packages/airflow/example_dags/example_latest_only_with_trigger.py for tasks to queue
[2024-05-12T01:56:21.121+0000] {logging_mixin.py:188} INFO - [2024-05-12T01:56:21.121+0000] {dagbag.py:545} INFO - Filling up the DagBag from /home/airflow/.local/lib/python3.12/site-packages/airflow/example_dags/example_latest_only_with_trigger.py
[2024-05-12T01:56:21.123+0000] {processor.py:840} INFO - DAG(s) 'latest_only_with_trigger' retrieved from /home/airflow/.local/lib/python3.12/site-packages/airflow/example_dags/example_latest_only_with_trigger.py
[2024-05-12T01:56:21.132+0000] {logging_mixin.py:188} INFO - [2024-05-12T01:56:21.132+0000] {dag.py:3096} INFO - Sync 1 DAGs
[2024-05-12T01:56:21.140+0000] {logging_mixin.py:188} INFO - [2024-05-12T01:56:21.140+0000] {dag.py:3954} INFO - Setting next_dagrun for latest_only_with_trigger to 2024-05-11 20:00:00+00:00, run_after=2024-05-12 00:00:00+00:00
[2024-05-12T01:56:21.147+0000] {processor.py:183} INFO - Processing /home/airflow/.local/lib/python3.12/site-packages/airflow/example_dags/example_latest_only_with_trigger.py took 0.030 seconds
[2024-05-12T01:56:51.701+0000] {processor.py:161} INFO - Started process (PID=509) to work on /home/airflow/.local/lib/python3.12/site-packages/airflow/example_dags/example_latest_only_with_trigger.py
[2024-05-12T01:56:51.702+0000] {processor.py:830} INFO - Processing file /home/airflow/.local/lib/python3.12/site-packages/airflow/example_dags/example_latest_only_with_trigger.py for tasks to queue
[2024-05-12T01:56:51.702+0000] {logging_mixin.py:188} INFO - [2024-05-12T01:56:51.702+0000] {dagbag.py:545} INFO - Filling up the DagBag from /home/airflow/.local/lib/python3.12/site-packages/airflow/example_dags/example_latest_only_with_trigger.py
[2024-05-12T01:56:51.705+0000] {processor.py:840} INFO - DAG(s) 'latest_only_with_trigger' retrieved from /home/airflow/.local/lib/python3.12/site-packages/airflow/example_dags/example_latest_only_with_trigger.py
[2024-05-12T01:56:51.714+0000] {logging_mixin.py:188} INFO - [2024-05-12T01:56:51.714+0000] {dag.py:3096} INFO - Sync 1 DAGs
[2024-05-12T01:56:51.722+0000] {logging_mixin.py:188} INFO - [2024-05-12T01:56:51.722+0000] {dag.py:3954} INFO - Setting next_dagrun for latest_only_with_trigger to 2024-05-11 20:00:00+00:00, run_after=2024-05-12 00:00:00+00:00
[2024-05-12T01:56:51.729+0000] {processor.py:183} INFO - Processing /home/airflow/.local/lib/python3.12/site-packages/airflow/example_dags/example_latest_only_with_trigger.py took 0.030 seconds
[2024-05-12T01:57:22.221+0000] {processor.py:161} INFO - Started process (PID=567) to work on /home/airflow/.local/lib/python3.12/site-packages/airflow/example_dags/example_latest_only_with_trigger.py
[2024-05-12T01:57:22.221+0000] {processor.py:830} INFO - Processing file /home/airflow/.local/lib/python3.12/site-packages/airflow/example_dags/example_latest_only_with_trigger.py for tasks to queue
[2024-05-12T01:57:22.222+0000] {logging_mixin.py:188} INFO - [2024-05-12T01:57:22.222+0000] {dagbag.py:545} INFO - Filling up the DagBag from /home/airflow/.local/lib/python3.12/site-packages/airflow/example_dags/example_latest_only_with_trigger.py
[2024-05-12T01:57:22.225+0000] {processor.py:840} INFO - DAG(s) 'latest_only_with_trigger' retrieved from /home/airflow/.local/lib/python3.12/site-packages/airflow/example_dags/example_latest_only_with_trigger.py
[2024-05-12T01:57:22.234+0000] {logging_mixin.py:188} INFO - [2024-05-12T01:57:22.234+0000] {dag.py:3096} INFO - Sync 1 DAGs
[2024-05-12T01:57:22.243+0000] {logging_mixin.py:188} INFO - [2024-05-12T01:57:22.243+0000] {dag.py:3954} INFO - Setting next_dagrun for latest_only_with_trigger to 2024-05-11 20:00:00+00:00, run_after=2024-05-12 00:00:00+00:00
[2024-05-12T01:57:22.251+0000] {processor.py:183} INFO - Processing /home/airflow/.local/lib/python3.12/site-packages/airflow/example_dags/example_latest_only_with_trigger.py took 0.033 seconds
[2024-05-12T01:57:52.727+0000] {processor.py:161} INFO - Started process (PID=626) to work on /home/airflow/.local/lib/python3.12/site-packages/airflow/example_dags/example_latest_only_with_trigger.py
[2024-05-12T01:57:52.727+0000] {processor.py:830} INFO - Processing file /home/airflow/.local/lib/python3.12/site-packages/airflow/example_dags/example_latest_only_with_trigger.py for tasks to queue
[2024-05-12T01:57:52.729+0000] {logging_mixin.py:188} INFO - [2024-05-12T01:57:52.729+0000] {dagbag.py:545} INFO - Filling up the DagBag from /home/airflow/.local/lib/python3.12/site-packages/airflow/example_dags/example_latest_only_with_trigger.py
[2024-05-12T01:57:52.732+0000] {processor.py:840} INFO - DAG(s) 'latest_only_with_trigger' retrieved from /home/airflow/.local/lib/python3.12/site-packages/airflow/example_dags/example_latest_only_with_trigger.py
[2024-05-12T01:57:52.743+0000] {logging_mixin.py:188} INFO - [2024-05-12T01:57:52.743+0000] {dag.py:3096} INFO - Sync 1 DAGs
[2024-05-12T01:57:52.752+0000] {logging_mixin.py:188} INFO - [2024-05-12T01:57:52.752+0000] {dag.py:3954} INFO - Setting next_dagrun for latest_only_with_trigger to 2024-05-11 20:00:00+00:00, run_after=2024-05-12 00:00:00+00:00
[2024-05-12T01:57:52.761+0000] {processor.py:183} INFO - Processing /home/airflow/.local/lib/python3.12/site-packages/airflow/example_dags/example_latest_only_with_trigger.py took 0.038 seconds
[2024-05-12T01:58:23.262+0000] {processor.py:161} INFO - Started process (PID=685) to work on /home/airflow/.local/lib/python3.12/site-packages/airflow/example_dags/example_latest_only_with_trigger.py
[2024-05-12T01:58:23.263+0000] {processor.py:830} INFO - Processing file /home/airflow/.local/lib/python3.12/site-packages/airflow/example_dags/example_latest_only_with_trigger.py for tasks to queue
[2024-05-12T01:58:23.264+0000] {logging_mixin.py:188} INFO - [2024-05-12T01:58:23.264+0000] {dagbag.py:545} INFO - Filling up the DagBag from /home/airflow/.local/lib/python3.12/site-packages/airflow/example_dags/example_latest_only_with_trigger.py
[2024-05-12T01:58:23.268+0000] {processor.py:840} INFO - DAG(s) 'latest_only_with_trigger' retrieved from /home/airflow/.local/lib/python3.12/site-packages/airflow/example_dags/example_latest_only_with_trigger.py
[2024-05-12T01:58:23.281+0000] {logging_mixin.py:188} INFO - [2024-05-12T01:58:23.281+0000] {dag.py:3096} INFO - Sync 1 DAGs
[2024-05-12T01:58:23.295+0000] {logging_mixin.py:188} INFO - [2024-05-12T01:58:23.295+0000] {dag.py:3954} INFO - Setting next_dagrun for latest_only_with_trigger to 2024-05-11 20:00:00+00:00, run_after=2024-05-12 00:00:00+00:00
[2024-05-12T01:58:23.307+0000] {processor.py:183} INFO - Processing /home/airflow/.local/lib/python3.12/site-packages/airflow/example_dags/example_latest_only_with_trigger.py took 0.048 seconds
[2024-05-12T01:58:53.919+0000] {processor.py:161} INFO - Started process (PID=744) to work on /home/airflow/.local/lib/python3.12/site-packages/airflow/example_dags/example_latest_only_with_trigger.py
[2024-05-12T01:58:53.919+0000] {processor.py:830} INFO - Processing file /home/airflow/.local/lib/python3.12/site-packages/airflow/example_dags/example_latest_only_with_trigger.py for tasks to queue
[2024-05-12T01:58:53.920+0000] {logging_mixin.py:188} INFO - [2024-05-12T01:58:53.920+0000] {dagbag.py:545} INFO - Filling up the DagBag from /home/airflow/.local/lib/python3.12/site-packages/airflow/example_dags/example_latest_only_with_trigger.py
[2024-05-12T01:58:53.923+0000] {processor.py:840} INFO - DAG(s) 'latest_only_with_trigger' retrieved from /home/airflow/.local/lib/python3.12/site-packages/airflow/example_dags/example_latest_only_with_trigger.py
[2024-05-12T01:58:53.933+0000] {logging_mixin.py:188} INFO - [2024-05-12T01:58:53.932+0000] {dag.py:3096} INFO - Sync 1 DAGs
[2024-05-12T01:58:53.942+0000] {logging_mixin.py:188} INFO - [2024-05-12T01:58:53.942+0000] {dag.py:3954} INFO - Setting next_dagrun for latest_only_with_trigger to 2024-05-11 20:00:00+00:00, run_after=2024-05-12 00:00:00+00:00
[2024-05-12T01:58:53.949+0000] {processor.py:183} INFO - Processing /home/airflow/.local/lib/python3.12/site-packages/airflow/example_dags/example_latest_only_with_trigger.py took 0.034 seconds
[2024-05-12T01:59:24.644+0000] {processor.py:161} INFO - Started process (PID=803) to work on /home/airflow/.local/lib/python3.12/site-packages/airflow/example_dags/example_latest_only_with_trigger.py
[2024-05-12T01:59:24.644+0000] {processor.py:830} INFO - Processing file /home/airflow/.local/lib/python3.12/site-packages/airflow/example_dags/example_latest_only_with_trigger.py for tasks to queue
[2024-05-12T01:59:24.645+0000] {logging_mixin.py:188} INFO - [2024-05-12T01:59:24.645+0000] {dagbag.py:545} INFO - Filling up the DagBag from /home/airflow/.local/lib/python3.12/site-packages/airflow/example_dags/example_latest_only_with_trigger.py
[2024-05-12T01:59:24.648+0000] {processor.py:840} INFO - DAG(s) 'latest_only_with_trigger' retrieved from /home/airflow/.local/lib/python3.12/site-packages/airflow/example_dags/example_latest_only_with_trigger.py
[2024-05-12T01:59:24.658+0000] {logging_mixin.py:188} INFO - [2024-05-12T01:59:24.658+0000] {dag.py:3096} INFO - Sync 1 DAGs
[2024-05-12T01:59:24.667+0000] {logging_mixin.py:188} INFO - [2024-05-12T01:59:24.667+0000] {dag.py:3954} INFO - Setting next_dagrun for latest_only_with_trigger to 2024-05-11 20:00:00+00:00, run_after=2024-05-12 00:00:00+00:00
[2024-05-12T01:59:24.674+0000] {processor.py:183} INFO - Processing /home/airflow/.local/lib/python3.12/site-packages/airflow/example_dags/example_latest_only_with_trigger.py took 0.033 seconds
