[2024-05-12T01:52:48.785+0000] {processor.py:161} INFO - Started process (PID=74) to work on /home/airflow/.local/lib/python3.12/site-packages/airflow/example_dags/example_bash_operator.py
[2024-05-12T01:52:48.785+0000] {processor.py:830} INFO - Processing file /home/airflow/.local/lib/python3.12/site-packages/airflow/example_dags/example_bash_operator.py for tasks to queue
[2024-05-12T01:52:48.787+0000] {logging_mixin.py:188} INFO - [2024-05-12T01:52:48.786+0000] {dagbag.py:545} INFO - Filling up the DagBag from /home/airflow/.local/lib/python3.12/site-packages/airflow/example_dags/example_bash_operator.py
[2024-05-12T01:52:48.793+0000] {processor.py:840} INFO - DAG(s) 'example_bash_operator' retrieved from /home/airflow/.local/lib/python3.12/site-packages/airflow/example_dags/example_bash_operator.py
[2024-05-12T01:52:48.800+0000] {logging_mixin.py:188} INFO - [2024-05-12T01:52:48.800+0000] {dag.py:3096} INFO - Sync 1 DAGs
[2024-05-12T01:52:48.821+0000] {logging_mixin.py:188} INFO - [2024-05-12T01:52:48.821+0000] {dag.py:3954} INFO - Setting next_dagrun for example_bash_operator to 2024-05-11 00:00:00+00:00, run_after=2024-05-12 00:00:00+00:00
[2024-05-12T01:52:48.833+0000] {processor.py:183} INFO - Processing /home/airflow/.local/lib/python3.12/site-packages/airflow/example_dags/example_bash_operator.py took 0.052 seconds
[2024-05-12T01:53:19.273+0000] {processor.py:161} INFO - Started process (PID=132) to work on /home/airflow/.local/lib/python3.12/site-packages/airflow/example_dags/example_bash_operator.py
[2024-05-12T01:53:19.274+0000] {processor.py:830} INFO - Processing file /home/airflow/.local/lib/python3.12/site-packages/airflow/example_dags/example_bash_operator.py for tasks to queue
[2024-05-12T01:53:19.275+0000] {logging_mixin.py:188} INFO - [2024-05-12T01:53:19.275+0000] {dagbag.py:545} INFO - Filling up the DagBag from /home/airflow/.local/lib/python3.12/site-packages/airflow/example_dags/example_bash_operator.py
[2024-05-12T01:53:19.279+0000] {processor.py:840} INFO - DAG(s) 'example_bash_operator' retrieved from /home/airflow/.local/lib/python3.12/site-packages/airflow/example_dags/example_bash_operator.py
[2024-05-12T01:53:19.317+0000] {logging_mixin.py:188} INFO - [2024-05-12T01:53:19.317+0000] {dag.py:3096} INFO - Sync 1 DAGs
[2024-05-12T01:53:19.324+0000] {logging_mixin.py:188} INFO - [2024-05-12T01:53:19.324+0000] {dag.py:3954} INFO - Setting next_dagrun for example_bash_operator to 2024-05-11 00:00:00+00:00, run_after=2024-05-12 00:00:00+00:00
[2024-05-12T01:53:19.331+0000] {processor.py:183} INFO - Processing /home/airflow/.local/lib/python3.12/site-packages/airflow/example_dags/example_bash_operator.py took 0.060 seconds
[2024-05-12T01:53:50.087+0000] {processor.py:161} INFO - Started process (PID=190) to work on /home/airflow/.local/lib/python3.12/site-packages/airflow/example_dags/example_bash_operator.py
[2024-05-12T01:53:50.087+0000] {processor.py:830} INFO - Processing file /home/airflow/.local/lib/python3.12/site-packages/airflow/example_dags/example_bash_operator.py for tasks to queue
[2024-05-12T01:53:50.088+0000] {logging_mixin.py:188} INFO - [2024-05-12T01:53:50.088+0000] {dagbag.py:545} INFO - Filling up the DagBag from /home/airflow/.local/lib/python3.12/site-packages/airflow/example_dags/example_bash_operator.py
[2024-05-12T01:53:50.093+0000] {processor.py:840} INFO - DAG(s) 'example_bash_operator' retrieved from /home/airflow/.local/lib/python3.12/site-packages/airflow/example_dags/example_bash_operator.py
[2024-05-12T01:53:50.104+0000] {logging_mixin.py:188} INFO - [2024-05-12T01:53:50.104+0000] {dag.py:3096} INFO - Sync 1 DAGs
[2024-05-12T01:53:50.113+0000] {logging_mixin.py:188} INFO - [2024-05-12T01:53:50.113+0000] {dag.py:3954} INFO - Setting next_dagrun for example_bash_operator to 2024-05-11 00:00:00+00:00, run_after=2024-05-12 00:00:00+00:00
[2024-05-12T01:53:50.128+0000] {processor.py:183} INFO - Processing /home/airflow/.local/lib/python3.12/site-packages/airflow/example_dags/example_bash_operator.py took 0.044 seconds
[2024-05-12T01:54:20.759+0000] {processor.py:161} INFO - Started process (PID=248) to work on /home/airflow/.local/lib/python3.12/site-packages/airflow/example_dags/example_bash_operator.py
[2024-05-12T01:54:20.759+0000] {processor.py:830} INFO - Processing file /home/airflow/.local/lib/python3.12/site-packages/airflow/example_dags/example_bash_operator.py for tasks to queue
[2024-05-12T01:54:20.760+0000] {logging_mixin.py:188} INFO - [2024-05-12T01:54:20.760+0000] {dagbag.py:545} INFO - Filling up the DagBag from /home/airflow/.local/lib/python3.12/site-packages/airflow/example_dags/example_bash_operator.py
[2024-05-12T01:54:20.764+0000] {processor.py:840} INFO - DAG(s) 'example_bash_operator' retrieved from /home/airflow/.local/lib/python3.12/site-packages/airflow/example_dags/example_bash_operator.py
[2024-05-12T01:54:20.774+0000] {logging_mixin.py:188} INFO - [2024-05-12T01:54:20.774+0000] {dag.py:3096} INFO - Sync 1 DAGs
[2024-05-12T01:54:20.783+0000] {logging_mixin.py:188} INFO - [2024-05-12T01:54:20.783+0000] {dag.py:3954} INFO - Setting next_dagrun for example_bash_operator to 2024-05-11 00:00:00+00:00, run_after=2024-05-12 00:00:00+00:00
[2024-05-12T01:54:20.789+0000] {processor.py:183} INFO - Processing /home/airflow/.local/lib/python3.12/site-packages/airflow/example_dags/example_bash_operator.py took 0.033 seconds
[2024-05-12T01:54:51.222+0000] {processor.py:161} INFO - Started process (PID=306) to work on /home/airflow/.local/lib/python3.12/site-packages/airflow/example_dags/example_bash_operator.py
[2024-05-12T01:54:51.223+0000] {processor.py:830} INFO - Processing file /home/airflow/.local/lib/python3.12/site-packages/airflow/example_dags/example_bash_operator.py for tasks to queue
[2024-05-12T01:54:51.223+0000] {logging_mixin.py:188} INFO - [2024-05-12T01:54:51.223+0000] {dagbag.py:545} INFO - Filling up the DagBag from /home/airflow/.local/lib/python3.12/site-packages/airflow/example_dags/example_bash_operator.py
[2024-05-12T01:54:51.228+0000] {processor.py:840} INFO - DAG(s) 'example_bash_operator' retrieved from /home/airflow/.local/lib/python3.12/site-packages/airflow/example_dags/example_bash_operator.py
[2024-05-12T01:54:51.239+0000] {logging_mixin.py:188} INFO - [2024-05-12T01:54:51.239+0000] {dag.py:3096} INFO - Sync 1 DAGs
[2024-05-12T01:54:51.248+0000] {logging_mixin.py:188} INFO - [2024-05-12T01:54:51.248+0000] {dag.py:3954} INFO - Setting next_dagrun for example_bash_operator to 2024-05-11 00:00:00+00:00, run_after=2024-05-12 00:00:00+00:00
[2024-05-12T01:54:51.256+0000] {processor.py:183} INFO - Processing /home/airflow/.local/lib/python3.12/site-packages/airflow/example_dags/example_bash_operator.py took 0.036 seconds
[2024-05-12T01:55:21.740+0000] {processor.py:161} INFO - Started process (PID=364) to work on /home/airflow/.local/lib/python3.12/site-packages/airflow/example_dags/example_bash_operator.py
[2024-05-12T01:55:21.740+0000] {processor.py:830} INFO - Processing file /home/airflow/.local/lib/python3.12/site-packages/airflow/example_dags/example_bash_operator.py for tasks to queue
[2024-05-12T01:55:21.741+0000] {logging_mixin.py:188} INFO - [2024-05-12T01:55:21.741+0000] {dagbag.py:545} INFO - Filling up the DagBag from /home/airflow/.local/lib/python3.12/site-packages/airflow/example_dags/example_bash_operator.py
[2024-05-12T01:55:21.746+0000] {processor.py:840} INFO - DAG(s) 'example_bash_operator' retrieved from /home/airflow/.local/lib/python3.12/site-packages/airflow/example_dags/example_bash_operator.py
[2024-05-12T01:55:21.757+0000] {logging_mixin.py:188} INFO - [2024-05-12T01:55:21.757+0000] {dag.py:3096} INFO - Sync 1 DAGs
[2024-05-12T01:55:21.766+0000] {logging_mixin.py:188} INFO - [2024-05-12T01:55:21.766+0000] {dag.py:3954} INFO - Setting next_dagrun for example_bash_operator to 2024-05-11 00:00:00+00:00, run_after=2024-05-12 00:00:00+00:00
[2024-05-12T01:55:21.772+0000] {processor.py:183} INFO - Processing /home/airflow/.local/lib/python3.12/site-packages/airflow/example_dags/example_bash_operator.py took 0.035 seconds
[2024-05-12T01:55:52.326+0000] {processor.py:161} INFO - Started process (PID=422) to work on /home/airflow/.local/lib/python3.12/site-packages/airflow/example_dags/example_bash_operator.py
[2024-05-12T01:55:52.327+0000] {processor.py:830} INFO - Processing file /home/airflow/.local/lib/python3.12/site-packages/airflow/example_dags/example_bash_operator.py for tasks to queue
[2024-05-12T01:55:52.328+0000] {logging_mixin.py:188} INFO - [2024-05-12T01:55:52.327+0000] {dagbag.py:545} INFO - Filling up the DagBag from /home/airflow/.local/lib/python3.12/site-packages/airflow/example_dags/example_bash_operator.py
[2024-05-12T01:55:52.333+0000] {processor.py:840} INFO - DAG(s) 'example_bash_operator' retrieved from /home/airflow/.local/lib/python3.12/site-packages/airflow/example_dags/example_bash_operator.py
[2024-05-12T01:55:52.344+0000] {logging_mixin.py:188} INFO - [2024-05-12T01:55:52.343+0000] {dag.py:3096} INFO - Sync 1 DAGs
[2024-05-12T01:55:52.352+0000] {logging_mixin.py:188} INFO - [2024-05-12T01:55:52.352+0000] {dag.py:3954} INFO - Setting next_dagrun for example_bash_operator to 2024-05-11 00:00:00+00:00, run_after=2024-05-12 00:00:00+00:00
[2024-05-12T01:55:52.359+0000] {processor.py:183} INFO - Processing /home/airflow/.local/lib/python3.12/site-packages/airflow/example_dags/example_bash_operator.py took 0.036 seconds
[2024-05-12T01:56:22.905+0000] {processor.py:161} INFO - Started process (PID=480) to work on /home/airflow/.local/lib/python3.12/site-packages/airflow/example_dags/example_bash_operator.py
[2024-05-12T01:56:22.906+0000] {processor.py:830} INFO - Processing file /home/airflow/.local/lib/python3.12/site-packages/airflow/example_dags/example_bash_operator.py for tasks to queue
[2024-05-12T01:56:22.907+0000] {logging_mixin.py:188} INFO - [2024-05-12T01:56:22.906+0000] {dagbag.py:545} INFO - Filling up the DagBag from /home/airflow/.local/lib/python3.12/site-packages/airflow/example_dags/example_bash_operator.py
[2024-05-12T01:56:22.912+0000] {processor.py:840} INFO - DAG(s) 'example_bash_operator' retrieved from /home/airflow/.local/lib/python3.12/site-packages/airflow/example_dags/example_bash_operator.py
[2024-05-12T01:56:22.924+0000] {logging_mixin.py:188} INFO - [2024-05-12T01:56:22.924+0000] {dag.py:3096} INFO - Sync 1 DAGs
[2024-05-12T01:56:22.934+0000] {logging_mixin.py:188} INFO - [2024-05-12T01:56:22.934+0000] {dag.py:3954} INFO - Setting next_dagrun for example_bash_operator to 2024-05-11 00:00:00+00:00, run_after=2024-05-12 00:00:00+00:00
[2024-05-12T01:56:22.941+0000] {processor.py:183} INFO - Processing /home/airflow/.local/lib/python3.12/site-packages/airflow/example_dags/example_bash_operator.py took 0.038 seconds
[2024-05-12T01:56:53.441+0000] {processor.py:161} INFO - Started process (PID=538) to work on /home/airflow/.local/lib/python3.12/site-packages/airflow/example_dags/example_bash_operator.py
[2024-05-12T01:56:53.441+0000] {processor.py:830} INFO - Processing file /home/airflow/.local/lib/python3.12/site-packages/airflow/example_dags/example_bash_operator.py for tasks to queue
[2024-05-12T01:56:53.442+0000] {logging_mixin.py:188} INFO - [2024-05-12T01:56:53.442+0000] {dagbag.py:545} INFO - Filling up the DagBag from /home/airflow/.local/lib/python3.12/site-packages/airflow/example_dags/example_bash_operator.py
[2024-05-12T01:56:53.447+0000] {processor.py:840} INFO - DAG(s) 'example_bash_operator' retrieved from /home/airflow/.local/lib/python3.12/site-packages/airflow/example_dags/example_bash_operator.py
[2024-05-12T01:56:53.458+0000] {logging_mixin.py:188} INFO - [2024-05-12T01:56:53.458+0000] {dag.py:3096} INFO - Sync 1 DAGs
[2024-05-12T01:56:53.467+0000] {logging_mixin.py:188} INFO - [2024-05-12T01:56:53.467+0000] {dag.py:3954} INFO - Setting next_dagrun for example_bash_operator to 2024-05-11 00:00:00+00:00, run_after=2024-05-12 00:00:00+00:00
[2024-05-12T01:56:53.473+0000] {processor.py:183} INFO - Processing /home/airflow/.local/lib/python3.12/site-packages/airflow/example_dags/example_bash_operator.py took 0.035 seconds
[2024-05-12T01:57:23.932+0000] {processor.py:161} INFO - Started process (PID=596) to work on /home/airflow/.local/lib/python3.12/site-packages/airflow/example_dags/example_bash_operator.py
[2024-05-12T01:57:23.933+0000] {processor.py:830} INFO - Processing file /home/airflow/.local/lib/python3.12/site-packages/airflow/example_dags/example_bash_operator.py for tasks to queue
[2024-05-12T01:57:23.934+0000] {logging_mixin.py:188} INFO - [2024-05-12T01:57:23.934+0000] {dagbag.py:545} INFO - Filling up the DagBag from /home/airflow/.local/lib/python3.12/site-packages/airflow/example_dags/example_bash_operator.py
[2024-05-12T01:57:23.939+0000] {processor.py:840} INFO - DAG(s) 'example_bash_operator' retrieved from /home/airflow/.local/lib/python3.12/site-packages/airflow/example_dags/example_bash_operator.py
[2024-05-12T01:57:23.950+0000] {logging_mixin.py:188} INFO - [2024-05-12T01:57:23.950+0000] {dag.py:3096} INFO - Sync 1 DAGs
[2024-05-12T01:57:23.959+0000] {logging_mixin.py:188} INFO - [2024-05-12T01:57:23.959+0000] {dag.py:3954} INFO - Setting next_dagrun for example_bash_operator to 2024-05-11 00:00:00+00:00, run_after=2024-05-12 00:00:00+00:00
[2024-05-12T01:57:23.966+0000] {processor.py:183} INFO - Processing /home/airflow/.local/lib/python3.12/site-packages/airflow/example_dags/example_bash_operator.py took 0.036 seconds
[2024-05-12T01:57:54.450+0000] {processor.py:161} INFO - Started process (PID=655) to work on /home/airflow/.local/lib/python3.12/site-packages/airflow/example_dags/example_bash_operator.py
[2024-05-12T01:57:54.451+0000] {processor.py:830} INFO - Processing file /home/airflow/.local/lib/python3.12/site-packages/airflow/example_dags/example_bash_operator.py for tasks to queue
[2024-05-12T01:57:54.451+0000] {logging_mixin.py:188} INFO - [2024-05-12T01:57:54.451+0000] {dagbag.py:545} INFO - Filling up the DagBag from /home/airflow/.local/lib/python3.12/site-packages/airflow/example_dags/example_bash_operator.py
[2024-05-12T01:57:54.456+0000] {processor.py:840} INFO - DAG(s) 'example_bash_operator' retrieved from /home/airflow/.local/lib/python3.12/site-packages/airflow/example_dags/example_bash_operator.py
[2024-05-12T01:57:54.467+0000] {logging_mixin.py:188} INFO - [2024-05-12T01:57:54.467+0000] {dag.py:3096} INFO - Sync 1 DAGs
[2024-05-12T01:57:54.476+0000] {logging_mixin.py:188} INFO - [2024-05-12T01:57:54.476+0000] {dag.py:3954} INFO - Setting next_dagrun for example_bash_operator to 2024-05-11 00:00:00+00:00, run_after=2024-05-12 00:00:00+00:00
[2024-05-12T01:57:54.484+0000] {processor.py:183} INFO - Processing /home/airflow/.local/lib/python3.12/site-packages/airflow/example_dags/example_bash_operator.py took 0.036 seconds
[2024-05-12T01:58:24.996+0000] {processor.py:161} INFO - Started process (PID=714) to work on /home/airflow/.local/lib/python3.12/site-packages/airflow/example_dags/example_bash_operator.py
[2024-05-12T01:58:24.997+0000] {processor.py:830} INFO - Processing file /home/airflow/.local/lib/python3.12/site-packages/airflow/example_dags/example_bash_operator.py for tasks to queue
[2024-05-12T01:58:24.998+0000] {logging_mixin.py:188} INFO - [2024-05-12T01:58:24.998+0000] {dagbag.py:545} INFO - Filling up the DagBag from /home/airflow/.local/lib/python3.12/site-packages/airflow/example_dags/example_bash_operator.py
[2024-05-12T01:58:25.003+0000] {processor.py:840} INFO - DAG(s) 'example_bash_operator' retrieved from /home/airflow/.local/lib/python3.12/site-packages/airflow/example_dags/example_bash_operator.py
[2024-05-12T01:58:25.015+0000] {logging_mixin.py:188} INFO - [2024-05-12T01:58:25.015+0000] {dag.py:3096} INFO - Sync 1 DAGs
[2024-05-12T01:58:25.025+0000] {logging_mixin.py:188} INFO - [2024-05-12T01:58:25.025+0000] {dag.py:3954} INFO - Setting next_dagrun for example_bash_operator to 2024-05-11 00:00:00+00:00, run_after=2024-05-12 00:00:00+00:00
[2024-05-12T01:58:25.033+0000] {processor.py:183} INFO - Processing /home/airflow/.local/lib/python3.12/site-packages/airflow/example_dags/example_bash_operator.py took 0.039 seconds
[2024-05-12T01:58:55.717+0000] {processor.py:161} INFO - Started process (PID=772) to work on /home/airflow/.local/lib/python3.12/site-packages/airflow/example_dags/example_bash_operator.py
[2024-05-12T01:58:55.718+0000] {processor.py:830} INFO - Processing file /home/airflow/.local/lib/python3.12/site-packages/airflow/example_dags/example_bash_operator.py for tasks to queue
[2024-05-12T01:58:55.719+0000] {logging_mixin.py:188} INFO - [2024-05-12T01:58:55.719+0000] {dagbag.py:545} INFO - Filling up the DagBag from /home/airflow/.local/lib/python3.12/site-packages/airflow/example_dags/example_bash_operator.py
[2024-05-12T01:58:55.724+0000] {processor.py:840} INFO - DAG(s) 'example_bash_operator' retrieved from /home/airflow/.local/lib/python3.12/site-packages/airflow/example_dags/example_bash_operator.py
[2024-05-12T01:58:55.735+0000] {logging_mixin.py:188} INFO - [2024-05-12T01:58:55.735+0000] {dag.py:3096} INFO - Sync 1 DAGs
[2024-05-12T01:58:55.744+0000] {logging_mixin.py:188} INFO - [2024-05-12T01:58:55.744+0000] {dag.py:3954} INFO - Setting next_dagrun for example_bash_operator to 2024-05-11 00:00:00+00:00, run_after=2024-05-12 00:00:00+00:00
[2024-05-12T01:58:55.752+0000] {processor.py:183} INFO - Processing /home/airflow/.local/lib/python3.12/site-packages/airflow/example_dags/example_bash_operator.py took 0.039 seconds
[2024-05-12T01:59:26.426+0000] {processor.py:161} INFO - Started process (PID=831) to work on /home/airflow/.local/lib/python3.12/site-packages/airflow/example_dags/example_bash_operator.py
[2024-05-12T01:59:26.427+0000] {processor.py:830} INFO - Processing file /home/airflow/.local/lib/python3.12/site-packages/airflow/example_dags/example_bash_operator.py for tasks to queue
[2024-05-12T01:59:26.428+0000] {logging_mixin.py:188} INFO - [2024-05-12T01:59:26.428+0000] {dagbag.py:545} INFO - Filling up the DagBag from /home/airflow/.local/lib/python3.12/site-packages/airflow/example_dags/example_bash_operator.py
[2024-05-12T01:59:26.434+0000] {processor.py:840} INFO - DAG(s) 'example_bash_operator' retrieved from /home/airflow/.local/lib/python3.12/site-packages/airflow/example_dags/example_bash_operator.py
[2024-05-12T01:59:26.451+0000] {logging_mixin.py:188} INFO - [2024-05-12T01:59:26.451+0000] {dag.py:3096} INFO - Sync 1 DAGs
[2024-05-12T01:59:26.461+0000] {logging_mixin.py:188} INFO - [2024-05-12T01:59:26.461+0000] {dag.py:3954} INFO - Setting next_dagrun for example_bash_operator to 2024-05-11 00:00:00+00:00, run_after=2024-05-12 00:00:00+00:00
[2024-05-12T01:59:26.469+0000] {processor.py:183} INFO - Processing /home/airflow/.local/lib/python3.12/site-packages/airflow/example_dags/example_bash_operator.py took 0.047 seconds
[2024-05-12T01:59:57.262+0000] {processor.py:161} INFO - Started process (PID=891) to work on /home/airflow/.local/lib/python3.12/site-packages/airflow/example_dags/example_bash_operator.py
[2024-05-12T01:59:57.262+0000] {processor.py:830} INFO - Processing file /home/airflow/.local/lib/python3.12/site-packages/airflow/example_dags/example_bash_operator.py for tasks to queue
[2024-05-12T01:59:57.263+0000] {logging_mixin.py:188} INFO - [2024-05-12T01:59:57.263+0000] {dagbag.py:545} INFO - Filling up the DagBag from /home/airflow/.local/lib/python3.12/site-packages/airflow/example_dags/example_bash_operator.py
[2024-05-12T01:59:57.268+0000] {processor.py:840} INFO - DAG(s) 'example_bash_operator' retrieved from /home/airflow/.local/lib/python3.12/site-packages/airflow/example_dags/example_bash_operator.py
[2024-05-12T01:59:57.278+0000] {logging_mixin.py:188} INFO - [2024-05-12T01:59:57.278+0000] {dag.py:3096} INFO - Sync 1 DAGs
[2024-05-12T01:59:57.288+0000] {logging_mixin.py:188} INFO - [2024-05-12T01:59:57.288+0000] {dag.py:3954} INFO - Setting next_dagrun for example_bash_operator to 2024-05-11 00:00:00+00:00, run_after=2024-05-12 00:00:00+00:00
[2024-05-12T01:59:57.296+0000] {processor.py:183} INFO - Processing /home/airflow/.local/lib/python3.12/site-packages/airflow/example_dags/example_bash_operator.py took 0.036 seconds
[2024-05-12T02:00:28.120+0000] {processor.py:161} INFO - Started process (PID=950) to work on /home/airflow/.local/lib/python3.12/site-packages/airflow/example_dags/example_bash_operator.py
[2024-05-12T02:00:28.120+0000] {processor.py:830} INFO - Processing file /home/airflow/.local/lib/python3.12/site-packages/airflow/example_dags/example_bash_operator.py for tasks to queue
[2024-05-12T02:00:28.121+0000] {logging_mixin.py:188} INFO - [2024-05-12T02:00:28.121+0000] {dagbag.py:545} INFO - Filling up the DagBag from /home/airflow/.local/lib/python3.12/site-packages/airflow/example_dags/example_bash_operator.py
[2024-05-12T02:00:28.126+0000] {processor.py:840} INFO - DAG(s) 'example_bash_operator' retrieved from /home/airflow/.local/lib/python3.12/site-packages/airflow/example_dags/example_bash_operator.py
[2024-05-12T02:00:28.137+0000] {logging_mixin.py:188} INFO - [2024-05-12T02:00:28.137+0000] {dag.py:3096} INFO - Sync 1 DAGs
[2024-05-12T02:00:28.146+0000] {logging_mixin.py:188} INFO - [2024-05-12T02:00:28.146+0000] {dag.py:3954} INFO - Setting next_dagrun for example_bash_operator to 2024-05-11 00:00:00+00:00, run_after=2024-05-12 00:00:00+00:00
[2024-05-12T02:00:28.153+0000] {processor.py:183} INFO - Processing /home/airflow/.local/lib/python3.12/site-packages/airflow/example_dags/example_bash_operator.py took 0.036 seconds
[2024-05-12T02:00:58.783+0000] {processor.py:161} INFO - Started process (PID=1009) to work on /home/airflow/.local/lib/python3.12/site-packages/airflow/example_dags/example_bash_operator.py
[2024-05-12T02:00:58.783+0000] {processor.py:830} INFO - Processing file /home/airflow/.local/lib/python3.12/site-packages/airflow/example_dags/example_bash_operator.py for tasks to queue
[2024-05-12T02:00:58.784+0000] {logging_mixin.py:188} INFO - [2024-05-12T02:00:58.784+0000] {dagbag.py:545} INFO - Filling up the DagBag from /home/airflow/.local/lib/python3.12/site-packages/airflow/example_dags/example_bash_operator.py
[2024-05-12T02:00:58.790+0000] {processor.py:840} INFO - DAG(s) 'example_bash_operator' retrieved from /home/airflow/.local/lib/python3.12/site-packages/airflow/example_dags/example_bash_operator.py
[2024-05-12T02:00:58.801+0000] {logging_mixin.py:188} INFO - [2024-05-12T02:00:58.801+0000] {dag.py:3096} INFO - Sync 1 DAGs
[2024-05-12T02:00:58.811+0000] {logging_mixin.py:188} INFO - [2024-05-12T02:00:58.811+0000] {dag.py:3954} INFO - Setting next_dagrun for example_bash_operator to 2024-05-11 00:00:00+00:00, run_after=2024-05-12 00:00:00+00:00
[2024-05-12T02:00:58.820+0000] {processor.py:183} INFO - Processing /home/airflow/.local/lib/python3.12/site-packages/airflow/example_dags/example_bash_operator.py took 0.040 seconds
[2024-05-12T02:01:29.505+0000] {processor.py:161} INFO - Started process (PID=1068) to work on /home/airflow/.local/lib/python3.12/site-packages/airflow/example_dags/example_bash_operator.py
[2024-05-12T02:01:29.506+0000] {processor.py:830} INFO - Processing file /home/airflow/.local/lib/python3.12/site-packages/airflow/example_dags/example_bash_operator.py for tasks to queue
[2024-05-12T02:01:29.507+0000] {logging_mixin.py:188} INFO - [2024-05-12T02:01:29.507+0000] {dagbag.py:545} INFO - Filling up the DagBag from /home/airflow/.local/lib/python3.12/site-packages/airflow/example_dags/example_bash_operator.py
[2024-05-12T02:01:29.512+0000] {processor.py:840} INFO - DAG(s) 'example_bash_operator' retrieved from /home/airflow/.local/lib/python3.12/site-packages/airflow/example_dags/example_bash_operator.py
[2024-05-12T02:01:29.522+0000] {logging_mixin.py:188} INFO - [2024-05-12T02:01:29.522+0000] {dag.py:3096} INFO - Sync 1 DAGs
[2024-05-12T02:01:29.532+0000] {logging_mixin.py:188} INFO - [2024-05-12T02:01:29.532+0000] {dag.py:3954} INFO - Setting next_dagrun for example_bash_operator to 2024-05-11 00:00:00+00:00, run_after=2024-05-12 00:00:00+00:00
[2024-05-12T02:01:29.539+0000] {processor.py:183} INFO - Processing /home/airflow/.local/lib/python3.12/site-packages/airflow/example_dags/example_bash_operator.py took 0.037 seconds
[2024-05-12T02:02:00.303+0000] {processor.py:161} INFO - Started process (PID=1127) to work on /home/airflow/.local/lib/python3.12/site-packages/airflow/example_dags/example_bash_operator.py
[2024-05-12T02:02:00.303+0000] {processor.py:830} INFO - Processing file /home/airflow/.local/lib/python3.12/site-packages/airflow/example_dags/example_bash_operator.py for tasks to queue
[2024-05-12T02:02:00.304+0000] {logging_mixin.py:188} INFO - [2024-05-12T02:02:00.304+0000] {dagbag.py:545} INFO - Filling up the DagBag from /home/airflow/.local/lib/python3.12/site-packages/airflow/example_dags/example_bash_operator.py
[2024-05-12T02:02:00.309+0000] {processor.py:840} INFO - DAG(s) 'example_bash_operator' retrieved from /home/airflow/.local/lib/python3.12/site-packages/airflow/example_dags/example_bash_operator.py
[2024-05-12T02:02:00.320+0000] {logging_mixin.py:188} INFO - [2024-05-12T02:02:00.320+0000] {dag.py:3096} INFO - Sync 1 DAGs
[2024-05-12T02:02:00.329+0000] {logging_mixin.py:188} INFO - [2024-05-12T02:02:00.329+0000] {dag.py:3954} INFO - Setting next_dagrun for example_bash_operator to 2024-05-11 00:00:00+00:00, run_after=2024-05-12 00:00:00+00:00
[2024-05-12T02:02:00.335+0000] {processor.py:183} INFO - Processing /home/airflow/.local/lib/python3.12/site-packages/airflow/example_dags/example_bash_operator.py took 0.035 seconds
[2024-05-12T02:02:31.310+0000] {processor.py:161} INFO - Started process (PID=1186) to work on /home/airflow/.local/lib/python3.12/site-packages/airflow/example_dags/example_bash_operator.py
[2024-05-12T02:02:31.311+0000] {processor.py:830} INFO - Processing file /home/airflow/.local/lib/python3.12/site-packages/airflow/example_dags/example_bash_operator.py for tasks to queue
[2024-05-12T02:02:31.312+0000] {logging_mixin.py:188} INFO - [2024-05-12T02:02:31.312+0000] {dagbag.py:545} INFO - Filling up the DagBag from /home/airflow/.local/lib/python3.12/site-packages/airflow/example_dags/example_bash_operator.py
[2024-05-12T02:02:31.317+0000] {processor.py:840} INFO - DAG(s) 'example_bash_operator' retrieved from /home/airflow/.local/lib/python3.12/site-packages/airflow/example_dags/example_bash_operator.py
[2024-05-12T02:02:31.329+0000] {logging_mixin.py:188} INFO - [2024-05-12T02:02:31.329+0000] {dag.py:3096} INFO - Sync 1 DAGs
[2024-05-12T02:02:31.339+0000] {logging_mixin.py:188} INFO - [2024-05-12T02:02:31.339+0000] {dag.py:3954} INFO - Setting next_dagrun for example_bash_operator to 2024-05-11 00:00:00+00:00, run_after=2024-05-12 00:00:00+00:00
[2024-05-12T02:02:31.346+0000] {processor.py:183} INFO - Processing /home/airflow/.local/lib/python3.12/site-packages/airflow/example_dags/example_bash_operator.py took 0.039 seconds
[2024-05-12T02:03:02.336+0000] {processor.py:161} INFO - Started process (PID=1245) to work on /home/airflow/.local/lib/python3.12/site-packages/airflow/example_dags/example_bash_operator.py
[2024-05-12T02:03:02.336+0000] {processor.py:830} INFO - Processing file /home/airflow/.local/lib/python3.12/site-packages/airflow/example_dags/example_bash_operator.py for tasks to queue
[2024-05-12T02:03:02.338+0000] {logging_mixin.py:188} INFO - [2024-05-12T02:03:02.338+0000] {dagbag.py:545} INFO - Filling up the DagBag from /home/airflow/.local/lib/python3.12/site-packages/airflow/example_dags/example_bash_operator.py
[2024-05-12T02:03:02.343+0000] {processor.py:840} INFO - DAG(s) 'example_bash_operator' retrieved from /home/airflow/.local/lib/python3.12/site-packages/airflow/example_dags/example_bash_operator.py
[2024-05-12T02:03:02.354+0000] {logging_mixin.py:188} INFO - [2024-05-12T02:03:02.354+0000] {dag.py:3096} INFO - Sync 1 DAGs
[2024-05-12T02:03:02.364+0000] {logging_mixin.py:188} INFO - [2024-05-12T02:03:02.364+0000] {dag.py:3954} INFO - Setting next_dagrun for example_bash_operator to 2024-05-11 00:00:00+00:00, run_after=2024-05-12 00:00:00+00:00
[2024-05-12T02:03:02.373+0000] {processor.py:183} INFO - Processing /home/airflow/.local/lib/python3.12/site-packages/airflow/example_dags/example_bash_operator.py took 0.040 seconds
[2024-05-12T02:03:33.105+0000] {processor.py:161} INFO - Started process (PID=1304) to work on /home/airflow/.local/lib/python3.12/site-packages/airflow/example_dags/example_bash_operator.py
[2024-05-12T02:03:33.105+0000] {processor.py:830} INFO - Processing file /home/airflow/.local/lib/python3.12/site-packages/airflow/example_dags/example_bash_operator.py for tasks to queue
[2024-05-12T02:03:33.107+0000] {logging_mixin.py:188} INFO - [2024-05-12T02:03:33.107+0000] {dagbag.py:545} INFO - Filling up the DagBag from /home/airflow/.local/lib/python3.12/site-packages/airflow/example_dags/example_bash_operator.py
[2024-05-12T02:03:33.113+0000] {processor.py:840} INFO - DAG(s) 'example_bash_operator' retrieved from /home/airflow/.local/lib/python3.12/site-packages/airflow/example_dags/example_bash_operator.py
[2024-05-12T02:03:33.129+0000] {logging_mixin.py:188} INFO - [2024-05-12T02:03:33.128+0000] {dag.py:3096} INFO - Sync 1 DAGs
[2024-05-12T02:03:33.138+0000] {logging_mixin.py:188} INFO - [2024-05-12T02:03:33.138+0000] {dag.py:3954} INFO - Setting next_dagrun for example_bash_operator to 2024-05-11 00:00:00+00:00, run_after=2024-05-12 00:00:00+00:00
[2024-05-12T02:03:33.145+0000] {processor.py:183} INFO - Processing /home/airflow/.local/lib/python3.12/site-packages/airflow/example_dags/example_bash_operator.py took 0.044 seconds
[2024-05-12T02:04:03.799+0000] {processor.py:161} INFO - Started process (PID=1363) to work on /home/airflow/.local/lib/python3.12/site-packages/airflow/example_dags/example_bash_operator.py
[2024-05-12T02:04:03.799+0000] {processor.py:830} INFO - Processing file /home/airflow/.local/lib/python3.12/site-packages/airflow/example_dags/example_bash_operator.py for tasks to queue
[2024-05-12T02:04:03.800+0000] {logging_mixin.py:188} INFO - [2024-05-12T02:04:03.800+0000] {dagbag.py:545} INFO - Filling up the DagBag from /home/airflow/.local/lib/python3.12/site-packages/airflow/example_dags/example_bash_operator.py
[2024-05-12T02:04:03.805+0000] {processor.py:840} INFO - DAG(s) 'example_bash_operator' retrieved from /home/airflow/.local/lib/python3.12/site-packages/airflow/example_dags/example_bash_operator.py
[2024-05-12T02:04:03.816+0000] {logging_mixin.py:188} INFO - [2024-05-12T02:04:03.816+0000] {dag.py:3096} INFO - Sync 1 DAGs
[2024-05-12T02:04:03.826+0000] {logging_mixin.py:188} INFO - [2024-05-12T02:04:03.826+0000] {dag.py:3954} INFO - Setting next_dagrun for example_bash_operator to 2024-05-11 00:00:00+00:00, run_after=2024-05-12 00:00:00+00:00
[2024-05-12T02:04:03.834+0000] {processor.py:183} INFO - Processing /home/airflow/.local/lib/python3.12/site-packages/airflow/example_dags/example_bash_operator.py took 0.037 seconds
[2024-05-12T02:04:34.629+0000] {processor.py:161} INFO - Started process (PID=1422) to work on /home/airflow/.local/lib/python3.12/site-packages/airflow/example_dags/example_bash_operator.py
[2024-05-12T02:04:34.630+0000] {processor.py:830} INFO - Processing file /home/airflow/.local/lib/python3.12/site-packages/airflow/example_dags/example_bash_operator.py for tasks to queue
[2024-05-12T02:04:34.631+0000] {logging_mixin.py:188} INFO - [2024-05-12T02:04:34.631+0000] {dagbag.py:545} INFO - Filling up the DagBag from /home/airflow/.local/lib/python3.12/site-packages/airflow/example_dags/example_bash_operator.py
[2024-05-12T02:04:34.637+0000] {processor.py:840} INFO - DAG(s) 'example_bash_operator' retrieved from /home/airflow/.local/lib/python3.12/site-packages/airflow/example_dags/example_bash_operator.py
[2024-05-12T02:04:34.648+0000] {logging_mixin.py:188} INFO - [2024-05-12T02:04:34.648+0000] {dag.py:3096} INFO - Sync 1 DAGs
[2024-05-12T02:04:34.658+0000] {logging_mixin.py:188} INFO - [2024-05-12T02:04:34.658+0000] {dag.py:3954} INFO - Setting next_dagrun for example_bash_operator to 2024-05-11 00:00:00+00:00, run_after=2024-05-12 00:00:00+00:00
[2024-05-12T02:04:34.667+0000] {processor.py:183} INFO - Processing /home/airflow/.local/lib/python3.12/site-packages/airflow/example_dags/example_bash_operator.py took 0.041 seconds
[2024-05-12T02:05:04.999+0000] {processor.py:161} INFO - Started process (PID=1481) to work on /home/airflow/.local/lib/python3.12/site-packages/airflow/example_dags/example_bash_operator.py
[2024-05-12T02:05:05.000+0000] {processor.py:830} INFO - Processing file /home/airflow/.local/lib/python3.12/site-packages/airflow/example_dags/example_bash_operator.py for tasks to queue
[2024-05-12T02:05:05.001+0000] {logging_mixin.py:188} INFO - [2024-05-12T02:05:05.001+0000] {dagbag.py:545} INFO - Filling up the DagBag from /home/airflow/.local/lib/python3.12/site-packages/airflow/example_dags/example_bash_operator.py
[2024-05-12T02:05:05.007+0000] {processor.py:840} INFO - DAG(s) 'example_bash_operator' retrieved from /home/airflow/.local/lib/python3.12/site-packages/airflow/example_dags/example_bash_operator.py
[2024-05-12T02:05:05.020+0000] {logging_mixin.py:188} INFO - [2024-05-12T02:05:05.020+0000] {dag.py:3096} INFO - Sync 1 DAGs
[2024-05-12T02:05:05.030+0000] {logging_mixin.py:188} INFO - [2024-05-12T02:05:05.030+0000] {dag.py:3954} INFO - Setting next_dagrun for example_bash_operator to 2024-05-11 00:00:00+00:00, run_after=2024-05-12 00:00:00+00:00
[2024-05-12T02:05:05.038+0000] {processor.py:183} INFO - Processing /home/airflow/.local/lib/python3.12/site-packages/airflow/example_dags/example_bash_operator.py took 0.042 seconds
[2024-05-12T02:05:35.421+0000] {processor.py:161} INFO - Started process (PID=1539) to work on /home/airflow/.local/lib/python3.12/site-packages/airflow/example_dags/example_bash_operator.py
[2024-05-12T02:05:35.422+0000] {processor.py:830} INFO - Processing file /home/airflow/.local/lib/python3.12/site-packages/airflow/example_dags/example_bash_operator.py for tasks to queue
[2024-05-12T02:05:35.423+0000] {logging_mixin.py:188} INFO - [2024-05-12T02:05:35.423+0000] {dagbag.py:545} INFO - Filling up the DagBag from /home/airflow/.local/lib/python3.12/site-packages/airflow/example_dags/example_bash_operator.py
[2024-05-12T02:05:35.431+0000] {processor.py:840} INFO - DAG(s) 'example_bash_operator' retrieved from /home/airflow/.local/lib/python3.12/site-packages/airflow/example_dags/example_bash_operator.py
[2024-05-12T02:05:35.446+0000] {logging_mixin.py:188} INFO - [2024-05-12T02:05:35.446+0000] {dag.py:3096} INFO - Sync 1 DAGs
[2024-05-12T02:05:35.458+0000] {logging_mixin.py:188} INFO - [2024-05-12T02:05:35.458+0000] {dag.py:3954} INFO - Setting next_dagrun for example_bash_operator to 2024-05-11 00:00:00+00:00, run_after=2024-05-12 00:00:00+00:00
[2024-05-12T02:05:35.466+0000] {processor.py:183} INFO - Processing /home/airflow/.local/lib/python3.12/site-packages/airflow/example_dags/example_bash_operator.py took 0.048 seconds
