[2024-05-12T01:52:47.985+0000] {processor.py:161} INFO - Started process (PID=54) to work on /home/airflow/.local/lib/python3.12/site-packages/airflow/example_dags/example_local_kubernetes_executor.py
[2024-05-12T01:52:47.985+0000] {processor.py:830} INFO - Processing file /home/airflow/.local/lib/python3.12/site-packages/airflow/example_dags/example_local_kubernetes_executor.py for tasks to queue
[2024-05-12T01:52:47.987+0000] {logging_mixin.py:188} INFO - [2024-05-12T01:52:47.986+0000] {dagbag.py:545} INFO - Filling up the DagBag from /home/airflow/.local/lib/python3.12/site-packages/airflow/example_dags/example_local_kubernetes_executor.py
[2024-05-12T01:52:47.991+0000] {processor.py:840} INFO - DAG(s) 'example_local_kubernetes_executor' retrieved from /home/airflow/.local/lib/python3.12/site-packages/airflow/example_dags/example_local_kubernetes_executor.py
[2024-05-12T01:52:47.998+0000] {logging_mixin.py:188} INFO - [2024-05-12T01:52:47.998+0000] {dag.py:3096} INFO - Sync 1 DAGs
[2024-05-12T01:52:48.005+0000] {logging_mixin.py:188} INFO - [2024-05-12T01:52:48.005+0000] {dag.py:3954} INFO - Setting next_dagrun for example_local_kubernetes_executor to None, run_after=None
[2024-05-12T01:52:48.015+0000] {processor.py:183} INFO - Processing /home/airflow/.local/lib/python3.12/site-packages/airflow/example_dags/example_local_kubernetes_executor.py took 0.033 seconds
[2024-05-12T01:53:18.384+0000] {processor.py:161} INFO - Started process (PID=112) to work on /home/airflow/.local/lib/python3.12/site-packages/airflow/example_dags/example_local_kubernetes_executor.py
[2024-05-12T01:53:18.385+0000] {processor.py:830} INFO - Processing file /home/airflow/.local/lib/python3.12/site-packages/airflow/example_dags/example_local_kubernetes_executor.py for tasks to queue
[2024-05-12T01:53:18.386+0000] {logging_mixin.py:188} INFO - [2024-05-12T01:53:18.385+0000] {dagbag.py:545} INFO - Filling up the DagBag from /home/airflow/.local/lib/python3.12/site-packages/airflow/example_dags/example_local_kubernetes_executor.py
[2024-05-12T01:53:18.389+0000] {processor.py:840} INFO - DAG(s) 'example_local_kubernetes_executor' retrieved from /home/airflow/.local/lib/python3.12/site-packages/airflow/example_dags/example_local_kubernetes_executor.py
[2024-05-12T01:53:18.434+0000] {logging_mixin.py:188} INFO - [2024-05-12T01:53:18.434+0000] {dag.py:3096} INFO - Sync 1 DAGs
[2024-05-12T01:53:18.438+0000] {logging_mixin.py:188} INFO - [2024-05-12T01:53:18.438+0000] {dag.py:3954} INFO - Setting next_dagrun for example_local_kubernetes_executor to None, run_after=None
[2024-05-12T01:53:18.446+0000] {processor.py:183} INFO - Processing /home/airflow/.local/lib/python3.12/site-packages/airflow/example_dags/example_local_kubernetes_executor.py took 0.064 seconds
[2024-05-12T01:53:49.446+0000] {processor.py:161} INFO - Started process (PID=170) to work on /home/airflow/.local/lib/python3.12/site-packages/airflow/example_dags/example_local_kubernetes_executor.py
[2024-05-12T01:53:49.447+0000] {processor.py:830} INFO - Processing file /home/airflow/.local/lib/python3.12/site-packages/airflow/example_dags/example_local_kubernetes_executor.py for tasks to queue
[2024-05-12T01:53:49.448+0000] {logging_mixin.py:188} INFO - [2024-05-12T01:53:49.448+0000] {dagbag.py:545} INFO - Filling up the DagBag from /home/airflow/.local/lib/python3.12/site-packages/airflow/example_dags/example_local_kubernetes_executor.py
[2024-05-12T01:53:49.452+0000] {processor.py:840} INFO - DAG(s) 'example_local_kubernetes_executor' retrieved from /home/airflow/.local/lib/python3.12/site-packages/airflow/example_dags/example_local_kubernetes_executor.py
[2024-05-12T01:53:49.471+0000] {logging_mixin.py:188} INFO - [2024-05-12T01:53:49.471+0000] {dag.py:3096} INFO - Sync 1 DAGs
[2024-05-12T01:53:49.479+0000] {logging_mixin.py:188} INFO - [2024-05-12T01:53:49.479+0000] {dag.py:3954} INFO - Setting next_dagrun for example_local_kubernetes_executor to None, run_after=None
[2024-05-12T01:53:49.503+0000] {processor.py:183} INFO - Processing /home/airflow/.local/lib/python3.12/site-packages/airflow/example_dags/example_local_kubernetes_executor.py took 0.061 seconds
[2024-05-12T01:54:20.255+0000] {processor.py:161} INFO - Started process (PID=228) to work on /home/airflow/.local/lib/python3.12/site-packages/airflow/example_dags/example_local_kubernetes_executor.py
[2024-05-12T01:54:20.256+0000] {processor.py:830} INFO - Processing file /home/airflow/.local/lib/python3.12/site-packages/airflow/example_dags/example_local_kubernetes_executor.py for tasks to queue
[2024-05-12T01:54:20.257+0000] {logging_mixin.py:188} INFO - [2024-05-12T01:54:20.257+0000] {dagbag.py:545} INFO - Filling up the DagBag from /home/airflow/.local/lib/python3.12/site-packages/airflow/example_dags/example_local_kubernetes_executor.py
[2024-05-12T01:54:20.261+0000] {processor.py:840} INFO - DAG(s) 'example_local_kubernetes_executor' retrieved from /home/airflow/.local/lib/python3.12/site-packages/airflow/example_dags/example_local_kubernetes_executor.py
[2024-05-12T01:54:20.275+0000] {logging_mixin.py:188} INFO - [2024-05-12T01:54:20.275+0000] {dag.py:3096} INFO - Sync 1 DAGs
[2024-05-12T01:54:20.280+0000] {logging_mixin.py:188} INFO - [2024-05-12T01:54:20.280+0000] {dag.py:3954} INFO - Setting next_dagrun for example_local_kubernetes_executor to None, run_after=None
[2024-05-12T01:54:20.287+0000] {processor.py:183} INFO - Processing /home/airflow/.local/lib/python3.12/site-packages/airflow/example_dags/example_local_kubernetes_executor.py took 0.036 seconds
[2024-05-12T01:54:50.796+0000] {processor.py:161} INFO - Started process (PID=286) to work on /home/airflow/.local/lib/python3.12/site-packages/airflow/example_dags/example_local_kubernetes_executor.py
[2024-05-12T01:54:50.796+0000] {processor.py:830} INFO - Processing file /home/airflow/.local/lib/python3.12/site-packages/airflow/example_dags/example_local_kubernetes_executor.py for tasks to queue
[2024-05-12T01:54:50.797+0000] {logging_mixin.py:188} INFO - [2024-05-12T01:54:50.797+0000] {dagbag.py:545} INFO - Filling up the DagBag from /home/airflow/.local/lib/python3.12/site-packages/airflow/example_dags/example_local_kubernetes_executor.py
[2024-05-12T01:54:50.800+0000] {processor.py:840} INFO - DAG(s) 'example_local_kubernetes_executor' retrieved from /home/airflow/.local/lib/python3.12/site-packages/airflow/example_dags/example_local_kubernetes_executor.py
[2024-05-12T01:54:50.815+0000] {logging_mixin.py:188} INFO - [2024-05-12T01:54:50.815+0000] {dag.py:3096} INFO - Sync 1 DAGs
[2024-05-12T01:54:50.821+0000] {logging_mixin.py:188} INFO - [2024-05-12T01:54:50.821+0000] {dag.py:3954} INFO - Setting next_dagrun for example_local_kubernetes_executor to None, run_after=None
[2024-05-12T01:54:50.827+0000] {processor.py:183} INFO - Processing /home/airflow/.local/lib/python3.12/site-packages/airflow/example_dags/example_local_kubernetes_executor.py took 0.034 seconds
[2024-05-12T01:55:21.290+0000] {processor.py:161} INFO - Started process (PID=344) to work on /home/airflow/.local/lib/python3.12/site-packages/airflow/example_dags/example_local_kubernetes_executor.py
[2024-05-12T01:55:21.290+0000] {processor.py:830} INFO - Processing file /home/airflow/.local/lib/python3.12/site-packages/airflow/example_dags/example_local_kubernetes_executor.py for tasks to queue
[2024-05-12T01:55:21.291+0000] {logging_mixin.py:188} INFO - [2024-05-12T01:55:21.291+0000] {dagbag.py:545} INFO - Filling up the DagBag from /home/airflow/.local/lib/python3.12/site-packages/airflow/example_dags/example_local_kubernetes_executor.py
[2024-05-12T01:55:21.294+0000] {processor.py:840} INFO - DAG(s) 'example_local_kubernetes_executor' retrieved from /home/airflow/.local/lib/python3.12/site-packages/airflow/example_dags/example_local_kubernetes_executor.py
[2024-05-12T01:55:21.308+0000] {logging_mixin.py:188} INFO - [2024-05-12T01:55:21.308+0000] {dag.py:3096} INFO - Sync 1 DAGs
[2024-05-12T01:55:21.313+0000] {logging_mixin.py:188} INFO - [2024-05-12T01:55:21.313+0000] {dag.py:3954} INFO - Setting next_dagrun for example_local_kubernetes_executor to None, run_after=None
[2024-05-12T01:55:21.320+0000] {processor.py:183} INFO - Processing /home/airflow/.local/lib/python3.12/site-packages/airflow/example_dags/example_local_kubernetes_executor.py took 0.032 seconds
[2024-05-12T01:55:51.834+0000] {processor.py:161} INFO - Started process (PID=402) to work on /home/airflow/.local/lib/python3.12/site-packages/airflow/example_dags/example_local_kubernetes_executor.py
[2024-05-12T01:55:51.835+0000] {processor.py:830} INFO - Processing file /home/airflow/.local/lib/python3.12/site-packages/airflow/example_dags/example_local_kubernetes_executor.py for tasks to queue
[2024-05-12T01:55:51.835+0000] {logging_mixin.py:188} INFO - [2024-05-12T01:55:51.835+0000] {dagbag.py:545} INFO - Filling up the DagBag from /home/airflow/.local/lib/python3.12/site-packages/airflow/example_dags/example_local_kubernetes_executor.py
[2024-05-12T01:55:51.839+0000] {processor.py:840} INFO - DAG(s) 'example_local_kubernetes_executor' retrieved from /home/airflow/.local/lib/python3.12/site-packages/airflow/example_dags/example_local_kubernetes_executor.py
[2024-05-12T01:55:51.853+0000] {logging_mixin.py:188} INFO - [2024-05-12T01:55:51.853+0000] {dag.py:3096} INFO - Sync 1 DAGs
[2024-05-12T01:55:51.858+0000] {logging_mixin.py:188} INFO - [2024-05-12T01:55:51.858+0000] {dag.py:3954} INFO - Setting next_dagrun for example_local_kubernetes_executor to None, run_after=None
[2024-05-12T01:55:51.865+0000] {processor.py:183} INFO - Processing /home/airflow/.local/lib/python3.12/site-packages/airflow/example_dags/example_local_kubernetes_executor.py took 0.034 seconds
[2024-05-12T01:56:22.391+0000] {processor.py:161} INFO - Started process (PID=460) to work on /home/airflow/.local/lib/python3.12/site-packages/airflow/example_dags/example_local_kubernetes_executor.py
[2024-05-12T01:56:22.391+0000] {processor.py:830} INFO - Processing file /home/airflow/.local/lib/python3.12/site-packages/airflow/example_dags/example_local_kubernetes_executor.py for tasks to queue
[2024-05-12T01:56:22.392+0000] {logging_mixin.py:188} INFO - [2024-05-12T01:56:22.392+0000] {dagbag.py:545} INFO - Filling up the DagBag from /home/airflow/.local/lib/python3.12/site-packages/airflow/example_dags/example_local_kubernetes_executor.py
[2024-05-12T01:56:22.396+0000] {processor.py:840} INFO - DAG(s) 'example_local_kubernetes_executor' retrieved from /home/airflow/.local/lib/python3.12/site-packages/airflow/example_dags/example_local_kubernetes_executor.py
[2024-05-12T01:56:22.411+0000] {logging_mixin.py:188} INFO - [2024-05-12T01:56:22.411+0000] {dag.py:3096} INFO - Sync 1 DAGs
[2024-05-12T01:56:22.417+0000] {logging_mixin.py:188} INFO - [2024-05-12T01:56:22.417+0000] {dag.py:3954} INFO - Setting next_dagrun for example_local_kubernetes_executor to None, run_after=None
[2024-05-12T01:56:22.424+0000] {processor.py:183} INFO - Processing /home/airflow/.local/lib/python3.12/site-packages/airflow/example_dags/example_local_kubernetes_executor.py took 0.037 seconds
[2024-05-12T01:56:52.968+0000] {processor.py:161} INFO - Started process (PID=518) to work on /home/airflow/.local/lib/python3.12/site-packages/airflow/example_dags/example_local_kubernetes_executor.py
[2024-05-12T01:56:52.969+0000] {processor.py:830} INFO - Processing file /home/airflow/.local/lib/python3.12/site-packages/airflow/example_dags/example_local_kubernetes_executor.py for tasks to queue
[2024-05-12T01:56:52.971+0000] {logging_mixin.py:188} INFO - [2024-05-12T01:56:52.970+0000] {dagbag.py:545} INFO - Filling up the DagBag from /home/airflow/.local/lib/python3.12/site-packages/airflow/example_dags/example_local_kubernetes_executor.py
[2024-05-12T01:56:52.977+0000] {processor.py:840} INFO - DAG(s) 'example_local_kubernetes_executor' retrieved from /home/airflow/.local/lib/python3.12/site-packages/airflow/example_dags/example_local_kubernetes_executor.py
[2024-05-12T01:56:52.995+0000] {logging_mixin.py:188} INFO - [2024-05-12T01:56:52.995+0000] {dag.py:3096} INFO - Sync 1 DAGs
[2024-05-12T01:56:53.001+0000] {logging_mixin.py:188} INFO - [2024-05-12T01:56:53.001+0000] {dag.py:3954} INFO - Setting next_dagrun for example_local_kubernetes_executor to None, run_after=None
[2024-05-12T01:56:53.009+0000] {processor.py:183} INFO - Processing /home/airflow/.local/lib/python3.12/site-packages/airflow/example_dags/example_local_kubernetes_executor.py took 0.044 seconds
[2024-05-12T01:57:23.466+0000] {processor.py:161} INFO - Started process (PID=576) to work on /home/airflow/.local/lib/python3.12/site-packages/airflow/example_dags/example_local_kubernetes_executor.py
[2024-05-12T01:57:23.467+0000] {processor.py:830} INFO - Processing file /home/airflow/.local/lib/python3.12/site-packages/airflow/example_dags/example_local_kubernetes_executor.py for tasks to queue
[2024-05-12T01:57:23.468+0000] {logging_mixin.py:188} INFO - [2024-05-12T01:57:23.468+0000] {dagbag.py:545} INFO - Filling up the DagBag from /home/airflow/.local/lib/python3.12/site-packages/airflow/example_dags/example_local_kubernetes_executor.py
[2024-05-12T01:57:23.471+0000] {processor.py:840} INFO - DAG(s) 'example_local_kubernetes_executor' retrieved from /home/airflow/.local/lib/python3.12/site-packages/airflow/example_dags/example_local_kubernetes_executor.py
[2024-05-12T01:57:23.486+0000] {logging_mixin.py:188} INFO - [2024-05-12T01:57:23.486+0000] {dag.py:3096} INFO - Sync 1 DAGs
[2024-05-12T01:57:23.491+0000] {logging_mixin.py:188} INFO - [2024-05-12T01:57:23.491+0000] {dag.py:3954} INFO - Setting next_dagrun for example_local_kubernetes_executor to None, run_after=None
[2024-05-12T01:57:23.499+0000] {processor.py:183} INFO - Processing /home/airflow/.local/lib/python3.12/site-packages/airflow/example_dags/example_local_kubernetes_executor.py took 0.035 seconds
[2024-05-12T01:57:53.952+0000] {processor.py:161} INFO - Started process (PID=635) to work on /home/airflow/.local/lib/python3.12/site-packages/airflow/example_dags/example_local_kubernetes_executor.py
[2024-05-12T01:57:53.952+0000] {processor.py:830} INFO - Processing file /home/airflow/.local/lib/python3.12/site-packages/airflow/example_dags/example_local_kubernetes_executor.py for tasks to queue
[2024-05-12T01:57:53.953+0000] {logging_mixin.py:188} INFO - [2024-05-12T01:57:53.953+0000] {dagbag.py:545} INFO - Filling up the DagBag from /home/airflow/.local/lib/python3.12/site-packages/airflow/example_dags/example_local_kubernetes_executor.py
[2024-05-12T01:57:53.957+0000] {processor.py:840} INFO - DAG(s) 'example_local_kubernetes_executor' retrieved from /home/airflow/.local/lib/python3.12/site-packages/airflow/example_dags/example_local_kubernetes_executor.py
[2024-05-12T01:57:53.973+0000] {logging_mixin.py:188} INFO - [2024-05-12T01:57:53.973+0000] {dag.py:3096} INFO - Sync 1 DAGs
[2024-05-12T01:57:53.978+0000] {logging_mixin.py:188} INFO - [2024-05-12T01:57:53.978+0000] {dag.py:3954} INFO - Setting next_dagrun for example_local_kubernetes_executor to None, run_after=None
[2024-05-12T01:57:53.986+0000] {processor.py:183} INFO - Processing /home/airflow/.local/lib/python3.12/site-packages/airflow/example_dags/example_local_kubernetes_executor.py took 0.037 seconds
[2024-05-12T01:58:24.499+0000] {processor.py:161} INFO - Started process (PID=694) to work on /home/airflow/.local/lib/python3.12/site-packages/airflow/example_dags/example_local_kubernetes_executor.py
[2024-05-12T01:58:24.499+0000] {processor.py:830} INFO - Processing file /home/airflow/.local/lib/python3.12/site-packages/airflow/example_dags/example_local_kubernetes_executor.py for tasks to queue
[2024-05-12T01:58:24.500+0000] {logging_mixin.py:188} INFO - [2024-05-12T01:58:24.500+0000] {dagbag.py:545} INFO - Filling up the DagBag from /home/airflow/.local/lib/python3.12/site-packages/airflow/example_dags/example_local_kubernetes_executor.py
[2024-05-12T01:58:24.504+0000] {processor.py:840} INFO - DAG(s) 'example_local_kubernetes_executor' retrieved from /home/airflow/.local/lib/python3.12/site-packages/airflow/example_dags/example_local_kubernetes_executor.py
[2024-05-12T01:58:24.522+0000] {logging_mixin.py:188} INFO - [2024-05-12T01:58:24.522+0000] {dag.py:3096} INFO - Sync 1 DAGs
[2024-05-12T01:58:24.528+0000] {logging_mixin.py:188} INFO - [2024-05-12T01:58:24.528+0000] {dag.py:3954} INFO - Setting next_dagrun for example_local_kubernetes_executor to None, run_after=None
[2024-05-12T01:58:24.537+0000] {processor.py:183} INFO - Processing /home/airflow/.local/lib/python3.12/site-packages/airflow/example_dags/example_local_kubernetes_executor.py took 0.041 seconds
[2024-05-12T01:58:55.187+0000] {processor.py:161} INFO - Started process (PID=753) to work on /home/airflow/.local/lib/python3.12/site-packages/airflow/example_dags/example_local_kubernetes_executor.py
[2024-05-12T01:58:55.188+0000] {processor.py:830} INFO - Processing file /home/airflow/.local/lib/python3.12/site-packages/airflow/example_dags/example_local_kubernetes_executor.py for tasks to queue
[2024-05-12T01:58:55.190+0000] {logging_mixin.py:188} INFO - [2024-05-12T01:58:55.190+0000] {dagbag.py:545} INFO - Filling up the DagBag from /home/airflow/.local/lib/python3.12/site-packages/airflow/example_dags/example_local_kubernetes_executor.py
[2024-05-12T01:58:55.196+0000] {processor.py:840} INFO - DAG(s) 'example_local_kubernetes_executor' retrieved from /home/airflow/.local/lib/python3.12/site-packages/airflow/example_dags/example_local_kubernetes_executor.py
[2024-05-12T01:58:55.219+0000] {logging_mixin.py:188} INFO - [2024-05-12T01:58:55.219+0000] {dag.py:3096} INFO - Sync 1 DAGs
[2024-05-12T01:58:55.225+0000] {logging_mixin.py:188} INFO - [2024-05-12T01:58:55.225+0000] {dag.py:3954} INFO - Setting next_dagrun for example_local_kubernetes_executor to None, run_after=None
[2024-05-12T01:58:55.234+0000] {processor.py:183} INFO - Processing /home/airflow/.local/lib/python3.12/site-packages/airflow/example_dags/example_local_kubernetes_executor.py took 0.051 seconds
[2024-05-12T01:59:25.880+0000] {processor.py:161} INFO - Started process (PID=812) to work on /home/airflow/.local/lib/python3.12/site-packages/airflow/example_dags/example_local_kubernetes_executor.py
[2024-05-12T01:59:25.881+0000] {processor.py:830} INFO - Processing file /home/airflow/.local/lib/python3.12/site-packages/airflow/example_dags/example_local_kubernetes_executor.py for tasks to queue
[2024-05-12T01:59:25.882+0000] {logging_mixin.py:188} INFO - [2024-05-12T01:59:25.882+0000] {dagbag.py:545} INFO - Filling up the DagBag from /home/airflow/.local/lib/python3.12/site-packages/airflow/example_dags/example_local_kubernetes_executor.py
[2024-05-12T01:59:25.886+0000] {processor.py:840} INFO - DAG(s) 'example_local_kubernetes_executor' retrieved from /home/airflow/.local/lib/python3.12/site-packages/airflow/example_dags/example_local_kubernetes_executor.py
[2024-05-12T01:59:25.907+0000] {logging_mixin.py:188} INFO - [2024-05-12T01:59:25.907+0000] {dag.py:3096} INFO - Sync 1 DAGs
[2024-05-12T01:59:25.912+0000] {logging_mixin.py:188} INFO - [2024-05-12T01:59:25.912+0000] {dag.py:3954} INFO - Setting next_dagrun for example_local_kubernetes_executor to None, run_after=None
[2024-05-12T01:59:25.921+0000] {processor.py:183} INFO - Processing /home/airflow/.local/lib/python3.12/site-packages/airflow/example_dags/example_local_kubernetes_executor.py took 0.043 seconds
[2024-05-12T01:59:56.770+0000] {processor.py:161} INFO - Started process (PID=871) to work on /home/airflow/.local/lib/python3.12/site-packages/airflow/example_dags/example_local_kubernetes_executor.py
[2024-05-12T01:59:56.770+0000] {processor.py:830} INFO - Processing file /home/airflow/.local/lib/python3.12/site-packages/airflow/example_dags/example_local_kubernetes_executor.py for tasks to queue
[2024-05-12T01:59:56.771+0000] {logging_mixin.py:188} INFO - [2024-05-12T01:59:56.771+0000] {dagbag.py:545} INFO - Filling up the DagBag from /home/airflow/.local/lib/python3.12/site-packages/airflow/example_dags/example_local_kubernetes_executor.py
[2024-05-12T01:59:56.775+0000] {processor.py:840} INFO - DAG(s) 'example_local_kubernetes_executor' retrieved from /home/airflow/.local/lib/python3.12/site-packages/airflow/example_dags/example_local_kubernetes_executor.py
[2024-05-12T01:59:56.792+0000] {logging_mixin.py:188} INFO - [2024-05-12T01:59:56.791+0000] {dag.py:3096} INFO - Sync 1 DAGs
[2024-05-12T01:59:56.797+0000] {logging_mixin.py:188} INFO - [2024-05-12T01:59:56.797+0000] {dag.py:3954} INFO - Setting next_dagrun for example_local_kubernetes_executor to None, run_after=None
[2024-05-12T01:59:56.805+0000] {processor.py:183} INFO - Processing /home/airflow/.local/lib/python3.12/site-packages/airflow/example_dags/example_local_kubernetes_executor.py took 0.038 seconds
[2024-05-12T02:00:27.659+0000] {processor.py:161} INFO - Started process (PID=930) to work on /home/airflow/.local/lib/python3.12/site-packages/airflow/example_dags/example_local_kubernetes_executor.py
[2024-05-12T02:00:27.660+0000] {processor.py:830} INFO - Processing file /home/airflow/.local/lib/python3.12/site-packages/airflow/example_dags/example_local_kubernetes_executor.py for tasks to queue
[2024-05-12T02:00:27.661+0000] {logging_mixin.py:188} INFO - [2024-05-12T02:00:27.661+0000] {dagbag.py:545} INFO - Filling up the DagBag from /home/airflow/.local/lib/python3.12/site-packages/airflow/example_dags/example_local_kubernetes_executor.py
[2024-05-12T02:00:27.664+0000] {processor.py:840} INFO - DAG(s) 'example_local_kubernetes_executor' retrieved from /home/airflow/.local/lib/python3.12/site-packages/airflow/example_dags/example_local_kubernetes_executor.py
[2024-05-12T02:00:27.679+0000] {logging_mixin.py:188} INFO - [2024-05-12T02:00:27.679+0000] {dag.py:3096} INFO - Sync 1 DAGs
[2024-05-12T02:00:27.684+0000] {logging_mixin.py:188} INFO - [2024-05-12T02:00:27.684+0000] {dag.py:3954} INFO - Setting next_dagrun for example_local_kubernetes_executor to None, run_after=None
[2024-05-12T02:00:27.691+0000] {processor.py:183} INFO - Processing /home/airflow/.local/lib/python3.12/site-packages/airflow/example_dags/example_local_kubernetes_executor.py took 0.034 seconds
[2024-05-12T02:00:58.303+0000] {processor.py:161} INFO - Started process (PID=989) to work on /home/airflow/.local/lib/python3.12/site-packages/airflow/example_dags/example_local_kubernetes_executor.py
[2024-05-12T02:00:58.304+0000] {processor.py:830} INFO - Processing file /home/airflow/.local/lib/python3.12/site-packages/airflow/example_dags/example_local_kubernetes_executor.py for tasks to queue
[2024-05-12T02:00:58.305+0000] {logging_mixin.py:188} INFO - [2024-05-12T02:00:58.305+0000] {dagbag.py:545} INFO - Filling up the DagBag from /home/airflow/.local/lib/python3.12/site-packages/airflow/example_dags/example_local_kubernetes_executor.py
[2024-05-12T02:00:58.309+0000] {processor.py:840} INFO - DAG(s) 'example_local_kubernetes_executor' retrieved from /home/airflow/.local/lib/python3.12/site-packages/airflow/example_dags/example_local_kubernetes_executor.py
[2024-05-12T02:00:58.325+0000] {logging_mixin.py:188} INFO - [2024-05-12T02:00:58.325+0000] {dag.py:3096} INFO - Sync 1 DAGs
[2024-05-12T02:00:58.330+0000] {logging_mixin.py:188} INFO - [2024-05-12T02:00:58.330+0000] {dag.py:3954} INFO - Setting next_dagrun for example_local_kubernetes_executor to None, run_after=None
[2024-05-12T02:00:58.337+0000] {processor.py:183} INFO - Processing /home/airflow/.local/lib/python3.12/site-packages/airflow/example_dags/example_local_kubernetes_executor.py took 0.037 seconds
[2024-05-12T02:01:28.953+0000] {processor.py:161} INFO - Started process (PID=1048) to work on /home/airflow/.local/lib/python3.12/site-packages/airflow/example_dags/example_local_kubernetes_executor.py
[2024-05-12T02:01:28.953+0000] {processor.py:830} INFO - Processing file /home/airflow/.local/lib/python3.12/site-packages/airflow/example_dags/example_local_kubernetes_executor.py for tasks to queue
[2024-05-12T02:01:28.954+0000] {logging_mixin.py:188} INFO - [2024-05-12T02:01:28.954+0000] {dagbag.py:545} INFO - Filling up the DagBag from /home/airflow/.local/lib/python3.12/site-packages/airflow/example_dags/example_local_kubernetes_executor.py
[2024-05-12T02:01:28.957+0000] {processor.py:840} INFO - DAG(s) 'example_local_kubernetes_executor' retrieved from /home/airflow/.local/lib/python3.12/site-packages/airflow/example_dags/example_local_kubernetes_executor.py
[2024-05-12T02:01:28.972+0000] {logging_mixin.py:188} INFO - [2024-05-12T02:01:28.972+0000] {dag.py:3096} INFO - Sync 1 DAGs
[2024-05-12T02:01:28.977+0000] {logging_mixin.py:188} INFO - [2024-05-12T02:01:28.977+0000] {dag.py:3954} INFO - Setting next_dagrun for example_local_kubernetes_executor to None, run_after=None
[2024-05-12T02:01:28.987+0000] {processor.py:183} INFO - Processing /home/airflow/.local/lib/python3.12/site-packages/airflow/example_dags/example_local_kubernetes_executor.py took 0.037 seconds
[2024-05-12T02:01:59.845+0000] {processor.py:161} INFO - Started process (PID=1107) to work on /home/airflow/.local/lib/python3.12/site-packages/airflow/example_dags/example_local_kubernetes_executor.py
[2024-05-12T02:01:59.846+0000] {processor.py:830} INFO - Processing file /home/airflow/.local/lib/python3.12/site-packages/airflow/example_dags/example_local_kubernetes_executor.py for tasks to queue
[2024-05-12T02:01:59.847+0000] {logging_mixin.py:188} INFO - [2024-05-12T02:01:59.847+0000] {dagbag.py:545} INFO - Filling up the DagBag from /home/airflow/.local/lib/python3.12/site-packages/airflow/example_dags/example_local_kubernetes_executor.py
[2024-05-12T02:01:59.852+0000] {processor.py:840} INFO - DAG(s) 'example_local_kubernetes_executor' retrieved from /home/airflow/.local/lib/python3.12/site-packages/airflow/example_dags/example_local_kubernetes_executor.py
[2024-05-12T02:01:59.870+0000] {logging_mixin.py:188} INFO - [2024-05-12T02:01:59.870+0000] {dag.py:3096} INFO - Sync 1 DAGs
[2024-05-12T02:01:59.876+0000] {logging_mixin.py:188} INFO - [2024-05-12T02:01:59.876+0000] {dag.py:3954} INFO - Setting next_dagrun for example_local_kubernetes_executor to None, run_after=None
[2024-05-12T02:01:59.883+0000] {processor.py:183} INFO - Processing /home/airflow/.local/lib/python3.12/site-packages/airflow/example_dags/example_local_kubernetes_executor.py took 0.042 seconds
[2024-05-12T02:02:30.802+0000] {processor.py:161} INFO - Started process (PID=1166) to work on /home/airflow/.local/lib/python3.12/site-packages/airflow/example_dags/example_local_kubernetes_executor.py
[2024-05-12T02:02:30.803+0000] {processor.py:830} INFO - Processing file /home/airflow/.local/lib/python3.12/site-packages/airflow/example_dags/example_local_kubernetes_executor.py for tasks to queue
[2024-05-12T02:02:30.805+0000] {logging_mixin.py:188} INFO - [2024-05-12T02:02:30.805+0000] {dagbag.py:545} INFO - Filling up the DagBag from /home/airflow/.local/lib/python3.12/site-packages/airflow/example_dags/example_local_kubernetes_executor.py
[2024-05-12T02:02:30.813+0000] {processor.py:840} INFO - DAG(s) 'example_local_kubernetes_executor' retrieved from /home/airflow/.local/lib/python3.12/site-packages/airflow/example_dags/example_local_kubernetes_executor.py
[2024-05-12T02:02:30.833+0000] {logging_mixin.py:188} INFO - [2024-05-12T02:02:30.833+0000] {dag.py:3096} INFO - Sync 1 DAGs
[2024-05-12T02:02:30.839+0000] {logging_mixin.py:188} INFO - [2024-05-12T02:02:30.839+0000] {dag.py:3954} INFO - Setting next_dagrun for example_local_kubernetes_executor to None, run_after=None
[2024-05-12T02:02:30.849+0000] {processor.py:183} INFO - Processing /home/airflow/.local/lib/python3.12/site-packages/airflow/example_dags/example_local_kubernetes_executor.py took 0.050 seconds
[2024-05-12T02:03:01.797+0000] {processor.py:161} INFO - Started process (PID=1225) to work on /home/airflow/.local/lib/python3.12/site-packages/airflow/example_dags/example_local_kubernetes_executor.py
[2024-05-12T02:03:01.798+0000] {processor.py:830} INFO - Processing file /home/airflow/.local/lib/python3.12/site-packages/airflow/example_dags/example_local_kubernetes_executor.py for tasks to queue
[2024-05-12T02:03:01.799+0000] {logging_mixin.py:188} INFO - [2024-05-12T02:03:01.799+0000] {dagbag.py:545} INFO - Filling up the DagBag from /home/airflow/.local/lib/python3.12/site-packages/airflow/example_dags/example_local_kubernetes_executor.py
[2024-05-12T02:03:01.803+0000] {processor.py:840} INFO - DAG(s) 'example_local_kubernetes_executor' retrieved from /home/airflow/.local/lib/python3.12/site-packages/airflow/example_dags/example_local_kubernetes_executor.py
[2024-05-12T02:03:01.820+0000] {logging_mixin.py:188} INFO - [2024-05-12T02:03:01.820+0000] {dag.py:3096} INFO - Sync 1 DAGs
[2024-05-12T02:03:01.826+0000] {logging_mixin.py:188} INFO - [2024-05-12T02:03:01.826+0000] {dag.py:3954} INFO - Setting next_dagrun for example_local_kubernetes_executor to None, run_after=None
[2024-05-12T02:03:01.834+0000] {processor.py:183} INFO - Processing /home/airflow/.local/lib/python3.12/site-packages/airflow/example_dags/example_local_kubernetes_executor.py took 0.040 seconds
[2024-05-12T02:03:32.632+0000] {processor.py:161} INFO - Started process (PID=1284) to work on /home/airflow/.local/lib/python3.12/site-packages/airflow/example_dags/example_local_kubernetes_executor.py
[2024-05-12T02:03:32.632+0000] {processor.py:830} INFO - Processing file /home/airflow/.local/lib/python3.12/site-packages/airflow/example_dags/example_local_kubernetes_executor.py for tasks to queue
[2024-05-12T02:03:32.633+0000] {logging_mixin.py:188} INFO - [2024-05-12T02:03:32.633+0000] {dagbag.py:545} INFO - Filling up the DagBag from /home/airflow/.local/lib/python3.12/site-packages/airflow/example_dags/example_local_kubernetes_executor.py
[2024-05-12T02:03:32.636+0000] {processor.py:840} INFO - DAG(s) 'example_local_kubernetes_executor' retrieved from /home/airflow/.local/lib/python3.12/site-packages/airflow/example_dags/example_local_kubernetes_executor.py
[2024-05-12T02:03:32.652+0000] {logging_mixin.py:188} INFO - [2024-05-12T02:03:32.652+0000] {dag.py:3096} INFO - Sync 1 DAGs
[2024-05-12T02:03:32.657+0000] {logging_mixin.py:188} INFO - [2024-05-12T02:03:32.657+0000] {dag.py:3954} INFO - Setting next_dagrun for example_local_kubernetes_executor to None, run_after=None
[2024-05-12T02:03:32.665+0000] {processor.py:183} INFO - Processing /home/airflow/.local/lib/python3.12/site-packages/airflow/example_dags/example_local_kubernetes_executor.py took 0.036 seconds
[2024-05-12T02:04:03.308+0000] {processor.py:161} INFO - Started process (PID=1343) to work on /home/airflow/.local/lib/python3.12/site-packages/airflow/example_dags/example_local_kubernetes_executor.py
[2024-05-12T02:04:03.308+0000] {processor.py:830} INFO - Processing file /home/airflow/.local/lib/python3.12/site-packages/airflow/example_dags/example_local_kubernetes_executor.py for tasks to queue
[2024-05-12T02:04:03.309+0000] {logging_mixin.py:188} INFO - [2024-05-12T02:04:03.309+0000] {dagbag.py:545} INFO - Filling up the DagBag from /home/airflow/.local/lib/python3.12/site-packages/airflow/example_dags/example_local_kubernetes_executor.py
[2024-05-12T02:04:03.313+0000] {processor.py:840} INFO - DAG(s) 'example_local_kubernetes_executor' retrieved from /home/airflow/.local/lib/python3.12/site-packages/airflow/example_dags/example_local_kubernetes_executor.py
[2024-05-12T02:04:03.330+0000] {logging_mixin.py:188} INFO - [2024-05-12T02:04:03.330+0000] {dag.py:3096} INFO - Sync 1 DAGs
[2024-05-12T02:04:03.335+0000] {logging_mixin.py:188} INFO - [2024-05-12T02:04:03.335+0000] {dag.py:3954} INFO - Setting next_dagrun for example_local_kubernetes_executor to None, run_after=None
[2024-05-12T02:04:03.342+0000] {processor.py:183} INFO - Processing /home/airflow/.local/lib/python3.12/site-packages/airflow/example_dags/example_local_kubernetes_executor.py took 0.037 seconds
[2024-05-12T02:04:34.093+0000] {processor.py:161} INFO - Started process (PID=1402) to work on /home/airflow/.local/lib/python3.12/site-packages/airflow/example_dags/example_local_kubernetes_executor.py
[2024-05-12T02:04:34.093+0000] {processor.py:830} INFO - Processing file /home/airflow/.local/lib/python3.12/site-packages/airflow/example_dags/example_local_kubernetes_executor.py for tasks to queue
[2024-05-12T02:04:34.094+0000] {logging_mixin.py:188} INFO - [2024-05-12T02:04:34.094+0000] {dagbag.py:545} INFO - Filling up the DagBag from /home/airflow/.local/lib/python3.12/site-packages/airflow/example_dags/example_local_kubernetes_executor.py
[2024-05-12T02:04:34.099+0000] {processor.py:840} INFO - DAG(s) 'example_local_kubernetes_executor' retrieved from /home/airflow/.local/lib/python3.12/site-packages/airflow/example_dags/example_local_kubernetes_executor.py
[2024-05-12T02:04:34.121+0000] {logging_mixin.py:188} INFO - [2024-05-12T02:04:34.121+0000] {dag.py:3096} INFO - Sync 1 DAGs
[2024-05-12T02:04:34.127+0000] {logging_mixin.py:188} INFO - [2024-05-12T02:04:34.127+0000] {dag.py:3954} INFO - Setting next_dagrun for example_local_kubernetes_executor to None, run_after=None
[2024-05-12T02:04:34.135+0000] {processor.py:183} INFO - Processing /home/airflow/.local/lib/python3.12/site-packages/airflow/example_dags/example_local_kubernetes_executor.py took 0.045 seconds
[2024-05-12T02:05:04.205+0000] {processor.py:161} INFO - Started process (PID=1461) to work on /home/airflow/.local/lib/python3.12/site-packages/airflow/example_dags/example_local_kubernetes_executor.py
[2024-05-12T02:05:04.206+0000] {processor.py:830} INFO - Processing file /home/airflow/.local/lib/python3.12/site-packages/airflow/example_dags/example_local_kubernetes_executor.py for tasks to queue
[2024-05-12T02:05:04.207+0000] {logging_mixin.py:188} INFO - [2024-05-12T02:05:04.206+0000] {dagbag.py:545} INFO - Filling up the DagBag from /home/airflow/.local/lib/python3.12/site-packages/airflow/example_dags/example_local_kubernetes_executor.py
[2024-05-12T02:05:04.210+0000] {processor.py:840} INFO - DAG(s) 'example_local_kubernetes_executor' retrieved from /home/airflow/.local/lib/python3.12/site-packages/airflow/example_dags/example_local_kubernetes_executor.py
[2024-05-12T02:05:04.226+0000] {logging_mixin.py:188} INFO - [2024-05-12T02:05:04.226+0000] {dag.py:3096} INFO - Sync 1 DAGs
[2024-05-12T02:05:04.233+0000] {logging_mixin.py:188} INFO - [2024-05-12T02:05:04.232+0000] {dag.py:3954} INFO - Setting next_dagrun for example_local_kubernetes_executor to None, run_after=None
[2024-05-12T02:05:04.241+0000] {processor.py:183} INFO - Processing /home/airflow/.local/lib/python3.12/site-packages/airflow/example_dags/example_local_kubernetes_executor.py took 0.038 seconds
[2024-05-12T02:05:34.802+0000] {processor.py:161} INFO - Started process (PID=1519) to work on /home/airflow/.local/lib/python3.12/site-packages/airflow/example_dags/example_local_kubernetes_executor.py
[2024-05-12T02:05:34.803+0000] {processor.py:830} INFO - Processing file /home/airflow/.local/lib/python3.12/site-packages/airflow/example_dags/example_local_kubernetes_executor.py for tasks to queue
[2024-05-12T02:05:34.804+0000] {logging_mixin.py:188} INFO - [2024-05-12T02:05:34.804+0000] {dagbag.py:545} INFO - Filling up the DagBag from /home/airflow/.local/lib/python3.12/site-packages/airflow/example_dags/example_local_kubernetes_executor.py
[2024-05-12T02:05:34.809+0000] {processor.py:840} INFO - DAG(s) 'example_local_kubernetes_executor' retrieved from /home/airflow/.local/lib/python3.12/site-packages/airflow/example_dags/example_local_kubernetes_executor.py
[2024-05-12T02:05:34.827+0000] {logging_mixin.py:188} INFO - [2024-05-12T02:05:34.827+0000] {dag.py:3096} INFO - Sync 1 DAGs
[2024-05-12T02:05:34.833+0000] {logging_mixin.py:188} INFO - [2024-05-12T02:05:34.833+0000] {dag.py:3954} INFO - Setting next_dagrun for example_local_kubernetes_executor to None, run_after=None
[2024-05-12T02:05:34.851+0000] {processor.py:183} INFO - Processing /home/airflow/.local/lib/python3.12/site-packages/airflow/example_dags/example_local_kubernetes_executor.py took 0.051 seconds
