[2024-05-12T01:52:47.855+0000] {processor.py:161} INFO - Started process (PID=50) to work on /home/airflow/.local/lib/python3.12/site-packages/airflow/example_dags/example_datasets.py
[2024-05-12T01:52:47.855+0000] {processor.py:830} INFO - Processing file /home/airflow/.local/lib/python3.12/site-packages/airflow/example_dags/example_datasets.py for tasks to queue
[2024-05-12T01:52:47.857+0000] {logging_mixin.py:188} INFO - [2024-05-12T01:52:47.857+0000] {dagbag.py:545} INFO - Filling up the DagBag from /home/airflow/.local/lib/python3.12/site-packages/airflow/example_dags/example_datasets.py
[2024-05-12T01:52:47.867+0000] {processor.py:840} INFO - DAG(s) 'dataset_consumes_1_and_2', 'consume_1_or_both_2_and_3_with_dataset_expressions', 'dataset_produces_1', 'dataset_produces_2', 'consume_1_and_2_with_dataset_expressions', 'dataset_consumes_1_never_scheduled', 'conditional_dataset_and_time_based_timetable', 'consume_1_or_2_with_dataset_expressions', 'dataset_consumes_1', 'dataset_consumes_unknown_never_scheduled' retrieved from /home/airflow/.local/lib/python3.12/site-packages/airflow/example_dags/example_datasets.py
[2024-05-12T01:52:47.875+0000] {logging_mixin.py:188} INFO - [2024-05-12T01:52:47.875+0000] {dag.py:3096} INFO - Sync 10 DAGs
[2024-05-12T01:52:47.886+0000] {logging_mixin.py:188} INFO - [2024-05-12T01:52:47.886+0000] {dag.py:3954} INFO - Setting next_dagrun for conditional_dataset_and_time_based_timetable to 2024-05-08 01:00:00+00:00, run_after=2024-05-08 01:00:00+00:00
[2024-05-12T01:52:47.888+0000] {logging_mixin.py:188} INFO - [2024-05-12T01:52:47.888+0000] {dag.py:3954} INFO - Setting next_dagrun for consume_1_and_2_with_dataset_expressions to None, run_after=None
[2024-05-12T01:52:47.889+0000] {logging_mixin.py:188} INFO - [2024-05-12T01:52:47.888+0000] {dag.py:3954} INFO - Setting next_dagrun for consume_1_or_2_with_dataset_expressions to None, run_after=None
[2024-05-12T01:52:47.889+0000] {logging_mixin.py:188} INFO - [2024-05-12T01:52:47.889+0000] {dag.py:3954} INFO - Setting next_dagrun for consume_1_or_both_2_and_3_with_dataset_expressions to None, run_after=None
[2024-05-12T01:52:47.889+0000] {logging_mixin.py:188} INFO - [2024-05-12T01:52:47.889+0000] {dag.py:3954} INFO - Setting next_dagrun for dataset_consumes_1 to None, run_after=None
[2024-05-12T01:52:47.890+0000] {logging_mixin.py:188} INFO - [2024-05-12T01:52:47.890+0000] {dag.py:3954} INFO - Setting next_dagrun for dataset_consumes_1_and_2 to None, run_after=None
[2024-05-12T01:52:47.891+0000] {logging_mixin.py:188} INFO - [2024-05-12T01:52:47.891+0000] {dag.py:3954} INFO - Setting next_dagrun for dataset_consumes_1_never_scheduled to None, run_after=None
[2024-05-12T01:52:47.891+0000] {logging_mixin.py:188} INFO - [2024-05-12T01:52:47.891+0000] {dag.py:3954} INFO - Setting next_dagrun for dataset_consumes_unknown_never_scheduled to None, run_after=None
[2024-05-12T01:52:47.892+0000] {logging_mixin.py:188} INFO - [2024-05-12T01:52:47.892+0000] {dag.py:3954} INFO - Setting next_dagrun for dataset_produces_1 to 2024-05-11 00:00:00+00:00, run_after=2024-05-12 00:00:00+00:00
[2024-05-12T01:52:47.892+0000] {logging_mixin.py:188} INFO - [2024-05-12T01:52:47.892+0000] {dag.py:3954} INFO - Setting next_dagrun for dataset_produces_2 to None, run_after=None
[2024-05-12T01:52:47.908+0000] {processor.py:183} INFO - Processing /home/airflow/.local/lib/python3.12/site-packages/airflow/example_dags/example_datasets.py took 0.057 seconds
[2024-05-12T01:53:18.214+0000] {processor.py:161} INFO - Started process (PID=108) to work on /home/airflow/.local/lib/python3.12/site-packages/airflow/example_dags/example_datasets.py
[2024-05-12T01:53:18.214+0000] {processor.py:830} INFO - Processing file /home/airflow/.local/lib/python3.12/site-packages/airflow/example_dags/example_datasets.py for tasks to queue
[2024-05-12T01:53:18.215+0000] {logging_mixin.py:188} INFO - [2024-05-12T01:53:18.215+0000] {dagbag.py:545} INFO - Filling up the DagBag from /home/airflow/.local/lib/python3.12/site-packages/airflow/example_dags/example_datasets.py
[2024-05-12T01:53:18.221+0000] {processor.py:840} INFO - DAG(s) 'dataset_consumes_1_never_scheduled', 'dataset_consumes_1_and_2', 'consume_1_and_2_with_dataset_expressions', 'dataset_produces_2', 'dataset_produces_1', 'dataset_consumes_1', 'consume_1_or_both_2_and_3_with_dataset_expressions', 'conditional_dataset_and_time_based_timetable', 'dataset_consumes_unknown_never_scheduled', 'consume_1_or_2_with_dataset_expressions' retrieved from /home/airflow/.local/lib/python3.12/site-packages/airflow/example_dags/example_datasets.py
[2024-05-12T01:53:18.294+0000] {logging_mixin.py:188} INFO - [2024-05-12T01:53:18.294+0000] {dag.py:3096} INFO - Sync 10 DAGs
[2024-05-12T01:53:18.303+0000] {logging_mixin.py:188} INFO - [2024-05-12T01:53:18.303+0000] {dag.py:3954} INFO - Setting next_dagrun for conditional_dataset_and_time_based_timetable to 2024-05-08 01:00:00+00:00, run_after=2024-05-08 01:00:00+00:00
[2024-05-12T01:53:18.304+0000] {logging_mixin.py:188} INFO - [2024-05-12T01:53:18.304+0000] {dag.py:3954} INFO - Setting next_dagrun for consume_1_and_2_with_dataset_expressions to None, run_after=None
[2024-05-12T01:53:18.304+0000] {logging_mixin.py:188} INFO - [2024-05-12T01:53:18.304+0000] {dag.py:3954} INFO - Setting next_dagrun for consume_1_or_2_with_dataset_expressions to None, run_after=None
[2024-05-12T01:53:18.305+0000] {logging_mixin.py:188} INFO - [2024-05-12T01:53:18.305+0000] {dag.py:3954} INFO - Setting next_dagrun for consume_1_or_both_2_and_3_with_dataset_expressions to None, run_after=None
[2024-05-12T01:53:18.305+0000] {logging_mixin.py:188} INFO - [2024-05-12T01:53:18.305+0000] {dag.py:3954} INFO - Setting next_dagrun for dataset_consumes_1 to None, run_after=None
[2024-05-12T01:53:18.306+0000] {logging_mixin.py:188} INFO - [2024-05-12T01:53:18.306+0000] {dag.py:3954} INFO - Setting next_dagrun for dataset_consumes_1_and_2 to None, run_after=None
[2024-05-12T01:53:18.306+0000] {logging_mixin.py:188} INFO - [2024-05-12T01:53:18.306+0000] {dag.py:3954} INFO - Setting next_dagrun for dataset_consumes_1_never_scheduled to None, run_after=None
[2024-05-12T01:53:18.307+0000] {logging_mixin.py:188} INFO - [2024-05-12T01:53:18.307+0000] {dag.py:3954} INFO - Setting next_dagrun for dataset_consumes_unknown_never_scheduled to None, run_after=None
[2024-05-12T01:53:18.308+0000] {logging_mixin.py:188} INFO - [2024-05-12T01:53:18.307+0000] {dag.py:3954} INFO - Setting next_dagrun for dataset_produces_1 to 2024-05-11 00:00:00+00:00, run_after=2024-05-12 00:00:00+00:00
[2024-05-12T01:53:18.308+0000] {logging_mixin.py:188} INFO - [2024-05-12T01:53:18.308+0000] {dag.py:3954} INFO - Setting next_dagrun for dataset_produces_2 to None, run_after=None
[2024-05-12T01:53:18.321+0000] {processor.py:183} INFO - Processing /home/airflow/.local/lib/python3.12/site-packages/airflow/example_dags/example_datasets.py took 0.110 seconds
[2024-05-12T01:53:49.287+0000] {processor.py:161} INFO - Started process (PID=166) to work on /home/airflow/.local/lib/python3.12/site-packages/airflow/example_dags/example_datasets.py
[2024-05-12T01:53:49.288+0000] {processor.py:830} INFO - Processing file /home/airflow/.local/lib/python3.12/site-packages/airflow/example_dags/example_datasets.py for tasks to queue
[2024-05-12T01:53:49.290+0000] {logging_mixin.py:188} INFO - [2024-05-12T01:53:49.289+0000] {dagbag.py:545} INFO - Filling up the DagBag from /home/airflow/.local/lib/python3.12/site-packages/airflow/example_dags/example_datasets.py
[2024-05-12T01:53:49.306+0000] {processor.py:840} INFO - DAG(s) 'dataset_consumes_1_and_2', 'conditional_dataset_and_time_based_timetable', 'dataset_consumes_unknown_never_scheduled', 'consume_1_and_2_with_dataset_expressions', 'dataset_produces_1', 'dataset_consumes_1', 'dataset_produces_2', 'consume_1_or_2_with_dataset_expressions', 'dataset_consumes_1_never_scheduled', 'consume_1_or_both_2_and_3_with_dataset_expressions' retrieved from /home/airflow/.local/lib/python3.12/site-packages/airflow/example_dags/example_datasets.py
[2024-05-12T01:53:49.350+0000] {logging_mixin.py:188} INFO - [2024-05-12T01:53:49.350+0000] {dag.py:3096} INFO - Sync 10 DAGs
[2024-05-12T01:53:49.366+0000] {logging_mixin.py:188} INFO - [2024-05-12T01:53:49.366+0000] {dag.py:3954} INFO - Setting next_dagrun for conditional_dataset_and_time_based_timetable to 2024-05-08 01:00:00+00:00, run_after=2024-05-08 01:00:00+00:00
[2024-05-12T01:53:49.370+0000] {logging_mixin.py:188} INFO - [2024-05-12T01:53:49.369+0000] {dag.py:3954} INFO - Setting next_dagrun for consume_1_and_2_with_dataset_expressions to None, run_after=None
[2024-05-12T01:53:49.372+0000] {logging_mixin.py:188} INFO - [2024-05-12T01:53:49.372+0000] {dag.py:3954} INFO - Setting next_dagrun for consume_1_or_2_with_dataset_expressions to None, run_after=None
[2024-05-12T01:53:49.373+0000] {logging_mixin.py:188} INFO - [2024-05-12T01:53:49.373+0000] {dag.py:3954} INFO - Setting next_dagrun for consume_1_or_both_2_and_3_with_dataset_expressions to None, run_after=None
[2024-05-12T01:53:49.374+0000] {logging_mixin.py:188} INFO - [2024-05-12T01:53:49.374+0000] {dag.py:3954} INFO - Setting next_dagrun for dataset_consumes_1 to None, run_after=None
[2024-05-12T01:53:49.375+0000] {logging_mixin.py:188} INFO - [2024-05-12T01:53:49.375+0000] {dag.py:3954} INFO - Setting next_dagrun for dataset_consumes_1_and_2 to None, run_after=None
[2024-05-12T01:53:49.376+0000] {logging_mixin.py:188} INFO - [2024-05-12T01:53:49.376+0000] {dag.py:3954} INFO - Setting next_dagrun for dataset_consumes_1_never_scheduled to None, run_after=None
[2024-05-12T01:53:49.377+0000] {logging_mixin.py:188} INFO - [2024-05-12T01:53:49.377+0000] {dag.py:3954} INFO - Setting next_dagrun for dataset_consumes_unknown_never_scheduled to None, run_after=None
[2024-05-12T01:53:49.379+0000] {logging_mixin.py:188} INFO - [2024-05-12T01:53:49.379+0000] {dag.py:3954} INFO - Setting next_dagrun for dataset_produces_1 to 2024-05-11 00:00:00+00:00, run_after=2024-05-12 00:00:00+00:00
[2024-05-12T01:53:49.380+0000] {logging_mixin.py:188} INFO - [2024-05-12T01:53:49.380+0000] {dag.py:3954} INFO - Setting next_dagrun for dataset_produces_2 to None, run_after=None
[2024-05-12T01:53:49.407+0000] {processor.py:183} INFO - Processing /home/airflow/.local/lib/python3.12/site-packages/airflow/example_dags/example_datasets.py took 0.127 seconds
[2024-05-12T01:54:20.142+0000] {processor.py:161} INFO - Started process (PID=224) to work on /home/airflow/.local/lib/python3.12/site-packages/airflow/example_dags/example_datasets.py
[2024-05-12T01:54:20.144+0000] {processor.py:830} INFO - Processing file /home/airflow/.local/lib/python3.12/site-packages/airflow/example_dags/example_datasets.py for tasks to queue
[2024-05-12T01:54:20.146+0000] {logging_mixin.py:188} INFO - [2024-05-12T01:54:20.145+0000] {dagbag.py:545} INFO - Filling up the DagBag from /home/airflow/.local/lib/python3.12/site-packages/airflow/example_dags/example_datasets.py
[2024-05-12T01:54:20.158+0000] {processor.py:840} INFO - DAG(s) 'consume_1_or_both_2_and_3_with_dataset_expressions', 'consume_1_or_2_with_dataset_expressions', 'dataset_consumes_unknown_never_scheduled', 'dataset_consumes_1_and_2', 'dataset_produces_1', 'conditional_dataset_and_time_based_timetable', 'dataset_consumes_1', 'dataset_produces_2', 'dataset_consumes_1_never_scheduled', 'consume_1_and_2_with_dataset_expressions' retrieved from /home/airflow/.local/lib/python3.12/site-packages/airflow/example_dags/example_datasets.py
[2024-05-12T01:54:20.185+0000] {logging_mixin.py:188} INFO - [2024-05-12T01:54:20.185+0000] {dag.py:3096} INFO - Sync 10 DAGs
[2024-05-12T01:54:20.197+0000] {logging_mixin.py:188} INFO - [2024-05-12T01:54:20.197+0000] {dag.py:3954} INFO - Setting next_dagrun for conditional_dataset_and_time_based_timetable to 2024-05-08 01:00:00+00:00, run_after=2024-05-08 01:00:00+00:00
[2024-05-12T01:54:20.199+0000] {logging_mixin.py:188} INFO - [2024-05-12T01:54:20.199+0000] {dag.py:3954} INFO - Setting next_dagrun for consume_1_and_2_with_dataset_expressions to None, run_after=None
[2024-05-12T01:54:20.200+0000] {logging_mixin.py:188} INFO - [2024-05-12T01:54:20.200+0000] {dag.py:3954} INFO - Setting next_dagrun for consume_1_or_2_with_dataset_expressions to None, run_after=None
[2024-05-12T01:54:20.200+0000] {logging_mixin.py:188} INFO - [2024-05-12T01:54:20.200+0000] {dag.py:3954} INFO - Setting next_dagrun for consume_1_or_both_2_and_3_with_dataset_expressions to None, run_after=None
[2024-05-12T01:54:20.201+0000] {logging_mixin.py:188} INFO - [2024-05-12T01:54:20.201+0000] {dag.py:3954} INFO - Setting next_dagrun for dataset_consumes_1 to None, run_after=None
[2024-05-12T01:54:20.202+0000] {logging_mixin.py:188} INFO - [2024-05-12T01:54:20.202+0000] {dag.py:3954} INFO - Setting next_dagrun for dataset_consumes_1_and_2 to None, run_after=None
[2024-05-12T01:54:20.202+0000] {logging_mixin.py:188} INFO - [2024-05-12T01:54:20.202+0000] {dag.py:3954} INFO - Setting next_dagrun for dataset_consumes_1_never_scheduled to None, run_after=None
[2024-05-12T01:54:20.203+0000] {logging_mixin.py:188} INFO - [2024-05-12T01:54:20.203+0000] {dag.py:3954} INFO - Setting next_dagrun for dataset_consumes_unknown_never_scheduled to None, run_after=None
[2024-05-12T01:54:20.204+0000] {logging_mixin.py:188} INFO - [2024-05-12T01:54:20.204+0000] {dag.py:3954} INFO - Setting next_dagrun for dataset_produces_1 to 2024-05-11 00:00:00+00:00, run_after=2024-05-12 00:00:00+00:00
[2024-05-12T01:54:20.204+0000] {logging_mixin.py:188} INFO - [2024-05-12T01:54:20.204+0000] {dag.py:3954} INFO - Setting next_dagrun for dataset_produces_2 to None, run_after=None
[2024-05-12T01:54:20.218+0000] {processor.py:183} INFO - Processing /home/airflow/.local/lib/python3.12/site-packages/airflow/example_dags/example_datasets.py took 0.082 seconds
[2024-05-12T01:54:50.681+0000] {processor.py:161} INFO - Started process (PID=282) to work on /home/airflow/.local/lib/python3.12/site-packages/airflow/example_dags/example_datasets.py
[2024-05-12T01:54:50.682+0000] {processor.py:830} INFO - Processing file /home/airflow/.local/lib/python3.12/site-packages/airflow/example_dags/example_datasets.py for tasks to queue
[2024-05-12T01:54:50.684+0000] {logging_mixin.py:188} INFO - [2024-05-12T01:54:50.684+0000] {dagbag.py:545} INFO - Filling up the DagBag from /home/airflow/.local/lib/python3.12/site-packages/airflow/example_dags/example_datasets.py
[2024-05-12T01:54:50.700+0000] {processor.py:840} INFO - DAG(s) 'dataset_consumes_1_never_scheduled', 'consume_1_or_2_with_dataset_expressions', 'dataset_consumes_1_and_2', 'dataset_produces_1', 'conditional_dataset_and_time_based_timetable', 'consume_1_or_both_2_and_3_with_dataset_expressions', 'dataset_consumes_1', 'dataset_consumes_unknown_never_scheduled', 'consume_1_and_2_with_dataset_expressions', 'dataset_produces_2' retrieved from /home/airflow/.local/lib/python3.12/site-packages/airflow/example_dags/example_datasets.py
[2024-05-12T01:54:50.734+0000] {logging_mixin.py:188} INFO - [2024-05-12T01:54:50.734+0000] {dag.py:3096} INFO - Sync 10 DAGs
[2024-05-12T01:54:50.744+0000] {logging_mixin.py:188} INFO - [2024-05-12T01:54:50.744+0000] {dag.py:3954} INFO - Setting next_dagrun for conditional_dataset_and_time_based_timetable to 2024-05-08 01:00:00+00:00, run_after=2024-05-08 01:00:00+00:00
[2024-05-12T01:54:50.746+0000] {logging_mixin.py:188} INFO - [2024-05-12T01:54:50.746+0000] {dag.py:3954} INFO - Setting next_dagrun for consume_1_and_2_with_dataset_expressions to None, run_after=None
[2024-05-12T01:54:50.747+0000] {logging_mixin.py:188} INFO - [2024-05-12T01:54:50.747+0000] {dag.py:3954} INFO - Setting next_dagrun for consume_1_or_2_with_dataset_expressions to None, run_after=None
[2024-05-12T01:54:50.747+0000] {logging_mixin.py:188} INFO - [2024-05-12T01:54:50.747+0000] {dag.py:3954} INFO - Setting next_dagrun for consume_1_or_both_2_and_3_with_dataset_expressions to None, run_after=None
[2024-05-12T01:54:50.748+0000] {logging_mixin.py:188} INFO - [2024-05-12T01:54:50.748+0000] {dag.py:3954} INFO - Setting next_dagrun for dataset_consumes_1 to None, run_after=None
[2024-05-12T01:54:50.749+0000] {logging_mixin.py:188} INFO - [2024-05-12T01:54:50.748+0000] {dag.py:3954} INFO - Setting next_dagrun for dataset_consumes_1_and_2 to None, run_after=None
[2024-05-12T01:54:50.749+0000] {logging_mixin.py:188} INFO - [2024-05-12T01:54:50.749+0000] {dag.py:3954} INFO - Setting next_dagrun for dataset_consumes_1_never_scheduled to None, run_after=None
[2024-05-12T01:54:50.749+0000] {logging_mixin.py:188} INFO - [2024-05-12T01:54:50.749+0000] {dag.py:3954} INFO - Setting next_dagrun for dataset_consumes_unknown_never_scheduled to None, run_after=None
[2024-05-12T01:54:50.750+0000] {logging_mixin.py:188} INFO - [2024-05-12T01:54:50.750+0000] {dag.py:3954} INFO - Setting next_dagrun for dataset_produces_1 to 2024-05-11 00:00:00+00:00, run_after=2024-05-12 00:00:00+00:00
[2024-05-12T01:54:50.751+0000] {logging_mixin.py:188} INFO - [2024-05-12T01:54:50.751+0000] {dag.py:3954} INFO - Setting next_dagrun for dataset_produces_2 to None, run_after=None
[2024-05-12T01:54:50.765+0000] {processor.py:183} INFO - Processing /home/airflow/.local/lib/python3.12/site-packages/airflow/example_dags/example_datasets.py took 0.092 seconds
[2024-05-12T01:55:21.192+0000] {processor.py:161} INFO - Started process (PID=340) to work on /home/airflow/.local/lib/python3.12/site-packages/airflow/example_dags/example_datasets.py
[2024-05-12T01:55:21.193+0000] {processor.py:830} INFO - Processing file /home/airflow/.local/lib/python3.12/site-packages/airflow/example_dags/example_datasets.py for tasks to queue
[2024-05-12T01:55:21.194+0000] {logging_mixin.py:188} INFO - [2024-05-12T01:55:21.194+0000] {dagbag.py:545} INFO - Filling up the DagBag from /home/airflow/.local/lib/python3.12/site-packages/airflow/example_dags/example_datasets.py
[2024-05-12T01:55:21.209+0000] {processor.py:840} INFO - DAG(s) 'dataset_produces_2', 'consume_1_or_2_with_dataset_expressions', 'consume_1_or_both_2_and_3_with_dataset_expressions', 'dataset_consumes_1_and_2', 'dataset_produces_1', 'dataset_consumes_1', 'conditional_dataset_and_time_based_timetable', 'dataset_consumes_1_never_scheduled', 'consume_1_and_2_with_dataset_expressions', 'dataset_consumes_unknown_never_scheduled' retrieved from /home/airflow/.local/lib/python3.12/site-packages/airflow/example_dags/example_datasets.py
[2024-05-12T01:55:21.230+0000] {logging_mixin.py:188} INFO - [2024-05-12T01:55:21.230+0000] {dag.py:3096} INFO - Sync 10 DAGs
[2024-05-12T01:55:21.240+0000] {logging_mixin.py:188} INFO - [2024-05-12T01:55:21.240+0000] {dag.py:3954} INFO - Setting next_dagrun for conditional_dataset_and_time_based_timetable to 2024-05-08 01:00:00+00:00, run_after=2024-05-08 01:00:00+00:00
[2024-05-12T01:55:21.242+0000] {logging_mixin.py:188} INFO - [2024-05-12T01:55:21.242+0000] {dag.py:3954} INFO - Setting next_dagrun for consume_1_and_2_with_dataset_expressions to None, run_after=None
[2024-05-12T01:55:21.243+0000] {logging_mixin.py:188} INFO - [2024-05-12T01:55:21.243+0000] {dag.py:3954} INFO - Setting next_dagrun for consume_1_or_2_with_dataset_expressions to None, run_after=None
[2024-05-12T01:55:21.243+0000] {logging_mixin.py:188} INFO - [2024-05-12T01:55:21.243+0000] {dag.py:3954} INFO - Setting next_dagrun for consume_1_or_both_2_and_3_with_dataset_expressions to None, run_after=None
[2024-05-12T01:55:21.244+0000] {logging_mixin.py:188} INFO - [2024-05-12T01:55:21.244+0000] {dag.py:3954} INFO - Setting next_dagrun for dataset_consumes_1 to None, run_after=None
[2024-05-12T01:55:21.245+0000] {logging_mixin.py:188} INFO - [2024-05-12T01:55:21.245+0000] {dag.py:3954} INFO - Setting next_dagrun for dataset_consumes_1_and_2 to None, run_after=None
[2024-05-12T01:55:21.245+0000] {logging_mixin.py:188} INFO - [2024-05-12T01:55:21.245+0000] {dag.py:3954} INFO - Setting next_dagrun for dataset_consumes_1_never_scheduled to None, run_after=None
[2024-05-12T01:55:21.245+0000] {logging_mixin.py:188} INFO - [2024-05-12T01:55:21.245+0000] {dag.py:3954} INFO - Setting next_dagrun for dataset_consumes_unknown_never_scheduled to None, run_after=None
[2024-05-12T01:55:21.246+0000] {logging_mixin.py:188} INFO - [2024-05-12T01:55:21.246+0000] {dag.py:3954} INFO - Setting next_dagrun for dataset_produces_1 to 2024-05-11 00:00:00+00:00, run_after=2024-05-12 00:00:00+00:00
[2024-05-12T01:55:21.247+0000] {logging_mixin.py:188} INFO - [2024-05-12T01:55:21.247+0000] {dag.py:3954} INFO - Setting next_dagrun for dataset_produces_2 to None, run_after=None
[2024-05-12T01:55:21.261+0000] {processor.py:183} INFO - Processing /home/airflow/.local/lib/python3.12/site-packages/airflow/example_dags/example_datasets.py took 0.073 seconds
[2024-05-12T01:55:51.712+0000] {processor.py:161} INFO - Started process (PID=398) to work on /home/airflow/.local/lib/python3.12/site-packages/airflow/example_dags/example_datasets.py
[2024-05-12T01:55:51.713+0000] {processor.py:830} INFO - Processing file /home/airflow/.local/lib/python3.12/site-packages/airflow/example_dags/example_datasets.py for tasks to queue
[2024-05-12T01:55:51.714+0000] {logging_mixin.py:188} INFO - [2024-05-12T01:55:51.714+0000] {dagbag.py:545} INFO - Filling up the DagBag from /home/airflow/.local/lib/python3.12/site-packages/airflow/example_dags/example_datasets.py
[2024-05-12T01:55:51.726+0000] {processor.py:840} INFO - DAG(s) 'dataset_consumes_1', 'dataset_consumes_unknown_never_scheduled', 'dataset_consumes_1_and_2', 'dataset_produces_1', 'dataset_produces_2', 'consume_1_and_2_with_dataset_expressions', 'dataset_consumes_1_never_scheduled', 'consume_1_or_2_with_dataset_expressions', 'conditional_dataset_and_time_based_timetable', 'consume_1_or_both_2_and_3_with_dataset_expressions' retrieved from /home/airflow/.local/lib/python3.12/site-packages/airflow/example_dags/example_datasets.py
[2024-05-12T01:55:51.753+0000] {logging_mixin.py:188} INFO - [2024-05-12T01:55:51.752+0000] {dag.py:3096} INFO - Sync 10 DAGs
[2024-05-12T01:55:51.764+0000] {logging_mixin.py:188} INFO - [2024-05-12T01:55:51.764+0000] {dag.py:3954} INFO - Setting next_dagrun for conditional_dataset_and_time_based_timetable to 2024-05-08 01:00:00+00:00, run_after=2024-05-08 01:00:00+00:00
[2024-05-12T01:55:51.766+0000] {logging_mixin.py:188} INFO - [2024-05-12T01:55:51.766+0000] {dag.py:3954} INFO - Setting next_dagrun for consume_1_and_2_with_dataset_expressions to None, run_after=None
[2024-05-12T01:55:51.767+0000] {logging_mixin.py:188} INFO - [2024-05-12T01:55:51.767+0000] {dag.py:3954} INFO - Setting next_dagrun for consume_1_or_2_with_dataset_expressions to None, run_after=None
[2024-05-12T01:55:51.767+0000] {logging_mixin.py:188} INFO - [2024-05-12T01:55:51.767+0000] {dag.py:3954} INFO - Setting next_dagrun for consume_1_or_both_2_and_3_with_dataset_expressions to None, run_after=None
[2024-05-12T01:55:51.768+0000] {logging_mixin.py:188} INFO - [2024-05-12T01:55:51.768+0000] {dag.py:3954} INFO - Setting next_dagrun for dataset_consumes_1 to None, run_after=None
[2024-05-12T01:55:51.768+0000] {logging_mixin.py:188} INFO - [2024-05-12T01:55:51.768+0000] {dag.py:3954} INFO - Setting next_dagrun for dataset_consumes_1_and_2 to None, run_after=None
[2024-05-12T01:55:51.769+0000] {logging_mixin.py:188} INFO - [2024-05-12T01:55:51.769+0000] {dag.py:3954} INFO - Setting next_dagrun for dataset_consumes_1_never_scheduled to None, run_after=None
[2024-05-12T01:55:51.769+0000] {logging_mixin.py:188} INFO - [2024-05-12T01:55:51.769+0000] {dag.py:3954} INFO - Setting next_dagrun for dataset_consumes_unknown_never_scheduled to None, run_after=None
[2024-05-12T01:55:51.770+0000] {logging_mixin.py:188} INFO - [2024-05-12T01:55:51.770+0000] {dag.py:3954} INFO - Setting next_dagrun for dataset_produces_1 to 2024-05-11 00:00:00+00:00, run_after=2024-05-12 00:00:00+00:00
[2024-05-12T01:55:51.770+0000] {logging_mixin.py:188} INFO - [2024-05-12T01:55:51.770+0000] {dag.py:3954} INFO - Setting next_dagrun for dataset_produces_2 to None, run_after=None
[2024-05-12T01:55:51.786+0000] {processor.py:183} INFO - Processing /home/airflow/.local/lib/python3.12/site-packages/airflow/example_dags/example_datasets.py took 0.078 seconds
[2024-05-12T01:56:22.275+0000] {processor.py:161} INFO - Started process (PID=456) to work on /home/airflow/.local/lib/python3.12/site-packages/airflow/example_dags/example_datasets.py
[2024-05-12T01:56:22.279+0000] {processor.py:830} INFO - Processing file /home/airflow/.local/lib/python3.12/site-packages/airflow/example_dags/example_datasets.py for tasks to queue
[2024-05-12T01:56:22.281+0000] {logging_mixin.py:188} INFO - [2024-05-12T01:56:22.281+0000] {dagbag.py:545} INFO - Filling up the DagBag from /home/airflow/.local/lib/python3.12/site-packages/airflow/example_dags/example_datasets.py
[2024-05-12T01:56:22.292+0000] {processor.py:840} INFO - DAG(s) 'consume_1_or_both_2_and_3_with_dataset_expressions', 'consume_1_or_2_with_dataset_expressions', 'dataset_produces_2', 'dataset_consumes_1_and_2', 'conditional_dataset_and_time_based_timetable', 'dataset_consumes_unknown_never_scheduled', 'consume_1_and_2_with_dataset_expressions', 'dataset_consumes_1_never_scheduled', 'dataset_produces_1', 'dataset_consumes_1' retrieved from /home/airflow/.local/lib/python3.12/site-packages/airflow/example_dags/example_datasets.py
[2024-05-12T01:56:22.319+0000] {logging_mixin.py:188} INFO - [2024-05-12T01:56:22.319+0000] {dag.py:3096} INFO - Sync 10 DAGs
[2024-05-12T01:56:22.332+0000] {logging_mixin.py:188} INFO - [2024-05-12T01:56:22.332+0000] {dag.py:3954} INFO - Setting next_dagrun for conditional_dataset_and_time_based_timetable to 2024-05-08 01:00:00+00:00, run_after=2024-05-08 01:00:00+00:00
[2024-05-12T01:56:22.334+0000] {logging_mixin.py:188} INFO - [2024-05-12T01:56:22.334+0000] {dag.py:3954} INFO - Setting next_dagrun for consume_1_and_2_with_dataset_expressions to None, run_after=None
[2024-05-12T01:56:22.335+0000] {logging_mixin.py:188} INFO - [2024-05-12T01:56:22.335+0000] {dag.py:3954} INFO - Setting next_dagrun for consume_1_or_2_with_dataset_expressions to None, run_after=None
[2024-05-12T01:56:22.335+0000] {logging_mixin.py:188} INFO - [2024-05-12T01:56:22.335+0000] {dag.py:3954} INFO - Setting next_dagrun for consume_1_or_both_2_and_3_with_dataset_expressions to None, run_after=None
[2024-05-12T01:56:22.336+0000] {logging_mixin.py:188} INFO - [2024-05-12T01:56:22.336+0000] {dag.py:3954} INFO - Setting next_dagrun for dataset_consumes_1 to None, run_after=None
[2024-05-12T01:56:22.336+0000] {logging_mixin.py:188} INFO - [2024-05-12T01:56:22.336+0000] {dag.py:3954} INFO - Setting next_dagrun for dataset_consumes_1_and_2 to None, run_after=None
[2024-05-12T01:56:22.337+0000] {logging_mixin.py:188} INFO - [2024-05-12T01:56:22.336+0000] {dag.py:3954} INFO - Setting next_dagrun for dataset_consumes_1_never_scheduled to None, run_after=None
[2024-05-12T01:56:22.337+0000] {logging_mixin.py:188} INFO - [2024-05-12T01:56:22.337+0000] {dag.py:3954} INFO - Setting next_dagrun for dataset_consumes_unknown_never_scheduled to None, run_after=None
[2024-05-12T01:56:22.338+0000] {logging_mixin.py:188} INFO - [2024-05-12T01:56:22.338+0000] {dag.py:3954} INFO - Setting next_dagrun for dataset_produces_1 to 2024-05-11 00:00:00+00:00, run_after=2024-05-12 00:00:00+00:00
[2024-05-12T01:56:22.338+0000] {logging_mixin.py:188} INFO - [2024-05-12T01:56:22.338+0000] {dag.py:3954} INFO - Setting next_dagrun for dataset_produces_2 to None, run_after=None
[2024-05-12T01:56:22.353+0000] {processor.py:183} INFO - Processing /home/airflow/.local/lib/python3.12/site-packages/airflow/example_dags/example_datasets.py took 0.085 seconds
[2024-05-12T01:56:52.857+0000] {processor.py:161} INFO - Started process (PID=514) to work on /home/airflow/.local/lib/python3.12/site-packages/airflow/example_dags/example_datasets.py
[2024-05-12T01:56:52.858+0000] {processor.py:830} INFO - Processing file /home/airflow/.local/lib/python3.12/site-packages/airflow/example_dags/example_datasets.py for tasks to queue
[2024-05-12T01:56:52.860+0000] {logging_mixin.py:188} INFO - [2024-05-12T01:56:52.859+0000] {dagbag.py:545} INFO - Filling up the DagBag from /home/airflow/.local/lib/python3.12/site-packages/airflow/example_dags/example_datasets.py
[2024-05-12T01:56:52.870+0000] {processor.py:840} INFO - DAG(s) 'dataset_produces_1', 'dataset_consumes_1_never_scheduled', 'consume_1_and_2_with_dataset_expressions', 'consume_1_or_2_with_dataset_expressions', 'dataset_consumes_unknown_never_scheduled', 'conditional_dataset_and_time_based_timetable', 'consume_1_or_both_2_and_3_with_dataset_expressions', 'dataset_consumes_1_and_2', 'dataset_consumes_1', 'dataset_produces_2' retrieved from /home/airflow/.local/lib/python3.12/site-packages/airflow/example_dags/example_datasets.py
[2024-05-12T01:56:52.895+0000] {logging_mixin.py:188} INFO - [2024-05-12T01:56:52.895+0000] {dag.py:3096} INFO - Sync 10 DAGs
[2024-05-12T01:56:52.907+0000] {logging_mixin.py:188} INFO - [2024-05-12T01:56:52.907+0000] {dag.py:3954} INFO - Setting next_dagrun for conditional_dataset_and_time_based_timetable to 2024-05-08 01:00:00+00:00, run_after=2024-05-08 01:00:00+00:00
[2024-05-12T01:56:52.911+0000] {logging_mixin.py:188} INFO - [2024-05-12T01:56:52.911+0000] {dag.py:3954} INFO - Setting next_dagrun for consume_1_and_2_with_dataset_expressions to None, run_after=None
[2024-05-12T01:56:52.912+0000] {logging_mixin.py:188} INFO - [2024-05-12T01:56:52.911+0000] {dag.py:3954} INFO - Setting next_dagrun for consume_1_or_2_with_dataset_expressions to None, run_after=None
[2024-05-12T01:56:52.912+0000] {logging_mixin.py:188} INFO - [2024-05-12T01:56:52.912+0000] {dag.py:3954} INFO - Setting next_dagrun for consume_1_or_both_2_and_3_with_dataset_expressions to None, run_after=None
[2024-05-12T01:56:52.913+0000] {logging_mixin.py:188} INFO - [2024-05-12T01:56:52.913+0000] {dag.py:3954} INFO - Setting next_dagrun for dataset_consumes_1 to None, run_after=None
[2024-05-12T01:56:52.913+0000] {logging_mixin.py:188} INFO - [2024-05-12T01:56:52.913+0000] {dag.py:3954} INFO - Setting next_dagrun for dataset_consumes_1_and_2 to None, run_after=None
[2024-05-12T01:56:52.914+0000] {logging_mixin.py:188} INFO - [2024-05-12T01:56:52.914+0000] {dag.py:3954} INFO - Setting next_dagrun for dataset_consumes_1_never_scheduled to None, run_after=None
[2024-05-12T01:56:52.914+0000] {logging_mixin.py:188} INFO - [2024-05-12T01:56:52.914+0000] {dag.py:3954} INFO - Setting next_dagrun for dataset_consumes_unknown_never_scheduled to None, run_after=None
[2024-05-12T01:56:52.915+0000] {logging_mixin.py:188} INFO - [2024-05-12T01:56:52.915+0000] {dag.py:3954} INFO - Setting next_dagrun for dataset_produces_1 to 2024-05-11 00:00:00+00:00, run_after=2024-05-12 00:00:00+00:00
[2024-05-12T01:56:52.916+0000] {logging_mixin.py:188} INFO - [2024-05-12T01:56:52.916+0000] {dag.py:3954} INFO - Setting next_dagrun for dataset_produces_2 to None, run_after=None
[2024-05-12T01:56:52.931+0000] {processor.py:183} INFO - Processing /home/airflow/.local/lib/python3.12/site-packages/airflow/example_dags/example_datasets.py took 0.081 seconds
[2024-05-12T01:57:23.366+0000] {processor.py:161} INFO - Started process (PID=572) to work on /home/airflow/.local/lib/python3.12/site-packages/airflow/example_dags/example_datasets.py
[2024-05-12T01:57:23.368+0000] {processor.py:830} INFO - Processing file /home/airflow/.local/lib/python3.12/site-packages/airflow/example_dags/example_datasets.py for tasks to queue
[2024-05-12T01:57:23.370+0000] {logging_mixin.py:188} INFO - [2024-05-12T01:57:23.369+0000] {dagbag.py:545} INFO - Filling up the DagBag from /home/airflow/.local/lib/python3.12/site-packages/airflow/example_dags/example_datasets.py
[2024-05-12T01:57:23.378+0000] {processor.py:840} INFO - DAG(s) 'consume_1_or_2_with_dataset_expressions', 'consume_1_or_both_2_and_3_with_dataset_expressions', 'conditional_dataset_and_time_based_timetable', 'dataset_consumes_1_never_scheduled', 'dataset_consumes_unknown_never_scheduled', 'dataset_consumes_1', 'dataset_produces_2', 'dataset_consumes_1_and_2', 'dataset_produces_1', 'consume_1_and_2_with_dataset_expressions' retrieved from /home/airflow/.local/lib/python3.12/site-packages/airflow/example_dags/example_datasets.py
[2024-05-12T01:57:23.397+0000] {logging_mixin.py:188} INFO - [2024-05-12T01:57:23.397+0000] {dag.py:3096} INFO - Sync 10 DAGs
[2024-05-12T01:57:23.410+0000] {logging_mixin.py:188} INFO - [2024-05-12T01:57:23.410+0000] {dag.py:3954} INFO - Setting next_dagrun for conditional_dataset_and_time_based_timetable to 2024-05-08 01:00:00+00:00, run_after=2024-05-08 01:00:00+00:00
[2024-05-12T01:57:23.414+0000] {logging_mixin.py:188} INFO - [2024-05-12T01:57:23.414+0000] {dag.py:3954} INFO - Setting next_dagrun for consume_1_and_2_with_dataset_expressions to None, run_after=None
[2024-05-12T01:57:23.418+0000] {logging_mixin.py:188} INFO - [2024-05-12T01:57:23.418+0000] {dag.py:3954} INFO - Setting next_dagrun for consume_1_or_2_with_dataset_expressions to None, run_after=None
[2024-05-12T01:57:23.419+0000] {logging_mixin.py:188} INFO - [2024-05-12T01:57:23.419+0000] {dag.py:3954} INFO - Setting next_dagrun for consume_1_or_both_2_and_3_with_dataset_expressions to None, run_after=None
[2024-05-12T01:57:23.419+0000] {logging_mixin.py:188} INFO - [2024-05-12T01:57:23.419+0000] {dag.py:3954} INFO - Setting next_dagrun for dataset_consumes_1 to None, run_after=None
[2024-05-12T01:57:23.420+0000] {logging_mixin.py:188} INFO - [2024-05-12T01:57:23.420+0000] {dag.py:3954} INFO - Setting next_dagrun for dataset_consumes_1_and_2 to None, run_after=None
[2024-05-12T01:57:23.421+0000] {logging_mixin.py:188} INFO - [2024-05-12T01:57:23.421+0000] {dag.py:3954} INFO - Setting next_dagrun for dataset_consumes_1_never_scheduled to None, run_after=None
[2024-05-12T01:57:23.421+0000] {logging_mixin.py:188} INFO - [2024-05-12T01:57:23.421+0000] {dag.py:3954} INFO - Setting next_dagrun for dataset_consumes_unknown_never_scheduled to None, run_after=None
[2024-05-12T01:57:23.422+0000] {logging_mixin.py:188} INFO - [2024-05-12T01:57:23.422+0000] {dag.py:3954} INFO - Setting next_dagrun for dataset_produces_1 to 2024-05-11 00:00:00+00:00, run_after=2024-05-12 00:00:00+00:00
[2024-05-12T01:57:23.423+0000] {logging_mixin.py:188} INFO - [2024-05-12T01:57:23.423+0000] {dag.py:3954} INFO - Setting next_dagrun for dataset_produces_2 to None, run_after=None
[2024-05-12T01:57:23.438+0000] {processor.py:183} INFO - Processing /home/airflow/.local/lib/python3.12/site-packages/airflow/example_dags/example_datasets.py took 0.077 seconds
[2024-05-12T01:57:53.850+0000] {processor.py:161} INFO - Started process (PID=631) to work on /home/airflow/.local/lib/python3.12/site-packages/airflow/example_dags/example_datasets.py
[2024-05-12T01:57:53.851+0000] {processor.py:830} INFO - Processing file /home/airflow/.local/lib/python3.12/site-packages/airflow/example_dags/example_datasets.py for tasks to queue
[2024-05-12T01:57:53.853+0000] {logging_mixin.py:188} INFO - [2024-05-12T01:57:53.852+0000] {dagbag.py:545} INFO - Filling up the DagBag from /home/airflow/.local/lib/python3.12/site-packages/airflow/example_dags/example_datasets.py
[2024-05-12T01:57:53.860+0000] {processor.py:840} INFO - DAG(s) 'dataset_consumes_1_never_scheduled', 'consume_1_or_2_with_dataset_expressions', 'dataset_consumes_1_and_2', 'dataset_produces_2', 'conditional_dataset_and_time_based_timetable', 'dataset_consumes_unknown_never_scheduled', 'consume_1_or_both_2_and_3_with_dataset_expressions', 'consume_1_and_2_with_dataset_expressions', 'dataset_consumes_1', 'dataset_produces_1' retrieved from /home/airflow/.local/lib/python3.12/site-packages/airflow/example_dags/example_datasets.py
[2024-05-12T01:57:53.880+0000] {logging_mixin.py:188} INFO - [2024-05-12T01:57:53.880+0000] {dag.py:3096} INFO - Sync 10 DAGs
[2024-05-12T01:57:53.890+0000] {logging_mixin.py:188} INFO - [2024-05-12T01:57:53.890+0000] {dag.py:3954} INFO - Setting next_dagrun for conditional_dataset_and_time_based_timetable to 2024-05-08 01:00:00+00:00, run_after=2024-05-08 01:00:00+00:00
[2024-05-12T01:57:53.892+0000] {logging_mixin.py:188} INFO - [2024-05-12T01:57:53.892+0000] {dag.py:3954} INFO - Setting next_dagrun for consume_1_and_2_with_dataset_expressions to None, run_after=None
[2024-05-12T01:57:53.892+0000] {logging_mixin.py:188} INFO - [2024-05-12T01:57:53.892+0000] {dag.py:3954} INFO - Setting next_dagrun for consume_1_or_2_with_dataset_expressions to None, run_after=None
[2024-05-12T01:57:53.893+0000] {logging_mixin.py:188} INFO - [2024-05-12T01:57:53.893+0000] {dag.py:3954} INFO - Setting next_dagrun for consume_1_or_both_2_and_3_with_dataset_expressions to None, run_after=None
[2024-05-12T01:57:53.894+0000] {logging_mixin.py:188} INFO - [2024-05-12T01:57:53.894+0000] {dag.py:3954} INFO - Setting next_dagrun for dataset_consumes_1 to None, run_after=None
[2024-05-12T01:57:53.894+0000] {logging_mixin.py:188} INFO - [2024-05-12T01:57:53.894+0000] {dag.py:3954} INFO - Setting next_dagrun for dataset_consumes_1_and_2 to None, run_after=None
[2024-05-12T01:57:53.895+0000] {logging_mixin.py:188} INFO - [2024-05-12T01:57:53.895+0000] {dag.py:3954} INFO - Setting next_dagrun for dataset_consumes_1_never_scheduled to None, run_after=None
[2024-05-12T01:57:53.895+0000] {logging_mixin.py:188} INFO - [2024-05-12T01:57:53.895+0000] {dag.py:3954} INFO - Setting next_dagrun for dataset_consumes_unknown_never_scheduled to None, run_after=None
[2024-05-12T01:57:53.896+0000] {logging_mixin.py:188} INFO - [2024-05-12T01:57:53.896+0000] {dag.py:3954} INFO - Setting next_dagrun for dataset_produces_1 to 2024-05-11 00:00:00+00:00, run_after=2024-05-12 00:00:00+00:00
[2024-05-12T01:57:53.897+0000] {logging_mixin.py:188} INFO - [2024-05-12T01:57:53.897+0000] {dag.py:3954} INFO - Setting next_dagrun for dataset_produces_2 to None, run_after=None
[2024-05-12T01:57:53.913+0000] {processor.py:183} INFO - Processing /home/airflow/.local/lib/python3.12/site-packages/airflow/example_dags/example_datasets.py took 0.070 seconds
[2024-05-12T01:58:24.397+0000] {processor.py:161} INFO - Started process (PID=690) to work on /home/airflow/.local/lib/python3.12/site-packages/airflow/example_dags/example_datasets.py
[2024-05-12T01:58:24.397+0000] {processor.py:830} INFO - Processing file /home/airflow/.local/lib/python3.12/site-packages/airflow/example_dags/example_datasets.py for tasks to queue
[2024-05-12T01:58:24.400+0000] {logging_mixin.py:188} INFO - [2024-05-12T01:58:24.399+0000] {dagbag.py:545} INFO - Filling up the DagBag from /home/airflow/.local/lib/python3.12/site-packages/airflow/example_dags/example_datasets.py
[2024-05-12T01:58:24.409+0000] {processor.py:840} INFO - DAG(s) 'conditional_dataset_and_time_based_timetable', 'consume_1_or_2_with_dataset_expressions', 'dataset_produces_1', 'consume_1_or_both_2_and_3_with_dataset_expressions', 'consume_1_and_2_with_dataset_expressions', 'dataset_produces_2', 'dataset_consumes_1_never_scheduled', 'dataset_consumes_1_and_2', 'dataset_consumes_unknown_never_scheduled', 'dataset_consumes_1' retrieved from /home/airflow/.local/lib/python3.12/site-packages/airflow/example_dags/example_datasets.py
[2024-05-12T01:58:24.432+0000] {logging_mixin.py:188} INFO - [2024-05-12T01:58:24.432+0000] {dag.py:3096} INFO - Sync 10 DAGs
[2024-05-12T01:58:24.443+0000] {logging_mixin.py:188} INFO - [2024-05-12T01:58:24.443+0000] {dag.py:3954} INFO - Setting next_dagrun for conditional_dataset_and_time_based_timetable to 2024-05-08 01:00:00+00:00, run_after=2024-05-08 01:00:00+00:00
[2024-05-12T01:58:24.445+0000] {logging_mixin.py:188} INFO - [2024-05-12T01:58:24.445+0000] {dag.py:3954} INFO - Setting next_dagrun for consume_1_and_2_with_dataset_expressions to None, run_after=None
[2024-05-12T01:58:24.446+0000] {logging_mixin.py:188} INFO - [2024-05-12T01:58:24.446+0000] {dag.py:3954} INFO - Setting next_dagrun for consume_1_or_2_with_dataset_expressions to None, run_after=None
[2024-05-12T01:58:24.447+0000] {logging_mixin.py:188} INFO - [2024-05-12T01:58:24.446+0000] {dag.py:3954} INFO - Setting next_dagrun for consume_1_or_both_2_and_3_with_dataset_expressions to None, run_after=None
[2024-05-12T01:58:24.447+0000] {logging_mixin.py:188} INFO - [2024-05-12T01:58:24.447+0000] {dag.py:3954} INFO - Setting next_dagrun for dataset_consumes_1 to None, run_after=None
[2024-05-12T01:58:24.448+0000] {logging_mixin.py:188} INFO - [2024-05-12T01:58:24.448+0000] {dag.py:3954} INFO - Setting next_dagrun for dataset_consumes_1_and_2 to None, run_after=None
[2024-05-12T01:58:24.448+0000] {logging_mixin.py:188} INFO - [2024-05-12T01:58:24.448+0000] {dag.py:3954} INFO - Setting next_dagrun for dataset_consumes_1_never_scheduled to None, run_after=None
[2024-05-12T01:58:24.449+0000] {logging_mixin.py:188} INFO - [2024-05-12T01:58:24.449+0000] {dag.py:3954} INFO - Setting next_dagrun for dataset_consumes_unknown_never_scheduled to None, run_after=None
[2024-05-12T01:58:24.450+0000] {logging_mixin.py:188} INFO - [2024-05-12T01:58:24.450+0000] {dag.py:3954} INFO - Setting next_dagrun for dataset_produces_1 to 2024-05-11 00:00:00+00:00, run_after=2024-05-12 00:00:00+00:00
[2024-05-12T01:58:24.450+0000] {logging_mixin.py:188} INFO - [2024-05-12T01:58:24.450+0000] {dag.py:3954} INFO - Setting next_dagrun for dataset_produces_2 to None, run_after=None
[2024-05-12T01:58:24.465+0000] {processor.py:183} INFO - Processing /home/airflow/.local/lib/python3.12/site-packages/airflow/example_dags/example_datasets.py took 0.072 seconds
[2024-05-12T01:58:55.070+0000] {processor.py:161} INFO - Started process (PID=749) to work on /home/airflow/.local/lib/python3.12/site-packages/airflow/example_dags/example_datasets.py
[2024-05-12T01:58:55.071+0000] {processor.py:830} INFO - Processing file /home/airflow/.local/lib/python3.12/site-packages/airflow/example_dags/example_datasets.py for tasks to queue
[2024-05-12T01:58:55.073+0000] {logging_mixin.py:188} INFO - [2024-05-12T01:58:55.073+0000] {dagbag.py:545} INFO - Filling up the DagBag from /home/airflow/.local/lib/python3.12/site-packages/airflow/example_dags/example_datasets.py
[2024-05-12T01:58:55.083+0000] {processor.py:840} INFO - DAG(s) 'dataset_consumes_1_never_scheduled', 'conditional_dataset_and_time_based_timetable', 'dataset_consumes_1', 'consume_1_or_2_with_dataset_expressions', 'consume_1_or_both_2_and_3_with_dataset_expressions', 'dataset_produces_2', 'dataset_produces_1', 'dataset_consumes_unknown_never_scheduled', 'dataset_consumes_1_and_2', 'consume_1_and_2_with_dataset_expressions' retrieved from /home/airflow/.local/lib/python3.12/site-packages/airflow/example_dags/example_datasets.py
[2024-05-12T01:58:55.109+0000] {logging_mixin.py:188} INFO - [2024-05-12T01:58:55.109+0000] {dag.py:3096} INFO - Sync 10 DAGs
[2024-05-12T01:58:55.124+0000] {logging_mixin.py:188} INFO - [2024-05-12T01:58:55.123+0000] {dag.py:3954} INFO - Setting next_dagrun for conditional_dataset_and_time_based_timetable to 2024-05-08 01:00:00+00:00, run_after=2024-05-08 01:00:00+00:00
[2024-05-12T01:58:55.126+0000] {logging_mixin.py:188} INFO - [2024-05-12T01:58:55.126+0000] {dag.py:3954} INFO - Setting next_dagrun for consume_1_and_2_with_dataset_expressions to None, run_after=None
[2024-05-12T01:58:55.127+0000] {logging_mixin.py:188} INFO - [2024-05-12T01:58:55.127+0000] {dag.py:3954} INFO - Setting next_dagrun for consume_1_or_2_with_dataset_expressions to None, run_after=None
[2024-05-12T01:58:55.128+0000] {logging_mixin.py:188} INFO - [2024-05-12T01:58:55.128+0000] {dag.py:3954} INFO - Setting next_dagrun for consume_1_or_both_2_and_3_with_dataset_expressions to None, run_after=None
[2024-05-12T01:58:55.128+0000] {logging_mixin.py:188} INFO - [2024-05-12T01:58:55.128+0000] {dag.py:3954} INFO - Setting next_dagrun for dataset_consumes_1 to None, run_after=None
[2024-05-12T01:58:55.129+0000] {logging_mixin.py:188} INFO - [2024-05-12T01:58:55.129+0000] {dag.py:3954} INFO - Setting next_dagrun for dataset_consumes_1_and_2 to None, run_after=None
[2024-05-12T01:58:55.129+0000] {logging_mixin.py:188} INFO - [2024-05-12T01:58:55.129+0000] {dag.py:3954} INFO - Setting next_dagrun for dataset_consumes_1_never_scheduled to None, run_after=None
[2024-05-12T01:58:55.130+0000] {logging_mixin.py:188} INFO - [2024-05-12T01:58:55.130+0000] {dag.py:3954} INFO - Setting next_dagrun for dataset_consumes_unknown_never_scheduled to None, run_after=None
[2024-05-12T01:58:55.131+0000] {logging_mixin.py:188} INFO - [2024-05-12T01:58:55.131+0000] {dag.py:3954} INFO - Setting next_dagrun for dataset_produces_1 to 2024-05-11 00:00:00+00:00, run_after=2024-05-12 00:00:00+00:00
[2024-05-12T01:58:55.131+0000] {logging_mixin.py:188} INFO - [2024-05-12T01:58:55.131+0000] {dag.py:3954} INFO - Setting next_dagrun for dataset_produces_2 to None, run_after=None
[2024-05-12T01:58:55.147+0000] {processor.py:183} INFO - Processing /home/airflow/.local/lib/python3.12/site-packages/airflow/example_dags/example_datasets.py took 0.082 seconds
[2024-05-12T01:59:25.777+0000] {processor.py:161} INFO - Started process (PID=808) to work on /home/airflow/.local/lib/python3.12/site-packages/airflow/example_dags/example_datasets.py
[2024-05-12T01:59:25.778+0000] {processor.py:830} INFO - Processing file /home/airflow/.local/lib/python3.12/site-packages/airflow/example_dags/example_datasets.py for tasks to queue
[2024-05-12T01:59:25.779+0000] {logging_mixin.py:188} INFO - [2024-05-12T01:59:25.779+0000] {dagbag.py:545} INFO - Filling up the DagBag from /home/airflow/.local/lib/python3.12/site-packages/airflow/example_dags/example_datasets.py
[2024-05-12T01:59:25.787+0000] {processor.py:840} INFO - DAG(s) 'conditional_dataset_and_time_based_timetable', 'consume_1_or_both_2_and_3_with_dataset_expressions', 'consume_1_and_2_with_dataset_expressions', 'consume_1_or_2_with_dataset_expressions', 'dataset_consumes_1', 'dataset_consumes_1_never_scheduled', 'dataset_consumes_unknown_never_scheduled', 'dataset_produces_1', 'dataset_consumes_1_and_2', 'dataset_produces_2' retrieved from /home/airflow/.local/lib/python3.12/site-packages/airflow/example_dags/example_datasets.py
[2024-05-12T01:59:25.808+0000] {logging_mixin.py:188} INFO - [2024-05-12T01:59:25.808+0000] {dag.py:3096} INFO - Sync 10 DAGs
[2024-05-12T01:59:25.818+0000] {logging_mixin.py:188} INFO - [2024-05-12T01:59:25.818+0000] {dag.py:3954} INFO - Setting next_dagrun for conditional_dataset_and_time_based_timetable to 2024-05-08 01:00:00+00:00, run_after=2024-05-08 01:00:00+00:00
[2024-05-12T01:59:25.820+0000] {logging_mixin.py:188} INFO - [2024-05-12T01:59:25.819+0000] {dag.py:3954} INFO - Setting next_dagrun for consume_1_and_2_with_dataset_expressions to None, run_after=None
[2024-05-12T01:59:25.820+0000] {logging_mixin.py:188} INFO - [2024-05-12T01:59:25.820+0000] {dag.py:3954} INFO - Setting next_dagrun for consume_1_or_2_with_dataset_expressions to None, run_after=None
[2024-05-12T01:59:25.821+0000] {logging_mixin.py:188} INFO - [2024-05-12T01:59:25.821+0000] {dag.py:3954} INFO - Setting next_dagrun for consume_1_or_both_2_and_3_with_dataset_expressions to None, run_after=None
[2024-05-12T01:59:25.825+0000] {logging_mixin.py:188} INFO - [2024-05-12T01:59:25.825+0000] {dag.py:3954} INFO - Setting next_dagrun for dataset_consumes_1 to None, run_after=None
[2024-05-12T01:59:25.826+0000] {logging_mixin.py:188} INFO - [2024-05-12T01:59:25.826+0000] {dag.py:3954} INFO - Setting next_dagrun for dataset_consumes_1_and_2 to None, run_after=None
[2024-05-12T01:59:25.830+0000] {logging_mixin.py:188} INFO - [2024-05-12T01:59:25.830+0000] {dag.py:3954} INFO - Setting next_dagrun for dataset_consumes_1_never_scheduled to None, run_after=None
[2024-05-12T01:59:25.831+0000] {logging_mixin.py:188} INFO - [2024-05-12T01:59:25.831+0000] {dag.py:3954} INFO - Setting next_dagrun for dataset_consumes_unknown_never_scheduled to None, run_after=None
[2024-05-12T01:59:25.832+0000] {logging_mixin.py:188} INFO - [2024-05-12T01:59:25.832+0000] {dag.py:3954} INFO - Setting next_dagrun for dataset_produces_1 to 2024-05-11 00:00:00+00:00, run_after=2024-05-12 00:00:00+00:00
[2024-05-12T01:59:25.832+0000] {logging_mixin.py:188} INFO - [2024-05-12T01:59:25.832+0000] {dag.py:3954} INFO - Setting next_dagrun for dataset_produces_2 to None, run_after=None
[2024-05-12T01:59:25.846+0000] {processor.py:183} INFO - Processing /home/airflow/.local/lib/python3.12/site-packages/airflow/example_dags/example_datasets.py took 0.072 seconds
[2024-05-12T01:59:56.660+0000] {processor.py:161} INFO - Started process (PID=867) to work on /home/airflow/.local/lib/python3.12/site-packages/airflow/example_dags/example_datasets.py
[2024-05-12T01:59:56.661+0000] {processor.py:830} INFO - Processing file /home/airflow/.local/lib/python3.12/site-packages/airflow/example_dags/example_datasets.py for tasks to queue
[2024-05-12T01:59:56.664+0000] {logging_mixin.py:188} INFO - [2024-05-12T01:59:56.663+0000] {dagbag.py:545} INFO - Filling up the DagBag from /home/airflow/.local/lib/python3.12/site-packages/airflow/example_dags/example_datasets.py
[2024-05-12T01:59:56.679+0000] {processor.py:840} INFO - DAG(s) 'conditional_dataset_and_time_based_timetable', 'consume_1_or_both_2_and_3_with_dataset_expressions', 'dataset_consumes_1_and_2', 'consume_1_and_2_with_dataset_expressions', 'dataset_consumes_unknown_never_scheduled', 'dataset_consumes_1', 'consume_1_or_2_with_dataset_expressions', 'dataset_consumes_1_never_scheduled', 'dataset_produces_1', 'dataset_produces_2' retrieved from /home/airflow/.local/lib/python3.12/site-packages/airflow/example_dags/example_datasets.py
[2024-05-12T01:59:56.702+0000] {logging_mixin.py:188} INFO - [2024-05-12T01:59:56.702+0000] {dag.py:3096} INFO - Sync 10 DAGs
[2024-05-12T01:59:56.713+0000] {logging_mixin.py:188} INFO - [2024-05-12T01:59:56.713+0000] {dag.py:3954} INFO - Setting next_dagrun for conditional_dataset_and_time_based_timetable to 2024-05-08 01:00:00+00:00, run_after=2024-05-08 01:00:00+00:00
[2024-05-12T01:59:56.715+0000] {logging_mixin.py:188} INFO - [2024-05-12T01:59:56.715+0000] {dag.py:3954} INFO - Setting next_dagrun for consume_1_and_2_with_dataset_expressions to None, run_after=None
[2024-05-12T01:59:56.716+0000] {logging_mixin.py:188} INFO - [2024-05-12T01:59:56.716+0000] {dag.py:3954} INFO - Setting next_dagrun for consume_1_or_2_with_dataset_expressions to None, run_after=None
[2024-05-12T01:59:56.716+0000] {logging_mixin.py:188} INFO - [2024-05-12T01:59:56.716+0000] {dag.py:3954} INFO - Setting next_dagrun for consume_1_or_both_2_and_3_with_dataset_expressions to None, run_after=None
[2024-05-12T01:59:56.717+0000] {logging_mixin.py:188} INFO - [2024-05-12T01:59:56.717+0000] {dag.py:3954} INFO - Setting next_dagrun for dataset_consumes_1 to None, run_after=None
[2024-05-12T01:59:56.717+0000] {logging_mixin.py:188} INFO - [2024-05-12T01:59:56.717+0000] {dag.py:3954} INFO - Setting next_dagrun for dataset_consumes_1_and_2 to None, run_after=None
[2024-05-12T01:59:56.718+0000] {logging_mixin.py:188} INFO - [2024-05-12T01:59:56.718+0000] {dag.py:3954} INFO - Setting next_dagrun for dataset_consumes_1_never_scheduled to None, run_after=None
[2024-05-12T01:59:56.718+0000] {logging_mixin.py:188} INFO - [2024-05-12T01:59:56.718+0000] {dag.py:3954} INFO - Setting next_dagrun for dataset_consumes_unknown_never_scheduled to None, run_after=None
[2024-05-12T01:59:56.719+0000] {logging_mixin.py:188} INFO - [2024-05-12T01:59:56.719+0000] {dag.py:3954} INFO - Setting next_dagrun for dataset_produces_1 to 2024-05-11 00:00:00+00:00, run_after=2024-05-12 00:00:00+00:00
[2024-05-12T01:59:56.720+0000] {logging_mixin.py:188} INFO - [2024-05-12T01:59:56.720+0000] {dag.py:3954} INFO - Setting next_dagrun for dataset_produces_2 to None, run_after=None
[2024-05-12T01:59:56.734+0000] {processor.py:183} INFO - Processing /home/airflow/.local/lib/python3.12/site-packages/airflow/example_dags/example_datasets.py took 0.082 seconds
[2024-05-12T02:00:27.548+0000] {processor.py:161} INFO - Started process (PID=926) to work on /home/airflow/.local/lib/python3.12/site-packages/airflow/example_dags/example_datasets.py
[2024-05-12T02:00:27.550+0000] {processor.py:830} INFO - Processing file /home/airflow/.local/lib/python3.12/site-packages/airflow/example_dags/example_datasets.py for tasks to queue
[2024-05-12T02:00:27.553+0000] {logging_mixin.py:188} INFO - [2024-05-12T02:00:27.552+0000] {dagbag.py:545} INFO - Filling up the DagBag from /home/airflow/.local/lib/python3.12/site-packages/airflow/example_dags/example_datasets.py
[2024-05-12T02:00:27.568+0000] {processor.py:840} INFO - DAG(s) 'dataset_produces_2', 'consume_1_or_both_2_and_3_with_dataset_expressions', 'dataset_produces_1', 'dataset_consumes_unknown_never_scheduled', 'dataset_consumes_1_never_scheduled', 'consume_1_or_2_with_dataset_expressions', 'dataset_consumes_1_and_2', 'dataset_consumes_1', 'consume_1_and_2_with_dataset_expressions', 'conditional_dataset_and_time_based_timetable' retrieved from /home/airflow/.local/lib/python3.12/site-packages/airflow/example_dags/example_datasets.py
[2024-05-12T02:00:27.595+0000] {logging_mixin.py:188} INFO - [2024-05-12T02:00:27.595+0000] {dag.py:3096} INFO - Sync 10 DAGs
[2024-05-12T02:00:27.607+0000] {logging_mixin.py:188} INFO - [2024-05-12T02:00:27.607+0000] {dag.py:3954} INFO - Setting next_dagrun for conditional_dataset_and_time_based_timetable to 2024-05-08 01:00:00+00:00, run_after=2024-05-08 01:00:00+00:00
[2024-05-12T02:00:27.609+0000] {logging_mixin.py:188} INFO - [2024-05-12T02:00:27.609+0000] {dag.py:3954} INFO - Setting next_dagrun for consume_1_and_2_with_dataset_expressions to None, run_after=None
[2024-05-12T02:00:27.610+0000] {logging_mixin.py:188} INFO - [2024-05-12T02:00:27.609+0000] {dag.py:3954} INFO - Setting next_dagrun for consume_1_or_2_with_dataset_expressions to None, run_after=None
[2024-05-12T02:00:27.610+0000] {logging_mixin.py:188} INFO - [2024-05-12T02:00:27.610+0000] {dag.py:3954} INFO - Setting next_dagrun for consume_1_or_both_2_and_3_with_dataset_expressions to None, run_after=None
[2024-05-12T02:00:27.611+0000] {logging_mixin.py:188} INFO - [2024-05-12T02:00:27.610+0000] {dag.py:3954} INFO - Setting next_dagrun for dataset_consumes_1 to None, run_after=None
[2024-05-12T02:00:27.611+0000] {logging_mixin.py:188} INFO - [2024-05-12T02:00:27.611+0000] {dag.py:3954} INFO - Setting next_dagrun for dataset_consumes_1_and_2 to None, run_after=None
[2024-05-12T02:00:27.611+0000] {logging_mixin.py:188} INFO - [2024-05-12T02:00:27.611+0000] {dag.py:3954} INFO - Setting next_dagrun for dataset_consumes_1_never_scheduled to None, run_after=None
[2024-05-12T02:00:27.612+0000] {logging_mixin.py:188} INFO - [2024-05-12T02:00:27.612+0000] {dag.py:3954} INFO - Setting next_dagrun for dataset_consumes_unknown_never_scheduled to None, run_after=None
[2024-05-12T02:00:27.613+0000] {logging_mixin.py:188} INFO - [2024-05-12T02:00:27.613+0000] {dag.py:3954} INFO - Setting next_dagrun for dataset_produces_1 to 2024-05-11 00:00:00+00:00, run_after=2024-05-12 00:00:00+00:00
[2024-05-12T02:00:27.613+0000] {logging_mixin.py:188} INFO - [2024-05-12T02:00:27.613+0000] {dag.py:3954} INFO - Setting next_dagrun for dataset_produces_2 to None, run_after=None
[2024-05-12T02:00:27.626+0000] {processor.py:183} INFO - Processing /home/airflow/.local/lib/python3.12/site-packages/airflow/example_dags/example_datasets.py took 0.085 seconds
[2024-05-12T02:00:58.198+0000] {processor.py:161} INFO - Started process (PID=985) to work on /home/airflow/.local/lib/python3.12/site-packages/airflow/example_dags/example_datasets.py
[2024-05-12T02:00:58.200+0000] {processor.py:830} INFO - Processing file /home/airflow/.local/lib/python3.12/site-packages/airflow/example_dags/example_datasets.py for tasks to queue
[2024-05-12T02:00:58.202+0000] {logging_mixin.py:188} INFO - [2024-05-12T02:00:58.202+0000] {dagbag.py:545} INFO - Filling up the DagBag from /home/airflow/.local/lib/python3.12/site-packages/airflow/example_dags/example_datasets.py
[2024-05-12T02:00:58.216+0000] {processor.py:840} INFO - DAG(s) 'dataset_produces_1', 'dataset_consumes_1_and_2', 'conditional_dataset_and_time_based_timetable', 'dataset_produces_2', 'dataset_consumes_1_never_scheduled', 'dataset_consumes_1', 'consume_1_and_2_with_dataset_expressions', 'consume_1_or_both_2_and_3_with_dataset_expressions', 'dataset_consumes_unknown_never_scheduled', 'consume_1_or_2_with_dataset_expressions' retrieved from /home/airflow/.local/lib/python3.12/site-packages/airflow/example_dags/example_datasets.py
[2024-05-12T02:00:58.240+0000] {logging_mixin.py:188} INFO - [2024-05-12T02:00:58.240+0000] {dag.py:3096} INFO - Sync 10 DAGs
[2024-05-12T02:00:58.251+0000] {logging_mixin.py:188} INFO - [2024-05-12T02:00:58.251+0000] {dag.py:3954} INFO - Setting next_dagrun for conditional_dataset_and_time_based_timetable to 2024-05-08 01:00:00+00:00, run_after=2024-05-08 01:00:00+00:00
[2024-05-12T02:00:58.253+0000] {logging_mixin.py:188} INFO - [2024-05-12T02:00:58.252+0000] {dag.py:3954} INFO - Setting next_dagrun for consume_1_and_2_with_dataset_expressions to None, run_after=None
[2024-05-12T02:00:58.253+0000] {logging_mixin.py:188} INFO - [2024-05-12T02:00:58.253+0000] {dag.py:3954} INFO - Setting next_dagrun for consume_1_or_2_with_dataset_expressions to None, run_after=None
[2024-05-12T02:00:58.254+0000] {logging_mixin.py:188} INFO - [2024-05-12T02:00:58.253+0000] {dag.py:3954} INFO - Setting next_dagrun for consume_1_or_both_2_and_3_with_dataset_expressions to None, run_after=None
[2024-05-12T02:00:58.254+0000] {logging_mixin.py:188} INFO - [2024-05-12T02:00:58.254+0000] {dag.py:3954} INFO - Setting next_dagrun for dataset_consumes_1 to None, run_after=None
[2024-05-12T02:00:58.255+0000] {logging_mixin.py:188} INFO - [2024-05-12T02:00:58.255+0000] {dag.py:3954} INFO - Setting next_dagrun for dataset_consumes_1_and_2 to None, run_after=None
[2024-05-12T02:00:58.255+0000] {logging_mixin.py:188} INFO - [2024-05-12T02:00:58.255+0000] {dag.py:3954} INFO - Setting next_dagrun for dataset_consumes_1_never_scheduled to None, run_after=None
[2024-05-12T02:00:58.255+0000] {logging_mixin.py:188} INFO - [2024-05-12T02:00:58.255+0000] {dag.py:3954} INFO - Setting next_dagrun for dataset_consumes_unknown_never_scheduled to None, run_after=None
[2024-05-12T02:00:58.256+0000] {logging_mixin.py:188} INFO - [2024-05-12T02:00:58.256+0000] {dag.py:3954} INFO - Setting next_dagrun for dataset_produces_1 to 2024-05-11 00:00:00+00:00, run_after=2024-05-12 00:00:00+00:00
[2024-05-12T02:00:58.257+0000] {logging_mixin.py:188} INFO - [2024-05-12T02:00:58.257+0000] {dag.py:3954} INFO - Setting next_dagrun for dataset_produces_2 to None, run_after=None
[2024-05-12T02:00:58.269+0000] {processor.py:183} INFO - Processing /home/airflow/.local/lib/python3.12/site-packages/airflow/example_dags/example_datasets.py took 0.079 seconds
[2024-05-12T02:01:28.846+0000] {processor.py:161} INFO - Started process (PID=1044) to work on /home/airflow/.local/lib/python3.12/site-packages/airflow/example_dags/example_datasets.py
[2024-05-12T02:01:28.848+0000] {processor.py:830} INFO - Processing file /home/airflow/.local/lib/python3.12/site-packages/airflow/example_dags/example_datasets.py for tasks to queue
[2024-05-12T02:01:28.851+0000] {logging_mixin.py:188} INFO - [2024-05-12T02:01:28.850+0000] {dagbag.py:545} INFO - Filling up the DagBag from /home/airflow/.local/lib/python3.12/site-packages/airflow/example_dags/example_datasets.py
[2024-05-12T02:01:28.866+0000] {processor.py:840} INFO - DAG(s) 'dataset_produces_2', 'dataset_consumes_1', 'dataset_produces_1', 'dataset_consumes_1_and_2', 'dataset_consumes_unknown_never_scheduled', 'consume_1_and_2_with_dataset_expressions', 'consume_1_or_both_2_and_3_with_dataset_expressions', 'conditional_dataset_and_time_based_timetable', 'dataset_consumes_1_never_scheduled', 'consume_1_or_2_with_dataset_expressions' retrieved from /home/airflow/.local/lib/python3.12/site-packages/airflow/example_dags/example_datasets.py
[2024-05-12T02:01:28.892+0000] {logging_mixin.py:188} INFO - [2024-05-12T02:01:28.892+0000] {dag.py:3096} INFO - Sync 10 DAGs
[2024-05-12T02:01:28.904+0000] {logging_mixin.py:188} INFO - [2024-05-12T02:01:28.904+0000] {dag.py:3954} INFO - Setting next_dagrun for conditional_dataset_and_time_based_timetable to 2024-05-08 01:00:00+00:00, run_after=2024-05-08 01:00:00+00:00
[2024-05-12T02:01:28.906+0000] {logging_mixin.py:188} INFO - [2024-05-12T02:01:28.906+0000] {dag.py:3954} INFO - Setting next_dagrun for consume_1_and_2_with_dataset_expressions to None, run_after=None
[2024-05-12T02:01:28.906+0000] {logging_mixin.py:188} INFO - [2024-05-12T02:01:28.906+0000] {dag.py:3954} INFO - Setting next_dagrun for consume_1_or_2_with_dataset_expressions to None, run_after=None
[2024-05-12T02:01:28.907+0000] {logging_mixin.py:188} INFO - [2024-05-12T02:01:28.907+0000] {dag.py:3954} INFO - Setting next_dagrun for consume_1_or_both_2_and_3_with_dataset_expressions to None, run_after=None
[2024-05-12T02:01:28.907+0000] {logging_mixin.py:188} INFO - [2024-05-12T02:01:28.907+0000] {dag.py:3954} INFO - Setting next_dagrun for dataset_consumes_1 to None, run_after=None
[2024-05-12T02:01:28.908+0000] {logging_mixin.py:188} INFO - [2024-05-12T02:01:28.908+0000] {dag.py:3954} INFO - Setting next_dagrun for dataset_consumes_1_and_2 to None, run_after=None
[2024-05-12T02:01:28.908+0000] {logging_mixin.py:188} INFO - [2024-05-12T02:01:28.908+0000] {dag.py:3954} INFO - Setting next_dagrun for dataset_consumes_1_never_scheduled to None, run_after=None
[2024-05-12T02:01:28.909+0000] {logging_mixin.py:188} INFO - [2024-05-12T02:01:28.909+0000] {dag.py:3954} INFO - Setting next_dagrun for dataset_consumes_unknown_never_scheduled to None, run_after=None
[2024-05-12T02:01:28.910+0000] {logging_mixin.py:188} INFO - [2024-05-12T02:01:28.910+0000] {dag.py:3954} INFO - Setting next_dagrun for dataset_produces_1 to 2024-05-11 00:00:00+00:00, run_after=2024-05-12 00:00:00+00:00
[2024-05-12T02:01:28.910+0000] {logging_mixin.py:188} INFO - [2024-05-12T02:01:28.910+0000] {dag.py:3954} INFO - Setting next_dagrun for dataset_produces_2 to None, run_after=None
[2024-05-12T02:01:28.923+0000] {processor.py:183} INFO - Processing /home/airflow/.local/lib/python3.12/site-packages/airflow/example_dags/example_datasets.py took 0.084 seconds
[2024-05-12T02:01:59.723+0000] {processor.py:161} INFO - Started process (PID=1103) to work on /home/airflow/.local/lib/python3.12/site-packages/airflow/example_dags/example_datasets.py
[2024-05-12T02:01:59.726+0000] {processor.py:830} INFO - Processing file /home/airflow/.local/lib/python3.12/site-packages/airflow/example_dags/example_datasets.py for tasks to queue
[2024-05-12T02:01:59.727+0000] {logging_mixin.py:188} INFO - [2024-05-12T02:01:59.727+0000] {dagbag.py:545} INFO - Filling up the DagBag from /home/airflow/.local/lib/python3.12/site-packages/airflow/example_dags/example_datasets.py
[2024-05-12T02:01:59.742+0000] {processor.py:840} INFO - DAG(s) 'dataset_consumes_1_and_2', 'dataset_consumes_1_never_scheduled', 'dataset_consumes_unknown_never_scheduled', 'consume_1_or_both_2_and_3_with_dataset_expressions', 'consume_1_and_2_with_dataset_expressions', 'dataset_produces_1', 'dataset_consumes_1', 'consume_1_or_2_with_dataset_expressions', 'dataset_produces_2', 'conditional_dataset_and_time_based_timetable' retrieved from /home/airflow/.local/lib/python3.12/site-packages/airflow/example_dags/example_datasets.py
[2024-05-12T02:01:59.773+0000] {logging_mixin.py:188} INFO - [2024-05-12T02:01:59.772+0000] {dag.py:3096} INFO - Sync 10 DAGs
[2024-05-12T02:01:59.785+0000] {logging_mixin.py:188} INFO - [2024-05-12T02:01:59.785+0000] {dag.py:3954} INFO - Setting next_dagrun for conditional_dataset_and_time_based_timetable to 2024-05-08 01:00:00+00:00, run_after=2024-05-08 01:00:00+00:00
[2024-05-12T02:01:59.786+0000] {logging_mixin.py:188} INFO - [2024-05-12T02:01:59.786+0000] {dag.py:3954} INFO - Setting next_dagrun for consume_1_and_2_with_dataset_expressions to None, run_after=None
[2024-05-12T02:01:59.787+0000] {logging_mixin.py:188} INFO - [2024-05-12T02:01:59.787+0000] {dag.py:3954} INFO - Setting next_dagrun for consume_1_or_2_with_dataset_expressions to None, run_after=None
[2024-05-12T02:01:59.788+0000] {logging_mixin.py:188} INFO - [2024-05-12T02:01:59.788+0000] {dag.py:3954} INFO - Setting next_dagrun for consume_1_or_both_2_and_3_with_dataset_expressions to None, run_after=None
[2024-05-12T02:01:59.788+0000] {logging_mixin.py:188} INFO - [2024-05-12T02:01:59.788+0000] {dag.py:3954} INFO - Setting next_dagrun for dataset_consumes_1 to None, run_after=None
[2024-05-12T02:01:59.789+0000] {logging_mixin.py:188} INFO - [2024-05-12T02:01:59.789+0000] {dag.py:3954} INFO - Setting next_dagrun for dataset_consumes_1_and_2 to None, run_after=None
[2024-05-12T02:01:59.789+0000] {logging_mixin.py:188} INFO - [2024-05-12T02:01:59.789+0000] {dag.py:3954} INFO - Setting next_dagrun for dataset_consumes_1_never_scheduled to None, run_after=None
[2024-05-12T02:01:59.790+0000] {logging_mixin.py:188} INFO - [2024-05-12T02:01:59.790+0000] {dag.py:3954} INFO - Setting next_dagrun for dataset_consumes_unknown_never_scheduled to None, run_after=None
[2024-05-12T02:01:59.791+0000] {logging_mixin.py:188} INFO - [2024-05-12T02:01:59.791+0000] {dag.py:3954} INFO - Setting next_dagrun for dataset_produces_1 to 2024-05-11 00:00:00+00:00, run_after=2024-05-12 00:00:00+00:00
[2024-05-12T02:01:59.791+0000] {logging_mixin.py:188} INFO - [2024-05-12T02:01:59.791+0000] {dag.py:3954} INFO - Setting next_dagrun for dataset_produces_2 to None, run_after=None
[2024-05-12T02:01:59.803+0000] {processor.py:183} INFO - Processing /home/airflow/.local/lib/python3.12/site-packages/airflow/example_dags/example_datasets.py took 0.090 seconds
[2024-05-12T02:02:30.688+0000] {processor.py:161} INFO - Started process (PID=1162) to work on /home/airflow/.local/lib/python3.12/site-packages/airflow/example_dags/example_datasets.py
[2024-05-12T02:02:30.690+0000] {processor.py:830} INFO - Processing file /home/airflow/.local/lib/python3.12/site-packages/airflow/example_dags/example_datasets.py for tasks to queue
[2024-05-12T02:02:30.691+0000] {logging_mixin.py:188} INFO - [2024-05-12T02:02:30.691+0000] {dagbag.py:545} INFO - Filling up the DagBag from /home/airflow/.local/lib/python3.12/site-packages/airflow/example_dags/example_datasets.py
[2024-05-12T02:02:30.702+0000] {processor.py:840} INFO - DAG(s) 'dataset_consumes_unknown_never_scheduled', 'conditional_dataset_and_time_based_timetable', 'consume_1_or_both_2_and_3_with_dataset_expressions', 'dataset_consumes_1', 'dataset_produces_1', 'consume_1_or_2_with_dataset_expressions', 'dataset_consumes_1_and_2', 'dataset_consumes_1_never_scheduled', 'dataset_produces_2', 'consume_1_and_2_with_dataset_expressions' retrieved from /home/airflow/.local/lib/python3.12/site-packages/airflow/example_dags/example_datasets.py
[2024-05-12T02:02:30.727+0000] {logging_mixin.py:188} INFO - [2024-05-12T02:02:30.727+0000] {dag.py:3096} INFO - Sync 10 DAGs
[2024-05-12T02:02:30.739+0000] {logging_mixin.py:188} INFO - [2024-05-12T02:02:30.739+0000] {dag.py:3954} INFO - Setting next_dagrun for conditional_dataset_and_time_based_timetable to 2024-05-08 01:00:00+00:00, run_after=2024-05-08 01:00:00+00:00
[2024-05-12T02:02:30.741+0000] {logging_mixin.py:188} INFO - [2024-05-12T02:02:30.741+0000] {dag.py:3954} INFO - Setting next_dagrun for consume_1_and_2_with_dataset_expressions to None, run_after=None
[2024-05-12T02:02:30.744+0000] {logging_mixin.py:188} INFO - [2024-05-12T02:02:30.744+0000] {dag.py:3954} INFO - Setting next_dagrun for consume_1_or_2_with_dataset_expressions to None, run_after=None
[2024-05-12T02:02:30.744+0000] {logging_mixin.py:188} INFO - [2024-05-12T02:02:30.744+0000] {dag.py:3954} INFO - Setting next_dagrun for consume_1_or_both_2_and_3_with_dataset_expressions to None, run_after=None
[2024-05-12T02:02:30.745+0000] {logging_mixin.py:188} INFO - [2024-05-12T02:02:30.745+0000] {dag.py:3954} INFO - Setting next_dagrun for dataset_consumes_1 to None, run_after=None
[2024-05-12T02:02:30.745+0000] {logging_mixin.py:188} INFO - [2024-05-12T02:02:30.745+0000] {dag.py:3954} INFO - Setting next_dagrun for dataset_consumes_1_and_2 to None, run_after=None
[2024-05-12T02:02:30.746+0000] {logging_mixin.py:188} INFO - [2024-05-12T02:02:30.746+0000] {dag.py:3954} INFO - Setting next_dagrun for dataset_consumes_1_never_scheduled to None, run_after=None
[2024-05-12T02:02:30.746+0000] {logging_mixin.py:188} INFO - [2024-05-12T02:02:30.746+0000] {dag.py:3954} INFO - Setting next_dagrun for dataset_consumes_unknown_never_scheduled to None, run_after=None
[2024-05-12T02:02:30.747+0000] {logging_mixin.py:188} INFO - [2024-05-12T02:02:30.747+0000] {dag.py:3954} INFO - Setting next_dagrun for dataset_produces_1 to 2024-05-11 00:00:00+00:00, run_after=2024-05-12 00:00:00+00:00
[2024-05-12T02:02:30.748+0000] {logging_mixin.py:188} INFO - [2024-05-12T02:02:30.748+0000] {dag.py:3954} INFO - Setting next_dagrun for dataset_produces_2 to None, run_after=None
[2024-05-12T02:02:30.764+0000] {processor.py:183} INFO - Processing /home/airflow/.local/lib/python3.12/site-packages/airflow/example_dags/example_datasets.py took 0.083 seconds
[2024-05-12T02:03:01.698+0000] {processor.py:161} INFO - Started process (PID=1221) to work on /home/airflow/.local/lib/python3.12/site-packages/airflow/example_dags/example_datasets.py
[2024-05-12T02:03:01.699+0000] {processor.py:830} INFO - Processing file /home/airflow/.local/lib/python3.12/site-packages/airflow/example_dags/example_datasets.py for tasks to queue
[2024-05-12T02:03:01.701+0000] {logging_mixin.py:188} INFO - [2024-05-12T02:03:01.700+0000] {dagbag.py:545} INFO - Filling up the DagBag from /home/airflow/.local/lib/python3.12/site-packages/airflow/example_dags/example_datasets.py
[2024-05-12T02:03:01.708+0000] {processor.py:840} INFO - DAG(s) 'dataset_produces_1', 'consume_1_and_2_with_dataset_expressions', 'dataset_consumes_unknown_never_scheduled', 'dataset_consumes_1_and_2', 'consume_1_or_2_with_dataset_expressions', 'dataset_produces_2', 'consume_1_or_both_2_and_3_with_dataset_expressions', 'dataset_consumes_1', 'conditional_dataset_and_time_based_timetable', 'dataset_consumes_1_never_scheduled' retrieved from /home/airflow/.local/lib/python3.12/site-packages/airflow/example_dags/example_datasets.py
[2024-05-12T02:03:01.729+0000] {logging_mixin.py:188} INFO - [2024-05-12T02:03:01.729+0000] {dag.py:3096} INFO - Sync 10 DAGs
[2024-05-12T02:03:01.740+0000] {logging_mixin.py:188} INFO - [2024-05-12T02:03:01.740+0000] {dag.py:3954} INFO - Setting next_dagrun for conditional_dataset_and_time_based_timetable to 2024-05-08 01:00:00+00:00, run_after=2024-05-08 01:00:00+00:00
[2024-05-12T02:03:01.742+0000] {logging_mixin.py:188} INFO - [2024-05-12T02:03:01.742+0000] {dag.py:3954} INFO - Setting next_dagrun for consume_1_and_2_with_dataset_expressions to None, run_after=None
[2024-05-12T02:03:01.743+0000] {logging_mixin.py:188} INFO - [2024-05-12T02:03:01.743+0000] {dag.py:3954} INFO - Setting next_dagrun for consume_1_or_2_with_dataset_expressions to None, run_after=None
[2024-05-12T02:03:01.744+0000] {logging_mixin.py:188} INFO - [2024-05-12T02:03:01.744+0000] {dag.py:3954} INFO - Setting next_dagrun for consume_1_or_both_2_and_3_with_dataset_expressions to None, run_after=None
[2024-05-12T02:03:01.745+0000] {logging_mixin.py:188} INFO - [2024-05-12T02:03:01.744+0000] {dag.py:3954} INFO - Setting next_dagrun for dataset_consumes_1 to None, run_after=None
[2024-05-12T02:03:01.745+0000] {logging_mixin.py:188} INFO - [2024-05-12T02:03:01.745+0000] {dag.py:3954} INFO - Setting next_dagrun for dataset_consumes_1_and_2 to None, run_after=None
[2024-05-12T02:03:01.746+0000] {logging_mixin.py:188} INFO - [2024-05-12T02:03:01.746+0000] {dag.py:3954} INFO - Setting next_dagrun for dataset_consumes_1_never_scheduled to None, run_after=None
[2024-05-12T02:03:01.747+0000] {logging_mixin.py:188} INFO - [2024-05-12T02:03:01.746+0000] {dag.py:3954} INFO - Setting next_dagrun for dataset_consumes_unknown_never_scheduled to None, run_after=None
[2024-05-12T02:03:01.747+0000] {logging_mixin.py:188} INFO - [2024-05-12T02:03:01.747+0000] {dag.py:3954} INFO - Setting next_dagrun for dataset_produces_1 to 2024-05-11 00:00:00+00:00, run_after=2024-05-12 00:00:00+00:00
[2024-05-12T02:03:01.748+0000] {logging_mixin.py:188} INFO - [2024-05-12T02:03:01.748+0000] {dag.py:3954} INFO - Setting next_dagrun for dataset_produces_2 to None, run_after=None
[2024-05-12T02:03:01.763+0000] {processor.py:183} INFO - Processing /home/airflow/.local/lib/python3.12/site-packages/airflow/example_dags/example_datasets.py took 0.072 seconds
[2024-05-12T02:03:32.530+0000] {processor.py:161} INFO - Started process (PID=1280) to work on /home/airflow/.local/lib/python3.12/site-packages/airflow/example_dags/example_datasets.py
[2024-05-12T02:03:32.532+0000] {processor.py:830} INFO - Processing file /home/airflow/.local/lib/python3.12/site-packages/airflow/example_dags/example_datasets.py for tasks to queue
[2024-05-12T02:03:32.533+0000] {logging_mixin.py:188} INFO - [2024-05-12T02:03:32.533+0000] {dagbag.py:545} INFO - Filling up the DagBag from /home/airflow/.local/lib/python3.12/site-packages/airflow/example_dags/example_datasets.py
[2024-05-12T02:03:32.543+0000] {processor.py:840} INFO - DAG(s) 'dataset_consumes_1_and_2', 'dataset_consumes_1_never_scheduled', 'consume_1_or_2_with_dataset_expressions', 'conditional_dataset_and_time_based_timetable', 'dataset_produces_1', 'dataset_produces_2', 'consume_1_or_both_2_and_3_with_dataset_expressions', 'dataset_consumes_unknown_never_scheduled', 'consume_1_and_2_with_dataset_expressions', 'dataset_consumes_1' retrieved from /home/airflow/.local/lib/python3.12/site-packages/airflow/example_dags/example_datasets.py
[2024-05-12T02:03:32.563+0000] {logging_mixin.py:188} INFO - [2024-05-12T02:03:32.563+0000] {dag.py:3096} INFO - Sync 10 DAGs
[2024-05-12T02:03:32.575+0000] {logging_mixin.py:188} INFO - [2024-05-12T02:03:32.575+0000] {dag.py:3954} INFO - Setting next_dagrun for conditional_dataset_and_time_based_timetable to 2024-05-08 01:00:00+00:00, run_after=2024-05-08 01:00:00+00:00
[2024-05-12T02:03:32.576+0000] {logging_mixin.py:188} INFO - [2024-05-12T02:03:32.576+0000] {dag.py:3954} INFO - Setting next_dagrun for consume_1_and_2_with_dataset_expressions to None, run_after=None
[2024-05-12T02:03:32.577+0000] {logging_mixin.py:188} INFO - [2024-05-12T02:03:32.577+0000] {dag.py:3954} INFO - Setting next_dagrun for consume_1_or_2_with_dataset_expressions to None, run_after=None
[2024-05-12T02:03:32.578+0000] {logging_mixin.py:188} INFO - [2024-05-12T02:03:32.577+0000] {dag.py:3954} INFO - Setting next_dagrun for consume_1_or_both_2_and_3_with_dataset_expressions to None, run_after=None
[2024-05-12T02:03:32.578+0000] {logging_mixin.py:188} INFO - [2024-05-12T02:03:32.578+0000] {dag.py:3954} INFO - Setting next_dagrun for dataset_consumes_1 to None, run_after=None
[2024-05-12T02:03:32.579+0000] {logging_mixin.py:188} INFO - [2024-05-12T02:03:32.579+0000] {dag.py:3954} INFO - Setting next_dagrun for dataset_consumes_1_and_2 to None, run_after=None
[2024-05-12T02:03:32.580+0000] {logging_mixin.py:188} INFO - [2024-05-12T02:03:32.579+0000] {dag.py:3954} INFO - Setting next_dagrun for dataset_consumes_1_never_scheduled to None, run_after=None
[2024-05-12T02:03:32.580+0000] {logging_mixin.py:188} INFO - [2024-05-12T02:03:32.580+0000] {dag.py:3954} INFO - Setting next_dagrun for dataset_consumes_unknown_never_scheduled to None, run_after=None
[2024-05-12T02:03:32.581+0000] {logging_mixin.py:188} INFO - [2024-05-12T02:03:32.581+0000] {dag.py:3954} INFO - Setting next_dagrun for dataset_produces_1 to 2024-05-11 00:00:00+00:00, run_after=2024-05-12 00:00:00+00:00
[2024-05-12T02:03:32.582+0000] {logging_mixin.py:188} INFO - [2024-05-12T02:03:32.582+0000] {dag.py:3954} INFO - Setting next_dagrun for dataset_produces_2 to None, run_after=None
[2024-05-12T02:03:32.596+0000] {processor.py:183} INFO - Processing /home/airflow/.local/lib/python3.12/site-packages/airflow/example_dags/example_datasets.py took 0.074 seconds
[2024-05-12T02:04:03.209+0000] {processor.py:161} INFO - Started process (PID=1339) to work on /home/airflow/.local/lib/python3.12/site-packages/airflow/example_dags/example_datasets.py
[2024-05-12T02:04:03.210+0000] {processor.py:830} INFO - Processing file /home/airflow/.local/lib/python3.12/site-packages/airflow/example_dags/example_datasets.py for tasks to queue
[2024-05-12T02:04:03.212+0000] {logging_mixin.py:188} INFO - [2024-05-12T02:04:03.212+0000] {dagbag.py:545} INFO - Filling up the DagBag from /home/airflow/.local/lib/python3.12/site-packages/airflow/example_dags/example_datasets.py
[2024-05-12T02:04:03.226+0000] {processor.py:840} INFO - DAG(s) 'conditional_dataset_and_time_based_timetable', 'dataset_produces_1', 'dataset_produces_2', 'dataset_consumes_1', 'dataset_consumes_1_never_scheduled', 'consume_1_or_both_2_and_3_with_dataset_expressions', 'dataset_consumes_unknown_never_scheduled', 'dataset_consumes_1_and_2', 'consume_1_or_2_with_dataset_expressions', 'consume_1_and_2_with_dataset_expressions' retrieved from /home/airflow/.local/lib/python3.12/site-packages/airflow/example_dags/example_datasets.py
[2024-05-12T02:04:03.247+0000] {logging_mixin.py:188} INFO - [2024-05-12T02:04:03.247+0000] {dag.py:3096} INFO - Sync 10 DAGs
[2024-05-12T02:04:03.257+0000] {logging_mixin.py:188} INFO - [2024-05-12T02:04:03.257+0000] {dag.py:3954} INFO - Setting next_dagrun for conditional_dataset_and_time_based_timetable to 2024-05-08 01:00:00+00:00, run_after=2024-05-08 01:00:00+00:00
[2024-05-12T02:04:03.259+0000] {logging_mixin.py:188} INFO - [2024-05-12T02:04:03.259+0000] {dag.py:3954} INFO - Setting next_dagrun for consume_1_and_2_with_dataset_expressions to None, run_after=None
[2024-05-12T02:04:03.260+0000] {logging_mixin.py:188} INFO - [2024-05-12T02:04:03.260+0000] {dag.py:3954} INFO - Setting next_dagrun for consume_1_or_2_with_dataset_expressions to None, run_after=None
[2024-05-12T02:04:03.261+0000] {logging_mixin.py:188} INFO - [2024-05-12T02:04:03.261+0000] {dag.py:3954} INFO - Setting next_dagrun for consume_1_or_both_2_and_3_with_dataset_expressions to None, run_after=None
[2024-05-12T02:04:03.261+0000] {logging_mixin.py:188} INFO - [2024-05-12T02:04:03.261+0000] {dag.py:3954} INFO - Setting next_dagrun for dataset_consumes_1 to None, run_after=None
[2024-05-12T02:04:03.262+0000] {logging_mixin.py:188} INFO - [2024-05-12T02:04:03.262+0000] {dag.py:3954} INFO - Setting next_dagrun for dataset_consumes_1_and_2 to None, run_after=None
[2024-05-12T02:04:03.262+0000] {logging_mixin.py:188} INFO - [2024-05-12T02:04:03.262+0000] {dag.py:3954} INFO - Setting next_dagrun for dataset_consumes_1_never_scheduled to None, run_after=None
[2024-05-12T02:04:03.263+0000] {logging_mixin.py:188} INFO - [2024-05-12T02:04:03.263+0000] {dag.py:3954} INFO - Setting next_dagrun for dataset_consumes_unknown_never_scheduled to None, run_after=None
[2024-05-12T02:04:03.264+0000] {logging_mixin.py:188} INFO - [2024-05-12T02:04:03.264+0000] {dag.py:3954} INFO - Setting next_dagrun for dataset_produces_1 to 2024-05-11 00:00:00+00:00, run_after=2024-05-12 00:00:00+00:00
[2024-05-12T02:04:03.264+0000] {logging_mixin.py:188} INFO - [2024-05-12T02:04:03.264+0000] {dag.py:3954} INFO - Setting next_dagrun for dataset_produces_2 to None, run_after=None
[2024-05-12T02:04:03.278+0000] {processor.py:183} INFO - Processing /home/airflow/.local/lib/python3.12/site-packages/airflow/example_dags/example_datasets.py took 0.076 seconds
[2024-05-12T02:04:33.970+0000] {processor.py:161} INFO - Started process (PID=1398) to work on /home/airflow/.local/lib/python3.12/site-packages/airflow/example_dags/example_datasets.py
[2024-05-12T02:04:33.972+0000] {processor.py:830} INFO - Processing file /home/airflow/.local/lib/python3.12/site-packages/airflow/example_dags/example_datasets.py for tasks to queue
[2024-05-12T02:04:33.974+0000] {logging_mixin.py:188} INFO - [2024-05-12T02:04:33.974+0000] {dagbag.py:545} INFO - Filling up the DagBag from /home/airflow/.local/lib/python3.12/site-packages/airflow/example_dags/example_datasets.py
[2024-05-12T02:04:33.989+0000] {processor.py:840} INFO - DAG(s) 'dataset_consumes_1_and_2', 'dataset_consumes_1', 'dataset_consumes_1_never_scheduled', 'consume_1_and_2_with_dataset_expressions', 'dataset_consumes_unknown_never_scheduled', 'conditional_dataset_and_time_based_timetable', 'dataset_produces_1', 'dataset_produces_2', 'consume_1_or_both_2_and_3_with_dataset_expressions', 'consume_1_or_2_with_dataset_expressions' retrieved from /home/airflow/.local/lib/python3.12/site-packages/airflow/example_dags/example_datasets.py
[2024-05-12T02:04:34.019+0000] {logging_mixin.py:188} INFO - [2024-05-12T02:04:34.019+0000] {dag.py:3096} INFO - Sync 10 DAGs
[2024-05-12T02:04:34.031+0000] {logging_mixin.py:188} INFO - [2024-05-12T02:04:34.031+0000] {dag.py:3954} INFO - Setting next_dagrun for conditional_dataset_and_time_based_timetable to 2024-05-08 01:00:00+00:00, run_after=2024-05-08 01:00:00+00:00
[2024-05-12T02:04:34.033+0000] {logging_mixin.py:188} INFO - [2024-05-12T02:04:34.033+0000] {dag.py:3954} INFO - Setting next_dagrun for consume_1_and_2_with_dataset_expressions to None, run_after=None
[2024-05-12T02:04:34.034+0000] {logging_mixin.py:188} INFO - [2024-05-12T02:04:34.034+0000] {dag.py:3954} INFO - Setting next_dagrun for consume_1_or_2_with_dataset_expressions to None, run_after=None
[2024-05-12T02:04:34.035+0000] {logging_mixin.py:188} INFO - [2024-05-12T02:04:34.035+0000] {dag.py:3954} INFO - Setting next_dagrun for consume_1_or_both_2_and_3_with_dataset_expressions to None, run_after=None
[2024-05-12T02:04:34.035+0000] {logging_mixin.py:188} INFO - [2024-05-12T02:04:34.035+0000] {dag.py:3954} INFO - Setting next_dagrun for dataset_consumes_1 to None, run_after=None
[2024-05-12T02:04:34.036+0000] {logging_mixin.py:188} INFO - [2024-05-12T02:04:34.036+0000] {dag.py:3954} INFO - Setting next_dagrun for dataset_consumes_1_and_2 to None, run_after=None
[2024-05-12T02:04:34.037+0000] {logging_mixin.py:188} INFO - [2024-05-12T02:04:34.037+0000] {dag.py:3954} INFO - Setting next_dagrun for dataset_consumes_1_never_scheduled to None, run_after=None
[2024-05-12T02:04:34.037+0000] {logging_mixin.py:188} INFO - [2024-05-12T02:04:34.037+0000] {dag.py:3954} INFO - Setting next_dagrun for dataset_consumes_unknown_never_scheduled to None, run_after=None
[2024-05-12T02:04:34.038+0000] {logging_mixin.py:188} INFO - [2024-05-12T02:04:34.038+0000] {dag.py:3954} INFO - Setting next_dagrun for dataset_produces_1 to 2024-05-11 00:00:00+00:00, run_after=2024-05-12 00:00:00+00:00
[2024-05-12T02:04:34.039+0000] {logging_mixin.py:188} INFO - [2024-05-12T02:04:34.039+0000] {dag.py:3954} INFO - Setting next_dagrun for dataset_produces_2 to None, run_after=None
[2024-05-12T02:04:34.055+0000] {processor.py:183} INFO - Processing /home/airflow/.local/lib/python3.12/site-packages/airflow/example_dags/example_datasets.py took 0.091 seconds
[2024-05-12T02:05:04.102+0000] {processor.py:161} INFO - Started process (PID=1457) to work on /home/airflow/.local/lib/python3.12/site-packages/airflow/example_dags/example_datasets.py
[2024-05-12T02:05:04.103+0000] {processor.py:830} INFO - Processing file /home/airflow/.local/lib/python3.12/site-packages/airflow/example_dags/example_datasets.py for tasks to queue
[2024-05-12T02:05:04.105+0000] {logging_mixin.py:188} INFO - [2024-05-12T02:05:04.105+0000] {dagbag.py:545} INFO - Filling up the DagBag from /home/airflow/.local/lib/python3.12/site-packages/airflow/example_dags/example_datasets.py
[2024-05-12T02:05:04.116+0000] {processor.py:840} INFO - DAG(s) 'dataset_consumes_1_never_scheduled', 'dataset_consumes_1_and_2', 'consume_1_or_both_2_and_3_with_dataset_expressions', 'dataset_produces_1', 'dataset_consumes_1', 'conditional_dataset_and_time_based_timetable', 'dataset_produces_2', 'dataset_consumes_unknown_never_scheduled', 'consume_1_and_2_with_dataset_expressions', 'consume_1_or_2_with_dataset_expressions' retrieved from /home/airflow/.local/lib/python3.12/site-packages/airflow/example_dags/example_datasets.py
[2024-05-12T02:05:04.138+0000] {logging_mixin.py:188} INFO - [2024-05-12T02:05:04.138+0000] {dag.py:3096} INFO - Sync 10 DAGs
[2024-05-12T02:05:04.153+0000] {logging_mixin.py:188} INFO - [2024-05-12T02:05:04.153+0000] {dag.py:3954} INFO - Setting next_dagrun for conditional_dataset_and_time_based_timetable to 2024-05-08 01:00:00+00:00, run_after=2024-05-08 01:00:00+00:00
[2024-05-12T02:05:04.155+0000] {logging_mixin.py:188} INFO - [2024-05-12T02:05:04.155+0000] {dag.py:3954} INFO - Setting next_dagrun for consume_1_and_2_with_dataset_expressions to None, run_after=None
[2024-05-12T02:05:04.156+0000] {logging_mixin.py:188} INFO - [2024-05-12T02:05:04.156+0000] {dag.py:3954} INFO - Setting next_dagrun for consume_1_or_2_with_dataset_expressions to None, run_after=None
[2024-05-12T02:05:04.157+0000] {logging_mixin.py:188} INFO - [2024-05-12T02:05:04.157+0000] {dag.py:3954} INFO - Setting next_dagrun for consume_1_or_both_2_and_3_with_dataset_expressions to None, run_after=None
[2024-05-12T02:05:04.160+0000] {logging_mixin.py:188} INFO - [2024-05-12T02:05:04.160+0000] {dag.py:3954} INFO - Setting next_dagrun for dataset_consumes_1 to None, run_after=None
[2024-05-12T02:05:04.161+0000] {logging_mixin.py:188} INFO - [2024-05-12T02:05:04.161+0000] {dag.py:3954} INFO - Setting next_dagrun for dataset_consumes_1_and_2 to None, run_after=None
[2024-05-12T02:05:04.165+0000] {logging_mixin.py:188} INFO - [2024-05-12T02:05:04.165+0000] {dag.py:3954} INFO - Setting next_dagrun for dataset_consumes_1_never_scheduled to None, run_after=None
[2024-05-12T02:05:04.167+0000] {logging_mixin.py:188} INFO - [2024-05-12T02:05:04.167+0000] {dag.py:3954} INFO - Setting next_dagrun for dataset_consumes_unknown_never_scheduled to None, run_after=None
[2024-05-12T02:05:04.168+0000] {logging_mixin.py:188} INFO - [2024-05-12T02:05:04.168+0000] {dag.py:3954} INFO - Setting next_dagrun for dataset_produces_1 to 2024-05-11 00:00:00+00:00, run_after=2024-05-12 00:00:00+00:00
[2024-05-12T02:05:04.169+0000] {logging_mixin.py:188} INFO - [2024-05-12T02:05:04.169+0000] {dag.py:3954} INFO - Setting next_dagrun for dataset_produces_2 to None, run_after=None
[2024-05-12T02:05:04.183+0000] {processor.py:183} INFO - Processing /home/airflow/.local/lib/python3.12/site-packages/airflow/example_dags/example_datasets.py took 0.086 seconds
[2024-05-12T02:05:34.692+0000] {processor.py:161} INFO - Started process (PID=1515) to work on /home/airflow/.local/lib/python3.12/site-packages/airflow/example_dags/example_datasets.py
[2024-05-12T02:05:34.694+0000] {processor.py:830} INFO - Processing file /home/airflow/.local/lib/python3.12/site-packages/airflow/example_dags/example_datasets.py for tasks to queue
[2024-05-12T02:05:34.696+0000] {logging_mixin.py:188} INFO - [2024-05-12T02:05:34.696+0000] {dagbag.py:545} INFO - Filling up the DagBag from /home/airflow/.local/lib/python3.12/site-packages/airflow/example_dags/example_datasets.py
[2024-05-12T02:05:34.707+0000] {processor.py:840} INFO - DAG(s) 'dataset_consumes_1_and_2', 'dataset_consumes_1', 'dataset_produces_2', 'dataset_produces_1', 'dataset_consumes_unknown_never_scheduled', 'consume_1_or_2_with_dataset_expressions', 'consume_1_or_both_2_and_3_with_dataset_expressions', 'consume_1_and_2_with_dataset_expressions', 'dataset_consumes_1_never_scheduled', 'conditional_dataset_and_time_based_timetable' retrieved from /home/airflow/.local/lib/python3.12/site-packages/airflow/example_dags/example_datasets.py
[2024-05-12T02:05:34.730+0000] {logging_mixin.py:188} INFO - [2024-05-12T02:05:34.730+0000] {dag.py:3096} INFO - Sync 10 DAGs
[2024-05-12T02:05:34.742+0000] {logging_mixin.py:188} INFO - [2024-05-12T02:05:34.741+0000] {dag.py:3954} INFO - Setting next_dagrun for conditional_dataset_and_time_based_timetable to 2024-05-08 01:00:00+00:00, run_after=2024-05-08 01:00:00+00:00
[2024-05-12T02:05:34.744+0000] {logging_mixin.py:188} INFO - [2024-05-12T02:05:34.743+0000] {dag.py:3954} INFO - Setting next_dagrun for consume_1_and_2_with_dataset_expressions to None, run_after=None
[2024-05-12T02:05:34.744+0000] {logging_mixin.py:188} INFO - [2024-05-12T02:05:34.744+0000] {dag.py:3954} INFO - Setting next_dagrun for consume_1_or_2_with_dataset_expressions to None, run_after=None
[2024-05-12T02:05:34.745+0000] {logging_mixin.py:188} INFO - [2024-05-12T02:05:34.744+0000] {dag.py:3954} INFO - Setting next_dagrun for consume_1_or_both_2_and_3_with_dataset_expressions to None, run_after=None
[2024-05-12T02:05:34.746+0000] {logging_mixin.py:188} INFO - [2024-05-12T02:05:34.746+0000] {dag.py:3954} INFO - Setting next_dagrun for dataset_consumes_1 to None, run_after=None
[2024-05-12T02:05:34.747+0000] {logging_mixin.py:188} INFO - [2024-05-12T02:05:34.747+0000] {dag.py:3954} INFO - Setting next_dagrun for dataset_consumes_1_and_2 to None, run_after=None
[2024-05-12T02:05:34.748+0000] {logging_mixin.py:188} INFO - [2024-05-12T02:05:34.748+0000] {dag.py:3954} INFO - Setting next_dagrun for dataset_consumes_1_never_scheduled to None, run_after=None
[2024-05-12T02:05:34.749+0000] {logging_mixin.py:188} INFO - [2024-05-12T02:05:34.749+0000] {dag.py:3954} INFO - Setting next_dagrun for dataset_consumes_unknown_never_scheduled to None, run_after=None
[2024-05-12T02:05:34.750+0000] {logging_mixin.py:188} INFO - [2024-05-12T02:05:34.750+0000] {dag.py:3954} INFO - Setting next_dagrun for dataset_produces_1 to 2024-05-11 00:00:00+00:00, run_after=2024-05-12 00:00:00+00:00
[2024-05-12T02:05:34.751+0000] {logging_mixin.py:188} INFO - [2024-05-12T02:05:34.751+0000] {dag.py:3954} INFO - Setting next_dagrun for dataset_produces_2 to None, run_after=None
[2024-05-12T02:05:34.767+0000] {processor.py:183} INFO - Processing /home/airflow/.local/lib/python3.12/site-packages/airflow/example_dags/example_datasets.py took 0.080 seconds
