[2024-05-12T01:52:47.486+0000] {processor.py:161} INFO - Started process (PID=39) to work on /home/airflow/.local/lib/python3.12/site-packages/airflow/example_dags/example_branch_python_dop_operator_3.py
[2024-05-12T01:52:47.486+0000] {processor.py:830} INFO - Processing file /home/airflow/.local/lib/python3.12/site-packages/airflow/example_dags/example_branch_python_dop_operator_3.py for tasks to queue
[2024-05-12T01:52:47.487+0000] {logging_mixin.py:188} INFO - [2024-05-12T01:52:47.487+0000] {dagbag.py:545} INFO - Filling up the DagBag from /home/airflow/.local/lib/python3.12/site-packages/airflow/example_dags/example_branch_python_dop_operator_3.py
[2024-05-12T01:52:47.492+0000] {processor.py:840} INFO - DAG(s) 'example_branch_dop_operator_v3' retrieved from /home/airflow/.local/lib/python3.12/site-packages/airflow/example_dags/example_branch_python_dop_operator_3.py
[2024-05-12T01:52:47.500+0000] {logging_mixin.py:188} INFO - [2024-05-12T01:52:47.500+0000] {dag.py:3096} INFO - Sync 1 DAGs
[2024-05-12T01:52:47.514+0000] {logging_mixin.py:188} INFO - [2024-05-12T01:52:47.513+0000] {dag.py:3954} INFO - Setting next_dagrun for example_branch_dop_operator_v3 to 2024-05-12 01:51:00+00:00, run_after=2024-05-12 01:52:00+00:00
[2024-05-12T01:52:47.521+0000] {processor.py:183} INFO - Processing /home/airflow/.local/lib/python3.12/site-packages/airflow/example_dags/example_branch_python_dop_operator_3.py took 0.037 seconds
[2024-05-12T01:53:17.691+0000] {processor.py:161} INFO - Started process (PID=97) to work on /home/airflow/.local/lib/python3.12/site-packages/airflow/example_dags/example_branch_python_dop_operator_3.py
[2024-05-12T01:53:17.692+0000] {processor.py:830} INFO - Processing file /home/airflow/.local/lib/python3.12/site-packages/airflow/example_dags/example_branch_python_dop_operator_3.py for tasks to queue
[2024-05-12T01:53:17.693+0000] {logging_mixin.py:188} INFO - [2024-05-12T01:53:17.693+0000] {dagbag.py:545} INFO - Filling up the DagBag from /home/airflow/.local/lib/python3.12/site-packages/airflow/example_dags/example_branch_python_dop_operator_3.py
[2024-05-12T01:53:17.696+0000] {processor.py:840} INFO - DAG(s) 'example_branch_dop_operator_v3' retrieved from /home/airflow/.local/lib/python3.12/site-packages/airflow/example_dags/example_branch_python_dop_operator_3.py
[2024-05-12T01:53:17.735+0000] {logging_mixin.py:188} INFO - [2024-05-12T01:53:17.734+0000] {dag.py:3096} INFO - Sync 1 DAGs
[2024-05-12T01:53:17.745+0000] {logging_mixin.py:188} INFO - [2024-05-12T01:53:17.745+0000] {dag.py:3954} INFO - Setting next_dagrun for example_branch_dop_operator_v3 to 2024-05-12 01:52:00+00:00, run_after=2024-05-12 01:53:00+00:00
[2024-05-12T01:53:17.752+0000] {processor.py:183} INFO - Processing /home/airflow/.local/lib/python3.12/site-packages/airflow/example_dags/example_branch_python_dop_operator_3.py took 0.062 seconds
[2024-05-12T01:53:48.015+0000] {processor.py:161} INFO - Started process (PID=155) to work on /home/airflow/.local/lib/python3.12/site-packages/airflow/example_dags/example_branch_python_dop_operator_3.py
[2024-05-12T01:53:48.016+0000] {processor.py:830} INFO - Processing file /home/airflow/.local/lib/python3.12/site-packages/airflow/example_dags/example_branch_python_dop_operator_3.py for tasks to queue
[2024-05-12T01:53:48.017+0000] {logging_mixin.py:188} INFO - [2024-05-12T01:53:48.016+0000] {dagbag.py:545} INFO - Filling up the DagBag from /home/airflow/.local/lib/python3.12/site-packages/airflow/example_dags/example_branch_python_dop_operator_3.py
[2024-05-12T01:53:48.021+0000] {processor.py:840} INFO - DAG(s) 'example_branch_dop_operator_v3' retrieved from /home/airflow/.local/lib/python3.12/site-packages/airflow/example_dags/example_branch_python_dop_operator_3.py
[2024-05-12T01:53:48.029+0000] {logging_mixin.py:188} INFO - [2024-05-12T01:53:48.029+0000] {dag.py:3096} INFO - Sync 1 DAGs
[2024-05-12T01:53:48.038+0000] {logging_mixin.py:188} INFO - [2024-05-12T01:53:48.038+0000] {dag.py:3954} INFO - Setting next_dagrun for example_branch_dop_operator_v3 to 2024-05-12 01:52:00+00:00, run_after=2024-05-12 01:53:00+00:00
[2024-05-12T01:53:48.045+0000] {processor.py:183} INFO - Processing /home/airflow/.local/lib/python3.12/site-packages/airflow/example_dags/example_branch_python_dop_operator_3.py took 0.032 seconds
[2024-05-12T01:54:18.847+0000] {processor.py:161} INFO - Started process (PID=213) to work on /home/airflow/.local/lib/python3.12/site-packages/airflow/example_dags/example_branch_python_dop_operator_3.py
[2024-05-12T01:54:18.848+0000] {processor.py:830} INFO - Processing file /home/airflow/.local/lib/python3.12/site-packages/airflow/example_dags/example_branch_python_dop_operator_3.py for tasks to queue
[2024-05-12T01:54:18.848+0000] {logging_mixin.py:188} INFO - [2024-05-12T01:54:18.848+0000] {dagbag.py:545} INFO - Filling up the DagBag from /home/airflow/.local/lib/python3.12/site-packages/airflow/example_dags/example_branch_python_dop_operator_3.py
[2024-05-12T01:54:18.853+0000] {processor.py:840} INFO - DAG(s) 'example_branch_dop_operator_v3' retrieved from /home/airflow/.local/lib/python3.12/site-packages/airflow/example_dags/example_branch_python_dop_operator_3.py
[2024-05-12T01:54:18.861+0000] {logging_mixin.py:188} INFO - [2024-05-12T01:54:18.861+0000] {dag.py:3096} INFO - Sync 1 DAGs
[2024-05-12T01:54:18.872+0000] {logging_mixin.py:188} INFO - [2024-05-12T01:54:18.872+0000] {dag.py:3954} INFO - Setting next_dagrun for example_branch_dop_operator_v3 to 2024-05-12 01:53:00+00:00, run_after=2024-05-12 01:54:00+00:00
[2024-05-12T01:54:18.880+0000] {processor.py:183} INFO - Processing /home/airflow/.local/lib/python3.12/site-packages/airflow/example_dags/example_branch_python_dop_operator_3.py took 0.035 seconds
[2024-05-12T01:54:49.402+0000] {processor.py:161} INFO - Started process (PID=271) to work on /home/airflow/.local/lib/python3.12/site-packages/airflow/example_dags/example_branch_python_dop_operator_3.py
[2024-05-12T01:54:49.402+0000] {processor.py:830} INFO - Processing file /home/airflow/.local/lib/python3.12/site-packages/airflow/example_dags/example_branch_python_dop_operator_3.py for tasks to queue
[2024-05-12T01:54:49.403+0000] {logging_mixin.py:188} INFO - [2024-05-12T01:54:49.403+0000] {dagbag.py:545} INFO - Filling up the DagBag from /home/airflow/.local/lib/python3.12/site-packages/airflow/example_dags/example_branch_python_dop_operator_3.py
[2024-05-12T01:54:49.407+0000] {processor.py:840} INFO - DAG(s) 'example_branch_dop_operator_v3' retrieved from /home/airflow/.local/lib/python3.12/site-packages/airflow/example_dags/example_branch_python_dop_operator_3.py
[2024-05-12T01:54:49.415+0000] {logging_mixin.py:188} INFO - [2024-05-12T01:54:49.415+0000] {dag.py:3096} INFO - Sync 1 DAGs
[2024-05-12T01:54:49.424+0000] {logging_mixin.py:188} INFO - [2024-05-12T01:54:49.424+0000] {dag.py:3954} INFO - Setting next_dagrun for example_branch_dop_operator_v3 to 2024-05-12 01:53:00+00:00, run_after=2024-05-12 01:54:00+00:00
[2024-05-12T01:54:49.431+0000] {processor.py:183} INFO - Processing /home/airflow/.local/lib/python3.12/site-packages/airflow/example_dags/example_branch_python_dop_operator_3.py took 0.032 seconds
[2024-05-12T01:55:19.885+0000] {processor.py:161} INFO - Started process (PID=329) to work on /home/airflow/.local/lib/python3.12/site-packages/airflow/example_dags/example_branch_python_dop_operator_3.py
[2024-05-12T01:55:19.885+0000] {processor.py:830} INFO - Processing file /home/airflow/.local/lib/python3.12/site-packages/airflow/example_dags/example_branch_python_dop_operator_3.py for tasks to queue
[2024-05-12T01:55:19.886+0000] {logging_mixin.py:188} INFO - [2024-05-12T01:55:19.886+0000] {dagbag.py:545} INFO - Filling up the DagBag from /home/airflow/.local/lib/python3.12/site-packages/airflow/example_dags/example_branch_python_dop_operator_3.py
[2024-05-12T01:55:19.890+0000] {processor.py:840} INFO - DAG(s) 'example_branch_dop_operator_v3' retrieved from /home/airflow/.local/lib/python3.12/site-packages/airflow/example_dags/example_branch_python_dop_operator_3.py
[2024-05-12T01:55:19.898+0000] {logging_mixin.py:188} INFO - [2024-05-12T01:55:19.897+0000] {dag.py:3096} INFO - Sync 1 DAGs
[2024-05-12T01:55:19.907+0000] {logging_mixin.py:188} INFO - [2024-05-12T01:55:19.907+0000] {dag.py:3954} INFO - Setting next_dagrun for example_branch_dop_operator_v3 to 2024-05-12 01:54:00+00:00, run_after=2024-05-12 01:55:00+00:00
[2024-05-12T01:55:19.915+0000] {processor.py:183} INFO - Processing /home/airflow/.local/lib/python3.12/site-packages/airflow/example_dags/example_branch_python_dop_operator_3.py took 0.032 seconds
[2024-05-12T01:55:50.411+0000] {processor.py:161} INFO - Started process (PID=387) to work on /home/airflow/.local/lib/python3.12/site-packages/airflow/example_dags/example_branch_python_dop_operator_3.py
[2024-05-12T01:55:50.412+0000] {processor.py:830} INFO - Processing file /home/airflow/.local/lib/python3.12/site-packages/airflow/example_dags/example_branch_python_dop_operator_3.py for tasks to queue
[2024-05-12T01:55:50.415+0000] {logging_mixin.py:188} INFO - [2024-05-12T01:55:50.415+0000] {dagbag.py:545} INFO - Filling up the DagBag from /home/airflow/.local/lib/python3.12/site-packages/airflow/example_dags/example_branch_python_dop_operator_3.py
[2024-05-12T01:55:50.419+0000] {processor.py:840} INFO - DAG(s) 'example_branch_dop_operator_v3' retrieved from /home/airflow/.local/lib/python3.12/site-packages/airflow/example_dags/example_branch_python_dop_operator_3.py
[2024-05-12T01:55:50.429+0000] {logging_mixin.py:188} INFO - [2024-05-12T01:55:50.429+0000] {dag.py:3096} INFO - Sync 1 DAGs
[2024-05-12T01:55:50.439+0000] {logging_mixin.py:188} INFO - [2024-05-12T01:55:50.439+0000] {dag.py:3954} INFO - Setting next_dagrun for example_branch_dop_operator_v3 to 2024-05-12 01:54:00+00:00, run_after=2024-05-12 01:55:00+00:00
[2024-05-12T01:55:50.446+0000] {processor.py:183} INFO - Processing /home/airflow/.local/lib/python3.12/site-packages/airflow/example_dags/example_branch_python_dop_operator_3.py took 0.037 seconds
[2024-05-12T01:56:20.974+0000] {processor.py:161} INFO - Started process (PID=445) to work on /home/airflow/.local/lib/python3.12/site-packages/airflow/example_dags/example_branch_python_dop_operator_3.py
[2024-05-12T01:56:20.974+0000] {processor.py:830} INFO - Processing file /home/airflow/.local/lib/python3.12/site-packages/airflow/example_dags/example_branch_python_dop_operator_3.py for tasks to queue
[2024-05-12T01:56:20.975+0000] {logging_mixin.py:188} INFO - [2024-05-12T01:56:20.975+0000] {dagbag.py:545} INFO - Filling up the DagBag from /home/airflow/.local/lib/python3.12/site-packages/airflow/example_dags/example_branch_python_dop_operator_3.py
[2024-05-12T01:56:20.978+0000] {processor.py:840} INFO - DAG(s) 'example_branch_dop_operator_v3' retrieved from /home/airflow/.local/lib/python3.12/site-packages/airflow/example_dags/example_branch_python_dop_operator_3.py
[2024-05-12T01:56:20.986+0000] {logging_mixin.py:188} INFO - [2024-05-12T01:56:20.986+0000] {dag.py:3096} INFO - Sync 1 DAGs
[2024-05-12T01:56:20.996+0000] {logging_mixin.py:188} INFO - [2024-05-12T01:56:20.996+0000] {dag.py:3954} INFO - Setting next_dagrun for example_branch_dop_operator_v3 to 2024-05-12 01:55:00+00:00, run_after=2024-05-12 01:56:00+00:00
[2024-05-12T01:56:21.004+0000] {processor.py:183} INFO - Processing /home/airflow/.local/lib/python3.12/site-packages/airflow/example_dags/example_branch_python_dop_operator_3.py took 0.033 seconds
[2024-05-12T01:56:51.548+0000] {processor.py:161} INFO - Started process (PID=503) to work on /home/airflow/.local/lib/python3.12/site-packages/airflow/example_dags/example_branch_python_dop_operator_3.py
[2024-05-12T01:56:51.549+0000] {processor.py:830} INFO - Processing file /home/airflow/.local/lib/python3.12/site-packages/airflow/example_dags/example_branch_python_dop_operator_3.py for tasks to queue
[2024-05-12T01:56:51.549+0000] {logging_mixin.py:188} INFO - [2024-05-12T01:56:51.549+0000] {dagbag.py:545} INFO - Filling up the DagBag from /home/airflow/.local/lib/python3.12/site-packages/airflow/example_dags/example_branch_python_dop_operator_3.py
[2024-05-12T01:56:51.553+0000] {processor.py:840} INFO - DAG(s) 'example_branch_dop_operator_v3' retrieved from /home/airflow/.local/lib/python3.12/site-packages/airflow/example_dags/example_branch_python_dop_operator_3.py
[2024-05-12T01:56:51.561+0000] {logging_mixin.py:188} INFO - [2024-05-12T01:56:51.560+0000] {dag.py:3096} INFO - Sync 1 DAGs
[2024-05-12T01:56:51.570+0000] {logging_mixin.py:188} INFO - [2024-05-12T01:56:51.570+0000] {dag.py:3954} INFO - Setting next_dagrun for example_branch_dop_operator_v3 to 2024-05-12 01:55:00+00:00, run_after=2024-05-12 01:56:00+00:00
[2024-05-12T01:56:51.576+0000] {processor.py:183} INFO - Processing /home/airflow/.local/lib/python3.12/site-packages/airflow/example_dags/example_branch_python_dop_operator_3.py took 0.031 seconds
[2024-05-12T01:57:22.076+0000] {processor.py:161} INFO - Started process (PID=561) to work on /home/airflow/.local/lib/python3.12/site-packages/airflow/example_dags/example_branch_python_dop_operator_3.py
[2024-05-12T01:57:22.076+0000] {processor.py:830} INFO - Processing file /home/airflow/.local/lib/python3.12/site-packages/airflow/example_dags/example_branch_python_dop_operator_3.py for tasks to queue
[2024-05-12T01:57:22.077+0000] {logging_mixin.py:188} INFO - [2024-05-12T01:57:22.077+0000] {dagbag.py:545} INFO - Filling up the DagBag from /home/airflow/.local/lib/python3.12/site-packages/airflow/example_dags/example_branch_python_dop_operator_3.py
[2024-05-12T01:57:22.081+0000] {processor.py:840} INFO - DAG(s) 'example_branch_dop_operator_v3' retrieved from /home/airflow/.local/lib/python3.12/site-packages/airflow/example_dags/example_branch_python_dop_operator_3.py
[2024-05-12T01:57:22.091+0000] {logging_mixin.py:188} INFO - [2024-05-12T01:57:22.091+0000] {dag.py:3096} INFO - Sync 1 DAGs
[2024-05-12T01:57:22.102+0000] {logging_mixin.py:188} INFO - [2024-05-12T01:57:22.102+0000] {dag.py:3954} INFO - Setting next_dagrun for example_branch_dop_operator_v3 to 2024-05-12 01:56:00+00:00, run_after=2024-05-12 01:57:00+00:00
[2024-05-12T01:57:22.111+0000] {processor.py:183} INFO - Processing /home/airflow/.local/lib/python3.12/site-packages/airflow/example_dags/example_branch_python_dop_operator_3.py took 0.038 seconds
[2024-05-12T01:57:52.546+0000] {processor.py:161} INFO - Started process (PID=620) to work on /home/airflow/.local/lib/python3.12/site-packages/airflow/example_dags/example_branch_python_dop_operator_3.py
[2024-05-12T01:57:52.547+0000] {processor.py:830} INFO - Processing file /home/airflow/.local/lib/python3.12/site-packages/airflow/example_dags/example_branch_python_dop_operator_3.py for tasks to queue
[2024-05-12T01:57:52.548+0000] {logging_mixin.py:188} INFO - [2024-05-12T01:57:52.548+0000] {dagbag.py:545} INFO - Filling up the DagBag from /home/airflow/.local/lib/python3.12/site-packages/airflow/example_dags/example_branch_python_dop_operator_3.py
[2024-05-12T01:57:52.553+0000] {processor.py:840} INFO - DAG(s) 'example_branch_dop_operator_v3' retrieved from /home/airflow/.local/lib/python3.12/site-packages/airflow/example_dags/example_branch_python_dop_operator_3.py
[2024-05-12T01:57:52.564+0000] {logging_mixin.py:188} INFO - [2024-05-12T01:57:52.563+0000] {dag.py:3096} INFO - Sync 1 DAGs
[2024-05-12T01:57:52.577+0000] {logging_mixin.py:188} INFO - [2024-05-12T01:57:52.577+0000] {dag.py:3954} INFO - Setting next_dagrun for example_branch_dop_operator_v3 to 2024-05-12 01:56:00+00:00, run_after=2024-05-12 01:57:00+00:00
[2024-05-12T01:57:52.587+0000] {processor.py:183} INFO - Processing /home/airflow/.local/lib/python3.12/site-packages/airflow/example_dags/example_branch_python_dop_operator_3.py took 0.044 seconds
[2024-05-12T01:58:23.081+0000] {processor.py:161} INFO - Started process (PID=679) to work on /home/airflow/.local/lib/python3.12/site-packages/airflow/example_dags/example_branch_python_dop_operator_3.py
[2024-05-12T01:58:23.082+0000] {processor.py:830} INFO - Processing file /home/airflow/.local/lib/python3.12/site-packages/airflow/example_dags/example_branch_python_dop_operator_3.py for tasks to queue
[2024-05-12T01:58:23.083+0000] {logging_mixin.py:188} INFO - [2024-05-12T01:58:23.083+0000] {dagbag.py:545} INFO - Filling up the DagBag from /home/airflow/.local/lib/python3.12/site-packages/airflow/example_dags/example_branch_python_dop_operator_3.py
[2024-05-12T01:58:23.088+0000] {processor.py:840} INFO - DAG(s) 'example_branch_dop_operator_v3' retrieved from /home/airflow/.local/lib/python3.12/site-packages/airflow/example_dags/example_branch_python_dop_operator_3.py
[2024-05-12T01:58:23.100+0000] {logging_mixin.py:188} INFO - [2024-05-12T01:58:23.100+0000] {dag.py:3096} INFO - Sync 1 DAGs
[2024-05-12T01:58:23.113+0000] {logging_mixin.py:188} INFO - [2024-05-12T01:58:23.113+0000] {dag.py:3954} INFO - Setting next_dagrun for example_branch_dop_operator_v3 to 2024-05-12 01:57:00+00:00, run_after=2024-05-12 01:58:00+00:00
[2024-05-12T01:58:23.125+0000] {processor.py:183} INFO - Processing /home/airflow/.local/lib/python3.12/site-packages/airflow/example_dags/example_branch_python_dop_operator_3.py took 0.047 seconds
[2024-05-12T01:58:53.737+0000] {processor.py:161} INFO - Started process (PID=738) to work on /home/airflow/.local/lib/python3.12/site-packages/airflow/example_dags/example_branch_python_dop_operator_3.py
[2024-05-12T01:58:53.738+0000] {processor.py:830} INFO - Processing file /home/airflow/.local/lib/python3.12/site-packages/airflow/example_dags/example_branch_python_dop_operator_3.py for tasks to queue
[2024-05-12T01:58:53.738+0000] {logging_mixin.py:188} INFO - [2024-05-12T01:58:53.738+0000] {dagbag.py:545} INFO - Filling up the DagBag from /home/airflow/.local/lib/python3.12/site-packages/airflow/example_dags/example_branch_python_dop_operator_3.py
[2024-05-12T01:58:53.742+0000] {processor.py:840} INFO - DAG(s) 'example_branch_dop_operator_v3' retrieved from /home/airflow/.local/lib/python3.12/site-packages/airflow/example_dags/example_branch_python_dop_operator_3.py
[2024-05-12T01:58:53.750+0000] {logging_mixin.py:188} INFO - [2024-05-12T01:58:53.750+0000] {dag.py:3096} INFO - Sync 1 DAGs
[2024-05-12T01:58:53.760+0000] {logging_mixin.py:188} INFO - [2024-05-12T01:58:53.760+0000] {dag.py:3954} INFO - Setting next_dagrun for example_branch_dop_operator_v3 to 2024-05-12 01:57:00+00:00, run_after=2024-05-12 01:58:00+00:00
[2024-05-12T01:58:53.767+0000] {processor.py:183} INFO - Processing /home/airflow/.local/lib/python3.12/site-packages/airflow/example_dags/example_branch_python_dop_operator_3.py took 0.032 seconds
[2024-05-12T01:59:24.505+0000] {processor.py:161} INFO - Started process (PID=797) to work on /home/airflow/.local/lib/python3.12/site-packages/airflow/example_dags/example_branch_python_dop_operator_3.py
[2024-05-12T01:59:24.506+0000] {processor.py:830} INFO - Processing file /home/airflow/.local/lib/python3.12/site-packages/airflow/example_dags/example_branch_python_dop_operator_3.py for tasks to queue
[2024-05-12T01:59:24.508+0000] {logging_mixin.py:188} INFO - [2024-05-12T01:59:24.508+0000] {dagbag.py:545} INFO - Filling up the DagBag from /home/airflow/.local/lib/python3.12/site-packages/airflow/example_dags/example_branch_python_dop_operator_3.py
[2024-05-12T01:59:24.512+0000] {processor.py:840} INFO - DAG(s) 'example_branch_dop_operator_v3' retrieved from /home/airflow/.local/lib/python3.12/site-packages/airflow/example_dags/example_branch_python_dop_operator_3.py
[2024-05-12T01:59:24.521+0000] {logging_mixin.py:188} INFO - [2024-05-12T01:59:24.521+0000] {dag.py:3096} INFO - Sync 1 DAGs
[2024-05-12T01:59:24.530+0000] {logging_mixin.py:188} INFO - [2024-05-12T01:59:24.530+0000] {dag.py:3954} INFO - Setting next_dagrun for example_branch_dop_operator_v3 to 2024-05-12 01:58:00+00:00, run_after=2024-05-12 01:59:00+00:00
[2024-05-12T01:59:24.538+0000] {processor.py:183} INFO - Processing /home/airflow/.local/lib/python3.12/site-packages/airflow/example_dags/example_branch_python_dop_operator_3.py took 0.036 seconds
