[2024-05-12T01:52:48.585+0000] {processor.py:161} INFO - Started process (PID=69) to work on /home/airflow/.local/lib/python3.12/site-packages/airflow/example_dags/example_python_operator.py
[2024-05-12T01:52:48.586+0000] {processor.py:830} INFO - Processing file /home/airflow/.local/lib/python3.12/site-packages/airflow/example_dags/example_python_operator.py for tasks to queue
[2024-05-12T01:52:48.587+0000] {logging_mixin.py:188} INFO - [2024-05-12T01:52:48.587+0000] {dagbag.py:545} INFO - Filling up the DagBag from /home/airflow/.local/lib/python3.12/site-packages/airflow/example_dags/example_python_operator.py
[2024-05-12T01:52:48.595+0000] {processor.py:840} INFO - DAG(s) 'example_python_operator' retrieved from /home/airflow/.local/lib/python3.12/site-packages/airflow/example_dags/example_python_operator.py
[2024-05-12T01:52:48.605+0000] {logging_mixin.py:188} INFO - [2024-05-12T01:52:48.605+0000] {dag.py:3096} INFO - Sync 1 DAGs
[2024-05-12T01:52:48.613+0000] {logging_mixin.py:188} INFO - [2024-05-12T01:52:48.612+0000] {dag.py:3954} INFO - Setting next_dagrun for example_python_operator to None, run_after=None
[2024-05-12T01:52:48.624+0000] {processor.py:183} INFO - Processing /home/airflow/.local/lib/python3.12/site-packages/airflow/example_dags/example_python_operator.py took 0.044 seconds
[2024-05-12T01:53:19.066+0000] {processor.py:161} INFO - Started process (PID=127) to work on /home/airflow/.local/lib/python3.12/site-packages/airflow/example_dags/example_python_operator.py
[2024-05-12T01:53:19.066+0000] {processor.py:830} INFO - Processing file /home/airflow/.local/lib/python3.12/site-packages/airflow/example_dags/example_python_operator.py for tasks to queue
[2024-05-12T01:53:19.067+0000] {logging_mixin.py:188} INFO - [2024-05-12T01:53:19.067+0000] {dagbag.py:545} INFO - Filling up the DagBag from /home/airflow/.local/lib/python3.12/site-packages/airflow/example_dags/example_python_operator.py
[2024-05-12T01:53:19.071+0000] {processor.py:840} INFO - DAG(s) 'example_python_operator' retrieved from /home/airflow/.local/lib/python3.12/site-packages/airflow/example_dags/example_python_operator.py
[2024-05-12T01:53:19.110+0000] {logging_mixin.py:188} INFO - [2024-05-12T01:53:19.110+0000] {dag.py:3096} INFO - Sync 1 DAGs
[2024-05-12T01:53:19.114+0000] {logging_mixin.py:188} INFO - [2024-05-12T01:53:19.114+0000] {dag.py:3954} INFO - Setting next_dagrun for example_python_operator to None, run_after=None
[2024-05-12T01:53:19.121+0000] {processor.py:183} INFO - Processing /home/airflow/.local/lib/python3.12/site-packages/airflow/example_dags/example_python_operator.py took 0.058 seconds
[2024-05-12T01:53:49.940+0000] {processor.py:161} INFO - Started process (PID=185) to work on /home/airflow/.local/lib/python3.12/site-packages/airflow/example_dags/example_python_operator.py
[2024-05-12T01:53:49.941+0000] {processor.py:830} INFO - Processing file /home/airflow/.local/lib/python3.12/site-packages/airflow/example_dags/example_python_operator.py for tasks to queue
[2024-05-12T01:53:49.942+0000] {logging_mixin.py:188} INFO - [2024-05-12T01:53:49.942+0000] {dagbag.py:545} INFO - Filling up the DagBag from /home/airflow/.local/lib/python3.12/site-packages/airflow/example_dags/example_python_operator.py
[2024-05-12T01:53:49.948+0000] {processor.py:840} INFO - DAG(s) 'example_python_operator' retrieved from /home/airflow/.local/lib/python3.12/site-packages/airflow/example_dags/example_python_operator.py
[2024-05-12T01:53:49.959+0000] {logging_mixin.py:188} INFO - [2024-05-12T01:53:49.959+0000] {dag.py:3096} INFO - Sync 1 DAGs
[2024-05-12T01:53:49.964+0000] {logging_mixin.py:188} INFO - [2024-05-12T01:53:49.964+0000] {dag.py:3954} INFO - Setting next_dagrun for example_python_operator to None, run_after=None
[2024-05-12T01:53:49.972+0000] {processor.py:183} INFO - Processing /home/airflow/.local/lib/python3.12/site-packages/airflow/example_dags/example_python_operator.py took 0.035 seconds
[2024-05-12T01:54:20.606+0000] {processor.py:161} INFO - Started process (PID=243) to work on /home/airflow/.local/lib/python3.12/site-packages/airflow/example_dags/example_python_operator.py
[2024-05-12T01:54:20.606+0000] {processor.py:830} INFO - Processing file /home/airflow/.local/lib/python3.12/site-packages/airflow/example_dags/example_python_operator.py for tasks to queue
[2024-05-12T01:54:20.607+0000] {logging_mixin.py:188} INFO - [2024-05-12T01:54:20.607+0000] {dagbag.py:545} INFO - Filling up the DagBag from /home/airflow/.local/lib/python3.12/site-packages/airflow/example_dags/example_python_operator.py
[2024-05-12T01:54:20.612+0000] {processor.py:840} INFO - DAG(s) 'example_python_operator' retrieved from /home/airflow/.local/lib/python3.12/site-packages/airflow/example_dags/example_python_operator.py
[2024-05-12T01:54:20.628+0000] {logging_mixin.py:188} INFO - [2024-05-12T01:54:20.628+0000] {dag.py:3096} INFO - Sync 1 DAGs
[2024-05-12T01:54:20.634+0000] {logging_mixin.py:188} INFO - [2024-05-12T01:54:20.634+0000] {dag.py:3954} INFO - Setting next_dagrun for example_python_operator to None, run_after=None
[2024-05-12T01:54:20.642+0000] {processor.py:183} INFO - Processing /home/airflow/.local/lib/python3.12/site-packages/airflow/example_dags/example_python_operator.py took 0.039 seconds
[2024-05-12T01:54:51.132+0000] {processor.py:161} INFO - Started process (PID=301) to work on /home/airflow/.local/lib/python3.12/site-packages/airflow/example_dags/example_python_operator.py
[2024-05-12T01:54:51.132+0000] {processor.py:830} INFO - Processing file /home/airflow/.local/lib/python3.12/site-packages/airflow/example_dags/example_python_operator.py for tasks to queue
[2024-05-12T01:54:51.133+0000] {logging_mixin.py:188} INFO - [2024-05-12T01:54:51.133+0000] {dagbag.py:545} INFO - Filling up the DagBag from /home/airflow/.local/lib/python3.12/site-packages/airflow/example_dags/example_python_operator.py
[2024-05-12T01:54:51.138+0000] {processor.py:840} INFO - DAG(s) 'example_python_operator' retrieved from /home/airflow/.local/lib/python3.12/site-packages/airflow/example_dags/example_python_operator.py
[2024-05-12T01:54:51.147+0000] {logging_mixin.py:188} INFO - [2024-05-12T01:54:51.147+0000] {dag.py:3096} INFO - Sync 1 DAGs
[2024-05-12T01:54:51.152+0000] {logging_mixin.py:188} INFO - [2024-05-12T01:54:51.152+0000] {dag.py:3954} INFO - Setting next_dagrun for example_python_operator to None, run_after=None
[2024-05-12T01:54:51.160+0000] {processor.py:183} INFO - Processing /home/airflow/.local/lib/python3.12/site-packages/airflow/example_dags/example_python_operator.py took 0.031 seconds
[2024-05-12T01:55:21.627+0000] {processor.py:161} INFO - Started process (PID=359) to work on /home/airflow/.local/lib/python3.12/site-packages/airflow/example_dags/example_python_operator.py
[2024-05-12T01:55:21.627+0000] {processor.py:830} INFO - Processing file /home/airflow/.local/lib/python3.12/site-packages/airflow/example_dags/example_python_operator.py for tasks to queue
[2024-05-12T01:55:21.628+0000] {logging_mixin.py:188} INFO - [2024-05-12T01:55:21.628+0000] {dagbag.py:545} INFO - Filling up the DagBag from /home/airflow/.local/lib/python3.12/site-packages/airflow/example_dags/example_python_operator.py
[2024-05-12T01:55:21.633+0000] {processor.py:840} INFO - DAG(s) 'example_python_operator' retrieved from /home/airflow/.local/lib/python3.12/site-packages/airflow/example_dags/example_python_operator.py
[2024-05-12T01:55:21.642+0000] {logging_mixin.py:188} INFO - [2024-05-12T01:55:21.642+0000] {dag.py:3096} INFO - Sync 1 DAGs
[2024-05-12T01:55:21.647+0000] {logging_mixin.py:188} INFO - [2024-05-12T01:55:21.647+0000] {dag.py:3954} INFO - Setting next_dagrun for example_python_operator to None, run_after=None
[2024-05-12T01:55:21.654+0000] {processor.py:183} INFO - Processing /home/airflow/.local/lib/python3.12/site-packages/airflow/example_dags/example_python_operator.py took 0.030 seconds
[2024-05-12T01:55:52.167+0000] {processor.py:161} INFO - Started process (PID=417) to work on /home/airflow/.local/lib/python3.12/site-packages/airflow/example_dags/example_python_operator.py
[2024-05-12T01:55:52.168+0000] {processor.py:830} INFO - Processing file /home/airflow/.local/lib/python3.12/site-packages/airflow/example_dags/example_python_operator.py for tasks to queue
[2024-05-12T01:55:52.169+0000] {logging_mixin.py:188} INFO - [2024-05-12T01:55:52.169+0000] {dagbag.py:545} INFO - Filling up the DagBag from /home/airflow/.local/lib/python3.12/site-packages/airflow/example_dags/example_python_operator.py
[2024-05-12T01:55:52.174+0000] {processor.py:840} INFO - DAG(s) 'example_python_operator' retrieved from /home/airflow/.local/lib/python3.12/site-packages/airflow/example_dags/example_python_operator.py
[2024-05-12T01:55:52.183+0000] {logging_mixin.py:188} INFO - [2024-05-12T01:55:52.182+0000] {dag.py:3096} INFO - Sync 1 DAGs
[2024-05-12T01:55:52.187+0000] {logging_mixin.py:188} INFO - [2024-05-12T01:55:52.187+0000] {dag.py:3954} INFO - Setting next_dagrun for example_python_operator to None, run_after=None
[2024-05-12T01:55:52.194+0000] {processor.py:183} INFO - Processing /home/airflow/.local/lib/python3.12/site-packages/airflow/example_dags/example_python_operator.py took 0.029 seconds
[2024-05-12T01:56:22.739+0000] {processor.py:161} INFO - Started process (PID=475) to work on /home/airflow/.local/lib/python3.12/site-packages/airflow/example_dags/example_python_operator.py
[2024-05-12T01:56:22.740+0000] {processor.py:830} INFO - Processing file /home/airflow/.local/lib/python3.12/site-packages/airflow/example_dags/example_python_operator.py for tasks to queue
[2024-05-12T01:56:22.741+0000] {logging_mixin.py:188} INFO - [2024-05-12T01:56:22.741+0000] {dagbag.py:545} INFO - Filling up the DagBag from /home/airflow/.local/lib/python3.12/site-packages/airflow/example_dags/example_python_operator.py
[2024-05-12T01:56:22.746+0000] {processor.py:840} INFO - DAG(s) 'example_python_operator' retrieved from /home/airflow/.local/lib/python3.12/site-packages/airflow/example_dags/example_python_operator.py
[2024-05-12T01:56:22.755+0000] {logging_mixin.py:188} INFO - [2024-05-12T01:56:22.755+0000] {dag.py:3096} INFO - Sync 1 DAGs
[2024-05-12T01:56:22.760+0000] {logging_mixin.py:188} INFO - [2024-05-12T01:56:22.760+0000] {dag.py:3954} INFO - Setting next_dagrun for example_python_operator to None, run_after=None
[2024-05-12T01:56:22.767+0000] {processor.py:183} INFO - Processing /home/airflow/.local/lib/python3.12/site-packages/airflow/example_dags/example_python_operator.py took 0.030 seconds
[2024-05-12T01:56:53.299+0000] {processor.py:161} INFO - Started process (PID=533) to work on /home/airflow/.local/lib/python3.12/site-packages/airflow/example_dags/example_python_operator.py
[2024-05-12T01:56:53.300+0000] {processor.py:830} INFO - Processing file /home/airflow/.local/lib/python3.12/site-packages/airflow/example_dags/example_python_operator.py for tasks to queue
[2024-05-12T01:56:53.300+0000] {logging_mixin.py:188} INFO - [2024-05-12T01:56:53.300+0000] {dagbag.py:545} INFO - Filling up the DagBag from /home/airflow/.local/lib/python3.12/site-packages/airflow/example_dags/example_python_operator.py
[2024-05-12T01:56:53.305+0000] {processor.py:840} INFO - DAG(s) 'example_python_operator' retrieved from /home/airflow/.local/lib/python3.12/site-packages/airflow/example_dags/example_python_operator.py
[2024-05-12T01:56:53.313+0000] {logging_mixin.py:188} INFO - [2024-05-12T01:56:53.313+0000] {dag.py:3096} INFO - Sync 1 DAGs
[2024-05-12T01:56:53.318+0000] {logging_mixin.py:188} INFO - [2024-05-12T01:56:53.318+0000] {dag.py:3954} INFO - Setting next_dagrun for example_python_operator to None, run_after=None
[2024-05-12T01:56:53.325+0000] {processor.py:183} INFO - Processing /home/airflow/.local/lib/python3.12/site-packages/airflow/example_dags/example_python_operator.py took 0.028 seconds
[2024-05-12T01:57:23.805+0000] {processor.py:161} INFO - Started process (PID=591) to work on /home/airflow/.local/lib/python3.12/site-packages/airflow/example_dags/example_python_operator.py
[2024-05-12T01:57:23.806+0000] {processor.py:830} INFO - Processing file /home/airflow/.local/lib/python3.12/site-packages/airflow/example_dags/example_python_operator.py for tasks to queue
[2024-05-12T01:57:23.808+0000] {logging_mixin.py:188} INFO - [2024-05-12T01:57:23.808+0000] {dagbag.py:545} INFO - Filling up the DagBag from /home/airflow/.local/lib/python3.12/site-packages/airflow/example_dags/example_python_operator.py
[2024-05-12T01:57:23.813+0000] {processor.py:840} INFO - DAG(s) 'example_python_operator' retrieved from /home/airflow/.local/lib/python3.12/site-packages/airflow/example_dags/example_python_operator.py
[2024-05-12T01:57:23.824+0000] {logging_mixin.py:188} INFO - [2024-05-12T01:57:23.824+0000] {dag.py:3096} INFO - Sync 1 DAGs
[2024-05-12T01:57:23.829+0000] {logging_mixin.py:188} INFO - [2024-05-12T01:57:23.829+0000] {dag.py:3954} INFO - Setting next_dagrun for example_python_operator to None, run_after=None
[2024-05-12T01:57:23.837+0000] {processor.py:183} INFO - Processing /home/airflow/.local/lib/python3.12/site-packages/airflow/example_dags/example_python_operator.py took 0.035 seconds
[2024-05-12T01:57:54.316+0000] {processor.py:161} INFO - Started process (PID=650) to work on /home/airflow/.local/lib/python3.12/site-packages/airflow/example_dags/example_python_operator.py
[2024-05-12T01:57:54.316+0000] {processor.py:830} INFO - Processing file /home/airflow/.local/lib/python3.12/site-packages/airflow/example_dags/example_python_operator.py for tasks to queue
[2024-05-12T01:57:54.317+0000] {logging_mixin.py:188} INFO - [2024-05-12T01:57:54.317+0000] {dagbag.py:545} INFO - Filling up the DagBag from /home/airflow/.local/lib/python3.12/site-packages/airflow/example_dags/example_python_operator.py
[2024-05-12T01:57:54.322+0000] {processor.py:840} INFO - DAG(s) 'example_python_operator' retrieved from /home/airflow/.local/lib/python3.12/site-packages/airflow/example_dags/example_python_operator.py
[2024-05-12T01:57:54.331+0000] {logging_mixin.py:188} INFO - [2024-05-12T01:57:54.331+0000] {dag.py:3096} INFO - Sync 1 DAGs
[2024-05-12T01:57:54.336+0000] {logging_mixin.py:188} INFO - [2024-05-12T01:57:54.336+0000] {dag.py:3954} INFO - Setting next_dagrun for example_python_operator to None, run_after=None
[2024-05-12T01:57:54.343+0000] {processor.py:183} INFO - Processing /home/airflow/.local/lib/python3.12/site-packages/airflow/example_dags/example_python_operator.py took 0.030 seconds
[2024-05-12T01:58:24.865+0000] {processor.py:161} INFO - Started process (PID=709) to work on /home/airflow/.local/lib/python3.12/site-packages/airflow/example_dags/example_python_operator.py
[2024-05-12T01:58:24.866+0000] {processor.py:830} INFO - Processing file /home/airflow/.local/lib/python3.12/site-packages/airflow/example_dags/example_python_operator.py for tasks to queue
[2024-05-12T01:58:24.867+0000] {logging_mixin.py:188} INFO - [2024-05-12T01:58:24.867+0000] {dagbag.py:545} INFO - Filling up the DagBag from /home/airflow/.local/lib/python3.12/site-packages/airflow/example_dags/example_python_operator.py
[2024-05-12T01:58:24.872+0000] {processor.py:840} INFO - DAG(s) 'example_python_operator' retrieved from /home/airflow/.local/lib/python3.12/site-packages/airflow/example_dags/example_python_operator.py
[2024-05-12T01:58:24.882+0000] {logging_mixin.py:188} INFO - [2024-05-12T01:58:24.882+0000] {dag.py:3096} INFO - Sync 1 DAGs
[2024-05-12T01:58:24.887+0000] {logging_mixin.py:188} INFO - [2024-05-12T01:58:24.887+0000] {dag.py:3954} INFO - Setting next_dagrun for example_python_operator to None, run_after=None
[2024-05-12T01:58:24.895+0000] {processor.py:183} INFO - Processing /home/airflow/.local/lib/python3.12/site-packages/airflow/example_dags/example_python_operator.py took 0.032 seconds
[2024-05-12T01:58:55.587+0000] {processor.py:161} INFO - Started process (PID=768) to work on /home/airflow/.local/lib/python3.12/site-packages/airflow/example_dags/example_python_operator.py
[2024-05-12T01:58:55.588+0000] {processor.py:830} INFO - Processing file /home/airflow/.local/lib/python3.12/site-packages/airflow/example_dags/example_python_operator.py for tasks to queue
[2024-05-12T01:58:55.589+0000] {logging_mixin.py:188} INFO - [2024-05-12T01:58:55.589+0000] {dagbag.py:545} INFO - Filling up the DagBag from /home/airflow/.local/lib/python3.12/site-packages/airflow/example_dags/example_python_operator.py
[2024-05-12T01:58:55.594+0000] {processor.py:840} INFO - DAG(s) 'example_python_operator' retrieved from /home/airflow/.local/lib/python3.12/site-packages/airflow/example_dags/example_python_operator.py
[2024-05-12T01:58:55.603+0000] {logging_mixin.py:188} INFO - [2024-05-12T01:58:55.603+0000] {dag.py:3096} INFO - Sync 1 DAGs
[2024-05-12T01:58:55.609+0000] {logging_mixin.py:188} INFO - [2024-05-12T01:58:55.609+0000] {dag.py:3954} INFO - Setting next_dagrun for example_python_operator to None, run_after=None
[2024-05-12T01:58:55.616+0000] {processor.py:183} INFO - Processing /home/airflow/.local/lib/python3.12/site-packages/airflow/example_dags/example_python_operator.py took 0.032 seconds
[2024-05-12T01:59:26.277+0000] {processor.py:161} INFO - Started process (PID=827) to work on /home/airflow/.local/lib/python3.12/site-packages/airflow/example_dags/example_python_operator.py
[2024-05-12T01:59:26.277+0000] {processor.py:830} INFO - Processing file /home/airflow/.local/lib/python3.12/site-packages/airflow/example_dags/example_python_operator.py for tasks to queue
[2024-05-12T01:59:26.279+0000] {logging_mixin.py:188} INFO - [2024-05-12T01:59:26.278+0000] {dagbag.py:545} INFO - Filling up the DagBag from /home/airflow/.local/lib/python3.12/site-packages/airflow/example_dags/example_python_operator.py
[2024-05-12T01:59:26.284+0000] {processor.py:840} INFO - DAG(s) 'example_python_operator' retrieved from /home/airflow/.local/lib/python3.12/site-packages/airflow/example_dags/example_python_operator.py
[2024-05-12T01:59:26.296+0000] {logging_mixin.py:188} INFO - [2024-05-12T01:59:26.296+0000] {dag.py:3096} INFO - Sync 1 DAGs
[2024-05-12T01:59:26.303+0000] {logging_mixin.py:188} INFO - [2024-05-12T01:59:26.303+0000] {dag.py:3954} INFO - Setting next_dagrun for example_python_operator to None, run_after=None
[2024-05-12T01:59:26.312+0000] {processor.py:183} INFO - Processing /home/airflow/.local/lib/python3.12/site-packages/airflow/example_dags/example_python_operator.py took 0.037 seconds
[2024-05-12T01:59:57.133+0000] {processor.py:161} INFO - Started process (PID=886) to work on /home/airflow/.local/lib/python3.12/site-packages/airflow/example_dags/example_python_operator.py
[2024-05-12T01:59:57.134+0000] {processor.py:830} INFO - Processing file /home/airflow/.local/lib/python3.12/site-packages/airflow/example_dags/example_python_operator.py for tasks to queue
[2024-05-12T01:59:57.135+0000] {logging_mixin.py:188} INFO - [2024-05-12T01:59:57.134+0000] {dagbag.py:545} INFO - Filling up the DagBag from /home/airflow/.local/lib/python3.12/site-packages/airflow/example_dags/example_python_operator.py
[2024-05-12T01:59:57.139+0000] {processor.py:840} INFO - DAG(s) 'example_python_operator' retrieved from /home/airflow/.local/lib/python3.12/site-packages/airflow/example_dags/example_python_operator.py
[2024-05-12T01:59:57.149+0000] {logging_mixin.py:188} INFO - [2024-05-12T01:59:57.149+0000] {dag.py:3096} INFO - Sync 1 DAGs
[2024-05-12T01:59:57.154+0000] {logging_mixin.py:188} INFO - [2024-05-12T01:59:57.154+0000] {dag.py:3954} INFO - Setting next_dagrun for example_python_operator to None, run_after=None
[2024-05-12T01:59:57.162+0000] {processor.py:183} INFO - Processing /home/airflow/.local/lib/python3.12/site-packages/airflow/example_dags/example_python_operator.py took 0.031 seconds
[2024-05-12T02:00:28.000+0000] {processor.py:161} INFO - Started process (PID=945) to work on /home/airflow/.local/lib/python3.12/site-packages/airflow/example_dags/example_python_operator.py
[2024-05-12T02:00:28.000+0000] {processor.py:830} INFO - Processing file /home/airflow/.local/lib/python3.12/site-packages/airflow/example_dags/example_python_operator.py for tasks to queue
[2024-05-12T02:00:28.001+0000] {logging_mixin.py:188} INFO - [2024-05-12T02:00:28.001+0000] {dagbag.py:545} INFO - Filling up the DagBag from /home/airflow/.local/lib/python3.12/site-packages/airflow/example_dags/example_python_operator.py
[2024-05-12T02:00:28.006+0000] {processor.py:840} INFO - DAG(s) 'example_python_operator' retrieved from /home/airflow/.local/lib/python3.12/site-packages/airflow/example_dags/example_python_operator.py
[2024-05-12T02:00:28.017+0000] {logging_mixin.py:188} INFO - [2024-05-12T02:00:28.017+0000] {dag.py:3096} INFO - Sync 1 DAGs
[2024-05-12T02:00:28.022+0000] {logging_mixin.py:188} INFO - [2024-05-12T02:00:28.022+0000] {dag.py:3954} INFO - Setting next_dagrun for example_python_operator to None, run_after=None
[2024-05-12T02:00:28.030+0000] {processor.py:183} INFO - Processing /home/airflow/.local/lib/python3.12/site-packages/airflow/example_dags/example_python_operator.py took 0.033 seconds
[2024-05-12T02:00:58.652+0000] {processor.py:161} INFO - Started process (PID=1004) to work on /home/airflow/.local/lib/python3.12/site-packages/airflow/example_dags/example_python_operator.py
[2024-05-12T02:00:58.653+0000] {processor.py:830} INFO - Processing file /home/airflow/.local/lib/python3.12/site-packages/airflow/example_dags/example_python_operator.py for tasks to queue
[2024-05-12T02:00:58.654+0000] {logging_mixin.py:188} INFO - [2024-05-12T02:00:58.653+0000] {dagbag.py:545} INFO - Filling up the DagBag from /home/airflow/.local/lib/python3.12/site-packages/airflow/example_dags/example_python_operator.py
[2024-05-12T02:00:58.658+0000] {processor.py:840} INFO - DAG(s) 'example_python_operator' retrieved from /home/airflow/.local/lib/python3.12/site-packages/airflow/example_dags/example_python_operator.py
[2024-05-12T02:00:58.667+0000] {logging_mixin.py:188} INFO - [2024-05-12T02:00:58.667+0000] {dag.py:3096} INFO - Sync 1 DAGs
[2024-05-12T02:00:58.672+0000] {logging_mixin.py:188} INFO - [2024-05-12T02:00:58.671+0000] {dag.py:3954} INFO - Setting next_dagrun for example_python_operator to None, run_after=None
[2024-05-12T02:00:58.678+0000] {processor.py:183} INFO - Processing /home/airflow/.local/lib/python3.12/site-packages/airflow/example_dags/example_python_operator.py took 0.028 seconds
[2024-05-12T02:01:29.326+0000] {processor.py:161} INFO - Started process (PID=1063) to work on /home/airflow/.local/lib/python3.12/site-packages/airflow/example_dags/example_python_operator.py
[2024-05-12T02:01:29.327+0000] {processor.py:830} INFO - Processing file /home/airflow/.local/lib/python3.12/site-packages/airflow/example_dags/example_python_operator.py for tasks to queue
[2024-05-12T02:01:29.328+0000] {logging_mixin.py:188} INFO - [2024-05-12T02:01:29.327+0000] {dagbag.py:545} INFO - Filling up the DagBag from /home/airflow/.local/lib/python3.12/site-packages/airflow/example_dags/example_python_operator.py
[2024-05-12T02:01:29.332+0000] {processor.py:840} INFO - DAG(s) 'example_python_operator' retrieved from /home/airflow/.local/lib/python3.12/site-packages/airflow/example_dags/example_python_operator.py
[2024-05-12T02:01:29.342+0000] {logging_mixin.py:188} INFO - [2024-05-12T02:01:29.341+0000] {dag.py:3096} INFO - Sync 1 DAGs
[2024-05-12T02:01:29.346+0000] {logging_mixin.py:188} INFO - [2024-05-12T02:01:29.346+0000] {dag.py:3954} INFO - Setting next_dagrun for example_python_operator to None, run_after=None
[2024-05-12T02:01:29.353+0000] {processor.py:183} INFO - Processing /home/airflow/.local/lib/python3.12/site-packages/airflow/example_dags/example_python_operator.py took 0.029 seconds
[2024-05-12T02:02:00.188+0000] {processor.py:161} INFO - Started process (PID=1122) to work on /home/airflow/.local/lib/python3.12/site-packages/airflow/example_dags/example_python_operator.py
[2024-05-12T02:02:00.188+0000] {processor.py:830} INFO - Processing file /home/airflow/.local/lib/python3.12/site-packages/airflow/example_dags/example_python_operator.py for tasks to queue
[2024-05-12T02:02:00.189+0000] {logging_mixin.py:188} INFO - [2024-05-12T02:02:00.189+0000] {dagbag.py:545} INFO - Filling up the DagBag from /home/airflow/.local/lib/python3.12/site-packages/airflow/example_dags/example_python_operator.py
[2024-05-12T02:02:00.194+0000] {processor.py:840} INFO - DAG(s) 'example_python_operator' retrieved from /home/airflow/.local/lib/python3.12/site-packages/airflow/example_dags/example_python_operator.py
[2024-05-12T02:02:00.203+0000] {logging_mixin.py:188} INFO - [2024-05-12T02:02:00.203+0000] {dag.py:3096} INFO - Sync 1 DAGs
[2024-05-12T02:02:00.208+0000] {logging_mixin.py:188} INFO - [2024-05-12T02:02:00.208+0000] {dag.py:3954} INFO - Setting next_dagrun for example_python_operator to None, run_after=None
[2024-05-12T02:02:00.216+0000] {processor.py:183} INFO - Processing /home/airflow/.local/lib/python3.12/site-packages/airflow/example_dags/example_python_operator.py took 0.031 seconds
[2024-05-12T02:02:31.189+0000] {processor.py:161} INFO - Started process (PID=1181) to work on /home/airflow/.local/lib/python3.12/site-packages/airflow/example_dags/example_python_operator.py
[2024-05-12T02:02:31.189+0000] {processor.py:830} INFO - Processing file /home/airflow/.local/lib/python3.12/site-packages/airflow/example_dags/example_python_operator.py for tasks to queue
[2024-05-12T02:02:31.190+0000] {logging_mixin.py:188} INFO - [2024-05-12T02:02:31.190+0000] {dagbag.py:545} INFO - Filling up the DagBag from /home/airflow/.local/lib/python3.12/site-packages/airflow/example_dags/example_python_operator.py
[2024-05-12T02:02:31.195+0000] {processor.py:840} INFO - DAG(s) 'example_python_operator' retrieved from /home/airflow/.local/lib/python3.12/site-packages/airflow/example_dags/example_python_operator.py
[2024-05-12T02:02:31.206+0000] {logging_mixin.py:188} INFO - [2024-05-12T02:02:31.206+0000] {dag.py:3096} INFO - Sync 1 DAGs
[2024-05-12T02:02:31.211+0000] {logging_mixin.py:188} INFO - [2024-05-12T02:02:31.211+0000] {dag.py:3954} INFO - Setting next_dagrun for example_python_operator to None, run_after=None
[2024-05-12T02:02:31.219+0000] {processor.py:183} INFO - Processing /home/airflow/.local/lib/python3.12/site-packages/airflow/example_dags/example_python_operator.py took 0.033 seconds
[2024-05-12T02:03:02.191+0000] {processor.py:161} INFO - Started process (PID=1240) to work on /home/airflow/.local/lib/python3.12/site-packages/airflow/example_dags/example_python_operator.py
[2024-05-12T02:03:02.192+0000] {processor.py:830} INFO - Processing file /home/airflow/.local/lib/python3.12/site-packages/airflow/example_dags/example_python_operator.py for tasks to queue
[2024-05-12T02:03:02.193+0000] {logging_mixin.py:188} INFO - [2024-05-12T02:03:02.193+0000] {dagbag.py:545} INFO - Filling up the DagBag from /home/airflow/.local/lib/python3.12/site-packages/airflow/example_dags/example_python_operator.py
[2024-05-12T02:03:02.199+0000] {processor.py:840} INFO - DAG(s) 'example_python_operator' retrieved from /home/airflow/.local/lib/python3.12/site-packages/airflow/example_dags/example_python_operator.py
[2024-05-12T02:03:02.210+0000] {logging_mixin.py:188} INFO - [2024-05-12T02:03:02.210+0000] {dag.py:3096} INFO - Sync 1 DAGs
[2024-05-12T02:03:02.218+0000] {logging_mixin.py:188} INFO - [2024-05-12T02:03:02.218+0000] {dag.py:3954} INFO - Setting next_dagrun for example_python_operator to None, run_after=None
[2024-05-12T02:03:02.227+0000] {processor.py:183} INFO - Processing /home/airflow/.local/lib/python3.12/site-packages/airflow/example_dags/example_python_operator.py took 0.039 seconds
[2024-05-12T02:03:33.009+0000] {processor.py:161} INFO - Started process (PID=1299) to work on /home/airflow/.local/lib/python3.12/site-packages/airflow/example_dags/example_python_operator.py
[2024-05-12T02:03:33.009+0000] {processor.py:830} INFO - Processing file /home/airflow/.local/lib/python3.12/site-packages/airflow/example_dags/example_python_operator.py for tasks to queue
[2024-05-12T02:03:33.010+0000] {logging_mixin.py:188} INFO - [2024-05-12T02:03:33.010+0000] {dagbag.py:545} INFO - Filling up the DagBag from /home/airflow/.local/lib/python3.12/site-packages/airflow/example_dags/example_python_operator.py
[2024-05-12T02:03:33.015+0000] {processor.py:840} INFO - DAG(s) 'example_python_operator' retrieved from /home/airflow/.local/lib/python3.12/site-packages/airflow/example_dags/example_python_operator.py
[2024-05-12T02:03:33.026+0000] {logging_mixin.py:188} INFO - [2024-05-12T02:03:33.026+0000] {dag.py:3096} INFO - Sync 1 DAGs
[2024-05-12T02:03:33.032+0000] {logging_mixin.py:188} INFO - [2024-05-12T02:03:33.031+0000] {dag.py:3954} INFO - Setting next_dagrun for example_python_operator to None, run_after=None
[2024-05-12T02:03:33.039+0000] {processor.py:183} INFO - Processing /home/airflow/.local/lib/python3.12/site-packages/airflow/example_dags/example_python_operator.py took 0.034 seconds
[2024-05-12T02:04:03.658+0000] {processor.py:161} INFO - Started process (PID=1358) to work on /home/airflow/.local/lib/python3.12/site-packages/airflow/example_dags/example_python_operator.py
[2024-05-12T02:04:03.658+0000] {processor.py:830} INFO - Processing file /home/airflow/.local/lib/python3.12/site-packages/airflow/example_dags/example_python_operator.py for tasks to queue
[2024-05-12T02:04:03.660+0000] {logging_mixin.py:188} INFO - [2024-05-12T02:04:03.659+0000] {dagbag.py:545} INFO - Filling up the DagBag from /home/airflow/.local/lib/python3.12/site-packages/airflow/example_dags/example_python_operator.py
[2024-05-12T02:04:03.667+0000] {processor.py:840} INFO - DAG(s) 'example_python_operator' retrieved from /home/airflow/.local/lib/python3.12/site-packages/airflow/example_dags/example_python_operator.py
[2024-05-12T02:04:03.678+0000] {logging_mixin.py:188} INFO - [2024-05-12T02:04:03.678+0000] {dag.py:3096} INFO - Sync 1 DAGs
[2024-05-12T02:04:03.684+0000] {logging_mixin.py:188} INFO - [2024-05-12T02:04:03.684+0000] {dag.py:3954} INFO - Setting next_dagrun for example_python_operator to None, run_after=None
[2024-05-12T02:04:03.693+0000] {processor.py:183} INFO - Processing /home/airflow/.local/lib/python3.12/site-packages/airflow/example_dags/example_python_operator.py took 0.038 seconds
[2024-05-12T02:04:34.486+0000] {processor.py:161} INFO - Started process (PID=1417) to work on /home/airflow/.local/lib/python3.12/site-packages/airflow/example_dags/example_python_operator.py
[2024-05-12T02:04:34.488+0000] {processor.py:830} INFO - Processing file /home/airflow/.local/lib/python3.12/site-packages/airflow/example_dags/example_python_operator.py for tasks to queue
[2024-05-12T02:04:34.489+0000] {logging_mixin.py:188} INFO - [2024-05-12T02:04:34.489+0000] {dagbag.py:545} INFO - Filling up the DagBag from /home/airflow/.local/lib/python3.12/site-packages/airflow/example_dags/example_python_operator.py
[2024-05-12T02:04:34.495+0000] {processor.py:840} INFO - DAG(s) 'example_python_operator' retrieved from /home/airflow/.local/lib/python3.12/site-packages/airflow/example_dags/example_python_operator.py
[2024-05-12T02:04:34.506+0000] {logging_mixin.py:188} INFO - [2024-05-12T02:04:34.506+0000] {dag.py:3096} INFO - Sync 1 DAGs
[2024-05-12T02:04:34.512+0000] {logging_mixin.py:188} INFO - [2024-05-12T02:04:34.512+0000] {dag.py:3954} INFO - Setting next_dagrun for example_python_operator to None, run_after=None
[2024-05-12T02:04:34.519+0000] {processor.py:183} INFO - Processing /home/airflow/.local/lib/python3.12/site-packages/airflow/example_dags/example_python_operator.py took 0.036 seconds
[2024-05-12T02:05:04.811+0000] {processor.py:161} INFO - Started process (PID=1476) to work on /home/airflow/.local/lib/python3.12/site-packages/airflow/example_dags/example_python_operator.py
[2024-05-12T02:05:04.811+0000] {processor.py:830} INFO - Processing file /home/airflow/.local/lib/python3.12/site-packages/airflow/example_dags/example_python_operator.py for tasks to queue
[2024-05-12T02:05:04.812+0000] {logging_mixin.py:188} INFO - [2024-05-12T02:05:04.812+0000] {dagbag.py:545} INFO - Filling up the DagBag from /home/airflow/.local/lib/python3.12/site-packages/airflow/example_dags/example_python_operator.py
[2024-05-12T02:05:04.818+0000] {processor.py:840} INFO - DAG(s) 'example_python_operator' retrieved from /home/airflow/.local/lib/python3.12/site-packages/airflow/example_dags/example_python_operator.py
[2024-05-12T02:05:04.828+0000] {logging_mixin.py:188} INFO - [2024-05-12T02:05:04.828+0000] {dag.py:3096} INFO - Sync 1 DAGs
[2024-05-12T02:05:04.834+0000] {logging_mixin.py:188} INFO - [2024-05-12T02:05:04.834+0000] {dag.py:3954} INFO - Setting next_dagrun for example_python_operator to None, run_after=None
[2024-05-12T02:05:04.842+0000] {processor.py:183} INFO - Processing /home/airflow/.local/lib/python3.12/site-packages/airflow/example_dags/example_python_operator.py took 0.034 seconds
[2024-05-12T02:05:35.231+0000] {processor.py:161} INFO - Started process (PID=1534) to work on /home/airflow/.local/lib/python3.12/site-packages/airflow/example_dags/example_python_operator.py
[2024-05-12T02:05:35.231+0000] {processor.py:830} INFO - Processing file /home/airflow/.local/lib/python3.12/site-packages/airflow/example_dags/example_python_operator.py for tasks to queue
[2024-05-12T02:05:35.232+0000] {logging_mixin.py:188} INFO - [2024-05-12T02:05:35.232+0000] {dagbag.py:545} INFO - Filling up the DagBag from /home/airflow/.local/lib/python3.12/site-packages/airflow/example_dags/example_python_operator.py
[2024-05-12T02:05:35.237+0000] {processor.py:840} INFO - DAG(s) 'example_python_operator' retrieved from /home/airflow/.local/lib/python3.12/site-packages/airflow/example_dags/example_python_operator.py
[2024-05-12T02:05:35.247+0000] {logging_mixin.py:188} INFO - [2024-05-12T02:05:35.247+0000] {dag.py:3096} INFO - Sync 1 DAGs
[2024-05-12T02:05:35.252+0000] {logging_mixin.py:188} INFO - [2024-05-12T02:05:35.252+0000] {dag.py:3954} INFO - Setting next_dagrun for example_python_operator to None, run_after=None
[2024-05-12T02:05:35.260+0000] {processor.py:183} INFO - Processing /home/airflow/.local/lib/python3.12/site-packages/airflow/example_dags/example_python_operator.py took 0.032 seconds
