[2024-05-12T01:52:47.767+0000] {processor.py:161} INFO - Started process (PID=47) to work on /home/airflow/.local/lib/python3.12/site-packages/airflow/example_dags/example_short_circuit_operator.py
[2024-05-12T01:52:47.768+0000] {processor.py:830} INFO - Processing file /home/airflow/.local/lib/python3.12/site-packages/airflow/example_dags/example_short_circuit_operator.py for tasks to queue
[2024-05-12T01:52:47.769+0000] {logging_mixin.py:188} INFO - [2024-05-12T01:52:47.769+0000] {dagbag.py:545} INFO - Filling up the DagBag from /home/airflow/.local/lib/python3.12/site-packages/airflow/example_dags/example_short_circuit_operator.py
[2024-05-12T01:52:47.773+0000] {processor.py:840} INFO - DAG(s) 'example_short_circuit_operator' retrieved from /home/airflow/.local/lib/python3.12/site-packages/airflow/example_dags/example_short_circuit_operator.py
[2024-05-12T01:52:47.779+0000] {logging_mixin.py:188} INFO - [2024-05-12T01:52:47.779+0000] {dag.py:3096} INFO - Sync 1 DAGs
[2024-05-12T01:52:47.797+0000] {logging_mixin.py:188} INFO - [2024-05-12T01:52:47.796+0000] {dag.py:3954} INFO - Setting next_dagrun for example_short_circuit_operator to 2024-05-11 00:00:00+00:00, run_after=2024-05-12 00:00:00+00:00
[2024-05-12T01:52:47.806+0000] {processor.py:183} INFO - Processing /home/airflow/.local/lib/python3.12/site-packages/airflow/example_dags/example_short_circuit_operator.py took 0.041 seconds
[2024-05-12T01:53:18.095+0000] {processor.py:161} INFO - Started process (PID=105) to work on /home/airflow/.local/lib/python3.12/site-packages/airflow/example_dags/example_short_circuit_operator.py
[2024-05-12T01:53:18.095+0000] {processor.py:830} INFO - Processing file /home/airflow/.local/lib/python3.12/site-packages/airflow/example_dags/example_short_circuit_operator.py for tasks to queue
[2024-05-12T01:53:18.096+0000] {logging_mixin.py:188} INFO - [2024-05-12T01:53:18.096+0000] {dagbag.py:545} INFO - Filling up the DagBag from /home/airflow/.local/lib/python3.12/site-packages/airflow/example_dags/example_short_circuit_operator.py
[2024-05-12T01:53:18.100+0000] {processor.py:840} INFO - DAG(s) 'example_short_circuit_operator' retrieved from /home/airflow/.local/lib/python3.12/site-packages/airflow/example_dags/example_short_circuit_operator.py
[2024-05-12T01:53:18.144+0000] {logging_mixin.py:188} INFO - [2024-05-12T01:53:18.144+0000] {dag.py:3096} INFO - Sync 1 DAGs
[2024-05-12T01:53:18.152+0000] {logging_mixin.py:188} INFO - [2024-05-12T01:53:18.152+0000] {dag.py:3954} INFO - Setting next_dagrun for example_short_circuit_operator to 2024-05-11 00:00:00+00:00, run_after=2024-05-12 00:00:00+00:00
[2024-05-12T01:53:18.159+0000] {processor.py:183} INFO - Processing /home/airflow/.local/lib/python3.12/site-packages/airflow/example_dags/example_short_circuit_operator.py took 0.067 seconds
[2024-05-12T01:53:48.194+0000] {processor.py:161} INFO - Started process (PID=163) to work on /home/airflow/.local/lib/python3.12/site-packages/airflow/example_dags/example_short_circuit_operator.py
[2024-05-12T01:53:48.194+0000] {processor.py:830} INFO - Processing file /home/airflow/.local/lib/python3.12/site-packages/airflow/example_dags/example_short_circuit_operator.py for tasks to queue
[2024-05-12T01:53:48.195+0000] {logging_mixin.py:188} INFO - [2024-05-12T01:53:48.195+0000] {dagbag.py:545} INFO - Filling up the DagBag from /home/airflow/.local/lib/python3.12/site-packages/airflow/example_dags/example_short_circuit_operator.py
[2024-05-12T01:53:48.198+0000] {processor.py:840} INFO - DAG(s) 'example_short_circuit_operator' retrieved from /home/airflow/.local/lib/python3.12/site-packages/airflow/example_dags/example_short_circuit_operator.py
[2024-05-12T01:53:48.207+0000] {logging_mixin.py:188} INFO - [2024-05-12T01:53:48.207+0000] {dag.py:3096} INFO - Sync 1 DAGs
[2024-05-12T01:53:48.215+0000] {logging_mixin.py:188} INFO - [2024-05-12T01:53:48.215+0000] {dag.py:3954} INFO - Setting next_dagrun for example_short_circuit_operator to 2024-05-11 00:00:00+00:00, run_after=2024-05-12 00:00:00+00:00
[2024-05-12T01:53:48.222+0000] {processor.py:183} INFO - Processing /home/airflow/.local/lib/python3.12/site-packages/airflow/example_dags/example_short_circuit_operator.py took 0.031 seconds
[2024-05-12T01:54:19.052+0000] {processor.py:161} INFO - Started process (PID=221) to work on /home/airflow/.local/lib/python3.12/site-packages/airflow/example_dags/example_short_circuit_operator.py
[2024-05-12T01:54:19.052+0000] {processor.py:830} INFO - Processing file /home/airflow/.local/lib/python3.12/site-packages/airflow/example_dags/example_short_circuit_operator.py for tasks to queue
[2024-05-12T01:54:19.053+0000] {logging_mixin.py:188} INFO - [2024-05-12T01:54:19.053+0000] {dagbag.py:545} INFO - Filling up the DagBag from /home/airflow/.local/lib/python3.12/site-packages/airflow/example_dags/example_short_circuit_operator.py
[2024-05-12T01:54:19.057+0000] {processor.py:840} INFO - DAG(s) 'example_short_circuit_operator' retrieved from /home/airflow/.local/lib/python3.12/site-packages/airflow/example_dags/example_short_circuit_operator.py
[2024-05-12T01:54:19.066+0000] {logging_mixin.py:188} INFO - [2024-05-12T01:54:19.066+0000] {dag.py:3096} INFO - Sync 1 DAGs
[2024-05-12T01:54:19.075+0000] {logging_mixin.py:188} INFO - [2024-05-12T01:54:19.075+0000] {dag.py:3954} INFO - Setting next_dagrun for example_short_circuit_operator to 2024-05-11 00:00:00+00:00, run_after=2024-05-12 00:00:00+00:00
[2024-05-12T01:54:19.082+0000] {processor.py:183} INFO - Processing /home/airflow/.local/lib/python3.12/site-packages/airflow/example_dags/example_short_circuit_operator.py took 0.033 seconds
[2024-05-12T01:54:49.576+0000] {processor.py:161} INFO - Started process (PID=279) to work on /home/airflow/.local/lib/python3.12/site-packages/airflow/example_dags/example_short_circuit_operator.py
[2024-05-12T01:54:49.576+0000] {processor.py:830} INFO - Processing file /home/airflow/.local/lib/python3.12/site-packages/airflow/example_dags/example_short_circuit_operator.py for tasks to queue
[2024-05-12T01:54:49.577+0000] {logging_mixin.py:188} INFO - [2024-05-12T01:54:49.577+0000] {dagbag.py:545} INFO - Filling up the DagBag from /home/airflow/.local/lib/python3.12/site-packages/airflow/example_dags/example_short_circuit_operator.py
[2024-05-12T01:54:49.580+0000] {processor.py:840} INFO - DAG(s) 'example_short_circuit_operator' retrieved from /home/airflow/.local/lib/python3.12/site-packages/airflow/example_dags/example_short_circuit_operator.py
[2024-05-12T01:54:49.589+0000] {logging_mixin.py:188} INFO - [2024-05-12T01:54:49.589+0000] {dag.py:3096} INFO - Sync 1 DAGs
[2024-05-12T01:54:49.598+0000] {logging_mixin.py:188} INFO - [2024-05-12T01:54:49.598+0000] {dag.py:3954} INFO - Setting next_dagrun for example_short_circuit_operator to 2024-05-11 00:00:00+00:00, run_after=2024-05-12 00:00:00+00:00
[2024-05-12T01:54:49.605+0000] {processor.py:183} INFO - Processing /home/airflow/.local/lib/python3.12/site-packages/airflow/example_dags/example_short_circuit_operator.py took 0.031 seconds
[2024-05-12T01:55:20.092+0000] {processor.py:161} INFO - Started process (PID=337) to work on /home/airflow/.local/lib/python3.12/site-packages/airflow/example_dags/example_short_circuit_operator.py
[2024-05-12T01:55:20.093+0000] {processor.py:830} INFO - Processing file /home/airflow/.local/lib/python3.12/site-packages/airflow/example_dags/example_short_circuit_operator.py for tasks to queue
[2024-05-12T01:55:20.094+0000] {logging_mixin.py:188} INFO - [2024-05-12T01:55:20.093+0000] {dagbag.py:545} INFO - Filling up the DagBag from /home/airflow/.local/lib/python3.12/site-packages/airflow/example_dags/example_short_circuit_operator.py
[2024-05-12T01:55:20.097+0000] {processor.py:840} INFO - DAG(s) 'example_short_circuit_operator' retrieved from /home/airflow/.local/lib/python3.12/site-packages/airflow/example_dags/example_short_circuit_operator.py
[2024-05-12T01:55:20.106+0000] {logging_mixin.py:188} INFO - [2024-05-12T01:55:20.105+0000] {dag.py:3096} INFO - Sync 1 DAGs
[2024-05-12T01:55:20.113+0000] {logging_mixin.py:188} INFO - [2024-05-12T01:55:20.113+0000] {dag.py:3954} INFO - Setting next_dagrun for example_short_circuit_operator to 2024-05-11 00:00:00+00:00, run_after=2024-05-12 00:00:00+00:00
[2024-05-12T01:55:20.120+0000] {processor.py:183} INFO - Processing /home/airflow/.local/lib/python3.12/site-packages/airflow/example_dags/example_short_circuit_operator.py took 0.030 seconds
[2024-05-12T01:55:50.623+0000] {processor.py:161} INFO - Started process (PID=395) to work on /home/airflow/.local/lib/python3.12/site-packages/airflow/example_dags/example_short_circuit_operator.py
[2024-05-12T01:55:50.623+0000] {processor.py:830} INFO - Processing file /home/airflow/.local/lib/python3.12/site-packages/airflow/example_dags/example_short_circuit_operator.py for tasks to queue
[2024-05-12T01:55:50.624+0000] {logging_mixin.py:188} INFO - [2024-05-12T01:55:50.624+0000] {dagbag.py:545} INFO - Filling up the DagBag from /home/airflow/.local/lib/python3.12/site-packages/airflow/example_dags/example_short_circuit_operator.py
[2024-05-12T01:55:50.627+0000] {processor.py:840} INFO - DAG(s) 'example_short_circuit_operator' retrieved from /home/airflow/.local/lib/python3.12/site-packages/airflow/example_dags/example_short_circuit_operator.py
[2024-05-12T01:55:50.637+0000] {logging_mixin.py:188} INFO - [2024-05-12T01:55:50.637+0000] {dag.py:3096} INFO - Sync 1 DAGs
[2024-05-12T01:55:50.647+0000] {logging_mixin.py:188} INFO - [2024-05-12T01:55:50.646+0000] {dag.py:3954} INFO - Setting next_dagrun for example_short_circuit_operator to 2024-05-11 00:00:00+00:00, run_after=2024-05-12 00:00:00+00:00
[2024-05-12T01:55:50.654+0000] {processor.py:183} INFO - Processing /home/airflow/.local/lib/python3.12/site-packages/airflow/example_dags/example_short_circuit_operator.py took 0.034 seconds
[2024-05-12T01:56:21.199+0000] {processor.py:161} INFO - Started process (PID=453) to work on /home/airflow/.local/lib/python3.12/site-packages/airflow/example_dags/example_short_circuit_operator.py
[2024-05-12T01:56:21.200+0000] {processor.py:830} INFO - Processing file /home/airflow/.local/lib/python3.12/site-packages/airflow/example_dags/example_short_circuit_operator.py for tasks to queue
[2024-05-12T01:56:21.201+0000] {logging_mixin.py:188} INFO - [2024-05-12T01:56:21.201+0000] {dagbag.py:545} INFO - Filling up the DagBag from /home/airflow/.local/lib/python3.12/site-packages/airflow/example_dags/example_short_circuit_operator.py
[2024-05-12T01:56:21.204+0000] {processor.py:840} INFO - DAG(s) 'example_short_circuit_operator' retrieved from /home/airflow/.local/lib/python3.12/site-packages/airflow/example_dags/example_short_circuit_operator.py
[2024-05-12T01:56:21.215+0000] {logging_mixin.py:188} INFO - [2024-05-12T01:56:21.215+0000] {dag.py:3096} INFO - Sync 1 DAGs
[2024-05-12T01:56:21.225+0000] {logging_mixin.py:188} INFO - [2024-05-12T01:56:21.225+0000] {dag.py:3954} INFO - Setting next_dagrun for example_short_circuit_operator to 2024-05-11 00:00:00+00:00, run_after=2024-05-12 00:00:00+00:00
[2024-05-12T01:56:21.232+0000] {processor.py:183} INFO - Processing /home/airflow/.local/lib/python3.12/site-packages/airflow/example_dags/example_short_circuit_operator.py took 0.036 seconds
[2024-05-12T01:56:51.749+0000] {processor.py:161} INFO - Started process (PID=511) to work on /home/airflow/.local/lib/python3.12/site-packages/airflow/example_dags/example_short_circuit_operator.py
[2024-05-12T01:56:51.749+0000] {processor.py:830} INFO - Processing file /home/airflow/.local/lib/python3.12/site-packages/airflow/example_dags/example_short_circuit_operator.py for tasks to queue
[2024-05-12T01:56:51.750+0000] {logging_mixin.py:188} INFO - [2024-05-12T01:56:51.750+0000] {dagbag.py:545} INFO - Filling up the DagBag from /home/airflow/.local/lib/python3.12/site-packages/airflow/example_dags/example_short_circuit_operator.py
[2024-05-12T01:56:51.753+0000] {processor.py:840} INFO - DAG(s) 'example_short_circuit_operator' retrieved from /home/airflow/.local/lib/python3.12/site-packages/airflow/example_dags/example_short_circuit_operator.py
[2024-05-12T01:56:51.762+0000] {logging_mixin.py:188} INFO - [2024-05-12T01:56:51.762+0000] {dag.py:3096} INFO - Sync 1 DAGs
[2024-05-12T01:56:51.770+0000] {logging_mixin.py:188} INFO - [2024-05-12T01:56:51.770+0000] {dag.py:3954} INFO - Setting next_dagrun for example_short_circuit_operator to 2024-05-11 00:00:00+00:00, run_after=2024-05-12 00:00:00+00:00
[2024-05-12T01:56:51.777+0000] {processor.py:183} INFO - Processing /home/airflow/.local/lib/python3.12/site-packages/airflow/example_dags/example_short_circuit_operator.py took 0.031 seconds
[2024-05-12T01:57:22.265+0000] {processor.py:161} INFO - Started process (PID=569) to work on /home/airflow/.local/lib/python3.12/site-packages/airflow/example_dags/example_short_circuit_operator.py
[2024-05-12T01:57:22.265+0000] {processor.py:830} INFO - Processing file /home/airflow/.local/lib/python3.12/site-packages/airflow/example_dags/example_short_circuit_operator.py for tasks to queue
[2024-05-12T01:57:22.266+0000] {logging_mixin.py:188} INFO - [2024-05-12T01:57:22.266+0000] {dagbag.py:545} INFO - Filling up the DagBag from /home/airflow/.local/lib/python3.12/site-packages/airflow/example_dags/example_short_circuit_operator.py
[2024-05-12T01:57:22.270+0000] {processor.py:840} INFO - DAG(s) 'example_short_circuit_operator' retrieved from /home/airflow/.local/lib/python3.12/site-packages/airflow/example_dags/example_short_circuit_operator.py
[2024-05-12T01:57:22.280+0000] {logging_mixin.py:188} INFO - [2024-05-12T01:57:22.280+0000] {dag.py:3096} INFO - Sync 1 DAGs
[2024-05-12T01:57:22.289+0000] {logging_mixin.py:188} INFO - [2024-05-12T01:57:22.288+0000] {dag.py:3954} INFO - Setting next_dagrun for example_short_circuit_operator to 2024-05-11 00:00:00+00:00, run_after=2024-05-12 00:00:00+00:00
[2024-05-12T01:57:22.297+0000] {processor.py:183} INFO - Processing /home/airflow/.local/lib/python3.12/site-packages/airflow/example_dags/example_short_circuit_operator.py took 0.035 seconds
[2024-05-12T01:57:52.776+0000] {processor.py:161} INFO - Started process (PID=628) to work on /home/airflow/.local/lib/python3.12/site-packages/airflow/example_dags/example_short_circuit_operator.py
[2024-05-12T01:57:52.777+0000] {processor.py:830} INFO - Processing file /home/airflow/.local/lib/python3.12/site-packages/airflow/example_dags/example_short_circuit_operator.py for tasks to queue
[2024-05-12T01:57:52.778+0000] {logging_mixin.py:188} INFO - [2024-05-12T01:57:52.778+0000] {dagbag.py:545} INFO - Filling up the DagBag from /home/airflow/.local/lib/python3.12/site-packages/airflow/example_dags/example_short_circuit_operator.py
[2024-05-12T01:57:52.782+0000] {processor.py:840} INFO - DAG(s) 'example_short_circuit_operator' retrieved from /home/airflow/.local/lib/python3.12/site-packages/airflow/example_dags/example_short_circuit_operator.py
[2024-05-12T01:57:52.792+0000] {logging_mixin.py:188} INFO - [2024-05-12T01:57:52.792+0000] {dag.py:3096} INFO - Sync 1 DAGs
[2024-05-12T01:57:52.803+0000] {logging_mixin.py:188} INFO - [2024-05-12T01:57:52.803+0000] {dag.py:3954} INFO - Setting next_dagrun for example_short_circuit_operator to 2024-05-11 00:00:00+00:00, run_after=2024-05-12 00:00:00+00:00
[2024-05-12T01:57:52.812+0000] {processor.py:183} INFO - Processing /home/airflow/.local/lib/python3.12/site-packages/airflow/example_dags/example_short_circuit_operator.py took 0.039 seconds
[2024-05-12T01:58:23.327+0000] {processor.py:161} INFO - Started process (PID=687) to work on /home/airflow/.local/lib/python3.12/site-packages/airflow/example_dags/example_short_circuit_operator.py
[2024-05-12T01:58:23.328+0000] {processor.py:830} INFO - Processing file /home/airflow/.local/lib/python3.12/site-packages/airflow/example_dags/example_short_circuit_operator.py for tasks to queue
[2024-05-12T01:58:23.329+0000] {logging_mixin.py:188} INFO - [2024-05-12T01:58:23.329+0000] {dagbag.py:545} INFO - Filling up the DagBag from /home/airflow/.local/lib/python3.12/site-packages/airflow/example_dags/example_short_circuit_operator.py
[2024-05-12T01:58:23.332+0000] {processor.py:840} INFO - DAG(s) 'example_short_circuit_operator' retrieved from /home/airflow/.local/lib/python3.12/site-packages/airflow/example_dags/example_short_circuit_operator.py
[2024-05-12T01:58:23.345+0000] {logging_mixin.py:188} INFO - [2024-05-12T01:58:23.344+0000] {dag.py:3096} INFO - Sync 1 DAGs
[2024-05-12T01:58:23.355+0000] {logging_mixin.py:188} INFO - [2024-05-12T01:58:23.355+0000] {dag.py:3954} INFO - Setting next_dagrun for example_short_circuit_operator to 2024-05-11 00:00:00+00:00, run_after=2024-05-12 00:00:00+00:00
[2024-05-12T01:58:23.365+0000] {processor.py:183} INFO - Processing /home/airflow/.local/lib/python3.12/site-packages/airflow/example_dags/example_short_circuit_operator.py took 0.040 seconds
[2024-05-12T01:58:53.965+0000] {processor.py:161} INFO - Started process (PID=746) to work on /home/airflow/.local/lib/python3.12/site-packages/airflow/example_dags/example_short_circuit_operator.py
[2024-05-12T01:58:53.966+0000] {processor.py:830} INFO - Processing file /home/airflow/.local/lib/python3.12/site-packages/airflow/example_dags/example_short_circuit_operator.py for tasks to queue
[2024-05-12T01:58:53.967+0000] {logging_mixin.py:188} INFO - [2024-05-12T01:58:53.967+0000] {dagbag.py:545} INFO - Filling up the DagBag from /home/airflow/.local/lib/python3.12/site-packages/airflow/example_dags/example_short_circuit_operator.py
[2024-05-12T01:58:53.972+0000] {processor.py:840} INFO - DAG(s) 'example_short_circuit_operator' retrieved from /home/airflow/.local/lib/python3.12/site-packages/airflow/example_dags/example_short_circuit_operator.py
[2024-05-12T01:58:53.982+0000] {logging_mixin.py:188} INFO - [2024-05-12T01:58:53.982+0000] {dag.py:3096} INFO - Sync 1 DAGs
[2024-05-12T01:58:53.990+0000] {logging_mixin.py:188} INFO - [2024-05-12T01:58:53.990+0000] {dag.py:3954} INFO - Setting next_dagrun for example_short_circuit_operator to 2024-05-11 00:00:00+00:00, run_after=2024-05-12 00:00:00+00:00
[2024-05-12T01:58:53.997+0000] {processor.py:183} INFO - Processing /home/airflow/.local/lib/python3.12/site-packages/airflow/example_dags/example_short_circuit_operator.py took 0.035 seconds
[2024-05-12T01:59:24.706+0000] {processor.py:161} INFO - Started process (PID=805) to work on /home/airflow/.local/lib/python3.12/site-packages/airflow/example_dags/example_short_circuit_operator.py
[2024-05-12T01:59:24.707+0000] {processor.py:830} INFO - Processing file /home/airflow/.local/lib/python3.12/site-packages/airflow/example_dags/example_short_circuit_operator.py for tasks to queue
[2024-05-12T01:59:24.708+0000] {logging_mixin.py:188} INFO - [2024-05-12T01:59:24.707+0000] {dagbag.py:545} INFO - Filling up the DagBag from /home/airflow/.local/lib/python3.12/site-packages/airflow/example_dags/example_short_circuit_operator.py
[2024-05-12T01:59:24.711+0000] {processor.py:840} INFO - DAG(s) 'example_short_circuit_operator' retrieved from /home/airflow/.local/lib/python3.12/site-packages/airflow/example_dags/example_short_circuit_operator.py
[2024-05-12T01:59:24.721+0000] {logging_mixin.py:188} INFO - [2024-05-12T01:59:24.720+0000] {dag.py:3096} INFO - Sync 1 DAGs
[2024-05-12T01:59:24.729+0000] {logging_mixin.py:188} INFO - [2024-05-12T01:59:24.729+0000] {dag.py:3954} INFO - Setting next_dagrun for example_short_circuit_operator to 2024-05-11 00:00:00+00:00, run_after=2024-05-12 00:00:00+00:00
[2024-05-12T01:59:24.736+0000] {processor.py:183} INFO - Processing /home/airflow/.local/lib/python3.12/site-packages/airflow/example_dags/example_short_circuit_operator.py took 0.033 seconds
[2024-05-12T01:59:55.501+0000] {processor.py:161} INFO - Started process (PID=864) to work on /home/airflow/.local/lib/python3.12/site-packages/airflow/example_dags/example_short_circuit_operator.py
[2024-05-12T01:59:55.502+0000] {processor.py:830} INFO - Processing file /home/airflow/.local/lib/python3.12/site-packages/airflow/example_dags/example_short_circuit_operator.py for tasks to queue
[2024-05-12T01:59:55.503+0000] {logging_mixin.py:188} INFO - [2024-05-12T01:59:55.503+0000] {dagbag.py:545} INFO - Filling up the DagBag from /home/airflow/.local/lib/python3.12/site-packages/airflow/example_dags/example_short_circuit_operator.py
[2024-05-12T01:59:55.508+0000] {processor.py:840} INFO - DAG(s) 'example_short_circuit_operator' retrieved from /home/airflow/.local/lib/python3.12/site-packages/airflow/example_dags/example_short_circuit_operator.py
[2024-05-12T01:59:55.522+0000] {logging_mixin.py:188} INFO - [2024-05-12T01:59:55.522+0000] {dag.py:3096} INFO - Sync 1 DAGs
[2024-05-12T01:59:55.534+0000] {logging_mixin.py:188} INFO - [2024-05-12T01:59:55.534+0000] {dag.py:3954} INFO - Setting next_dagrun for example_short_circuit_operator to 2024-05-11 00:00:00+00:00, run_after=2024-05-12 00:00:00+00:00
[2024-05-12T01:59:55.549+0000] {processor.py:183} INFO - Processing /home/airflow/.local/lib/python3.12/site-packages/airflow/example_dags/example_short_circuit_operator.py took 0.052 seconds
[2024-05-12T02:00:26.390+0000] {processor.py:161} INFO - Started process (PID=923) to work on /home/airflow/.local/lib/python3.12/site-packages/airflow/example_dags/example_short_circuit_operator.py
[2024-05-12T02:00:26.391+0000] {processor.py:830} INFO - Processing file /home/airflow/.local/lib/python3.12/site-packages/airflow/example_dags/example_short_circuit_operator.py for tasks to queue
[2024-05-12T02:00:26.392+0000] {logging_mixin.py:188} INFO - [2024-05-12T02:00:26.392+0000] {dagbag.py:545} INFO - Filling up the DagBag from /home/airflow/.local/lib/python3.12/site-packages/airflow/example_dags/example_short_circuit_operator.py
[2024-05-12T02:00:26.398+0000] {processor.py:840} INFO - DAG(s) 'example_short_circuit_operator' retrieved from /home/airflow/.local/lib/python3.12/site-packages/airflow/example_dags/example_short_circuit_operator.py
[2024-05-12T02:00:26.425+0000] {logging_mixin.py:188} INFO - [2024-05-12T02:00:26.425+0000] {dag.py:3096} INFO - Sync 1 DAGs
[2024-05-12T02:00:26.438+0000] {logging_mixin.py:188} INFO - [2024-05-12T02:00:26.438+0000] {dag.py:3954} INFO - Setting next_dagrun for example_short_circuit_operator to 2024-05-11 00:00:00+00:00, run_after=2024-05-12 00:00:00+00:00
[2024-05-12T02:00:26.446+0000] {processor.py:183} INFO - Processing /home/airflow/.local/lib/python3.12/site-packages/airflow/example_dags/example_short_circuit_operator.py took 0.059 seconds
[2024-05-12T02:00:57.107+0000] {processor.py:161} INFO - Started process (PID=982) to work on /home/airflow/.local/lib/python3.12/site-packages/airflow/example_dags/example_short_circuit_operator.py
[2024-05-12T02:00:57.107+0000] {processor.py:830} INFO - Processing file /home/airflow/.local/lib/python3.12/site-packages/airflow/example_dags/example_short_circuit_operator.py for tasks to queue
[2024-05-12T02:00:57.108+0000] {logging_mixin.py:188} INFO - [2024-05-12T02:00:57.108+0000] {dagbag.py:545} INFO - Filling up the DagBag from /home/airflow/.local/lib/python3.12/site-packages/airflow/example_dags/example_short_circuit_operator.py
[2024-05-12T02:00:57.112+0000] {processor.py:840} INFO - DAG(s) 'example_short_circuit_operator' retrieved from /home/airflow/.local/lib/python3.12/site-packages/airflow/example_dags/example_short_circuit_operator.py
[2024-05-12T02:00:57.123+0000] {logging_mixin.py:188} INFO - [2024-05-12T02:00:57.123+0000] {dag.py:3096} INFO - Sync 1 DAGs
[2024-05-12T02:00:57.133+0000] {logging_mixin.py:188} INFO - [2024-05-12T02:00:57.133+0000] {dag.py:3954} INFO - Setting next_dagrun for example_short_circuit_operator to 2024-05-11 00:00:00+00:00, run_after=2024-05-12 00:00:00+00:00
[2024-05-12T02:00:57.141+0000] {processor.py:183} INFO - Processing /home/airflow/.local/lib/python3.12/site-packages/airflow/example_dags/example_short_circuit_operator.py took 0.037 seconds
[2024-05-12T02:01:27.756+0000] {processor.py:161} INFO - Started process (PID=1041) to work on /home/airflow/.local/lib/python3.12/site-packages/airflow/example_dags/example_short_circuit_operator.py
[2024-05-12T02:01:27.758+0000] {processor.py:830} INFO - Processing file /home/airflow/.local/lib/python3.12/site-packages/airflow/example_dags/example_short_circuit_operator.py for tasks to queue
[2024-05-12T02:01:27.759+0000] {logging_mixin.py:188} INFO - [2024-05-12T02:01:27.759+0000] {dagbag.py:545} INFO - Filling up the DagBag from /home/airflow/.local/lib/python3.12/site-packages/airflow/example_dags/example_short_circuit_operator.py
[2024-05-12T02:01:27.763+0000] {processor.py:840} INFO - DAG(s) 'example_short_circuit_operator' retrieved from /home/airflow/.local/lib/python3.12/site-packages/airflow/example_dags/example_short_circuit_operator.py
[2024-05-12T02:01:27.772+0000] {logging_mixin.py:188} INFO - [2024-05-12T02:01:27.772+0000] {dag.py:3096} INFO - Sync 1 DAGs
[2024-05-12T02:01:27.781+0000] {logging_mixin.py:188} INFO - [2024-05-12T02:01:27.781+0000] {dag.py:3954} INFO - Setting next_dagrun for example_short_circuit_operator to 2024-05-11 00:00:00+00:00, run_after=2024-05-12 00:00:00+00:00
[2024-05-12T02:01:27.788+0000] {processor.py:183} INFO - Processing /home/airflow/.local/lib/python3.12/site-packages/airflow/example_dags/example_short_circuit_operator.py took 0.035 seconds
[2024-05-12T02:01:58.576+0000] {processor.py:161} INFO - Started process (PID=1100) to work on /home/airflow/.local/lib/python3.12/site-packages/airflow/example_dags/example_short_circuit_operator.py
[2024-05-12T02:01:58.577+0000] {processor.py:830} INFO - Processing file /home/airflow/.local/lib/python3.12/site-packages/airflow/example_dags/example_short_circuit_operator.py for tasks to queue
[2024-05-12T02:01:58.577+0000] {logging_mixin.py:188} INFO - [2024-05-12T02:01:58.577+0000] {dagbag.py:545} INFO - Filling up the DagBag from /home/airflow/.local/lib/python3.12/site-packages/airflow/example_dags/example_short_circuit_operator.py
[2024-05-12T02:01:58.583+0000] {processor.py:840} INFO - DAG(s) 'example_short_circuit_operator' retrieved from /home/airflow/.local/lib/python3.12/site-packages/airflow/example_dags/example_short_circuit_operator.py
[2024-05-12T02:01:58.600+0000] {logging_mixin.py:188} INFO - [2024-05-12T02:01:58.600+0000] {dag.py:3096} INFO - Sync 1 DAGs
[2024-05-12T02:01:58.611+0000] {logging_mixin.py:188} INFO - [2024-05-12T02:01:58.611+0000] {dag.py:3954} INFO - Setting next_dagrun for example_short_circuit_operator to 2024-05-11 00:00:00+00:00, run_after=2024-05-12 00:00:00+00:00
[2024-05-12T02:01:58.620+0000] {processor.py:183} INFO - Processing /home/airflow/.local/lib/python3.12/site-packages/airflow/example_dags/example_short_circuit_operator.py took 0.047 seconds
[2024-05-12T02:02:29.517+0000] {processor.py:161} INFO - Started process (PID=1159) to work on /home/airflow/.local/lib/python3.12/site-packages/airflow/example_dags/example_short_circuit_operator.py
[2024-05-12T02:02:29.519+0000] {processor.py:830} INFO - Processing file /home/airflow/.local/lib/python3.12/site-packages/airflow/example_dags/example_short_circuit_operator.py for tasks to queue
[2024-05-12T02:02:29.523+0000] {logging_mixin.py:188} INFO - [2024-05-12T02:02:29.522+0000] {dagbag.py:545} INFO - Filling up the DagBag from /home/airflow/.local/lib/python3.12/site-packages/airflow/example_dags/example_short_circuit_operator.py
[2024-05-12T02:02:29.531+0000] {processor.py:840} INFO - DAG(s) 'example_short_circuit_operator' retrieved from /home/airflow/.local/lib/python3.12/site-packages/airflow/example_dags/example_short_circuit_operator.py
[2024-05-12T02:02:29.545+0000] {logging_mixin.py:188} INFO - [2024-05-12T02:02:29.544+0000] {dag.py:3096} INFO - Sync 1 DAGs
[2024-05-12T02:02:29.557+0000] {logging_mixin.py:188} INFO - [2024-05-12T02:02:29.557+0000] {dag.py:3954} INFO - Setting next_dagrun for example_short_circuit_operator to 2024-05-11 00:00:00+00:00, run_after=2024-05-12 00:00:00+00:00
[2024-05-12T02:02:29.567+0000] {processor.py:183} INFO - Processing /home/airflow/.local/lib/python3.12/site-packages/airflow/example_dags/example_short_circuit_operator.py took 0.061 seconds
[2024-05-12T02:03:00.472+0000] {processor.py:161} INFO - Started process (PID=1218) to work on /home/airflow/.local/lib/python3.12/site-packages/airflow/example_dags/example_short_circuit_operator.py
[2024-05-12T02:03:00.473+0000] {processor.py:830} INFO - Processing file /home/airflow/.local/lib/python3.12/site-packages/airflow/example_dags/example_short_circuit_operator.py for tasks to queue
[2024-05-12T02:03:00.474+0000] {logging_mixin.py:188} INFO - [2024-05-12T02:03:00.473+0000] {dagbag.py:545} INFO - Filling up the DagBag from /home/airflow/.local/lib/python3.12/site-packages/airflow/example_dags/example_short_circuit_operator.py
[2024-05-12T02:03:00.478+0000] {processor.py:840} INFO - DAG(s) 'example_short_circuit_operator' retrieved from /home/airflow/.local/lib/python3.12/site-packages/airflow/example_dags/example_short_circuit_operator.py
[2024-05-12T02:03:00.489+0000] {logging_mixin.py:188} INFO - [2024-05-12T02:03:00.489+0000] {dag.py:3096} INFO - Sync 1 DAGs
[2024-05-12T02:03:00.503+0000] {logging_mixin.py:188} INFO - [2024-05-12T02:03:00.503+0000] {dag.py:3954} INFO - Setting next_dagrun for example_short_circuit_operator to 2024-05-11 00:00:00+00:00, run_after=2024-05-12 00:00:00+00:00
[2024-05-12T02:03:00.515+0000] {processor.py:183} INFO - Processing /home/airflow/.local/lib/python3.12/site-packages/airflow/example_dags/example_short_circuit_operator.py took 0.046 seconds
[2024-05-12T02:03:31.257+0000] {processor.py:161} INFO - Started process (PID=1277) to work on /home/airflow/.local/lib/python3.12/site-packages/airflow/example_dags/example_short_circuit_operator.py
[2024-05-12T02:03:31.257+0000] {processor.py:830} INFO - Processing file /home/airflow/.local/lib/python3.12/site-packages/airflow/example_dags/example_short_circuit_operator.py for tasks to queue
[2024-05-12T02:03:31.258+0000] {logging_mixin.py:188} INFO - [2024-05-12T02:03:31.258+0000] {dagbag.py:545} INFO - Filling up the DagBag from /home/airflow/.local/lib/python3.12/site-packages/airflow/example_dags/example_short_circuit_operator.py
[2024-05-12T02:03:31.263+0000] {processor.py:840} INFO - DAG(s) 'example_short_circuit_operator' retrieved from /home/airflow/.local/lib/python3.12/site-packages/airflow/example_dags/example_short_circuit_operator.py
[2024-05-12T02:03:31.274+0000] {logging_mixin.py:188} INFO - [2024-05-12T02:03:31.274+0000] {dag.py:3096} INFO - Sync 1 DAGs
[2024-05-12T02:03:31.290+0000] {logging_mixin.py:188} INFO - [2024-05-12T02:03:31.290+0000] {dag.py:3954} INFO - Setting next_dagrun for example_short_circuit_operator to 2024-05-11 00:00:00+00:00, run_after=2024-05-12 00:00:00+00:00
[2024-05-12T02:03:31.306+0000] {processor.py:183} INFO - Processing /home/airflow/.local/lib/python3.12/site-packages/airflow/example_dags/example_short_circuit_operator.py took 0.052 seconds
[2024-05-12T02:04:02.016+0000] {processor.py:161} INFO - Started process (PID=1336) to work on /home/airflow/.local/lib/python3.12/site-packages/airflow/example_dags/example_short_circuit_operator.py
[2024-05-12T02:04:02.017+0000] {processor.py:830} INFO - Processing file /home/airflow/.local/lib/python3.12/site-packages/airflow/example_dags/example_short_circuit_operator.py for tasks to queue
[2024-05-12T02:04:02.018+0000] {logging_mixin.py:188} INFO - [2024-05-12T02:04:02.018+0000] {dagbag.py:545} INFO - Filling up the DagBag from /home/airflow/.local/lib/python3.12/site-packages/airflow/example_dags/example_short_circuit_operator.py
[2024-05-12T02:04:02.022+0000] {processor.py:840} INFO - DAG(s) 'example_short_circuit_operator' retrieved from /home/airflow/.local/lib/python3.12/site-packages/airflow/example_dags/example_short_circuit_operator.py
[2024-05-12T02:04:02.032+0000] {logging_mixin.py:188} INFO - [2024-05-12T02:04:02.031+0000] {dag.py:3096} INFO - Sync 1 DAGs
[2024-05-12T02:04:02.042+0000] {logging_mixin.py:188} INFO - [2024-05-12T02:04:02.042+0000] {dag.py:3954} INFO - Setting next_dagrun for example_short_circuit_operator to 2024-05-11 00:00:00+00:00, run_after=2024-05-12 00:00:00+00:00
[2024-05-12T02:04:02.053+0000] {processor.py:183} INFO - Processing /home/airflow/.local/lib/python3.12/site-packages/airflow/example_dags/example_short_circuit_operator.py took 0.039 seconds
[2024-05-12T02:04:32.743+0000] {processor.py:161} INFO - Started process (PID=1395) to work on /home/airflow/.local/lib/python3.12/site-packages/airflow/example_dags/example_short_circuit_operator.py
[2024-05-12T02:04:32.743+0000] {processor.py:830} INFO - Processing file /home/airflow/.local/lib/python3.12/site-packages/airflow/example_dags/example_short_circuit_operator.py for tasks to queue
[2024-05-12T02:04:32.744+0000] {logging_mixin.py:188} INFO - [2024-05-12T02:04:32.744+0000] {dagbag.py:545} INFO - Filling up the DagBag from /home/airflow/.local/lib/python3.12/site-packages/airflow/example_dags/example_short_circuit_operator.py
[2024-05-12T02:04:32.749+0000] {processor.py:840} INFO - DAG(s) 'example_short_circuit_operator' retrieved from /home/airflow/.local/lib/python3.12/site-packages/airflow/example_dags/example_short_circuit_operator.py
[2024-05-12T02:04:32.759+0000] {logging_mixin.py:188} INFO - [2024-05-12T02:04:32.759+0000] {dag.py:3096} INFO - Sync 1 DAGs
[2024-05-12T02:04:32.775+0000] {logging_mixin.py:188} INFO - [2024-05-12T02:04:32.775+0000] {dag.py:3954} INFO - Setting next_dagrun for example_short_circuit_operator to 2024-05-11 00:00:00+00:00, run_after=2024-05-12 00:00:00+00:00
[2024-05-12T02:04:32.788+0000] {processor.py:183} INFO - Processing /home/airflow/.local/lib/python3.12/site-packages/airflow/example_dags/example_short_circuit_operator.py took 0.048 seconds
[2024-05-12T02:05:02.910+0000] {processor.py:161} INFO - Started process (PID=1453) to work on /home/airflow/.local/lib/python3.12/site-packages/airflow/example_dags/example_short_circuit_operator.py
[2024-05-12T02:05:02.911+0000] {processor.py:830} INFO - Processing file /home/airflow/.local/lib/python3.12/site-packages/airflow/example_dags/example_short_circuit_operator.py for tasks to queue
[2024-05-12T02:05:02.912+0000] {logging_mixin.py:188} INFO - [2024-05-12T02:05:02.911+0000] {dagbag.py:545} INFO - Filling up the DagBag from /home/airflow/.local/lib/python3.12/site-packages/airflow/example_dags/example_short_circuit_operator.py
[2024-05-12T02:05:02.915+0000] {processor.py:840} INFO - DAG(s) 'example_short_circuit_operator' retrieved from /home/airflow/.local/lib/python3.12/site-packages/airflow/example_dags/example_short_circuit_operator.py
[2024-05-12T02:05:02.925+0000] {logging_mixin.py:188} INFO - [2024-05-12T02:05:02.925+0000] {dag.py:3096} INFO - Sync 1 DAGs
[2024-05-12T02:05:02.934+0000] {logging_mixin.py:188} INFO - [2024-05-12T02:05:02.934+0000] {dag.py:3954} INFO - Setting next_dagrun for example_short_circuit_operator to 2024-05-11 00:00:00+00:00, run_after=2024-05-12 00:00:00+00:00
[2024-05-12T02:05:02.942+0000] {processor.py:183} INFO - Processing /home/airflow/.local/lib/python3.12/site-packages/airflow/example_dags/example_short_circuit_operator.py took 0.037 seconds
[2024-05-12T02:05:33.418+0000] {processor.py:161} INFO - Started process (PID=1512) to work on /home/airflow/.local/lib/python3.12/site-packages/airflow/example_dags/example_short_circuit_operator.py
[2024-05-12T02:05:33.419+0000] {processor.py:830} INFO - Processing file /home/airflow/.local/lib/python3.12/site-packages/airflow/example_dags/example_short_circuit_operator.py for tasks to queue
[2024-05-12T02:05:33.420+0000] {logging_mixin.py:188} INFO - [2024-05-12T02:05:33.420+0000] {dagbag.py:545} INFO - Filling up the DagBag from /home/airflow/.local/lib/python3.12/site-packages/airflow/example_dags/example_short_circuit_operator.py
[2024-05-12T02:05:33.426+0000] {processor.py:840} INFO - DAG(s) 'example_short_circuit_operator' retrieved from /home/airflow/.local/lib/python3.12/site-packages/airflow/example_dags/example_short_circuit_operator.py
[2024-05-12T02:05:33.447+0000] {logging_mixin.py:188} INFO - [2024-05-12T02:05:33.447+0000] {dag.py:3096} INFO - Sync 1 DAGs
[2024-05-12T02:05:33.457+0000] {logging_mixin.py:188} INFO - [2024-05-12T02:05:33.457+0000] {dag.py:3954} INFO - Setting next_dagrun for example_short_circuit_operator to 2024-05-11 00:00:00+00:00, run_after=2024-05-12 00:00:00+00:00
[2024-05-12T02:05:33.475+0000] {processor.py:183} INFO - Processing /home/airflow/.local/lib/python3.12/site-packages/airflow/example_dags/example_short_circuit_operator.py took 0.060 seconds
