[2024-05-12T01:52:48.159+0000] {processor.py:161} INFO - Started process (PID=58) to work on /home/airflow/.local/lib/python3.12/site-packages/airflow/example_dags/tutorial.py
[2024-05-12T01:52:48.159+0000] {processor.py:830} INFO - Processing file /home/airflow/.local/lib/python3.12/site-packages/airflow/example_dags/tutorial.py for tasks to queue
[2024-05-12T01:52:48.162+0000] {logging_mixin.py:188} INFO - [2024-05-12T01:52:48.162+0000] {dagbag.py:545} INFO - Filling up the DagBag from /home/airflow/.local/lib/python3.12/site-packages/airflow/example_dags/tutorial.py
[2024-05-12T01:52:48.173+0000] {processor.py:840} INFO - DAG(s) 'tutorial' retrieved from /home/airflow/.local/lib/python3.12/site-packages/airflow/example_dags/tutorial.py
[2024-05-12T01:52:48.195+0000] {logging_mixin.py:188} INFO - [2024-05-12T01:52:48.194+0000] {dag.py:3096} INFO - Sync 1 DAGs
[2024-05-12T01:52:48.210+0000] {logging_mixin.py:188} INFO - [2024-05-12T01:52:48.210+0000] {dag.py:3954} INFO - Setting next_dagrun for tutorial to 2024-05-11 00:00:00+00:00, run_after=2024-05-12 00:00:00+00:00
[2024-05-12T01:52:48.221+0000] {processor.py:183} INFO - Processing /home/airflow/.local/lib/python3.12/site-packages/airflow/example_dags/tutorial.py took 0.067 seconds
[2024-05-12T01:53:18.550+0000] {processor.py:161} INFO - Started process (PID=116) to work on /home/airflow/.local/lib/python3.12/site-packages/airflow/example_dags/tutorial.py
[2024-05-12T01:53:18.551+0000] {processor.py:830} INFO - Processing file /home/airflow/.local/lib/python3.12/site-packages/airflow/example_dags/tutorial.py for tasks to queue
[2024-05-12T01:53:18.552+0000] {logging_mixin.py:188} INFO - [2024-05-12T01:53:18.552+0000] {dagbag.py:545} INFO - Filling up the DagBag from /home/airflow/.local/lib/python3.12/site-packages/airflow/example_dags/tutorial.py
[2024-05-12T01:53:18.555+0000] {processor.py:840} INFO - DAG(s) 'tutorial' retrieved from /home/airflow/.local/lib/python3.12/site-packages/airflow/example_dags/tutorial.py
[2024-05-12T01:53:18.595+0000] {logging_mixin.py:188} INFO - [2024-05-12T01:53:18.595+0000] {dag.py:3096} INFO - Sync 1 DAGs
[2024-05-12T01:53:18.603+0000] {logging_mixin.py:188} INFO - [2024-05-12T01:53:18.603+0000] {dag.py:3954} INFO - Setting next_dagrun for tutorial to 2024-05-11 00:00:00+00:00, run_after=2024-05-12 00:00:00+00:00
[2024-05-12T01:53:18.610+0000] {processor.py:183} INFO - Processing /home/airflow/.local/lib/python3.12/site-packages/airflow/example_dags/tutorial.py took 0.062 seconds
[2024-05-12T01:53:49.597+0000] {processor.py:161} INFO - Started process (PID=174) to work on /home/airflow/.local/lib/python3.12/site-packages/airflow/example_dags/tutorial.py
[2024-05-12T01:53:49.598+0000] {processor.py:830} INFO - Processing file /home/airflow/.local/lib/python3.12/site-packages/airflow/example_dags/tutorial.py for tasks to queue
[2024-05-12T01:53:49.600+0000] {logging_mixin.py:188} INFO - [2024-05-12T01:53:49.599+0000] {dagbag.py:545} INFO - Filling up the DagBag from /home/airflow/.local/lib/python3.12/site-packages/airflow/example_dags/tutorial.py
[2024-05-12T01:53:49.603+0000] {processor.py:840} INFO - DAG(s) 'tutorial' retrieved from /home/airflow/.local/lib/python3.12/site-packages/airflow/example_dags/tutorial.py
[2024-05-12T01:53:49.613+0000] {logging_mixin.py:188} INFO - [2024-05-12T01:53:49.613+0000] {dag.py:3096} INFO - Sync 1 DAGs
[2024-05-12T01:53:49.627+0000] {logging_mixin.py:188} INFO - [2024-05-12T01:53:49.627+0000] {dag.py:3954} INFO - Setting next_dagrun for tutorial to 2024-05-11 00:00:00+00:00, run_after=2024-05-12 00:00:00+00:00
[2024-05-12T01:53:49.648+0000] {processor.py:183} INFO - Processing /home/airflow/.local/lib/python3.12/site-packages/airflow/example_dags/tutorial.py took 0.054 seconds
[2024-05-12T01:54:20.345+0000] {processor.py:161} INFO - Started process (PID=232) to work on /home/airflow/.local/lib/python3.12/site-packages/airflow/example_dags/tutorial.py
[2024-05-12T01:54:20.345+0000] {processor.py:830} INFO - Processing file /home/airflow/.local/lib/python3.12/site-packages/airflow/example_dags/tutorial.py for tasks to queue
[2024-05-12T01:54:20.346+0000] {logging_mixin.py:188} INFO - [2024-05-12T01:54:20.346+0000] {dagbag.py:545} INFO - Filling up the DagBag from /home/airflow/.local/lib/python3.12/site-packages/airflow/example_dags/tutorial.py
[2024-05-12T01:54:20.349+0000] {processor.py:840} INFO - DAG(s) 'tutorial' retrieved from /home/airflow/.local/lib/python3.12/site-packages/airflow/example_dags/tutorial.py
[2024-05-12T01:54:20.358+0000] {logging_mixin.py:188} INFO - [2024-05-12T01:54:20.358+0000] {dag.py:3096} INFO - Sync 1 DAGs
[2024-05-12T01:54:20.367+0000] {logging_mixin.py:188} INFO - [2024-05-12T01:54:20.367+0000] {dag.py:3954} INFO - Setting next_dagrun for tutorial to 2024-05-11 00:00:00+00:00, run_after=2024-05-12 00:00:00+00:00
[2024-05-12T01:54:20.374+0000] {processor.py:183} INFO - Processing /home/airflow/.local/lib/python3.12/site-packages/airflow/example_dags/tutorial.py took 0.032 seconds
[2024-05-12T01:54:50.891+0000] {processor.py:161} INFO - Started process (PID=290) to work on /home/airflow/.local/lib/python3.12/site-packages/airflow/example_dags/tutorial.py
[2024-05-12T01:54:50.891+0000] {processor.py:830} INFO - Processing file /home/airflow/.local/lib/python3.12/site-packages/airflow/example_dags/tutorial.py for tasks to queue
[2024-05-12T01:54:50.892+0000] {logging_mixin.py:188} INFO - [2024-05-12T01:54:50.892+0000] {dagbag.py:545} INFO - Filling up the DagBag from /home/airflow/.local/lib/python3.12/site-packages/airflow/example_dags/tutorial.py
[2024-05-12T01:54:50.895+0000] {processor.py:840} INFO - DAG(s) 'tutorial' retrieved from /home/airflow/.local/lib/python3.12/site-packages/airflow/example_dags/tutorial.py
[2024-05-12T01:54:50.903+0000] {logging_mixin.py:188} INFO - [2024-05-12T01:54:50.903+0000] {dag.py:3096} INFO - Sync 1 DAGs
[2024-05-12T01:54:50.914+0000] {logging_mixin.py:188} INFO - [2024-05-12T01:54:50.914+0000] {dag.py:3954} INFO - Setting next_dagrun for tutorial to 2024-05-11 00:00:00+00:00, run_after=2024-05-12 00:00:00+00:00
[2024-05-12T01:54:50.922+0000] {processor.py:183} INFO - Processing /home/airflow/.local/lib/python3.12/site-packages/airflow/example_dags/tutorial.py took 0.034 seconds
[2024-05-12T01:55:21.388+0000] {processor.py:161} INFO - Started process (PID=348) to work on /home/airflow/.local/lib/python3.12/site-packages/airflow/example_dags/tutorial.py
[2024-05-12T01:55:21.388+0000] {processor.py:830} INFO - Processing file /home/airflow/.local/lib/python3.12/site-packages/airflow/example_dags/tutorial.py for tasks to queue
[2024-05-12T01:55:21.389+0000] {logging_mixin.py:188} INFO - [2024-05-12T01:55:21.389+0000] {dagbag.py:545} INFO - Filling up the DagBag from /home/airflow/.local/lib/python3.12/site-packages/airflow/example_dags/tutorial.py
[2024-05-12T01:55:21.392+0000] {processor.py:840} INFO - DAG(s) 'tutorial' retrieved from /home/airflow/.local/lib/python3.12/site-packages/airflow/example_dags/tutorial.py
[2024-05-12T01:55:21.400+0000] {logging_mixin.py:188} INFO - [2024-05-12T01:55:21.400+0000] {dag.py:3096} INFO - Sync 1 DAGs
[2024-05-12T01:55:21.409+0000] {logging_mixin.py:188} INFO - [2024-05-12T01:55:21.409+0000] {dag.py:3954} INFO - Setting next_dagrun for tutorial to 2024-05-11 00:00:00+00:00, run_after=2024-05-12 00:00:00+00:00
[2024-05-12T01:55:21.416+0000] {processor.py:183} INFO - Processing /home/airflow/.local/lib/python3.12/site-packages/airflow/example_dags/tutorial.py took 0.031 seconds
[2024-05-12T01:55:51.923+0000] {processor.py:161} INFO - Started process (PID=406) to work on /home/airflow/.local/lib/python3.12/site-packages/airflow/example_dags/tutorial.py
[2024-05-12T01:55:51.924+0000] {processor.py:830} INFO - Processing file /home/airflow/.local/lib/python3.12/site-packages/airflow/example_dags/tutorial.py for tasks to queue
[2024-05-12T01:55:51.925+0000] {logging_mixin.py:188} INFO - [2024-05-12T01:55:51.925+0000] {dagbag.py:545} INFO - Filling up the DagBag from /home/airflow/.local/lib/python3.12/site-packages/airflow/example_dags/tutorial.py
[2024-05-12T01:55:51.928+0000] {processor.py:840} INFO - DAG(s) 'tutorial' retrieved from /home/airflow/.local/lib/python3.12/site-packages/airflow/example_dags/tutorial.py
[2024-05-12T01:55:51.936+0000] {logging_mixin.py:188} INFO - [2024-05-12T01:55:51.936+0000] {dag.py:3096} INFO - Sync 1 DAGs
[2024-05-12T01:55:51.945+0000] {logging_mixin.py:188} INFO - [2024-05-12T01:55:51.945+0000] {dag.py:3954} INFO - Setting next_dagrun for tutorial to 2024-05-11 00:00:00+00:00, run_after=2024-05-12 00:00:00+00:00
[2024-05-12T01:55:51.952+0000] {processor.py:183} INFO - Processing /home/airflow/.local/lib/python3.12/site-packages/airflow/example_dags/tutorial.py took 0.031 seconds
[2024-05-12T01:56:22.488+0000] {processor.py:161} INFO - Started process (PID=464) to work on /home/airflow/.local/lib/python3.12/site-packages/airflow/example_dags/tutorial.py
[2024-05-12T01:56:22.488+0000] {processor.py:830} INFO - Processing file /home/airflow/.local/lib/python3.12/site-packages/airflow/example_dags/tutorial.py for tasks to queue
[2024-05-12T01:56:22.489+0000] {logging_mixin.py:188} INFO - [2024-05-12T01:56:22.489+0000] {dagbag.py:545} INFO - Filling up the DagBag from /home/airflow/.local/lib/python3.12/site-packages/airflow/example_dags/tutorial.py
[2024-05-12T01:56:22.492+0000] {processor.py:840} INFO - DAG(s) 'tutorial' retrieved from /home/airflow/.local/lib/python3.12/site-packages/airflow/example_dags/tutorial.py
[2024-05-12T01:56:22.502+0000] {logging_mixin.py:188} INFO - [2024-05-12T01:56:22.502+0000] {dag.py:3096} INFO - Sync 1 DAGs
[2024-05-12T01:56:22.511+0000] {logging_mixin.py:188} INFO - [2024-05-12T01:56:22.511+0000] {dag.py:3954} INFO - Setting next_dagrun for tutorial to 2024-05-11 00:00:00+00:00, run_after=2024-05-12 00:00:00+00:00
[2024-05-12T01:56:22.519+0000] {processor.py:183} INFO - Processing /home/airflow/.local/lib/python3.12/site-packages/airflow/example_dags/tutorial.py took 0.034 seconds
[2024-05-12T01:56:53.068+0000] {processor.py:161} INFO - Started process (PID=522) to work on /home/airflow/.local/lib/python3.12/site-packages/airflow/example_dags/tutorial.py
[2024-05-12T01:56:53.069+0000] {processor.py:830} INFO - Processing file /home/airflow/.local/lib/python3.12/site-packages/airflow/example_dags/tutorial.py for tasks to queue
[2024-05-12T01:56:53.069+0000] {logging_mixin.py:188} INFO - [2024-05-12T01:56:53.069+0000] {dagbag.py:545} INFO - Filling up the DagBag from /home/airflow/.local/lib/python3.12/site-packages/airflow/example_dags/tutorial.py
[2024-05-12T01:56:53.072+0000] {processor.py:840} INFO - DAG(s) 'tutorial' retrieved from /home/airflow/.local/lib/python3.12/site-packages/airflow/example_dags/tutorial.py
[2024-05-12T01:56:53.081+0000] {logging_mixin.py:188} INFO - [2024-05-12T01:56:53.081+0000] {dag.py:3096} INFO - Sync 1 DAGs
[2024-05-12T01:56:53.089+0000] {logging_mixin.py:188} INFO - [2024-05-12T01:56:53.089+0000] {dag.py:3954} INFO - Setting next_dagrun for tutorial to 2024-05-11 00:00:00+00:00, run_after=2024-05-12 00:00:00+00:00
[2024-05-12T01:56:53.096+0000] {processor.py:183} INFO - Processing /home/airflow/.local/lib/python3.12/site-packages/airflow/example_dags/tutorial.py took 0.031 seconds
[2024-05-12T01:57:23.567+0000] {processor.py:161} INFO - Started process (PID=580) to work on /home/airflow/.local/lib/python3.12/site-packages/airflow/example_dags/tutorial.py
[2024-05-12T01:57:23.568+0000] {processor.py:830} INFO - Processing file /home/airflow/.local/lib/python3.12/site-packages/airflow/example_dags/tutorial.py for tasks to queue
[2024-05-12T01:57:23.569+0000] {logging_mixin.py:188} INFO - [2024-05-12T01:57:23.568+0000] {dagbag.py:545} INFO - Filling up the DagBag from /home/airflow/.local/lib/python3.12/site-packages/airflow/example_dags/tutorial.py
[2024-05-12T01:57:23.571+0000] {processor.py:840} INFO - DAG(s) 'tutorial' retrieved from /home/airflow/.local/lib/python3.12/site-packages/airflow/example_dags/tutorial.py
[2024-05-12T01:57:23.580+0000] {logging_mixin.py:188} INFO - [2024-05-12T01:57:23.580+0000] {dag.py:3096} INFO - Sync 1 DAGs
[2024-05-12T01:57:23.589+0000] {logging_mixin.py:188} INFO - [2024-05-12T01:57:23.588+0000] {dag.py:3954} INFO - Setting next_dagrun for tutorial to 2024-05-11 00:00:00+00:00, run_after=2024-05-12 00:00:00+00:00
[2024-05-12T01:57:23.598+0000] {processor.py:183} INFO - Processing /home/airflow/.local/lib/python3.12/site-packages/airflow/example_dags/tutorial.py took 0.034 seconds
[2024-05-12T01:57:54.052+0000] {processor.py:161} INFO - Started process (PID=639) to work on /home/airflow/.local/lib/python3.12/site-packages/airflow/example_dags/tutorial.py
[2024-05-12T01:57:54.052+0000] {processor.py:830} INFO - Processing file /home/airflow/.local/lib/python3.12/site-packages/airflow/example_dags/tutorial.py for tasks to queue
[2024-05-12T01:57:54.053+0000] {logging_mixin.py:188} INFO - [2024-05-12T01:57:54.053+0000] {dagbag.py:545} INFO - Filling up the DagBag from /home/airflow/.local/lib/python3.12/site-packages/airflow/example_dags/tutorial.py
[2024-05-12T01:57:54.056+0000] {processor.py:840} INFO - DAG(s) 'tutorial' retrieved from /home/airflow/.local/lib/python3.12/site-packages/airflow/example_dags/tutorial.py
[2024-05-12T01:57:54.066+0000] {logging_mixin.py:188} INFO - [2024-05-12T01:57:54.065+0000] {dag.py:3096} INFO - Sync 1 DAGs
[2024-05-12T01:57:54.074+0000] {logging_mixin.py:188} INFO - [2024-05-12T01:57:54.074+0000] {dag.py:3954} INFO - Setting next_dagrun for tutorial to 2024-05-11 00:00:00+00:00, run_after=2024-05-12 00:00:00+00:00
[2024-05-12T01:57:54.082+0000] {processor.py:183} INFO - Processing /home/airflow/.local/lib/python3.12/site-packages/airflow/example_dags/tutorial.py took 0.033 seconds
[2024-05-12T01:58:24.605+0000] {processor.py:161} INFO - Started process (PID=698) to work on /home/airflow/.local/lib/python3.12/site-packages/airflow/example_dags/tutorial.py
[2024-05-12T01:58:24.605+0000] {processor.py:830} INFO - Processing file /home/airflow/.local/lib/python3.12/site-packages/airflow/example_dags/tutorial.py for tasks to queue
[2024-05-12T01:58:24.606+0000] {logging_mixin.py:188} INFO - [2024-05-12T01:58:24.606+0000] {dagbag.py:545} INFO - Filling up the DagBag from /home/airflow/.local/lib/python3.12/site-packages/airflow/example_dags/tutorial.py
[2024-05-12T01:58:24.609+0000] {processor.py:840} INFO - DAG(s) 'tutorial' retrieved from /home/airflow/.local/lib/python3.12/site-packages/airflow/example_dags/tutorial.py
[2024-05-12T01:58:24.620+0000] {logging_mixin.py:188} INFO - [2024-05-12T01:58:24.619+0000] {dag.py:3096} INFO - Sync 1 DAGs
[2024-05-12T01:58:24.629+0000] {logging_mixin.py:188} INFO - [2024-05-12T01:58:24.629+0000] {dag.py:3954} INFO - Setting next_dagrun for tutorial to 2024-05-11 00:00:00+00:00, run_after=2024-05-12 00:00:00+00:00
[2024-05-12T01:58:24.637+0000] {processor.py:183} INFO - Processing /home/airflow/.local/lib/python3.12/site-packages/airflow/example_dags/tutorial.py took 0.035 seconds
[2024-05-12T01:58:55.326+0000] {processor.py:161} INFO - Started process (PID=757) to work on /home/airflow/.local/lib/python3.12/site-packages/airflow/example_dags/tutorial.py
[2024-05-12T01:58:55.326+0000] {processor.py:830} INFO - Processing file /home/airflow/.local/lib/python3.12/site-packages/airflow/example_dags/tutorial.py for tasks to queue
[2024-05-12T01:58:55.327+0000] {logging_mixin.py:188} INFO - [2024-05-12T01:58:55.327+0000] {dagbag.py:545} INFO - Filling up the DagBag from /home/airflow/.local/lib/python3.12/site-packages/airflow/example_dags/tutorial.py
[2024-05-12T01:58:55.330+0000] {processor.py:840} INFO - DAG(s) 'tutorial' retrieved from /home/airflow/.local/lib/python3.12/site-packages/airflow/example_dags/tutorial.py
[2024-05-12T01:58:55.339+0000] {logging_mixin.py:188} INFO - [2024-05-12T01:58:55.339+0000] {dag.py:3096} INFO - Sync 1 DAGs
[2024-05-12T01:58:55.349+0000] {logging_mixin.py:188} INFO - [2024-05-12T01:58:55.349+0000] {dag.py:3954} INFO - Setting next_dagrun for tutorial to 2024-05-11 00:00:00+00:00, run_after=2024-05-12 00:00:00+00:00
[2024-05-12T01:58:55.357+0000] {processor.py:183} INFO - Processing /home/airflow/.local/lib/python3.12/site-packages/airflow/example_dags/tutorial.py took 0.034 seconds
[2024-05-12T01:59:25.993+0000] {processor.py:161} INFO - Started process (PID=816) to work on /home/airflow/.local/lib/python3.12/site-packages/airflow/example_dags/tutorial.py
[2024-05-12T01:59:25.994+0000] {processor.py:830} INFO - Processing file /home/airflow/.local/lib/python3.12/site-packages/airflow/example_dags/tutorial.py for tasks to queue
[2024-05-12T01:59:25.995+0000] {logging_mixin.py:188} INFO - [2024-05-12T01:59:25.994+0000] {dagbag.py:545} INFO - Filling up the DagBag from /home/airflow/.local/lib/python3.12/site-packages/airflow/example_dags/tutorial.py
[2024-05-12T01:59:25.998+0000] {processor.py:840} INFO - DAG(s) 'tutorial' retrieved from /home/airflow/.local/lib/python3.12/site-packages/airflow/example_dags/tutorial.py
[2024-05-12T01:59:26.007+0000] {logging_mixin.py:188} INFO - [2024-05-12T01:59:26.007+0000] {dag.py:3096} INFO - Sync 1 DAGs
[2024-05-12T01:59:26.017+0000] {logging_mixin.py:188} INFO - [2024-05-12T01:59:26.016+0000] {dag.py:3954} INFO - Setting next_dagrun for tutorial to 2024-05-11 00:00:00+00:00, run_after=2024-05-12 00:00:00+00:00
[2024-05-12T01:59:26.024+0000] {processor.py:183} INFO - Processing /home/airflow/.local/lib/python3.12/site-packages/airflow/example_dags/tutorial.py took 0.034 seconds
[2024-05-12T01:59:56.867+0000] {processor.py:161} INFO - Started process (PID=875) to work on /home/airflow/.local/lib/python3.12/site-packages/airflow/example_dags/tutorial.py
[2024-05-12T01:59:56.868+0000] {processor.py:830} INFO - Processing file /home/airflow/.local/lib/python3.12/site-packages/airflow/example_dags/tutorial.py for tasks to queue
[2024-05-12T01:59:56.869+0000] {logging_mixin.py:188} INFO - [2024-05-12T01:59:56.869+0000] {dagbag.py:545} INFO - Filling up the DagBag from /home/airflow/.local/lib/python3.12/site-packages/airflow/example_dags/tutorial.py
[2024-05-12T01:59:56.872+0000] {processor.py:840} INFO - DAG(s) 'tutorial' retrieved from /home/airflow/.local/lib/python3.12/site-packages/airflow/example_dags/tutorial.py
[2024-05-12T01:59:56.880+0000] {logging_mixin.py:188} INFO - [2024-05-12T01:59:56.880+0000] {dag.py:3096} INFO - Sync 1 DAGs
[2024-05-12T01:59:56.889+0000] {logging_mixin.py:188} INFO - [2024-05-12T01:59:56.889+0000] {dag.py:3954} INFO - Setting next_dagrun for tutorial to 2024-05-11 00:00:00+00:00, run_after=2024-05-12 00:00:00+00:00
[2024-05-12T01:59:56.896+0000] {processor.py:183} INFO - Processing /home/airflow/.local/lib/python3.12/site-packages/airflow/example_dags/tutorial.py took 0.032 seconds
[2024-05-12T02:00:27.750+0000] {processor.py:161} INFO - Started process (PID=934) to work on /home/airflow/.local/lib/python3.12/site-packages/airflow/example_dags/tutorial.py
[2024-05-12T02:00:27.751+0000] {processor.py:830} INFO - Processing file /home/airflow/.local/lib/python3.12/site-packages/airflow/example_dags/tutorial.py for tasks to queue
[2024-05-12T02:00:27.751+0000] {logging_mixin.py:188} INFO - [2024-05-12T02:00:27.751+0000] {dagbag.py:545} INFO - Filling up the DagBag from /home/airflow/.local/lib/python3.12/site-packages/airflow/example_dags/tutorial.py
[2024-05-12T02:00:27.754+0000] {processor.py:840} INFO - DAG(s) 'tutorial' retrieved from /home/airflow/.local/lib/python3.12/site-packages/airflow/example_dags/tutorial.py
[2024-05-12T02:00:27.763+0000] {logging_mixin.py:188} INFO - [2024-05-12T02:00:27.763+0000] {dag.py:3096} INFO - Sync 1 DAGs
[2024-05-12T02:00:27.772+0000] {logging_mixin.py:188} INFO - [2024-05-12T02:00:27.772+0000] {dag.py:3954} INFO - Setting next_dagrun for tutorial to 2024-05-11 00:00:00+00:00, run_after=2024-05-12 00:00:00+00:00
[2024-05-12T02:00:27.779+0000] {processor.py:183} INFO - Processing /home/airflow/.local/lib/python3.12/site-packages/airflow/example_dags/tutorial.py took 0.031 seconds
[2024-05-12T02:00:58.398+0000] {processor.py:161} INFO - Started process (PID=993) to work on /home/airflow/.local/lib/python3.12/site-packages/airflow/example_dags/tutorial.py
[2024-05-12T02:00:58.398+0000] {processor.py:830} INFO - Processing file /home/airflow/.local/lib/python3.12/site-packages/airflow/example_dags/tutorial.py for tasks to queue
[2024-05-12T02:00:58.399+0000] {logging_mixin.py:188} INFO - [2024-05-12T02:00:58.399+0000] {dagbag.py:545} INFO - Filling up the DagBag from /home/airflow/.local/lib/python3.12/site-packages/airflow/example_dags/tutorial.py
[2024-05-12T02:00:58.402+0000] {processor.py:840} INFO - DAG(s) 'tutorial' retrieved from /home/airflow/.local/lib/python3.12/site-packages/airflow/example_dags/tutorial.py
[2024-05-12T02:00:58.412+0000] {logging_mixin.py:188} INFO - [2024-05-12T02:00:58.412+0000] {dag.py:3096} INFO - Sync 1 DAGs
[2024-05-12T02:00:58.420+0000] {logging_mixin.py:188} INFO - [2024-05-12T02:00:58.420+0000] {dag.py:3954} INFO - Setting next_dagrun for tutorial to 2024-05-11 00:00:00+00:00, run_after=2024-05-12 00:00:00+00:00
[2024-05-12T02:00:58.428+0000] {processor.py:183} INFO - Processing /home/airflow/.local/lib/python3.12/site-packages/airflow/example_dags/tutorial.py took 0.032 seconds
[2024-05-12T02:01:29.082+0000] {processor.py:161} INFO - Started process (PID=1052) to work on /home/airflow/.local/lib/python3.12/site-packages/airflow/example_dags/tutorial.py
[2024-05-12T02:01:29.083+0000] {processor.py:830} INFO - Processing file /home/airflow/.local/lib/python3.12/site-packages/airflow/example_dags/tutorial.py for tasks to queue
[2024-05-12T02:01:29.084+0000] {logging_mixin.py:188} INFO - [2024-05-12T02:01:29.084+0000] {dagbag.py:545} INFO - Filling up the DagBag from /home/airflow/.local/lib/python3.12/site-packages/airflow/example_dags/tutorial.py
[2024-05-12T02:01:29.087+0000] {processor.py:840} INFO - DAG(s) 'tutorial' retrieved from /home/airflow/.local/lib/python3.12/site-packages/airflow/example_dags/tutorial.py
[2024-05-12T02:01:29.096+0000] {logging_mixin.py:188} INFO - [2024-05-12T02:01:29.096+0000] {dag.py:3096} INFO - Sync 1 DAGs
[2024-05-12T02:01:29.105+0000] {logging_mixin.py:188} INFO - [2024-05-12T02:01:29.105+0000] {dag.py:3954} INFO - Setting next_dagrun for tutorial to 2024-05-11 00:00:00+00:00, run_after=2024-05-12 00:00:00+00:00
[2024-05-12T02:01:29.112+0000] {processor.py:183} INFO - Processing /home/airflow/.local/lib/python3.12/site-packages/airflow/example_dags/tutorial.py took 0.033 seconds
[2024-05-12T02:01:59.944+0000] {processor.py:161} INFO - Started process (PID=1111) to work on /home/airflow/.local/lib/python3.12/site-packages/airflow/example_dags/tutorial.py
[2024-05-12T02:01:59.945+0000] {processor.py:830} INFO - Processing file /home/airflow/.local/lib/python3.12/site-packages/airflow/example_dags/tutorial.py for tasks to queue
[2024-05-12T02:01:59.946+0000] {logging_mixin.py:188} INFO - [2024-05-12T02:01:59.946+0000] {dagbag.py:545} INFO - Filling up the DagBag from /home/airflow/.local/lib/python3.12/site-packages/airflow/example_dags/tutorial.py
[2024-05-12T02:01:59.949+0000] {processor.py:840} INFO - DAG(s) 'tutorial' retrieved from /home/airflow/.local/lib/python3.12/site-packages/airflow/example_dags/tutorial.py
[2024-05-12T02:01:59.957+0000] {logging_mixin.py:188} INFO - [2024-05-12T02:01:59.957+0000] {dag.py:3096} INFO - Sync 1 DAGs
[2024-05-12T02:01:59.966+0000] {logging_mixin.py:188} INFO - [2024-05-12T02:01:59.966+0000] {dag.py:3954} INFO - Setting next_dagrun for tutorial to 2024-05-11 00:00:00+00:00, run_after=2024-05-12 00:00:00+00:00
[2024-05-12T02:01:59.973+0000] {processor.py:183} INFO - Processing /home/airflow/.local/lib/python3.12/site-packages/airflow/example_dags/tutorial.py took 0.031 seconds
[2024-05-12T02:02:30.916+0000] {processor.py:161} INFO - Started process (PID=1170) to work on /home/airflow/.local/lib/python3.12/site-packages/airflow/example_dags/tutorial.py
[2024-05-12T02:02:30.918+0000] {processor.py:830} INFO - Processing file /home/airflow/.local/lib/python3.12/site-packages/airflow/example_dags/tutorial.py for tasks to queue
[2024-05-12T02:02:30.919+0000] {logging_mixin.py:188} INFO - [2024-05-12T02:02:30.919+0000] {dagbag.py:545} INFO - Filling up the DagBag from /home/airflow/.local/lib/python3.12/site-packages/airflow/example_dags/tutorial.py
[2024-05-12T02:02:30.922+0000] {processor.py:840} INFO - DAG(s) 'tutorial' retrieved from /home/airflow/.local/lib/python3.12/site-packages/airflow/example_dags/tutorial.py
[2024-05-12T02:02:30.933+0000] {logging_mixin.py:188} INFO - [2024-05-12T02:02:30.933+0000] {dag.py:3096} INFO - Sync 1 DAGs
[2024-05-12T02:02:30.942+0000] {logging_mixin.py:188} INFO - [2024-05-12T02:02:30.942+0000] {dag.py:3954} INFO - Setting next_dagrun for tutorial to 2024-05-11 00:00:00+00:00, run_after=2024-05-12 00:00:00+00:00
[2024-05-12T02:02:30.951+0000] {processor.py:183} INFO - Processing /home/airflow/.local/lib/python3.12/site-packages/airflow/example_dags/tutorial.py took 0.038 seconds
[2024-05-12T02:03:01.904+0000] {processor.py:161} INFO - Started process (PID=1229) to work on /home/airflow/.local/lib/python3.12/site-packages/airflow/example_dags/tutorial.py
[2024-05-12T02:03:01.905+0000] {processor.py:830} INFO - Processing file /home/airflow/.local/lib/python3.12/site-packages/airflow/example_dags/tutorial.py for tasks to queue
[2024-05-12T02:03:01.906+0000] {logging_mixin.py:188} INFO - [2024-05-12T02:03:01.906+0000] {dagbag.py:545} INFO - Filling up the DagBag from /home/airflow/.local/lib/python3.12/site-packages/airflow/example_dags/tutorial.py
[2024-05-12T02:03:01.909+0000] {processor.py:840} INFO - DAG(s) 'tutorial' retrieved from /home/airflow/.local/lib/python3.12/site-packages/airflow/example_dags/tutorial.py
[2024-05-12T02:03:01.920+0000] {logging_mixin.py:188} INFO - [2024-05-12T02:03:01.919+0000] {dag.py:3096} INFO - Sync 1 DAGs
[2024-05-12T02:03:01.929+0000] {logging_mixin.py:188} INFO - [2024-05-12T02:03:01.929+0000] {dag.py:3954} INFO - Setting next_dagrun for tutorial to 2024-05-11 00:00:00+00:00, run_after=2024-05-12 00:00:00+00:00
[2024-05-12T02:03:01.937+0000] {processor.py:183} INFO - Processing /home/airflow/.local/lib/python3.12/site-packages/airflow/example_dags/tutorial.py took 0.036 seconds
[2024-05-12T02:03:32.741+0000] {processor.py:161} INFO - Started process (PID=1288) to work on /home/airflow/.local/lib/python3.12/site-packages/airflow/example_dags/tutorial.py
[2024-05-12T02:03:32.742+0000] {processor.py:830} INFO - Processing file /home/airflow/.local/lib/python3.12/site-packages/airflow/example_dags/tutorial.py for tasks to queue
[2024-05-12T02:03:32.743+0000] {logging_mixin.py:188} INFO - [2024-05-12T02:03:32.743+0000] {dagbag.py:545} INFO - Filling up the DagBag from /home/airflow/.local/lib/python3.12/site-packages/airflow/example_dags/tutorial.py
[2024-05-12T02:03:32.746+0000] {processor.py:840} INFO - DAG(s) 'tutorial' retrieved from /home/airflow/.local/lib/python3.12/site-packages/airflow/example_dags/tutorial.py
[2024-05-12T02:03:32.755+0000] {logging_mixin.py:188} INFO - [2024-05-12T02:03:32.755+0000] {dag.py:3096} INFO - Sync 1 DAGs
[2024-05-12T02:03:32.765+0000] {logging_mixin.py:188} INFO - [2024-05-12T02:03:32.765+0000] {dag.py:3954} INFO - Setting next_dagrun for tutorial to 2024-05-11 00:00:00+00:00, run_after=2024-05-12 00:00:00+00:00
[2024-05-12T02:03:32.773+0000] {processor.py:183} INFO - Processing /home/airflow/.local/lib/python3.12/site-packages/airflow/example_dags/tutorial.py took 0.035 seconds
[2024-05-12T02:04:03.407+0000] {processor.py:161} INFO - Started process (PID=1347) to work on /home/airflow/.local/lib/python3.12/site-packages/airflow/example_dags/tutorial.py
[2024-05-12T02:04:03.408+0000] {processor.py:830} INFO - Processing file /home/airflow/.local/lib/python3.12/site-packages/airflow/example_dags/tutorial.py for tasks to queue
[2024-05-12T02:04:03.409+0000] {logging_mixin.py:188} INFO - [2024-05-12T02:04:03.409+0000] {dagbag.py:545} INFO - Filling up the DagBag from /home/airflow/.local/lib/python3.12/site-packages/airflow/example_dags/tutorial.py
[2024-05-12T02:04:03.411+0000] {processor.py:840} INFO - DAG(s) 'tutorial' retrieved from /home/airflow/.local/lib/python3.12/site-packages/airflow/example_dags/tutorial.py
[2024-05-12T02:04:03.420+0000] {logging_mixin.py:188} INFO - [2024-05-12T02:04:03.420+0000] {dag.py:3096} INFO - Sync 1 DAGs
[2024-05-12T02:04:03.430+0000] {logging_mixin.py:188} INFO - [2024-05-12T02:04:03.429+0000] {dag.py:3954} INFO - Setting next_dagrun for tutorial to 2024-05-11 00:00:00+00:00, run_after=2024-05-12 00:00:00+00:00
[2024-05-12T02:04:03.437+0000] {processor.py:183} INFO - Processing /home/airflow/.local/lib/python3.12/site-packages/airflow/example_dags/tutorial.py took 0.032 seconds
[2024-05-12T02:04:34.202+0000] {processor.py:161} INFO - Started process (PID=1406) to work on /home/airflow/.local/lib/python3.12/site-packages/airflow/example_dags/tutorial.py
[2024-05-12T02:04:34.203+0000] {processor.py:830} INFO - Processing file /home/airflow/.local/lib/python3.12/site-packages/airflow/example_dags/tutorial.py for tasks to queue
[2024-05-12T02:04:34.204+0000] {logging_mixin.py:188} INFO - [2024-05-12T02:04:34.204+0000] {dagbag.py:545} INFO - Filling up the DagBag from /home/airflow/.local/lib/python3.12/site-packages/airflow/example_dags/tutorial.py
[2024-05-12T02:04:34.207+0000] {processor.py:840} INFO - DAG(s) 'tutorial' retrieved from /home/airflow/.local/lib/python3.12/site-packages/airflow/example_dags/tutorial.py
[2024-05-12T02:04:34.217+0000] {logging_mixin.py:188} INFO - [2024-05-12T02:04:34.217+0000] {dag.py:3096} INFO - Sync 1 DAGs
[2024-05-12T02:04:34.229+0000] {logging_mixin.py:188} INFO - [2024-05-12T02:04:34.229+0000] {dag.py:3954} INFO - Setting next_dagrun for tutorial to 2024-05-11 00:00:00+00:00, run_after=2024-05-12 00:00:00+00:00
[2024-05-12T02:04:34.238+0000] {processor.py:183} INFO - Processing /home/airflow/.local/lib/python3.12/site-packages/airflow/example_dags/tutorial.py took 0.038 seconds
[2024-05-12T02:05:04.336+0000] {processor.py:161} INFO - Started process (PID=1465) to work on /home/airflow/.local/lib/python3.12/site-packages/airflow/example_dags/tutorial.py
[2024-05-12T02:05:04.337+0000] {processor.py:830} INFO - Processing file /home/airflow/.local/lib/python3.12/site-packages/airflow/example_dags/tutorial.py for tasks to queue
[2024-05-12T02:05:04.341+0000] {logging_mixin.py:188} INFO - [2024-05-12T02:05:04.341+0000] {dagbag.py:545} INFO - Filling up the DagBag from /home/airflow/.local/lib/python3.12/site-packages/airflow/example_dags/tutorial.py
[2024-05-12T02:05:04.345+0000] {processor.py:840} INFO - DAG(s) 'tutorial' retrieved from /home/airflow/.local/lib/python3.12/site-packages/airflow/example_dags/tutorial.py
[2024-05-12T02:05:04.354+0000] {logging_mixin.py:188} INFO - [2024-05-12T02:05:04.354+0000] {dag.py:3096} INFO - Sync 1 DAGs
[2024-05-12T02:05:04.364+0000] {logging_mixin.py:188} INFO - [2024-05-12T02:05:04.364+0000] {dag.py:3954} INFO - Setting next_dagrun for tutorial to 2024-05-11 00:00:00+00:00, run_after=2024-05-12 00:00:00+00:00
[2024-05-12T02:05:04.373+0000] {processor.py:183} INFO - Processing /home/airflow/.local/lib/python3.12/site-packages/airflow/example_dags/tutorial.py took 0.039 seconds
[2024-05-12T02:05:34.927+0000] {processor.py:161} INFO - Started process (PID=1523) to work on /home/airflow/.local/lib/python3.12/site-packages/airflow/example_dags/tutorial.py
[2024-05-12T02:05:34.928+0000] {processor.py:830} INFO - Processing file /home/airflow/.local/lib/python3.12/site-packages/airflow/example_dags/tutorial.py for tasks to queue
[2024-05-12T02:05:34.929+0000] {logging_mixin.py:188} INFO - [2024-05-12T02:05:34.929+0000] {dagbag.py:545} INFO - Filling up the DagBag from /home/airflow/.local/lib/python3.12/site-packages/airflow/example_dags/tutorial.py
[2024-05-12T02:05:34.932+0000] {processor.py:840} INFO - DAG(s) 'tutorial' retrieved from /home/airflow/.local/lib/python3.12/site-packages/airflow/example_dags/tutorial.py
[2024-05-12T02:05:34.941+0000] {logging_mixin.py:188} INFO - [2024-05-12T02:05:34.941+0000] {dag.py:3096} INFO - Sync 1 DAGs
[2024-05-12T02:05:34.951+0000] {logging_mixin.py:188} INFO - [2024-05-12T02:05:34.951+0000] {dag.py:3954} INFO - Setting next_dagrun for tutorial to 2024-05-11 00:00:00+00:00, run_after=2024-05-12 00:00:00+00:00
[2024-05-12T02:05:34.960+0000] {processor.py:183} INFO - Processing /home/airflow/.local/lib/python3.12/site-packages/airflow/example_dags/tutorial.py took 0.035 seconds
